--- kill android logd/logcat and stale capture ---
--- prepare socket dir ---
--- start direct logdw capture ---
cap_pid=25336
--- logdw socket ---
srw-rw-rw-    1 root     root             0 May 30 00:34 /media/internal/android-usb/android-rootfs/dev/socket/logdw
LOGDW_CAPTURE_READY path=/dev/socket/logdw fd=3
--- clear dmesg ---
--- start zygote/system_server ---
--- cleanup old zygotes/wrappers ---

--- sanity patches ---
storage abort call @ 0x1ca198, should be 1f 20 03 d5:  1f 20 03 d5
SetTaskProfiles call @ 0x1ca1b0, should be 20 00 80 52:  20 00 80 52
SetTaskProfiles tbz @ 0x1ca208, should be 1f 20 03 d5:  1f 20 03 d5

--- classpath ---
BOOTCLASSPATH length: 1624
SYSTEMSERVERCLASSPATH length: 463

--- start zygote + system_server ---

--- pids ---

--- android-ish scan ---
PID=25341 COMM=sh CMD=sh /tmp/try-zygote-start-system-server-v2.sh 
  Name:	sh
  State:	S (sleeping)
  Tgid:	25341
  Ngid:	0
  Pid:	25341
  PPid:	25326
  TracerPid:	0
  Uid:	0	0	0	0
PID=4114 COMM=WebAppMgr CMD=/usr/bin/WebAppMgr --type=zygote --disable-in-process-stack-traces --no-sandbox --no-sandbox --disable-quic 
  Name:	WebAppMgr
  State:	S (sleeping)
  Tgid:	4114
  Ngid:	0
  Pid:	4114
  PPid:	3021
  TracerPid:	0
  Uid:	505	505	505	505

--- sockets ---
srw-rw-rw-    1 root     root             0 May 30 00:34 usap_pool_primary
srw-rw-rw-    1 root     root             0 May 30 00:34 zygote

--- log tail ---
--- collect ---
--- pids ---
wam       4114  3021  0 May29 ?        00:00:01 /usr/bin/WebAppMgr --type=zygote --disable-in-process-stack-traces --no-sandbox --no-sandbox --disable-quic
root     19897     1  0 May29 ?        00:00:00 /media/internal/android-usb/android-sidecar/bin/property_service_ack_shim /media/internal/android-usb/android-rootfs/dev/socket/property_service
root     25309     1  0 00:34 ?        00:00:00 /system/bin/servicemanager
root     25310     1  0 00:34 ?        00:00:00 /system/bin/hwservicemanager
root     25311     1  0 00:34 ?        00:00:00 /vendor/bin/vndservicemanager

--- zygote log ---

--- capture stderr ---
LOGDW_CAPTURE_READY path=/dev/socket/logdw fd=3

--- logdw fatal/exceptions ---
cwjc!AndroidRuntime >>>>>> START com.android.internal.os.ZygoteInit uid 0 <<<<<<
cwjdW"AndroidRuntime Using default boot image 
cwjZ"AndroidRuntime Leaving lock profiling enabled 
cwjv"cutils-trace Error opening trace file: No such file or directory (2) 
cwj"zygote64 option[0]=-Xzygote 
cwji"zygote64 option[1]=-Xdeny-art-apex-data-files 
cwj"zygote64 option[2]=exit 
cwj "zygote64 option[3]=vfprintf 
cwjXu"zygote64 option[4]=sensitiveThread 
cwj"zygote64 option[5]=-verbose:gc 
cwj"zygote64 option[6]=-XX:PerfettoHprof=true 
cwj 8"zygote64 option[7]=-XX:PerfettoJavaHeapStackProf=true 
cwjh"zygote64 option[8]=-Xprimaryzygote 
cwj`e"zygote64 option[9]=-Xms8m 
cwj"zygote64 option[10]=-Xmx512m 
cwj"zygote64 option[11]=-XX:HeapGrowthLimit=192m 
cwj"zygote64 option[12]=-XX:HeapMinFree=8m 
cwjh"zygote64 option[13]=-XX:HeapMaxFree=16m 
cwjK"zygote64 option[14]=-XX:HeapTargetUtilization=0.6 
cwj"zygote64 option[15]=-Xusejit:true 
cwjy"zygote64 option[16]=-Xjitsaveprofilinginfo 
cwj"zygote64 option[17]=-XMadviseWillNeedVdexFileSize:104857600 
cwj"zygote64 option[18]=-XMadviseWillNeedOdexFileSize:104857600 
cwjPQ"zygote64 option[19]=-XMadviseWillNeedArtFileSize:4294967295 
cwj0"zygote64 option[20]=-XjdwpOptions:suspend=n,server=y 
cwj"zygote64 option[21]=-XjdwpProvider:default 
cwj"zygote64 option[22]=-Xopaque-jni-ids:swapable 
cwjt"zygote64 option[23]=-Xlockprofthreshold:500 
cwjPD"zygote64 option[24]=-Xcompiler-option 
cwj"zygote64 option[25]=--instruction-set-variant=generic 
cwjs"zygote64 option[26]=-Xcompiler-option 
cwj"zygote64 option[27]=--instruction-set-features=default 
cwjX"zygote64 option[28]=-Xcompiler-option 
cwj4"zygote64 option[29]=--generate-mini-debug-info 
cwj"zygote64 option[30]=-Ximage-compiler-option 
cwjb"zygote64 option[31]=--runtime-arg 
cwj"zygote64 option[32]=-Ximage-compiler-option 
cwj"zygote64 option[33]=-Xms64m 
cwj$"zygote64 option[34]=-Ximage-compiler-option 
cwj"zygote64 option[35]=--runtime-arg 
cwjE"zygote64 option[36]=-Ximage-compiler-option 
cwjj"zygote64 option[37]=-Xmx64m 
cwj"zygote64 option[38]=-Ximage-compiler-option 
cwjd"zygote64 option[39]=--dirty-image-objects=/system/etc/dirty-image-objects 
cwj;"zygote64 option[40]=-Ximage-compiler-option 
cwj"zygote64 option[41]=--instruction-set-variant=generic 
cwjd"zygote64 option[42]=-Ximage-compiler-option 
cwj"zygote64 option[43]=--instruction-set-features=default 
cwj"zygote64 option[44]=-Ximage-compiler-option 
cwj&"zygote64 option[45]=--generate-mini-debug-info 
cwj"zygote64 option[46]=-Duser.locale=en-US 
cwj\R"zygote64 option[47]=--cpu-abilist=arm64-v8a 
cwj"zygote64 option[48]=-Xcore-platform-api-policy:just-warn 
cwj"zygote64 option[49]=-Xfingerprint:waydroid/lineage_waydroid_arm64_only/waydroid_arm64_only:13/TQ3A.230901.001/eng.aleast.20260403.072834:userdebug/test-keys 
cwjX	#zygote64 ART APEX data files are untrusted. 
cwjP#zygote64 Core platform API reporting enabled, enforcing=false 
cxjzygote64 Time zone APEX ICU file found: /apex/com.android.tzdata/etc/icu/icu_tzdata.dat 
zygote64 I18n APEX ICU file found: /apex/com.android.i18n/etc/icu/icudt70l.dat 
cxj|L^ zygote64 fcntl(F_ADD_SEALS) failed: Invalid argument, no memfd support. 
cxj^zygote64 Falling back to ashmem implementation for JIT zygote mapping 
cxjBcashmem Unable to open ashmem device /dev/ashmem89186ff2-684d-4810-8e23-866a9bc61396 (error = No such file or directory) and /dev/ashmem(error = No such file or directory) 
cxj0dzygote64 Failed to create JIT Code Cache: Failed to create zygote mapping: No such file or directory 
cxjfdzygote64 Missing code cache, cannot create JIT. 
cxjPZygote begin preload 
cxj@Zygote Calling ZygoteHooks.beginPreload() 
cxj?Zygote64Timing BeginPreload took to complete: 137ms 
cxjBZygote Preloading classes... 
cxjkHZygote ...preloaded 0 classes in 0ms. 
cxj|1J Zygote64Timing PreloadClasses took to complete: 1ms 
cxj8SApplicationLoaders Created zygote-cached class loader: /system/framework/android.hidl.base-V1.0-java.jar 
cxjTApplicationLoaders Created zygote-cached class loader: /system/framework/android.hidl.manager-V1.0-java.jar 
cxjApplicationLoaders Created zygote-cached class loader: /system/framework/android.test.base.jar 
cxjEZygote64Timing CacheNonBootClasspathClassLoaders took to complete: 13ms 
cxjDZygote Preloading resources... 
cxj~Zygote ...preloaded 64 resources in 45ms. 
cxjZygote ...preloaded 41 resources in 8ms. 
cxjZygote ...preloaded 8 resource in 4ms. 
cxj8Zygote64Timing PreloadResources took to complete: 130ms 
cxjL/Zygote Preloading shared libraries... 
cxjhzygote64 Unable to find pattern file or unable to map it for am 
cxj|(Zygote Called ZygoteHooks.endPreload() 
cxjp8Zygote Installed AndroidKeyStoreProvider in 1ms. 
cxjZygote Warmed up JCA providers in 9ms. 
cxjZygote end preload 
cxj(Zygote64Timing ZygotePreload took to complete: 315ms 
cxj|^zygote64 Explicit concurrent copying GC freed 32762(1544KB) AllocSpace objects, 11(288KB) LOS objects, 95% free, 1274KB/25MB, paused 79us,26us total 25.771ms 
cxjX2zygote64 Explicit concurrent copying GC freed 2275(125KB) AllocSpace objects, 0(0B) LOS objects, 95% free, 1180KB/25MB, paused 37us,29us total 18.948ms 
cxjZygote64Timing PostZygoteInitGC took to complete: 52ms 
cxjxZygote64Timing ZygoteInit took to complete: 386ms 
cxj4Zygote Unable to fetch Zygote socket file descriptor 
cxjZygote Unable to fetch USAP pool socket file descriptor 
cyj,5(Zygote Forked child process 25367 
cyjX9(Zygote System server process 25367 has been created 
cyjwR(Zygote Accepting command socket connections 
cyj,zygote64 open() failed for /dev/cgroup_info/cgroup.rc: No such file or directory 
cyjh,libprocessgroup CgroupMap::LoadRcFile called for [25367] failed 
cyj)-system_server Failed to upload odrefresh metrics: file parsing error. 
cyjz.SystemServerTiming InitBeforeStartServices 
cyj<.SystemServer persist.sys.timezone is not valid (); setting to GMT. 
cyj".SystemServer Entered the Android system server! 
cyjcO:SystemServerTiming InitBeforeStartServices took to complete: 205ms 
cyj4l\: Zygote System zygote died with fatal exception
java.lang.RuntimeException: Unable to instantiate Application():java.lang.IllegalArgumentException
	at com.android.server.SystemServer.createSystemContext(SystemServer.java:1039)
	at com.android.server.SystemServer.run(SystemServer.java:883)
	at com.android.server.SystemServer.main(SystemServer.java:650)
	at com.android.internal.os.RuntimeInit$MethodAndArgsCaller.run(RuntimeInit.java:548)
	at com.android.internal.os.ZygoteInit.main(ZygoteInit.java:915)
Caused by: java.lang.IllegalArgumentException
	at android.os.IServiceManager$Stub$Proxy.checkService(IServiceManager.java:421)
	at android.os.ServiceManagerProxy.getService(ServiceManagerNative.java:63)
	at android.os.ServiceManager.rawGetService(ServiceManager.java:372)
	at android.os.ServiceManager.getService(ServiceManager.java:147)
cyj_:AndroidRuntime Shutting down VM
cyjX=g: AndroidRuntime *** FATAL EXCEPTION IN SYSTEM PROCESS: main
java.lang.RuntimeException: Unable to instantiate Application():java.lang.IllegalArgumentException
	at com.android.server.SystemServer.createSystemContext(SystemServer.java:1039)
	at com.android.server.SystemServer.run(SystemServer.java:883)
	at com.android.server.SystemServer.main(SystemServer.java:650)
	at com.android.internal.os.RuntimeInit$MethodAndArgsCaller.run(RuntimeInit.java:548)
	at com.android.internal.os.ZygoteInit.main(ZygoteInit.java:915)
Caused by: java.lang.IllegalArgumentException
	at android.os.IServiceManager$Stub$Proxy.checkService(IServiceManager.java:421)
	at android.os.ServiceManagerProxy.getService(ServiceManagerNative.java:63)
	at android.os.ServiceManager.rawGetService(ServiceManager.java:372)
	at android.os.ServiceManager.getService(ServiceManager.java:147)
cyjru:AndroidRuntime Error reporting crash
java.lang.IllegalArgumentException
	at android.os.IServiceManager$Stub$Proxy.checkService(IServiceManager.java:421)
	at android.os.ServiceManagerProxy.getService(ServiceManagerNative.java:63)
	at android.os.ServiceManager.rawGetService(ServiceManager.java:372)
	at android.os.ServiceManager.getService(ServiceManager.java:147)
	at android.app.ActivityManager$1.create(ActivityManager.java:4705)
	at android.app.ActivityManager$1.create(ActivityManager.java:4702)
	at android.app.ActivityManager.getService(ActivityManager.java:4693)
	at com.android.internal.os.RuntimeInit$KillApplicationHandler.uncaughtException(RuntimeInit.java:156)
	at java.lang.ThreadGroup.uncaughtException(ThreadGroup.java:1073)
	at java.lang.ThreadGroup.uncaughtException(ThreadGroup.java:1068)
	at java.lang.Thread.dispatchUncaughtException(Thread.java:2306)
czjZygote Zygote failed to write to system_server FD: No such file or directory 
czj\Zygote Process 25367 exited due to signal 9 (Killed) 
czjZygote Exit zygote because system server (pid 25367) has terminated 

--- raw logdw tail ---

--- packet bytes=89 time=1780094071.555840600 ---
cwjc!AndroidRuntime >>>>>> START com.android.internal.os.ZygoteInit uid 0 <<<<<<
 

--- packet bytes=24 time=1780094071.556121800 ---
cwj`c%! 

--- packet bytes=52 time=1780094071.576219660 ---
cwjdW"AndroidRuntime Using default boot image 

--- packet bytes=58 time=1780094071.576372040 ---
cwjZ"AndroidRuntime Leaving lock profiling enabled 

--- packet bytes=81 time=1780094071.578248120 ---
cwjv"cutils-trace Error opening trace file: No such file or directory (2) 

--- packet bytes=40 time=1780094071.578830040 ---
cwj"zygote64 option[0]=-Xzygote 

--- packet bytes=58 time=1780094071.578919440 ---
cwji"zygote64 option[1]=-Xdeny-art-apex-data-files 

--- packet bytes=36 time=1780094071.578972040 ---
cwj"zygote64 option[2]=exit 

--- packet bytes=40 time=1780094071.579012680 ---
cwj "zygote64 option[3]=vfprintf 

--- packet bytes=47 time=1780094071.579052380 ---
cwjXu"zygote64 option[4]=sensitiveThread 

--- packet bytes=43 time=1780094071.579090120 ---
cwj"zygote64 option[5]=-verbose:gc 

--- packet bytes=54 time=1780094071.579128320 ---
cwj"zygote64 option[6]=-XX:PerfettoHprof=true 

--- packet bytes=66 time=1780094071.579167360 ---
cwj 8"zygote64 option[7]=-XX:PerfettoJavaHeapStackProf=true 

--- packet bytes=47 time=1780094071.579206440 ---
cwjh"zygote64 option[8]=-Xprimaryzygote 

--- packet bytes=38 time=1780094071.579244360 ---
cwj`e"zygote64 option[9]=-Xms8m 

--- packet bytes=41 time=1780094071.579280800 ---
cwj"zygote64 option[10]=-Xmx512m 

--- packet bytes=57 time=1780094071.579318360 ---
cwj"zygote64 option[11]=-XX:HeapGrowthLimit=192m 

--- packet bytes=51 time=1780094071.579356900 ---
cwj"zygote64 option[12]=-XX:HeapMinFree=8m 

--- packet bytes=52 time=1780094071.579395660 ---
cwjh"zygote64 option[13]=-XX:HeapMaxFree=16m 

--- packet bytes=62 time=1780094071.579434240 ---
cwjK"zygote64 option[14]=-XX:HeapTargetUtilization=0.6 

--- packet bytes=46 time=1780094071.579472800 ---
cwj"zygote64 option[15]=-Xusejit:true 

--- packet bytes=55 time=1780094071.579511160 ---
cwjy"zygote64 option[16]=-Xjitsaveprofilinginfo 

--- packet bytes=72 time=1780094071.579552160 ---
cwj"zygote64 option[17]=-XMadviseWillNeedVdexFileSize:104857600 

--- packet bytes=72 time=1780094071.579592360 ---
cwj"zygote64 option[18]=-XMadviseWillNeedOdexFileSize:104857600 

--- packet bytes=72 time=1780094071.579632240 ---
cwjPQ"zygote64 option[19]=-XMadviseWillNeedArtFileSize:4294967295 

--- packet bytes=65 time=1780094071.579671200 ---
cwj0"zygote64 option[20]=-XjdwpOptions:suspend=n,server=y 

--- packet bytes=55 time=1780094071.579709880 ---
cwj"zygote64 option[21]=-XjdwpProvider:default 

--- packet bytes=58 time=1780094071.579748500 ---
cwj"zygote64 option[22]=-Xopaque-jni-ids:swapable 

--- packet bytes=56 time=1780094071.579786800 ---
cwjt"zygote64 option[23]=-Xlockprofthreshold:500 

--- packet bytes=50 time=1780094071.579825620 ---
cwjPD"zygote64 option[24]=-Xcompiler-option 

--- packet bytes=66 time=1780094071.579864400 ---
cwj"zygote64 option[25]=--instruction-set-variant=generic 

--- packet bytes=50 time=1780094071.579903020 ---
cwjs"zygote64 option[26]=-Xcompiler-option 

--- packet bytes=67 time=1780094071.579941020 ---
cwj"zygote64 option[27]=--instruction-set-features=default 

--- packet bytes=50 time=1780094071.579979460 ---
cwjX"zygote64 option[28]=-Xcompiler-option 

--- packet bytes=59 time=1780094071.580017820 ---
cwj4"zygote64 option[29]=--generate-mini-debug-info 

--- packet bytes=56 time=1780094071.580056420 ---
cwj"zygote64 option[30]=-Ximage-compiler-option 

--- packet bytes=46 time=1780094071.580095400 ---
cwjb"zygote64 option[31]=--runtime-arg 

--- packet bytes=56 time=1780094071.580133380 ---
cwj"zygote64 option[32]=-Ximage-compiler-option 

--- packet bytes=40 time=1780094071.580170440 ---
cwj"zygote64 option[33]=-Xms64m 

--- packet bytes=56 time=1780094071.580207940 ---
cwj$"zygote64 option[34]=-Ximage-compiler-option 

--- packet bytes=46 time=1780094071.580246060 ---
cwj"zygote64 option[35]=--runtime-arg 

--- packet bytes=56 time=1780094071.580284380 ---
cwjE"zygote64 option[36]=-Ximage-compiler-option 

--- packet bytes=40 time=1780094071.580360100 ---
cwjj"zygote64 option[37]=-Xmx64m 

--- packet bytes=56 time=1780094071.580399340 ---
cwj"zygote64 option[38]=-Ximage-compiler-option 

--- packet bytes=86 time=1780094071.580439840 ---
cwjd"zygote64 option[39]=--dirty-image-objects=/system/etc/dirty-image-objects 

--- packet bytes=56 time=1780094071.580478340 ---
cwj;"zygote64 option[40]=-Ximage-compiler-option 

--- packet bytes=66 time=1780094071.580516420 ---
cwj"zygote64 option[41]=--instruction-set-variant=generic 

--- packet bytes=56 time=1780094071.580554600 ---
cwjd"zygote64 option[42]=-Ximage-compiler-option 

--- packet bytes=67 time=1780094071.580593020 ---
cwj"zygote64 option[43]=--instruction-set-features=default 

--- packet bytes=56 time=1780094071.580631400 ---
cwj"zygote64 option[44]=-Ximage-compiler-option 

--- packet bytes=59 time=1780094071.580669660 ---
cwj&"zygote64 option[45]=--generate-mini-debug-info 

--- packet bytes=52 time=1780094071.580707980 ---
cwj"zygote64 option[46]=-Duser.locale=en-US 

--- packet bytes=56 time=1780094071.580746400 ---
cwj\R"zygote64 option[47]=--cpu-abilist=arm64-v8a 

--- packet bytes=69 time=1780094071.580784840 ---
cwj"zygote64 option[48]=-Xcore-platform-api-policy:just-warn 

--- packet bytes=169 time=1780094071.580828980 ---
cwj"zygote64 option[49]=-Xfingerprint:waydroid/lineage_waydroid_arm64_only/waydroid_arm64_only:13/TQ3A.230901.001/eng.aleast.20260403.072834:userdebug/test-keys 

--- packet bytes=56 time=1780094071.587888140 ---
cwjX	#zygote64 ART APEX data files are untrusted. 

--- packet bytes=74 time=1780094071.588174560 ---
cwjP#zygote64 Core platform API reporting enabled, enforcing=false 

--- packet bytes=100 time=1780094072.000584580 ---
cxjzygote64 Time zone APEX ICU file found: /apex/com.android.tzdata/etc/icu/icu_tzdata.dat 

--- packet bytes=91 time=1780094072.000734240 ---
cxj^
zygote64 I18n APEX ICU file found: /apex/com.android.i18n/etc/icu/icudt70l.dat 

--- packet bytes=41 time=1780094072.022862780 ---
cxjp[TENS 	200284993 

--- packet bytes=84 time=1780094072.022964800 ---
cxj|L^ zygote64 fcntl(F_ADD_SEALS) failed: Invalid argument, no memfd support. 

--- packet bytes=82 time=1780094072.023016340 ---
cxj^zygote64 Falling back to ashmem implementation for JIT zygote mapping 

--- packet bytes=183 time=1780094072.023297800 ---
cxjBcashmem Unable to open ashmem device /dev/ashmem89186ff2-684d-4810-8e23-866a9bc61396 (error = No such file or directory) and /dev/ashmem(error = No such file or directory) 

--- packet bytes=113 time=1780094072.023355460 ---
cxj0dzygote64 Failed to create JIT Code Cache: Failed to create zygote mapping: No such file or directory 

--- packet bytes=60 time=1780094072.023368360 ---
cxjfdzygote64 Missing code cache, cannot create JIT. 

--- packet bytes=24 time=1780094072.084824220 ---
cxj|X 

--- packet bytes=33 time=1780094072.084931280 ---
cxjPZygote begin preload 

--- packet bytes=54 time=1780094072.084956260 ---
cxj@Zygote Calling ZygoteHooks.beginPreload() 

--- packet bytes=64 time=1780094072.222301460 ---
cxj?Zygote64Timing BeginPreload took to complete: 137ms 

--- packet bytes=41 time=1780094072.222504380 ---
cxjBZygote Preloading classes... 

--- packet bytes=50 time=1780094072.222871920 ---
cxjkHZygote ...preloaded 0 classes in 0ms. 

--- packet bytes=64 time=1780094072.222978360 ---
cxj|1J Zygote64Timing PreloadClasses took to complete: 1ms 

--- packet bytes=117 time=1780094072.228519360 ---
cxj8SApplicationLoaders Created zygote-cached class loader: /system/framework/android.hidl.base-V1.0-java.jar 

--- packet bytes=120 time=1780094072.231643860 ---
cxjTApplicationLoaders Created zygote-cached class loader: /system/framework/android.hidl.manager-V1.0-java.jar 

--- packet bytes=107 time=1780094072.236243920 ---
cxjApplicationLoaders Created zygote-cached class loader: /system/framework/android.test.base.jar 

--- packet bytes=84 time=1780094072.236372000 ---
cxjEZygote64Timing CacheNonBootClasspathClassLoaders took to complete: 13ms 

--- packet bytes=43 time=1780094072.306566000 ---
cxjDZygote Preloading resources... 

--- packet bytes=140 time=1780094072.322533360 ---
cxjX8Resources Preloaded drawable resource #0x108028e (android:drawable/dialog_background_material) that varies with configuration!! 

--- packet bytes=54 time=1780094072.352351280 ---
cxj~Zygote ...preloaded 64 resources in 45ms. 

--- packet bytes=53 time=1780094072.361275980 ---
cxjZygote ...preloaded 41 resources in 8ms. 

--- packet bytes=51 time=1780094072.365706960 ---
cxjZygote ...preloaded 8 resource in 4ms. 

--- packet bytes=68 time=1780094072.365946540 ---
cxj8Zygote64Timing PreloadResources took to complete: 130ms 

--- packet bytes=50 time=1780094072.382283740 ---
cxjL/Zygote Preloading shared libraries... 

--- packet bytes=76 time=1780094072.386309860 ---
cxjhzygote64 Unable to find pattern file or unable to map it for am 

--- packet bytes=51 time=1780094072.388602780 ---
cxj|(Zygote Called ZygoteHooks.endPreload() 

--- packet bytes=61 time=1780094072.389651120 ---
cxjp8Zygote Installed AndroidKeyStoreProvider in 1ms. 

--- packet bytes=51 time=1780094072.399176040 ---
cxjZygote Warmed up JCA providers in 9ms. 

--- packet bytes=31 time=1780094072.399372100 ---
cxjZygote end preload 

--- packet bytes=24 time=1780094072.399423200 ---
cxjX:

--- packet bytes=65 time=1780094072.399510320 ---
cxj(Zygote64Timing ZygotePreload took to complete: 315ms 

--- packet bytes=170 time=1780094072.425687460 ---
cxj|^zygote64 Explicit concurrent copying GC freed 32762(1544KB) AllocSpace objects, 11(288KB) LOS objects, 95% free, 1274KB/25MB, paused 79us,26us total 25.771ms 

--- packet bytes=164 time=1780094072.451429260 ---
cxjX2zygote64 Explicit concurrent copying GC freed 2275(125KB) AllocSpace objects, 0(0B) LOS objects, 95% free, 1180KB/25MB, paused 37us,29us total 18.948ms 

--- packet bytes=67 time=1780094072.451813660 ---
cxjZygote64Timing PostZygoteInitGC took to complete: 52ms 

--- packet bytes=62 time=1780094072.451878120 ---
cxjxZygote64Timing ZygoteInit took to complete: 386ms 

--- packet bytes=65 time=1780094072.451962060 ---
cxj4Zygote Unable to fetch Zygote socket file descriptor 

--- packet bytes=68 time=1780094072.452249780 ---
cxjZygote Unable to fetch USAP pool socket file descriptor 

--- packet bytes=46 time=1780094073.674750380 ---
cyj,5(Zygote Forked child process 25367 

--- packet bytes=64 time=1780094073.674911080 ---
cyjX9(Zygote System server process 25367 has been created 

--- packet bytes=56 time=1780094073.676567360 ---
cyjwR(Zygote Accepting command socket connections 

--- packet bytes=93 time=1780094073.753729020 ---
cyj,zygote64 open() failed for /dev/cgroup_info/cgroup.rc: No such file or directory 

--- packet bytes=76 time=1780094073.753991320 ---
cyjh,libprocessgroup CgroupMap::LoadRcFile called for [25367] failed 

--- packet bytes=82 time=1780094073.757950780 ---
cyj)-system_server Failed to upload odrefresh metrics: file parsing error. 

--- packet bytes=55 time=1780094073.772958240 ---
cyjz.SystemServerTiming InitBeforeStartServices 

--- packet bytes=40 time=1780094073.773586840 ---
cyj.

--- packet bytes=79 time=1780094073.773848960 ---
cyj<.SystemServer persist.sys.timezone is not valid (); setting to GMT. 

--- packet bytes=60 time=1780094073.774051240 ---
cyj".SystemServer Entered the Android system server! 

--- packet bytes=24 time=1780094073.774101160 ---
cyj#.

--- packet bytes=97 time=1780094073.977586080 ---
byj<FC: Parcel Expecting header 0x564e4452 but found 0x53595354. Mixing copies of libbinder? 

--- packet bytes=79 time=1780094073.978317740 ---
cyjcO:SystemServerTiming InitBeforeStartServices took to complete: 205ms 

--- packet bytes=1623 time=1780094073.979165380 ---
cyj4l\: Zygote System zygote died with fatal exception
java.lang.RuntimeException: Unable to instantiate Application():java.lang.IllegalArgumentException
	at android.app.ActivityThread.attach(ActivityThread.java:7652)
	at android.app.ActivityThread.systemMain(ActivityThread.java:7682)
	at com.android.server.SystemServer.createSystemContext(SystemServer.java:1039)
	at com.android.server.SystemServer.run(SystemServer.java:883)
	at com.android.server.SystemServer.main(SystemServer.java:650)
	at java.lang.reflect.Method.invoke(Native Method)
	at com.android.internal.os.RuntimeInit$MethodAndArgsCaller.run(RuntimeInit.java:548)
	at com.android.internal.os.ZygoteInit.main(ZygoteInit.java:915)
Caused by: java.lang.IllegalArgumentException
	at android.os.BinderProxy.transactNative(Native Method)
	at android.os.BinderProxy.transact(BinderProxy.java:584)
	at android.os.IServiceManager$Stub$Proxy.checkService(IServiceManager.java:421)
	at android.os.ServiceManagerProxy.getService(ServiceManagerNative.java:63)
	at android.os.ServiceManager.rawGetService(ServiceManager.java:372)
	at android.os.ServiceManager.getService(ServiceManager.java:147)
	at android.hardware.display.DisplayManagerGlobal.getInstance(DisplayManagerGlobal.java:153)
	at android.app.ResourcesManager.getDisplayMetrics(ResourcesManager.java:333)
	at android.app.ResourcesManager.getDisplayMetrics(ResourcesManager.java:325)
	at android.app.ContextImpl.createSystemContext(ContextImpl.java:3057)
	at android.app.ActivityThread.getSystemContext(ActivityThread.java:2722)
	at android.app.ActivityThread.attach(ActivityThread.java:7647)
	... 7 more
 

--- packet bytes=45 time=1780094073.979325860 ---
cyj_:AndroidRuntime Shutting down VM
 

--- packet bytes=1635 time=1780094073.979864400 ---
cyjX=g: AndroidRuntime *** FATAL EXCEPTION IN SYSTEM PROCESS: main
java.lang.RuntimeException: Unable to instantiate Application():java.lang.IllegalArgumentException
	at android.app.ActivityThread.attach(ActivityThread.java:7652)
	at android.app.ActivityThread.systemMain(ActivityThread.java:7682)
	at com.android.server.SystemServer.createSystemContext(SystemServer.java:1039)
	at com.android.server.SystemServer.run(SystemServer.java:883)
	at com.android.server.SystemServer.main(SystemServer.java:650)
	at java.lang.reflect.Method.invoke(Native Method)
	at com.android.internal.os.RuntimeInit$MethodAndArgsCaller.run(RuntimeInit.java:548)
	at com.android.internal.os.ZygoteInit.main(ZygoteInit.java:915)
Caused by: java.lang.IllegalArgumentException
	at android.os.BinderProxy.transactNative(Native Method)
	at android.os.BinderProxy.transact(BinderProxy.java:584)
	at android.os.IServiceManager$Stub$Proxy.checkService(IServiceManager.java:421)
	at android.os.ServiceManagerProxy.getService(ServiceManagerNative.java:63)
	at android.os.ServiceManager.rawGetService(ServiceManager.java:372)
	at android.os.ServiceManager.getService(ServiceManager.java:147)
	at android.hardware.display.DisplayManagerGlobal.getInstance(DisplayManagerGlobal.java:153)
	at android.app.ResourcesManager.getDisplayMetrics(ResourcesManager.java:333)
	at android.app.ResourcesManager.getDisplayMetrics(ResourcesManager.java:325)
	at android.app.ContextImpl.createSystemContext(ContextImpl.java:3057)
	at android.app.ActivityThread.getSystemContext(ActivityThread.java:2722)
	at android.app.ActivityThread.attach(ActivityThread.java:7647)
	... 7 more
 

--- packet bytes=20 time=1780094073.980263960 ---
byj?m:

--- packet bytes=97 time=1780094073.980286480 ---
byj?m:Parcel Expecting header 0x564e4452 but found 0x53595354. Mixing copies of libbinder? 

--- packet bytes=1050 time=1780094073.980795080 ---
cyjru:AndroidRuntime Error reporting crash
java.lang.IllegalArgumentException
	at android.os.BinderProxy.transactNative(Native Method)
	at android.os.BinderProxy.transact(BinderProxy.java:584)
	at android.os.IServiceManager$Stub$Proxy.checkService(IServiceManager.java:421)
	at android.os.ServiceManagerProxy.getService(ServiceManagerNative.java:63)
	at android.os.ServiceManager.rawGetService(ServiceManager.java:372)
	at android.os.ServiceManager.getService(ServiceManager.java:147)
	at android.app.ActivityManager$1.create(ActivityManager.java:4705)
	at android.app.ActivityManager$1.create(ActivityManager.java:4702)
	at android.util.Singleton.get(Singleton.java:43)
	at android.app.ActivityManager.getService(ActivityManager.java:4693)
	at com.android.internal.os.RuntimeInit$KillApplicationHandler.uncaughtException(RuntimeInit.java:156)
	at java.lang.ThreadGroup.uncaughtException(ThreadGroup.java:1073)
	at java.lang.ThreadGroup.uncaughtException(ThreadGroup.java:1068)
	at java.lang.Thread.dispatchUncaughtException(Thread.java:2306)
 

--- packet bytes=54 time=1780094073.980967380 ---
cyj&x:Process Sending signal. PID: 25367 SIG: 9 

--- packet bytes=89 time=1780094074.048007780 ---
czjZygote Zygote failed to write to system_server FD: No such file or directory 

--- packet bytes=65 time=1780094074.048120760 ---
czj\Zygote Process 25367 exited due to signal 9 (Killed) 

--- packet bytes=80 time=1780094074.048134080 ---
czjZygote Exit zygote because system server (pid 25367) has terminated 

--- dmesg focused ---
[12714.652767] binder: binder: WEBOS accept ioctl 0x40046210 no-op
[12714.652795] binder: binder_alloc_shim: binder_mmap enter filp=ffffffc08cb5a200 vma=ffffffc0321b4e70 start=0x7e87af2000 end=0x7e87bf0000 flags=0x200071
[12714.652814] binder: binder_alloc_shim: update_page_range enter allocate=1 start=ffffff800aa00000 end=ffffff800aa01000 vma=ffffffc0321b4e70
[12714.652819] binder: binder_alloc_shim: before __get_free_page GFP_KERNEL=0x24000c0
[12714.652825] binder: binder_alloc_shim: after __get_free_page addr=0xffffffc03182d000
[12714.652828] binder: binder_alloc_shim: virt_to_page page=ffffffbdc0c60b40
[12714.652834] binder: binder_alloc_shim: before vm_insert_page user_page_addr=0x7e87af2000 page=ffffffbdc0c60b40
[12714.652842] binder: binder_alloc_shim: after vm_insert_page ret=0
[12714.856222] binder: binder_alloc_shim: update_page_range enter allocate=1 start=ffffff800a401000 end=ffffff800a401000 vma=          (null)
[12714.856326] binder: binder_alloc_shim: update_page_range enter allocate=1 start=ffffff800aa01000 end=ffffff800aa01000 vma=          (null)
[12714.856353] binder: binder_alloc_shim: update_page_range enter allocate=0 start=ffffff800a401000 end=ffffff800a400000 vma=          (null)
[12714.856361] binder: binder_alloc_shim: update_page_range enter allocate=0 start=ffffff800aa01000 end=ffffff800aa00000 vma=          (null)
[12714.859590] binder: binder_alloc_shim: update_page_range enter allocate=1 start=ffffff800a401000 end=ffffff800a401000 vma=          (null)
[12714.859777] binder: binder_alloc_shim: update_page_range enter allocate=1 start=ffffff800aa01000 end=ffffff800aa01000 vma=          (null)
[12714.859795] binder: binder_alloc_shim: update_page_range enter allocate=0 start=ffffff800a401000 end=ffffff800a400000 vma=          (null)
[12714.859904] binder: binder_alloc_shim: update_page_range enter allocate=0 start=ffffff800aa01000 end=ffffff800aa00000 vma=          (null)
[12714.862382] binder: binder_alloc_shim: update_page_range enter allocate=1 start=ffffff800a401000 end=ffffff800a401000 vma=          (null)
[12714.862472] binder: binder_alloc_shim: update_page_range enter allocate=1 start=ffffff800aa01000 end=ffffff800aa01000 vma=          (null)
[12714.862485] binder: binder_alloc_shim: update_page_range enter allocate=0 start=ffffff800a401000 end=ffffff800a400000 vma=          (null)
[12714.862519] binder: binder_alloc_shim: update_page_range enter allocate=0 start=ffffff800aa01000 end=ffffff800aa00000 vma=          (null)

AFTER_LOGDW_SYSTEMSERVER_DONE
