
================ probe-5d224 ================
probe-5d224: ALIVE
--- log ---
--- dmesg ---

================ probe-5d254 ================
probe-5d254: ALIVE
--- log ---
--- dmesg ---

================ probe-5d274 ================
probe-5d274: ALIVE
--- log ---
--- dmesg ---

================ probe-5d27c ================
probe-5d27c: ALIVE
--- log ---
--- dmesg ---

================ probe-5d284 ================
probe-5d284: EXITED
--- log ---
--- dmesg ---

================ probe-5d2a0 ================
probe-5d2a0: EXITED
--- log ---
--- dmesg ---

================ probe-5d2d8 ================
probe-5d2d8: EXITED
--- log ---
--- dmesg ---

================ probe-5d308 ================
probe-5d308: EXITED
--- log ---
--- dmesg ---

================ probe-5d338 ================
probe-5d338: EXITED
--- log ---
--- dmesg ---

================ probe-5d340 ================
probe-5d340: EXITED
--- log ---
--- dmesg ---
