--- kill android logd/logcat and stale capture ---
--- prepare socket dir ---
--- start direct logdw capture ---
cap_pid=27976
--- logdw socket ---
srw-rw-rw-    1 root     root             0 May 30 00:42 /media/internal/android-usb/android-rootfs/dev/socket/logdw
LOGDW_CAPTURE_READY path=/dev/socket/logdw fd=3
--- clear dmesg ---
--- start zygote/system_server ---
--- cleanup old zygotes/wrappers ---

--- sanity patches ---
storage abort call @ 0x1ca198, should be 1f 20 03 d5:  1f 20 03 d5
SetTaskProfiles call @ 0x1ca1b0, should be 20 00 80 52:  20 00 80 52
SetTaskProfiles tbz @ 0x1ca208, should be 1f 20 03 d5:  1f 20 03 d5

--- classpath ---
BOOTCLASSPATH length: 1624
SYSTEMSERVERCLASSPATH length: 463

--- start zygote + system_server ---

--- pids ---
28007 28001

--- android-ish scan ---
PID=27981 COMM=sh CMD=sh /tmp/try-zygote-start-system-server-v2.sh 
  Name:	sh
  State:	S (sleeping)
  Tgid:	27981
  Ngid:	0
  Pid:	27981
  PPid:	27966
  TracerPid:	0
  Uid:	0	0	0	0
PID=28001 COMM=main CMD=zygote64                                                                                                              
  Name:	main
  State:	S (sleeping)
  Tgid:	28001
  Ngid:	0
  Pid:	28001
  PPid:	27981
  TracerPid:	0
  Uid:	0	0	0	0
PID=28007 COMM=system_server CMD=system_server                                                                                                         
  Name:	system_server
  State:	S (sleeping)
  Tgid:	28007
  Ngid:	0
  Pid:	28007
  PPid:	28001
  TracerPid:	0
  Uid:	1000	1000	1000	1000
PID=4114 COMM=WebAppMgr CMD=/usr/bin/WebAppMgr --type=zygote --disable-in-process-stack-traces --no-sandbox --no-sandbox --disable-quic 
  Name:	WebAppMgr
  State:	S (sleeping)
  Tgid:	4114
  Ngid:	0
  Pid:	4114
  PPid:	3021
  TracerPid:	0
  Uid:	505	505	505	505

--- sockets ---
srw-rw-rw-    1 root     root             0 May 30 00:42 usap_pool_primary
srw-rw-rw-    1 root     root             0 May 30 00:42 zygote

--- log tail ---
--- collect ---
--- pids ---
wam       4114  3021  0 May29 ?        00:00:01 /usr/bin/WebAppMgr --type=zygote --disable-in-process-stack-traces --no-sandbox --no-sandbox --disable-quic
root     19897     1  0 May29 ?        00:00:00 /media/internal/android-usb/android-sidecar/bin/property_service_ack_shim /media/internal/android-usb/android-rootfs/dev/socket/property_service
root     27948     1  0 00:41 ?        00:00:00 /system/bin/servicemanager
root     27949     1  0 00:41 ?        00:00:00 /system/bin/hwservicemanager
root     27950     1  0 00:41 ?        00:00:00 /vendor/bin/vndservicemanager
root     28001     1 12 00:42 ?        00:00:02 zygote64
1000     28007 28001  4 00:42 ?        00:00:00 system_server

--- zygote log ---

--- capture stderr ---
LOGDW_CAPTURE_READY path=/dev/socket/logdw fd=3

--- logdw fatal/exceptions ---
am:j4!#AndroidRuntime >>>>>> START com.android.internal.os.ZygoteInit uid 0 <<<<<<
am:j$AndroidRuntime Using default boot image 
am:j*$AndroidRuntime Leaving lock profiling enabled 
am:j B$cutils-trace Error opening trace file: No such file or directory (2) 
am:jE$zygote64 option[0]=-Xzygote 
am:j$zygote64 option[1]=-Xdeny-art-apex-data-files 
am:j$zygote64 option[2]=exit 
am:j$zygote64 option[3]=vfprintf 
am:j &$zygote64 option[4]=sensitiveThread 
am:j@L$zygote64 option[5]=-verbose:gc 
am:js$zygote64 option[6]=-XX:PerfettoHprof=true 
am:jX$zygote64 option[7]=-XX:PerfettoJavaHeapStackProf=true 
am:j$zygote64 option[8]=-Xprimaryzygote 
am:j$zygote64 option[9]=-Xms8m 
am:j$zygote64 option[10]=-Xmx512m 
am:j,7$zygote64 option[11]=-XX:HeapGrowthLimit=192m 
am:j`$zygote64 option[12]=-XX:HeapMinFree=8m 
am:j$zygote64 option[13]=-XX:HeapMaxFree=16m 
am:j$zygote64 option[14]=-XX:HeapTargetUtilization=0.6 
am:jP$zygote64 option[15]=-Xusejit:true 
am:j$zygote64 option[16]=-Xjitsaveprofilinginfo 
am:j5$zygote64 option[17]=-XMadviseWillNeedVdexFileSize:104857600 
am:jb$zygote64 option[18]=-XMadviseWillNeedOdexFileSize:104857600 
am:j,$zygote64 option[19]=-XMadviseWillNeedArtFileSize:4294967295 
am:j$zygote64 option[20]=-XjdwpOptions:suspend=n,server=y 
am:jl$zygote64 option[21]=-XjdwpProvider:default 
$zygote64 option[22]=-Xopaque-jni-ids:swapable 
am:j2$zygote64 option[23]=-Xlockprofthreshold:500 
am:jL[$zygote64 option[24]=-Xcompiler-option 
am:j$zygote64 option[25]=--instruction-set-variant=generic 
am:j$zygote64 option[26]=-Xcompiler-option 
am:j<$zygote64 option[27]=--instruction-set-features=default 
am:j$zygote64 option[28]=-Xcompiler-option 
am:j0&$zygote64 option[29]=--generate-mini-debug-info 
am:jN$zygote64 option[30]=-Ximage-compiler-option 
am:j$zygote64 option[31]=--runtime-arg 
am:j$zygote64 option[32]=-Ximage-compiler-option 
am:j$zygote64 option[33]=-Xms64m 
am:j$zygote64 option[34]=-Ximage-compiler-option 
am:j%$zygote64 option[35]=--runtime-arg 
am:jHN$zygote64 option[36]=-Ximage-compiler-option 
am:jr$zygote64 option[37]=-Xmx64m 
am:j$zygote64 option[38]=-Ximage-compiler-option 
am:j$zygote64 option[39]=--dirty-image-objects=/system/etc/dirty-image-objects 
am:j$zygote64 option[40]=-Ximage-compiler-option 
am:jP$zygote64 option[41]=--instruction-set-variant=generic 
am:jtD$zygote64 option[42]=-Ximage-compiler-option 
am:j(m$zygote64 option[43]=--instruction-set-features=default 
am:j$zygote64 option[44]=-Ximage-compiler-option 
am:j$zygote64 option[45]=--generate-mini-debug-info 
am:j$zygote64 option[46]=-Duser.locale=en-US 
am:j$zygote64 option[47]=--cpu-abilist=arm64-v8a 
am:jL9$zygote64 option[48]=-Xcore-platform-api-policy:just-warn 
am:jn$zygote64 option[49]=-Xfingerprint:waydroid/lineage_waydroid_arm64_only/waydroid_arm64_only:13/TQ3A.230901.001/eng.aleast.20260403.072834:userdebug/test-keys 
am:jl5%zygote64 ART APEX data files are untrusted. 
am:jlh8% zygote64 Core platform API reporting enabled, enforcing=false 
am:j,7zygote64 Time zone APEX ICU file found: /apex/com.android.tzdata/etc/icu/icu_tzdata.dat 
am:j7zygote64 I18n APEX ICU file found: /apex/com.android.i18n/etc/icu/icudt70l.dat 
am:jM_9zygote64 fcntl(F_ADD_SEALS) failed: Invalid argument, no memfd support. 
am:jPbd9 zygote64 Falling back to ashmem implementation for JIT zygote mapping 
am:j0fl9 ashmem Unable to open ashmem device /dev/ashmem89186ff2-684d-4810-8e23-866a9bc61396 (error = No such file or directory) and /dev/ashmem(error = No such file or directory) 
am:j]o9zygote64 Failed to create JIT Code Cache: Failed to create zygote mapping: No such file or directory 
am:jLsp9 zygote64 Missing code cache, cannot create JIT. 
am;jZygote begin preload 
am;j~Zygote Calling ZygoteHooks.beginPreload() 
Zygote64Timing BeginPreload took to complete: 145ms 
Zygote Preloading classes... 
Zygote ...preloaded 0 classes in 0ms. 
Zygote64Timing PreloadClasses took to complete: 1ms 
am;jApplicationLoaders Created zygote-cached class loader: /system/framework/android.hidl.base-V1.0-java.jar 
am;jTApplicationLoaders Created zygote-cached class loader: /system/framework/android.hidl.manager-V1.0-java.jar 
am;jApplicationLoaders Created zygote-cached class loader: /system/framework/android.test.base.jar 
am;jH=Zygote64Timing CacheNonBootClasspathClassLoaders took to complete: 15ms 
am;j44Zygote Preloading resources... 
am;j[Zygote ...preloaded 64 resources in 53ms. 
am;jtZygote ...preloaded 41 resources in 9ms. 
am;jz@Zygote ...preloaded 8 resource in 5ms. 
am;jDZygote64Timing PreloadResources took to complete: 145ms 
am;jUOZygote Preloading shared libraries... 
am;jzygote64 Unable to find pattern file or unable to map it for am 
am;j jZygote Called ZygoteHooks.endPreload() 
am;jZygote Installed AndroidKeyStoreProvider in 1ms. 
am;jmZygote Warmed up JCA providers in 9ms. 
am;jmZygote end preload 
am;jnZygote64Timing ZygotePreload took to complete: 344ms 
am;j$zygote64 Explicit concurrent copying GC freed 32762(1544KB) AllocSpace objects, 11(288KB) LOS objects, 95% free, 1274KB/25MB, paused 70us,27us total 28.399ms 
am;jD:Y zygote64 Explicit concurrent copying GC freed 2275(125KB) AllocSpace objects, 0(0B) LOS objects, 95% free, 1180KB/25MB, paused 32us,23us total 18.489ms 
am;jP?\ Zygote64Timing PostZygoteInitGC took to complete: 49ms 
am;jH~\ Zygote64Timing ZygoteInit took to complete: 414ms 
am;jP]Zygote Unable to fetch Zygote socket file descriptor 
am;j]Zygote Unable to fetch USAP pool socket file descriptor 
am<jLi0) Zygote Forked child process 28007 
am<jD3)Zygote System server process 28007 has been created 
am<j0Q)Zygote Accepting command socket connections 
gm<jT.zygote64 open() failed for /dev/cgroup_info/cgroup.rc: No such file or directory 
gm<jL .libprocessgroup CgroupMap::LoadRcFile called for [28007] failed 
gm<j\K.system_server Failed to upload odrefresh metrics: file parsing error. 
gm<j`(/SystemServerTiming InitBeforeStartServices 
gm<j5/SystemServer persist.sys.timezone is not valid (); setting to GMT. 
gm<jp8/SystemServer Entered the Android system server! 
gm=j 0SystemServerInitThreadPool Creating instance with 4 threads 
gm=j _SystemServerTiming InitBeforeStartServices took to complete: 525ms 
gm=j+SystemServerTiming StartServices 
gm=j\ySystemServerTiming startBootstrapServices 
gm=jSystemServerTiming StartWatchdog 
gm=j%SystemServerTiming StartWatchdog took to complete: 5ms 
gm=jzSystemServer Reading configuration... 
gm=j$SystemServerTiming ReadingSystemConfig 
gm=j*&SystemServerTiming ReadingSystemConfig took to complete: 0ms 
gm=j`&SystemServerTiming PlatformCompat 
|m=jW+SystemServerTimingAsync InitThreadPoolExec:ReadingSystemConfig 
|m=j&,SystemServerInitThreadPool Started executing ReadingSystemConfig 
|m=jlBSystemConfig Reading permissions from /system/etc/sysconfig/preinstalled-packages-platform.xml 
|m=jBJSystemConfig Reading permissions from /system/etc/sysconfig/hiddenapi-package-whitelist.xml 
|m=j_SystemConfig Reading permissions from /system/etc/sysconfig/preinstalled-packages-com.android.providers.media.module.xml 
gm=j`CompatConfig No directory /apex/com.android.permission/etc/compatconfig, skipping 
|m=jllSystemConfig Reading permissions from /system/etc/sysconfig/framework-sysconfig.xml 
|m=jHFSystemConfig Reading permissions from /system/etc/sysconfig/preinstalled-packages-platform-full-base.xml 
|m=j@SystemConfig Reading permissions from /system/etc/permissions/android.test.mock.xml 
|m=j4SystemConfig Reading permissions from /system/etc/permissions/com.android.intentresolver.xml 
gm=jP[SystemServerTiming PlatformCompat took to complete: 26ms 
gm=j\SystemServerTiming StartFileIntegrityService 
gm=jSystemServiceManager Starting com.android.server.security.FileIntegrityService 
SystemConfig Reading permissions from /system/etc/permissions/javax.obex.xml 
|m=jxSystemConfig Reading permissions from /system/etc/permissions/android.software.live_wallpaper.xml 
|m=jhtSystemConfig Reading permissions from /system/etc/permissions/com.android.mediadrm.signer.xml 
|m=j/SystemConfig Reading permissions from /system/etc/permissions/com.android.media.remotedisplay.xml 
|m=jSystemConfig Reading permissions from /system/etc/permissions/com.android.location.provider.xml 
|m=jhSystemConfig Reading permissions from /system/etc/permissions/com.android.documentsui.xml 
|m=j;+SystemConfig Reading permissions from /system/etc/permissions/pc.xml 
|m=jDbSystemConfig Reading permissions from /system/etc/permissions/privapp_allowlist_com.android.adservices.api.xml 
|m=j1SystemConfig Reading permissions from /system/etc/permissions/android.software.webview.xml 
|m=jSystemConfig Reading permissions from /system/etc/permissions/android.test.runner.xml 
gm=jDSystemServerTiming StartFileIntegrityService took to complete: 16ms 
gm=jSystemServerTiming StartInstaller 
gm=jSystemServiceManager Starting com.android.server.pm.Installer 
|m=jDSystemConfig Reading permissions from /system/etc/permissions/android.software.freeform_window_management.xml 
gm=jrInstaller installd not found; trying again 
|m=jSystemConfig Reading permissions from /system/etc/permissions/android.test.base.xml 
gm=j|SystemServerTiming StartInstaller took to complete: 2ms 
gm=jt6SystemServerTiming DeviceIdentifiersPolicyService 
gm=jSystemServiceManager Starting com.android.server.os.DeviceIdentifiersPolicyService 
gm=jx>SystemServerTiming DeviceIdentifiersPolicyService took to complete: 0ms 
gm=jSystemServerTiming UriGrantsManagerService 
gm=jSystemServiceManager Starting com.android.server.uri.UriGrantsManagerService$Lifecycle 
gm=jSystemServerTiming UriGrantsManagerService took to complete: 2ms 
gm=j@SystemServerTiming StartPowerStatsService 
gm=jISystemServiceManager Starting com.android.server.powerstats.PowerStatsService 
|m=jSystemConfig Reading permissions from /system/etc/permissions/com.android.future.usb.accessory.xml 
,m=jPservicemanager getDeviceHalManifest: Reading VINTF information. 
|m=j,SystemConfig Reading permissions from /system/etc/permissions/org.apache.http.legacy.xml 
|m=jSystemConfig Reading permissions from /system/etc/permissions/com.android.networkstack.xml 
|m=jSystemConfig Reading permissions from /system/etc/permissions/privapp-permissions-platform.xml 
,m=j(+servicemanager getDeviceHalManifest: Successfully processed VINTF information 
,m=jD+servicemanager getFrameworkHalManifest: Reading VINTF information. 
,m=jZuservicemanager getFrameworkHalManifest: Successfully processed VINTF information 
,m=jovservicemanager Could not find android.hardware.power.stats.IPowerStats/default in the VINTF manifest. 
gm=j,#PowerStatsService nativeInit failed to connect to power.stats HAL 
gm=j@SystemServerTiming StartPowerStatsService took to complete: 11ms 
gm=jHNSystemServerTiming StartIStatsService 
gm=jSystemServerTiming StartIStatsService took to complete: 0ms 
gm=j|SystemServerTiming MemtrackProxyService 
|m=j SystemConfig Reading permissions from /system/etc/permissions/privapp_allowlist_com.android.providers.media.module.xml 
|m=j|SystemConfig Reading permissions from /system/etc/permissions/platform.xml 
|m=jSystemConfig Reading permissions from /vendor/etc/permissions/android.hardware.audio.low_latency.xml 
|m=j SystemConfig Reading permissions from /vendor/etc/permissions/android.hardware.sensor.relative_humidity.xml 
|m=j-SystemConfig Reading permissions from /vendor/etc/permissions/android.hardware.ethernet.xml 
|m=j/=SystemConfig Reading permissions from /vendor/etc/permissions/android.hardware.vulkan.compute.xml 
|m=jISystemConfig Reading permissions from /vendor/etc/permissions/android.software.sip.voip.xml 
|m=jVSystemConfig Reading permissions from /vendor/etc/permissions/android.hardware.camera.flash-autofocus.xml 
|m=j9cSystemConfig Reading permissions from /vendor/etc/permissions/android.hardware.opengles.aep.xml 
|m=juSystemConfig Reading permissions from /vendor/etc/permissions/android.hardware.sensor.light.xml 
|m=j,SystemConfig Reading permissions from /vendor/etc/permissions/android.hardware.camera.full.xml 
|m=jSystemConfig Reading permissions from /vendor/etc/permissions/android.hardware.sensor.proximity.xml 
|m=jDSystemConfig Reading permissions from /vendor/etc/permissions/android.hardware.vulkan.version.xml 
|m=jUSystemConfig Reading permissions from /vendor/etc/permissions/android.hardware.camera.front.xml 
|m=jXSystemConfig Reading permissions from /vendor/etc/permissions/android.hardware.location.gps.xml 
|m=j`SystemConfig Reading permissions from /vendor/etc/permissions/android.hardware.camera.raw.xml 
|m=j3SystemConfig Reading permissions from /vendor/etc/permissions/android.hardware.vulkan.level.xml 
|m=jH/SystemConfig Reading permissions from /vendor/etc/permissions/android.hardware.touchscreen.xml 
|m=jRSystemConfig Reading permissions from /vendor/etc/permissions/handheld_core_hardware.xml 
|m=j(SystemConfig Reading permissions from /vendor/etc/permissions/android.hardware.usb.accessory.xml 
|m=jo,SystemConfig Reading permissions from /vendor/etc/permissions/android.software.verified_boot.xml 
|m=j9SystemConfig Reading permissions from /vendor/etc/permissions/android.hardware.sensor.ambient_temperature.xml 
|m=jGFSystemConfig Reading permissions from /vendor/etc/permissions/android.hardware.sensor.barometer.xml 
|m=jRTSystemConfig Reading permissions from /vendor/etc/permissions/android.hardware.sensor.gyroscope.xml 
|m=jaSystemConfig Reading permissions from /vendor/etc/permissions/android.hardware.wifi.xml 
|m=jSystemConfig No directory /product/etc/permissions, skipping 
|m=jSystemConfig No directory /system_ext/etc/permissions, skipping 
|m=j	SystemConfig Reading permissions from /apex/com.android.tethering/etc/permissions/permissions.xml 
|m=jteSystemConfig Reading permissions from /apex/com.android.permission/etc/permissions/privapp_allowlist_com.android.permissioncontroller.xml 
|m=jSystemConfig Reading permissions from /apex/com.android.mediaprovider/etc/permissions/privapp_allowlist_com.android.providers.media.module.xml 
|m=jLSystemConfig Reading permissions from /apex/com.android.ipsec/etc/permissions/android.net.ipsec.ike.xml 
|m=j0SystemConfig Reading permissions from /apex/com.android.extservices/etc/permissions/privapp_allowlist_android.ext.services.xml 
|m=j SystemConfig Reading permissions from /apex/com.android.btservices/etc/permissions/privapp_allowlist_com.android.bluetooth.xml 
|m=j3SystemConfig Reading permissions from /apex/com.android.adservices/etc/permissions/privapp_allowlist_com.android.adservices.api.xml 
|m=jOSystemConfig readAllPermissions took to complete: 103ms 
|m=j$QSystemServerInitThreadPool Finished executing ReadingSystemConfig 
|m=j[QSystemServerTimingAsync InitThreadPoolExec:ReadingSystemConfig took to complete: 103ms 
}m>jTInstaller installd not found; trying again 
gm>j4LHidlServiceManagement Waited for hwservicemanager.ready for a second, waiting another... 
}m?j#Installer installd not found; trying again 
HidlServiceManagement Waited for hwservicemanager.ready for a second, waiting another... 
}m@j(s] Installer installd not found; trying again 
gm@jH1HidlServiceManagement Waited for hwservicemanager.ready for a second, waiting another... 
}mAj|Installer installd not found; trying again 
gmAjHidlServiceManagement Waited for hwservicemanager.ready for a second, waiting another... 
gmBj,HidlServiceManagement Waited for hwservicemanager.ready for a second, waiting another... 
}mBjInstaller installd not found; trying again 
gmCjHidlServiceManagement Waited for hwservicemanager.ready for a second, waiting another... 
}mCj-)Installer installd not found; trying again 
gmDj@HidlServiceManagement Waited for hwservicemanager.ready for a second, waiting another... 
}mDjqInstaller installd not found; trying again 
gmEjwHidlServiceManagement Waited for hwservicemanager.ready for a second, waiting another... 
}mEjInstaller installd not found; trying again 
gmFjPHidlServiceManagement Waited for hwservicemanager.ready for a second, waiting another... 
}mFj ZInstaller installd not found; trying again 
gmGj|\HidlServiceManagement Waited for hwservicemanager.ready for a second, waiting another... 
}mGj7Installer installd not found; trying again 
gmHj$HidlServiceManagement Waited for hwservicemanager.ready for a second, waiting another... 
}mHjoInstaller installd not found; trying again 
gmIjHidlServiceManagement Waited for hwservicemanager.ready for a second, waiting another... 
}mIjInstaller installd not found; trying again 

--- raw logdw tail ---

--- packet bytes=110 time=1780094525.336214660 ---
gm=j CompatConfig Found a config file: /system/etc/compatconfig/TeleService-platform-compat-config.xml 

--- packet bytes=81 time=1780094525.336797700 ---
gm=jCompatConfig Adding: com.android.server.compat.config.Change@4a94c01 

--- packet bytes=81 time=1780094525.336836560 ---
gm=jCompatConfig Adding: com.android.server.compat.config.Change@b03daa6 

--- packet bytes=81 time=1780094525.336849060 ---
gm=jCompatConfig Adding: com.android.server.compat.config.Change@fa6dce7 

--- packet bytes=81 time=1780094525.336860000 ---
gm=jLCompatConfig Adding: com.android.server.compat.config.Change@304a094 

--- packet bytes=81 time=1780094525.336881260 ---
gm=j,3CompatConfig Adding: com.android.server.compat.config.Change@85da73d 

--- packet bytes=81 time=1780094525.336893100 ---
gm=jpCompatConfig Adding: com.android.server.compat.config.Change@f02fb32 

--- packet bytes=118 time=1780094525.337298260 ---
gm=jdCompatConfig Found a config file: /system/system_ext/etc/compatconfig/settings-platform-compat-config.xml 

--- packet bytes=80 time=1780094525.337796260 ---
gm=j"CompatConfig Adding: com.android.server.compat.config.Change@d53200 

--- packet bytes=92 time=1780094525.339186460 ---
gm=j$7CompatConfig No directory /apex/com.android.vndk.v33/etc/compatconfig, skipping 

--- packet bytes=109 time=1780094525.339310140 ---
gm=jP:9 CompatConfig Found a config file: /apex/com.android.wifi/etc/compatconfig/wifi-compat-config.xml 

--- packet bytes=81 time=1780094525.339936840 ---
gm=jcBCompatConfig Adding: com.android.server.compat.config.Change@f61987e 

--- packet bytes=81 time=1780094525.339965480 ---
gm=j1CCompatConfig Adding: com.android.server.compat.config.Change@87881df 

--- packet bytes=96 time=1780094525.340396700 ---
gm=j$ICompatConfig No directory /apex/com.android.vndk.current/etc/compatconfig, skipping 

--- packet bytes=104 time=1780094525.340428740 ---
|m=jBJSystemConfig Reading permissions from /system/etc/sysconfig/hiddenapi-package-whitelist.xml 

--- packet bytes=87 time=1780094525.340486560 ---
gm=j4KCompatConfig No directory /apex/com.android.uwb/etc/compatconfig, skipping 

--- packet bytes=90 time=1780094525.340573580 ---
gm=jLCompatConfig No directory /apex/com.android.tzdata/etc/compatconfig, skipping 

--- packet bytes=131 time=1780094525.340713600 ---
gm=jNCompatConfig Found a config file: /apex/com.android.tethering/etc/compatconfig/connectivity-platform-compat-config.xml 

--- packet bytes=81 time=1780094525.341122740 ---
gm=jTCompatConfig Adding: com.android.server.compat.config.Change@d7abe8a 

--- packet bytes=90 time=1780094525.341572440 ---
gm=j [CompatConfig No directory /apex/com.android.sdkext/etc/compatconfig, skipping 

--- packet bytes=94 time=1780094525.341679740 ---
gm=jg]CompatConfig No directory /apex/com.android.scheduling/etc/compatconfig, skipping 

--- packet bytes=91 time=1780094525.341757640 ---
gm=j,^CompatConfig No directory /apex/com.android.runtime/etc/compatconfig, skipping 

--- packet bytes=133 time=1780094525.341793240 ---
|m=j_SystemConfig Reading permissions from /system/etc/sysconfig/preinstalled-packages-com.android.providers.media.module.xml 

--- packet bytes=90 time=1780094525.341830220 ---
gm=j_CompatConfig No directory /apex/com.android.resolv/etc/compatconfig, skipping 

--- packet bytes=94 time=1780094525.341900040 ---
gm=j`CompatConfig No directory /apex/com.android.permission/etc/compatconfig, skipping 

--- packet bytes=93 time=1780094525.341974300 ---
gm=jaCompatConfig No directory /apex/com.android.os.statsd/etc/compatconfig, skipping 

--- packet bytes=107 time=1780094525.342044640 ---
gm=jbCompatConfig No directory /apex/com.android.ondevicepersonalization/etc/compatconfig, skipping 

--- packet bytes=98 time=1780094525.342109840 ---
gm=j0cCompatConfig No directory /apex/com.android.neuralnetworks/etc/compatconfig, skipping 

--- packet bytes=137 time=1780094525.342246320 ---
gm=j(fCompatConfig Found a config file: /apex/com.android.mediaprovider/etc/compatconfig/media-provider-platform-compat-config.xml 

--- packet bytes=96 time=1780094525.342712840 ---
|m=jllSystemConfig Reading permissions from /system/etc/sysconfig/framework-sysconfig.xml 

--- packet bytes=81 time=1780094525.342747720 ---
gm=jmCompatConfig Adding: com.android.server.compat.config.Change@34e3956 

--- packet bytes=81 time=1780094525.342794320 ---
gm=jpnCompatConfig Adding: com.android.server.compat.config.Change@c4acdd7 

--- packet bytes=81 time=1780094525.342806220 ---
gm=jnCompatConfig Adding: com.android.server.compat.config.Change@1db56c4 

--- packet bytes=81 time=1780094525.342825540 ---
gm=jnCompatConfig Adding: com.android.server.compat.config.Change@e6bd9ad 

--- packet bytes=81 time=1780094525.342836940 ---
gm=j(oCompatConfig Adding: com.android.server.compat.config.Change@90c94e2 

--- packet bytes=81 time=1780094525.342862180 ---
gm=j}oCompatConfig Adding: com.android.server.compat.config.Change@8847073 

--- packet bytes=81 time=1780094525.342873740 ---
gm=joCompatConfig Adding: com.android.server.compat.config.Change@6991b30 

--- packet bytes=97 time=1780094525.343260100 ---
gm=jwuCompatConfig No directory /apex/com.android.media.swcodec/etc/compatconfig, skipping 

--- packet bytes=89 time=1780094525.343350540 ---
gm=j$vCompatConfig No directory /apex/com.android.media/etc/compatconfig, skipping 

--- packet bytes=89 time=1780094525.343424680 ---
gm=jxCompatConfig No directory /apex/com.android.ipsec/etc/compatconfig, skipping 

--- packet bytes=88 time=1780094525.343494680 ---
gm=jyCompatConfig No directory /apex/com.android.i18n/etc/compatconfig, skipping 

--- packet bytes=95 time=1780094525.343562620 ---
gm=j&zCompatConfig No directory /apex/com.android.extservices/etc/compatconfig, skipping 

--- packet bytes=93 time=1780094525.343640260 ---
gm=jW{CompatConfig No directory /apex/com.android.conscrypt/etc/compatconfig, skipping 

--- packet bytes=120 time=1780094525.343814560 ---
gm=jLh} CompatConfig Found a config file: /apex/com.android.btservices/etc/compatconfig/bluetooth-compat-config.xml 

--- packet bytes=117 time=1780094525.343967000 ---
|m=jHFSystemConfig Reading permissions from /system/etc/sysconfig/preinstalled-packages-platform-full-base.xml 

--- packet bytes=81 time=1780094525.344213620 ---
gm=jCompatConfig Adding: com.android.server.compat.config.Change@7aba0cf 

--- packet bytes=120 time=1780094525.344591280 ---
gm=j(CompatConfig Found a config file: /apex/com.android.art/etc/compatconfig/libcore-platform-compat-config.xml 

--- packet bytes=96 time=1780094525.345004340 ---
|m=j@SystemConfig Reading permissions from /system/etc/permissions/android.test.mock.xml 

--- packet bytes=81 time=1780094525.345098260 ---
gm=jCompatConfig Adding: com.android.server.compat.config.Change@287de3a 

--- packet bytes=81 time=1780094525.345137820 ---
gm=j3CompatConfig Adding: com.android.server.compat.config.Change@46b7aeb 

--- packet bytes=81 time=1780094525.345149580 ---
gm=jhxCompatConfig Adding: com.android.server.compat.config.Change@df92048 

--- packet bytes=81 time=1780094525.345174780 ---
gm=j(CompatConfig Adding: com.android.server.compat.config.Change@a98dee1 

--- packet bytes=81 time=1780094525.345186460 ---
gm=jCompatConfig Adding: com.android.server.compat.config.Change@a05a406 

--- packet bytes=81 time=1780094525.345205380 ---
gm=jL9CompatConfig Adding: com.android.server.compat.config.Change@f04dac7 

--- packet bytes=93 time=1780094525.345737920 ---
gm=j8JCompatConfig No directory /apex/com.android.appsearch/etc/compatconfig, skipping 

--- packet bytes=94 time=1780094525.345822880 ---
gm=jCompatConfig No directory /apex/com.android.adservices/etc/compatconfig, skipping 

--- packet bytes=88 time=1780094525.346013540 ---
gm=jCompatConfig No directory /apex/com.android.adbd/etc/compatconfig, skipping 

--- packet bytes=105 time=1780094525.346296940 ---
|m=j4SystemConfig Reading permissions from /system/etc/permissions/com.android.intentresolver.xml 

--- packet bytes=69 time=1780094525.347332300 ---
gm=jP[SystemServerTiming PlatformCompat took to complete: 26ms 

--- packet bytes=57 time=1780094525.347385460 ---
gm=j\SystemServerTiming StartFileIntegrityService 

--- packet bytes=91 time=1780094525.347527720 ---
gm=jSystemServiceManager Starting com.android.server.security.FileIntegrityService 

--- packet bytes=89 time=1780094525.348016260 ---
|m=j
SystemConfig Reading permissions from /system/etc/permissions/javax.obex.xml 

--- packet bytes=110 time=1780094525.349021800 ---
|m=jxSystemConfig Reading permissions from /system/etc/permissions/android.software.live_wallpaper.xml 

--- packet bytes=106 time=1780094525.350043520 ---
|m=jhtSystemConfig Reading permissions from /system/etc/permissions/com.android.mediadrm.signer.xml 

--- packet bytes=110 time=1780094525.350990420 ---
|m=j/SystemConfig Reading permissions from /system/etc/permissions/com.android.media.remotedisplay.xml 

--- packet bytes=108 time=1780094525.352028000 ---
|m=jSystemConfig Reading permissions from /system/etc/permissions/com.android.location.provider.xml 

--- packet bytes=102 time=1780094525.353296140 ---
|m=jhSystemConfig Reading permissions from /system/etc/permissions/com.android.documentsui.xml 

--- packet bytes=81 time=1780094525.355225380 ---
|m=j;+SystemConfig Reading permissions from /system/etc/permissions/pc.xml 

--- packet bytes=123 time=1780094525.358891200 ---
|m=jDbSystemConfig Reading permissions from /system/etc/permissions/privapp_allowlist_com.android.adservices.api.xml 

--- packet bytes=103 time=1780094525.360875000 ---
|m=j1SystemConfig Reading permissions from /system/etc/permissions/android.software.webview.xml 

--- packet bytes=98 time=1780094525.362062320 ---
|m=jSystemConfig Reading permissions from /system/etc/permissions/android.test.runner.xml 

--- packet bytes=80 time=1780094525.363168120 ---
gm=jDSystemServerTiming StartFileIntegrityService took to complete: 16ms 

--- packet bytes=46 time=1780094525.363301460 ---
gm=jSystemServerTiming StartInstaller 

--- packet bytes=74 time=1780094525.363316300 ---
gm=jSystemServiceManager Starting com.android.server.pm.Installer 

--- packet bytes=122 time=1780094525.363388400 ---
|m=jDSystemConfig Reading permissions from /system/etc/permissions/android.software.freeform_window_management.xml 

--- packet bytes=55 time=1780094525.363644080 ---
gm=jrInstaller installd not found; trying again 

--- packet bytes=96 time=1780094525.364584820 ---
|m=jSystemConfig Reading permissions from /system/etc/permissions/android.test.base.xml 

--- packet bytes=68 time=1780094525.364694540 ---
gm=j|SystemServerTiming StartInstaller took to complete: 2ms 

--- packet bytes=62 time=1780094525.364734080 ---
gm=jt6SystemServerTiming DeviceIdentifiersPolicyService 

--- packet bytes=95 time=1780094525.364782200 ---
gm=jSystemServiceManager Starting com.android.server.os.DeviceIdentifiersPolicyService 

--- packet bytes=84 time=1780094525.365272500 ---
gm=jx>SystemServerTiming DeviceIdentifiersPolicyService took to complete: 0ms 

--- packet bytes=55 time=1780094525.365311880 ---
gm=jSystemServerTiming UriGrantsManagerService 

--- packet bytes=99 time=1780094525.365368420 ---
gm=jSystemServiceManager Starting com.android.server.uri.UriGrantsManagerService$Lifecycle 

--- packet bytes=77 time=1780094525.367102880 ---
gm=jSystemServerTiming UriGrantsManagerService took to complete: 2ms 

--- packet bytes=54 time=1780094525.367189620 ---
gm=j@SystemServerTiming StartPowerStatsService 

--- packet bytes=90 time=1780094525.367201640 ---
gm=jISystemServiceManager Starting com.android.server.powerstats.PowerStatsService 

--- packet bytes=111 time=1780094525.367268040 ---
|m=jSystemConfig Reading permissions from /system/etc/permissions/com.android.future.usb.accessory.xml 

--- packet bytes=76 time=1780094525.375237700 ---
,m=jPservicemanager getDeviceHalManifest: Reading VINTF information. 

--- packet bytes=101 time=1780094525.375336440 ---
|m=j,SystemConfig Reading permissions from /system/etc/permissions/org.apache.http.legacy.xml 

--- packet bytes=103 time=1780094525.375350100 ---
|m=jSystemConfig Reading permissions from /system/etc/permissions/com.android.networkstack.xml 

--- packet bytes=107 time=1780094525.375363000 ---
|m=jSystemConfig Reading permissions from /system/etc/permissions/privapp-permissions-platform.xml 

--- packet bytes=20 time=1780094525.375433700 ---
,m=j(+

--- packet bytes=90 time=1780094525.375455040 ---
,m=j(+servicemanager getDeviceHalManifest: Successfully processed VINTF information 

--- packet bytes=79 time=1780094525.375467400 ---
,m=jD+servicemanager getFrameworkHalManifest: Reading VINTF information. 

--- packet bytes=93 time=1780094525.376923480 ---
,m=jZuservicemanager getFrameworkHalManifest: Successfully processed VINTF information 

--- packet bytes=114 time=1780094525.377001900 ---
,m=jovservicemanager Could not find android.hardware.power.stats.IPowerStats/default in the VINTF manifest. 

--- packet bytes=78 time=1780094525.377611200 ---
gm=j,#PowerStatsService nativeInit failed to connect to power.stats HAL 

--- packet bytes=77 time=1780094525.378128660 ---
gm=j@SystemServerTiming StartPowerStatsService took to complete: 11ms 

--- packet bytes=50 time=1780094525.378189920 ---
gm=jHNSystemServerTiming StartIStatsService 

--- packet bytes=72 time=1780094525.378228780 ---
gm=jSystemServerTiming StartIStatsService took to complete: 0ms 

--- packet bytes=52 time=1780094525.378283520 ---
gm=j|SystemServerTiming MemtrackProxyService 

--- packet bytes=131 time=1780094525.379204060 ---
|m=j SystemConfig Reading permissions from /system/etc/permissions/privapp_allowlist_com.android.providers.media.module.xml 

--- packet bytes=87 time=1780094525.380521320 ---
|m=j|SystemConfig Reading permissions from /system/etc/permissions/platform.xml 

--- packet bytes=113 time=1780094525.387029440 ---
|m=jSystemConfig Reading permissions from /vendor/etc/permissions/android.hardware.audio.low_latency.xml 

--- packet bytes=120 time=1780094525.388014700 ---
|m=j SystemConfig Reading permissions from /vendor/etc/permissions/android.hardware.sensor.relative_humidity.xml 

--- packet bytes=104 time=1780094525.388979060 ---
|m=j-SystemConfig Reading permissions from /vendor/etc/permissions/android.hardware.ethernet.xml 

--- packet bytes=110 time=1780094525.390046000 ---
|m=j/=SystemConfig Reading permissions from /vendor/etc/permissions/android.hardware.vulkan.compute.xml 

--- packet bytes=104 time=1780094525.390741200 ---
|m=jISystemConfig Reading permissions from /vendor/etc/permissions/android.software.sip.voip.xml 

--- packet bytes=118 time=1780094525.391589860 ---
|m=jVSystemConfig Reading permissions from /vendor/etc/permissions/android.hardware.camera.flash-autofocus.xml 

--- packet bytes=108 time=1780094525.392910960 ---
|m=j9cSystemConfig Reading permissions from /vendor/etc/permissions/android.hardware.opengles.aep.xml 

--- packet bytes=108 time=1780094525.393711200 ---
|m=juSystemConfig Reading permissions from /vendor/etc/permissions/android.hardware.sensor.light.xml 

--- packet bytes=107 time=1780094525.395194340 ---
|m=j,SystemConfig Reading permissions from /vendor/etc/permissions/android.hardware.camera.full.xml 

--- packet bytes=112 time=1780094525.402514240 ---
|m=jSystemConfig Reading permissions from /vendor/etc/permissions/android.hardware.sensor.proximity.xml 

--- packet bytes=110 time=1780094525.402617180 ---
|m=jDSystemConfig Reading permissions from /vendor/etc/permissions/android.hardware.vulkan.version.xml 

--- packet bytes=108 time=1780094525.402630680 ---
|m=jUSystemConfig Reading permissions from /vendor/etc/permissions/android.hardware.camera.front.xml 

--- packet bytes=108 time=1780094525.402642620 ---
|m=jXSystemConfig Reading permissions from /vendor/etc/permissions/android.hardware.location.gps.xml 

--- packet bytes=106 time=1780094525.402655020 ---
|m=j`SystemConfig Reading permissions from /vendor/etc/permissions/android.hardware.camera.raw.xml 

--- packet bytes=108 time=1780094525.402666860 ---
|m=j3SystemConfig Reading permissions from /vendor/etc/permissions/android.hardware.vulkan.level.xml 

--- packet bytes=107 time=1780094525.402677500 ---
|m=jH/SystemConfig Reading permissions from /vendor/etc/permissions/android.hardware.touchscreen.xml 

--- packet bytes=101 time=1780094525.403442180 ---
|m=jRSystemConfig Reading permissions from /vendor/etc/permissions/handheld_core_hardware.xml 

--- packet bytes=109 time=1780094525.404638160 ---
|m=j(SystemConfig Reading permissions from /vendor/etc/permissions/android.hardware.usb.accessory.xml 

--- packet bytes=109 time=1780094525.405622220 ---
|m=jo,SystemConfig Reading permissions from /vendor/etc/permissions/android.software.verified_boot.xml 

--- packet bytes=122 time=1780094525.406469640 ---
|m=j9SystemConfig Reading permissions from /vendor/etc/permissions/android.hardware.sensor.ambient_temperature.xml 

--- packet bytes=112 time=1780094525.407305840 ---
|m=jGFSystemConfig Reading permissions from /vendor/etc/permissions/android.hardware.sensor.barometer.xml 

--- packet bytes=112 time=1780094525.408228700 ---
|m=jRTSystemConfig Reading permissions from /vendor/etc/permissions/android.hardware.sensor.gyroscope.xml 

--- packet bytes=100 time=1780094525.409117140 ---
|m=jaSystemConfig Reading permissions from /vendor/etc/permissions/android.hardware.wifi.xml 

--- packet bytes=71 time=1780094525.412023120 ---
|m=jSystemConfig No directory /product/etc/sysconfig, skipping 

--- packet bytes=73 time=1780094525.412161640 ---
|m=jSystemConfig No directory /product/etc/permissions, skipping 

--- packet bytes=74 time=1780094525.412488960 ---
|m=jVSystemConfig No directory /system_ext/etc/sysconfig, skipping 

--- packet bytes=76 time=1780094525.412513380 ---
|m=jSystemConfig No directory /system_ext/etc/permissions, skipping 

--- packet bytes=110 time=1780094525.414048480 ---
|m=j	SystemConfig Reading permissions from /apex/com.android.tethering/etc/permissions/permissions.xml 

--- packet bytes=150 time=1780094525.416424740 ---
|m=jteSystemConfig Reading permissions from /apex/com.android.permission/etc/permissions/privapp_allowlist_com.android.permissioncontroller.xml 

--- packet bytes=155 time=1780094525.418068600 ---
|m=jSystemConfig Reading permissions from /apex/com.android.mediaprovider/etc/permissions/privapp_allowlist_com.android.providers.media.module.xml 

--- packet bytes=116 time=1780094525.419419620 ---
|m=jLSystemConfig Reading permissions from /apex/com.android.ipsec/etc/permissions/android.net.ipsec.ike.xml 

--- packet bytes=139 time=1780094525.420371780 ---
|m=j0SystemConfig Reading permissions from /apex/com.android.extservices/etc/permissions/privapp_allowlist_android.ext.services.xml 

--- packet bytes=139 time=1780094525.421566480 ---
|m=j SystemConfig Reading permissions from /apex/com.android.btservices/etc/permissions/privapp_allowlist_com.android.bluetooth.xml 

--- packet bytes=144 time=1780094525.422871080 ---
|m=j3SystemConfig Reading permissions from /apex/com.android.adservices/etc/permissions/privapp_allowlist_com.android.adservices.api.xml 

--- packet bytes=79 time=1780094525.424598400 ---
|m=j|IN SystemConfig Public libraries file folder missing: /system_ext/etc 

--- packet bytes=76 time=1780094525.424634240 ---
|m=j`NSystemConfig Public libraries file folder missing: /product/etc 

--- packet bytes=68 time=1780094525.424658060 ---
|m=jOSystemConfig readAllPermissions took to complete: 103ms 

--- packet bytes=78 time=1780094525.424753440 ---
|m=j$QSystemServerInitThreadPool Finished executing ReadingSystemConfig 

--- packet bytes=99 time=1780094525.424774340 ---
|m=j[QSystemServerTimingAsync InitThreadPoolExec:ReadingSystemConfig took to complete: 103ms 

--- packet bytes=55 time=1780094526.366030320 ---
}m>jTInstaller installd not found; trying again 

--- packet bytes=101 time=1780094526.381298640 ---
gm>j4LHidlServiceManagement Waited for hwservicemanager.ready for a second, waiting another... 

--- packet bytes=55 time=1780094527.369949700 ---
}m?j#Installer installd not found; trying again 

--- packet bytes=101 time=1780094527.381532560 ---
gm?j@
HidlServiceManagement Waited for hwservicemanager.ready for a second, waiting another... 

--- packet bytes=55 time=1780094528.375303580 ---
}m@j(s] Installer installd not found; trying again 

--- packet bytes=101 time=1780094528.381725360 ---
gm@jH1HidlServiceManagement Waited for hwservicemanager.ready for a second, waiting another... 

--- packet bytes=55 time=1780094529.380364320 ---
}mAj|Installer installd not found; trying again 

--- packet bytes=101 time=1780094529.381893700 ---
gmAjHidlServiceManagement Waited for hwservicemanager.ready for a second, waiting another... 

--- packet bytes=101 time=1780094530.382145520 ---
gmBj,HidlServiceManagement Waited for hwservicemanager.ready for a second, waiting another... 

--- packet bytes=55 time=1780094530.383648560 ---
}mBjInstaller installd not found; trying again 

--- packet bytes=101 time=1780094531.382393440 ---
gmCjHidlServiceManagement Waited for hwservicemanager.ready for a second, waiting another... 

--- packet bytes=55 time=1780094531.388655260 ---
}mCj-)Installer installd not found; trying again 

--- packet bytes=101 time=1780094532.382646440 ---
gmDj@HidlServiceManagement Waited for hwservicemanager.ready for a second, waiting another... 

--- packet bytes=55 time=1780094532.394282100 ---
}mDjqInstaller installd not found; trying again 

--- packet bytes=101 time=1780094533.382883680 ---
gmEjwHidlServiceManagement Waited for hwservicemanager.ready for a second, waiting another... 

--- packet bytes=55 time=1780094533.398728600 ---
}mEjInstaller installd not found; trying again 

--- packet bytes=101 time=1780094534.383161240 ---
gmFjPHidlServiceManagement Waited for hwservicemanager.ready for a second, waiting another... 

--- packet bytes=55 time=1780094534.403655920 ---
}mFj ZInstaller installd not found; trying again 

--- packet bytes=101 time=1780094535.383400580 ---
gmGj|\HidlServiceManagement Waited for hwservicemanager.ready for a second, waiting another... 

--- packet bytes=55 time=1780094535.406374020 ---
}mGj7Installer installd not found; trying again 

--- packet bytes=101 time=1780094536.383638560 ---
gmHj$HidlServiceManagement Waited for hwservicemanager.ready for a second, waiting another... 

--- packet bytes=55 time=1780094536.410023720 ---
}mHjoInstaller installd not found; trying again 

--- packet bytes=101 time=1780094537.383889700 ---
gmIjHidlServiceManagement Waited for hwservicemanager.ready for a second, waiting another... 

--- packet bytes=55 time=1780094537.413895000 ---
}mIjInstaller installd not found; trying again 

--- dmesg focused ---
[13165.671113] binder: binder: WEBOS accept ioctl 0x40046210 no-op
[13165.671144] binder: binder_alloc_shim: binder_mmap enter filp=ffffffc09b13ba00 vma=ffffffc08a0d7bb0 start=0x7ea302b000 end=0x7ea3129000 flags=0x200071
[13165.671301] binder: binder_alloc_shim: update_page_range enter allocate=1 start=ffffff8009f80000 end=ffffff8009f81000 vma=ffffffc08a0d7bb0
[13165.671309] binder: binder_alloc_shim: before __get_free_page GFP_KERNEL=0x24000c0
[13165.671315] binder: binder_alloc_shim: after __get_free_page addr=0xffffffc089440000
[13165.671319] binder: binder_alloc_shim: virt_to_page page=ffffffbdc2251000
[13165.671325] binder: binder_alloc_shim: before vm_insert_page user_page_addr=0x7ea302b000 page=ffffffbdc2251000
[13165.671334] binder: binder_alloc_shim: after vm_insert_page ret=0
[13165.880869] binder: binder_alloc_shim: update_page_range enter allocate=1 start=ffffff8004801000 end=ffffff8004801000 vma=          (null)
[13165.880994] binder: binder_alloc_shim: update_page_range enter allocate=1 start=ffffff8009f81000 end=ffffff8009f81000 vma=          (null)
[13165.881019] binder: binder_alloc_shim: update_page_range enter allocate=0 start=ffffff8004801000 end=ffffff8004800000 vma=          (null)
[13165.881036] binder: binder_alloc_shim: update_page_range enter allocate=0 start=ffffff8009f81000 end=ffffff8009f80000 vma=          (null)
[13165.883915] binder: binder_alloc_shim: update_page_range enter allocate=1 start=ffffff8004801000 end=ffffff8004801000 vma=          (null)
[13165.884066] binder: binder_alloc_shim: update_page_range enter allocate=1 start=ffffff8009f81000 end=ffffff8009f81000 vma=          (null)
[13165.884117] binder: binder_alloc_shim: update_page_range enter allocate=0 start=ffffff8009f81000 end=ffffff8009f80000 vma=          (null)
[13165.884129] binder: binder_alloc_shim: update_page_range enter allocate=0 start=ffffff8004801000 end=ffffff8004800000 vma=          (null)
[13165.886216] binder: binder_alloc_shim: update_page_range enter allocate=1 start=ffffff8004801000 end=ffffff8004801000 vma=          (null)
[13165.886326] binder: binder_alloc_shim: update_page_range enter allocate=1 start=ffffff8009f81000 end=ffffff8009f81000 vma=          (null)
[13165.886365] binder: binder_alloc_shim: update_page_range enter allocate=0 start=ffffff8009f81000 end=ffffff8009f80000 vma=          (null)
[13165.886375] binder: binder_alloc_shim: update_page_range enter allocate=0 start=ffffff8004801000 end=ffffff8004800000 vma=          (null)
[13165.887109] binder: binder_alloc_shim: update_page_range enter allocate=1 start=ffffff8004801000 end=ffffff8004801000 vma=          (null)
[13165.887190] binder: binder_alloc_shim: update_page_range enter allocate=1 start=ffffff8009f81000 end=ffffff8009f81000 vma=          (null)
[13165.887237] binder: binder_alloc_shim: update_page_range enter allocate=0 start=ffffff8004801000 end=ffffff8004800000 vma=          (null)
[13165.887246] binder: binder_alloc_shim: update_page_range enter allocate=0 start=ffffff8009f81000 end=ffffff8009f80000 vma=          (null)
[13165.888936] binder: binder_alloc_shim: update_page_range enter allocate=1 start=ffffff8004801000 end=ffffff8004801000 vma=          (null)
[13165.889084] binder: binder_alloc_shim: update_page_range enter allocate=1 start=ffffff8009f81000 end=ffffff8009f81000 vma=          (null)
[13165.889123] binder: binder_alloc_shim: update_page_range enter allocate=0 start=ffffff8009f81000 end=ffffff8009f80000 vma=          (null)
[13165.889141] binder: binder_alloc_shim: update_page_range enter allocate=0 start=ffffff8004801000 end=ffffff8004800000 vma=          (null)
[13165.889281] binder: binder_alloc_shim: update_page_range enter allocate=1 start=ffffff8004801000 end=ffffff8004801000 vma=          (null)
[13165.889336] binder: binder_alloc_shim: update_page_range enter allocate=1 start=ffffff8009f81000 end=ffffff8009f81000 vma=          (null)
[13165.889357] binder: binder_alloc_shim: update_page_range enter allocate=0 start=ffffff8009f81000 end=ffffff8009f80000 vma=          (null)
[13165.889365] binder: binder_alloc_shim: update_page_range enter allocate=0 start=ffffff8004801000 end=ffffff8004800000 vma=          (null)
[13165.890094] binder: binder_alloc_shim: update_page_range enter allocate=1 start=ffffff8004801000 end=ffffff8004801000 vma=          (null)
[13165.890211] binder: binder_alloc_shim: update_page_range enter allocate=1 start=ffffff8009f81000 end=ffffff8009f81000 vma=          (null)
[13165.890234] binder: binder_alloc_shim: update_page_range enter allocate=0 start=ffffff8009f81000 end=ffffff8009f80000 vma=          (null)
[13165.890253] binder: binder_alloc_shim: update_page_range enter allocate=0 start=ffffff8004801000 end=ffffff8004800000 vma=          (null)
[13166.228982] binder: binder_alloc_shim: update_page_range enter allocate=1 start=ffffff8004801000 end=ffffff8004801000 vma=          (null)
[13166.229213] binder: binder_alloc_shim: update_page_range enter allocate=1 start=ffffff8009f81000 end=ffffff8009f81000 vma=          (null)
[13166.229249] binder: binder_alloc_shim: update_page_range enter allocate=0 start=ffffff8009f81000 end=ffffff8009f80000 vma=          (null)
[13166.229277] binder: binder_alloc_shim: update_page_range enter allocate=0 start=ffffff8004801000 end=ffffff8004800000 vma=          (null)
[13166.229334] binder: binder_alloc_shim: update_page_range enter allocate=1 start=ffffff8004801000 end=ffffff8004801000 vma=          (null)
[13166.229409] binder: binder_alloc_shim: update_page_range enter allocate=1 start=ffffff8009f81000 end=ffffff8009f81000 vma=          (null)
[13166.229430] binder: binder_alloc_shim: update_page_range enter allocate=0 start=ffffff8009f81000 end=ffffff8009f80000 vma=          (null)
[13166.229439] binder: binder_alloc_shim: update_page_range enter allocate=0 start=ffffff8004801000 end=ffffff8004800000 vma=          (null)
[13166.244785] binder: binder_alloc_shim: update_page_range enter allocate=1 start=ffffff8004801000 end=ffffff8004801000 vma=          (null)
[13166.245129] binder: binder_alloc_shim: update_page_range enter allocate=1 start=ffffff8009f81000 end=ffffff8009f81000 vma=          (null)
[13166.245169] binder: binder_alloc_shim: update_page_range enter allocate=0 start=ffffff8009f81000 end=ffffff8009f80000 vma=          (null)
[13166.245195] binder: binder_alloc_shim: update_page_range enter allocate=0 start=ffffff8004801000 end=ffffff8004800000 vma=          (null)
[13166.245628] binder: binder_alloc_shim: update_page_range enter allocate=1 start=ffffff8004801000 end=ffffff8004801000 vma=          (null)
[13166.245736] binder: binder_alloc_shim: update_page_range enter allocate=1 start=ffffff8009f81000 end=ffffff8009f81000 vma=          (null)
[13166.245771] binder: binder_alloc_shim: update_page_range enter allocate=0 start=ffffff8009f81000 end=ffffff8009f80000 vma=          (null)
[13166.245792] binder: binder_alloc_shim: update_page_range enter allocate=0 start=ffffff8004801000 end=ffffff8004800000 vma=          (null)
[13166.247172] binder: binder_alloc_shim: update_page_range enter allocate=1 start=ffffff8004801000 end=ffffff8004801000 vma=          (null)
[13166.247374] binder: binder_alloc_shim: update_page_range enter allocate=1 start=ffffff8009f81000 end=ffffff8009f81000 vma=          (null)
[13166.247410] binder: binder_alloc_shim: update_page_range enter allocate=0 start=ffffff8009f81000 end=ffffff8009f80000 vma=          (null)
[13166.247430] binder: binder_alloc_shim: update_page_range enter allocate=0 start=ffffff8004801000 end=ffffff8004800000 vma=          (null)
[13166.248101] binder: binder_alloc_shim: update_page_range enter allocate=1 start=ffffff8004801000 end=ffffff8004801000 vma=          (null)
[13166.248292] binder: binder_alloc_shim: update_page_range enter allocate=1 start=ffffff8009f81000 end=ffffff8009f81000 vma=          (null)
[13166.248326] binder: binder_alloc_shim: update_page_range enter allocate=0 start=ffffff8009f81000 end=ffffff8009f80000 vma=          (null)
[13166.248351] binder: binder_alloc_shim: update_page_range enter allocate=0 start=ffffff8004801000 end=ffffff8004800000 vma=          (null)
[13166.250022] binder: binder_alloc_shim: update_page_range enter allocate=1 start=ffffff8004801000 end=ffffff8004801000 vma=          (null)
[13166.259247] binder: binder_alloc_shim: update_page_range enter allocate=1 start=ffffff8009f81000 end=ffffff8009f81000 vma=          (null)
[13166.259301] binder: binder_alloc_shim: update_page_range enter allocate=0 start=ffffff8004801000 end=ffffff8004800000 vma=          (null)
[13166.259350] binder: binder_alloc_shim: update_page_range enter allocate=0 start=ffffff8009f81000 end=ffffff8009f80000 vma=          (null)
[13166.259947] binder: binder_alloc_shim: update_page_range enter allocate=1 start=ffffff8004801000 end=ffffff8004801000 vma=          (null)
[13166.260191] binder: binder_alloc_shim: update_page_range enter allocate=1 start=ffffff8009f81000 end=ffffff8009f81000 vma=          (null)
[13166.260209] binder: binder_alloc_shim: update_page_range enter allocate=0 start=ffffff8004801000 end=ffffff8004800000 vma=          (null)
[13166.260229] binder: binder_alloc_shim: update_page_range enter allocate=0 start=ffffff8009f81000 end=ffffff8009f80000 vma=          (null)
[13167.247870] binder: binder_alloc_shim: update_page_range enter allocate=1 start=ffffff8004801000 end=ffffff8004801000 vma=          (null)
[13167.248011] binder: binder_alloc_shim: update_page_range enter allocate=1 start=ffffff8009f81000 end=ffffff8009f81000 vma=          (null)
[13167.248040] binder: binder_alloc_shim: update_page_range enter allocate=0 start=ffffff8004801000 end=ffffff8004800000 vma=          (null)
[13167.248052] binder: binder_alloc_shim: update_page_range enter allocate=0 start=ffffff8009f81000 end=ffffff8009f80000 vma=          (null)
[13168.251853] binder: binder_alloc_shim: update_page_range enter allocate=1 start=ffffff8004801000 end=ffffff8004801000 vma=          (null)
[13168.251977] binder: binder_alloc_shim: update_page_range enter allocate=1 start=ffffff8009f81000 end=ffffff8009f81000 vma=          (null)
[13168.252004] binder: binder_alloc_shim: update_page_range enter allocate=0 start=ffffff8004801000 end=ffffff8004800000 vma=          (null)
[13168.252016] binder: binder_alloc_shim: update_page_range enter allocate=0 start=ffffff8009f81000 end=ffffff8009f80000 vma=          (null)
[13169.257062] binder: binder_alloc_shim: update_page_range enter allocate=1 start=ffffff8004801000 end=ffffff8004801000 vma=          (null)
[13169.257209] binder: binder_alloc_shim: update_page_range enter allocate=1 start=ffffff8009f81000 end=ffffff8009f81000 vma=          (null)
[13169.257240] binder: binder_alloc_shim: update_page_range enter allocate=0 start=ffffff8004801000 end=ffffff8004800000 vma=          (null)
[13169.257288] binder: binder_alloc_shim: update_page_range enter allocate=0 start=ffffff8009f81000 end=ffffff8009f80000 vma=          (null)
[13170.262213] binder: binder_alloc_shim: update_page_range enter allocate=1 start=ffffff8004801000 end=ffffff8004801000 vma=          (null)
[13170.262357] binder: binder_alloc_shim: update_page_range enter allocate=1 start=ffffff8009f81000 end=ffffff8009f81000 vma=          (null)
[13170.262386] binder: binder_alloc_shim: update_page_range enter allocate=0 start=ffffff8004801000 end=ffffff8004800000 vma=          (null)
[13170.262431] binder: binder_alloc_shim: update_page_range enter allocate=0 start=ffffff8009f81000 end=ffffff8009f80000 vma=          (null)
[13171.265546] binder: binder_alloc_shim: update_page_range enter allocate=1 start=ffffff8004801000 end=ffffff8004801000 vma=          (null)
[13171.265687] binder: binder_alloc_shim: update_page_range enter allocate=1 start=ffffff8009f81000 end=ffffff8009f81000 vma=          (null)
[13171.265712] binder: binder_alloc_shim: update_page_range enter allocate=0 start=ffffff8004801000 end=ffffff8004800000 vma=          (null)
[13171.265754] binder: binder_alloc_shim: update_page_range enter allocate=0 start=ffffff8009f81000 end=ffffff8009f80000 vma=          (null)
[13172.270458] binder: binder_alloc_shim: update_page_range enter allocate=1 start=ffffff8004801000 end=ffffff8004801000 vma=          (null)
[13172.270609] binder: binder_alloc_shim: update_page_range enter allocate=1 start=ffffff8009f81000 end=ffffff8009f81000 vma=          (null)
[13172.270639] binder: binder_alloc_shim: update_page_range enter allocate=0 start=ffffff8004801000 end=ffffff8004800000 vma=          (null)
[13172.270686] binder: binder_alloc_shim: update_page_range enter allocate=0 start=ffffff8009f81000 end=ffffff8009f80000 vma=          (null)
[13173.275105] binder: binder_alloc_shim: update_page_range enter allocate=1 start=ffffff8004801000 end=ffffff8004801000 vma=          (null)
[13173.275287] binder: binder_alloc_shim: update_page_range enter allocate=1 start=ffffff8009f81000 end=ffffff8009f81000 vma=          (null)
[13173.275323] binder: binder_alloc_shim: update_page_range enter allocate=0 start=ffffff8004801000 end=ffffff8004800000 vma=          (null)
[13173.275406] binder: binder_alloc_shim: update_page_range enter allocate=0 start=ffffff8009f81000 end=ffffff8009f80000 vma=          (null)
[13174.280462] binder: binder_alloc_shim: update_page_range enter allocate=1 start=ffffff8004801000 end=ffffff8004801000 vma=          (null)
[13174.280644] binder: binder_alloc_shim: update_page_range enter allocate=1 start=ffffff8009f81000 end=ffffff8009f81000 vma=          (null)
[13174.280681] binder: binder_alloc_shim: update_page_range enter allocate=0 start=ffffff8004801000 end=ffffff8004800000 vma=          (null)
[13174.280740] binder: binder_alloc_shim: update_page_range enter allocate=0 start=ffffff8009f81000 end=ffffff8009f80000 vma=          (null)
[13175.285487] binder: binder_alloc_shim: update_page_range enter allocate=1 start=ffffff8004801000 end=ffffff8004801000 vma=          (null)
[13175.285634] binder: binder_alloc_shim: update_page_range enter allocate=1 start=ffffff8009f81000 end=ffffff8009f81000 vma=          (null)
[13175.285661] binder: binder_alloc_shim: update_page_range enter allocate=0 start=ffffff8004801000 end=ffffff8004800000 vma=          (null)
[13175.285710] binder: binder_alloc_shim: update_page_range enter allocate=0 start=ffffff8009f81000 end=ffffff8009f80000 vma=          (null)
[13176.288219] binder: binder_alloc_shim: update_page_range enter allocate=1 start=ffffff8004801000 end=ffffff8004801000 vma=          (null)
[13176.288365] binder: binder_alloc_shim: update_page_range enter allocate=1 start=ffffff8009f81000 end=ffffff8009f81000 vma=          (null)
[13176.288395] binder: binder_alloc_shim: update_page_range enter allocate=0 start=ffffff8004801000 end=ffffff8004800000 vma=          (null)
[13176.288442] binder: binder_alloc_shim: update_page_range enter allocate=0 start=ffffff8009f81000 end=ffffff8009f80000 vma=          (null)
[13177.291856] binder: binder_alloc_shim: update_page_range enter allocate=1 start=ffffff8004801000 end=ffffff8004801000 vma=          (null)
[13177.291997] binder: binder_alloc_shim: update_page_range enter allocate=1 start=ffffff8009f81000 end=ffffff8009f81000 vma=          (null)
[13177.292027] binder: binder_alloc_shim: update_page_range enter allocate=0 start=ffffff8004801000 end=ffffff8004800000 vma=          (null)
[13177.292071] binder: binder_alloc_shim: update_page_range enter allocate=0 start=ffffff8009f81000 end=ffffff8009f80000 vma=          (null)
[13178.295752] binder: binder_alloc_shim: update_page_range enter allocate=1 start=ffffff8004801000 end=ffffff8004801000 vma=          (null)
[13178.295884] binder: binder_alloc_shim: update_page_range enter allocate=1 start=ffffff8009f81000 end=ffffff8009f81000 vma=          (null)
[13178.295916] binder: binder_alloc_shim: update_page_range enter allocate=0 start=ffffff8004801000 end=ffffff8004800000 vma=          (null)
[13178.295961] binder: binder_alloc_shim: update_page_range enter allocate=0 start=ffffff8009f81000 end=ffffff8009f80000 vma=          (null)
[13179.298443] binder: binder_alloc_shim: update_page_range enter allocate=1 start=ffffff8004801000 end=ffffff8004801000 vma=          (null)
[13179.298577] binder: binder_alloc_shim: update_page_range enter allocate=1 start=ffffff8009f81000 end=ffffff8009f81000 vma=          (null)
[13179.298602] binder: binder_alloc_shim: update_page_range enter allocate=0 start=ffffff8004801000 end=ffffff8004800000 vma=          (null)
[13179.298644] binder: binder_alloc_shim: update_page_range enter allocate=0 start=ffffff8009f81000 end=ffffff8009f80000 vma=          (null)
[13180.299416] binder: binder_alloc_shim: update_page_range enter allocate=1 start=ffffff8004801000 end=ffffff8004801000 vma=          (null)
[13180.299550] binder: binder_alloc_shim: update_page_range enter allocate=1 start=ffffff8009f81000 end=ffffff8009f81000 vma=          (null)
[13180.299577] binder: binder_alloc_shim: update_page_range enter allocate=0 start=ffffff8004801000 end=ffffff8004800000 vma=          (null)
[13180.299618] binder: binder_alloc_shim: update_page_range enter allocate=0 start=ffffff8009f81000 end=ffffff8009f80000 vma=          (null)

AFTER_LOGDW_SYSTEMSERVER_DONE
