
================ probe-5d284 ================
probe-5d284: ALIVE
--- services while alive ---
0	manager: [android.os.IServiceManager]
--- log ---
--- dmesg ---
[16422.683247] binder: binder: WEBOS accept ioctl 0x40046210 no-op
[16422.683270] binder: binder_alloc_shim: binder_mmap enter filp=ffffffc09f78f200 vma=ffffffc00a91dbb0 start=0x7f07702000 end=0x7f07800000 flags=0x200071
[16422.683288] binder: binder_alloc_shim: update_page_range enter allocate=1 start=ffffff8001200000 end=ffffff8001201000 vma=ffffffc00a91dbb0
[16422.683294] binder: binder_alloc_shim: before __get_free_page GFP_KERNEL=0x24000c0
[16422.683299] binder: binder_alloc_shim: after __get_free_page addr=0xffffffc006eca000
[16422.683303] binder: binder_alloc_shim: virt_to_page page=ffffffbdc01bb280
[16422.683309] binder: binder_alloc_shim: before vm_insert_page user_page_addr=0x7f07702000 page=ffffffbdc01bb280
[16422.683317] binder: binder_alloc_shim: after vm_insert_page ret=0
[16422.683415] binder: binder_alloc_shim: update_page_range enter allocate=1 start=ffffff8000801000 end=ffffff8000801000 vma=          (null)
[16422.683527] binder: binder_alloc_shim: update_page_range enter allocate=1 start=ffffff8001201000 end=ffffff8001201000 vma=          (null)
[16422.683545] binder: binder_alloc_shim: update_page_range enter allocate=0 start=ffffff8000801000 end=ffffff8000800000 vma=          (null)
[16422.683614] binder: binder_alloc_shim: update_page_range enter allocate=0 start=ffffff8001201000 end=ffffff8001200000 vma=          (null)
[16422.683739] binder: binder_alloc_shim: update_page_range enter allocate=1 start=ffffff8000801000 end=ffffff8000801000 vma=          (null)
[16422.683849] binder: binder_alloc_shim: update_page_range enter allocate=1 start=ffffff8001201000 end=ffffff8001201000 vma=          (null)
[16422.683893] binder: binder_alloc_shim: update_page_range enter allocate=0 start=ffffff8000801000 end=ffffff8000800000 vma=          (null)
[16422.683949] binder: binder_alloc_shim: update_page_range enter allocate=0 start=ffffff8001201000 end=ffffff8001200000 vma=          (null)
[16422.684253] binder: binder_alloc_shim: update_page_range enter allocate=1 start=ffffff8000801000 end=ffffff8000801000 vma=          (null)
[16422.684368] binder: binder_alloc_shim: update_page_range enter allocate=1 start=ffffff8001201000 end=ffffff8001201000 vma=          (null)
[16422.684416] binder: binder_alloc_shim: update_page_range enter allocate=0 start=ffffff8000801000 end=ffffff8000800000 vma=          (null)
[16422.684467] binder: binder_alloc_shim: update_page_range enter allocate=0 start=ffffff8001201000 end=ffffff8001200000 vma=          (null)
[16422.684514] binder: binder_alloc_shim: update_page_range enter allocate=1 start=ffffff8000801000 end=ffffff8000801000 vma=          (null)
[16422.684563] binder: binder_alloc_shim: update_page_range enter allocate=1 start=ffffff8001201000 end=ffffff8001201000 vma=          (null)
[16422.684590] binder: binder_alloc_shim: update_page_range enter allocate=0 start=ffffff8000801000 end=ffffff8000800000 vma=          (null)
[16422.684614] binder: binder_alloc_shim: update_page_range enter allocate=0 start=ffffff8001201000 end=ffffff8001200000 vma=          (null)

================ probe-5d340 ================
probe-5d340: ALIVE
--- services while alive ---
0	manager: [android.os.IServiceManager]
--- log ---
--- dmesg ---
[16424.779071] binder: binder: WEBOS accept ioctl 0x40046210 no-op
[16424.779095] binder: binder_alloc_shim: binder_mmap enter filp=ffffffc08b4f0f00 vma=ffffffc024d29630 start=0x7efc902000 end=0x7efca00000 flags=0x200071
[16424.779130] binder: binder_alloc_shim: update_page_range enter allocate=1 start=ffffff8001880000 end=ffffff8001881000 vma=ffffffc024d29630
[16424.779136] binder: binder_alloc_shim: before __get_free_page GFP_KERNEL=0x24000c0
[16424.779141] binder: binder_alloc_shim: after __get_free_page addr=0xffffffc024c98000
[16424.779145] binder: binder_alloc_shim: virt_to_page page=ffffffbdc0932600
[16424.779152] binder: binder_alloc_shim: before vm_insert_page user_page_addr=0x7efc902000 page=ffffffbdc0932600
[16424.779159] binder: binder_alloc_shim: after vm_insert_page ret=0
[16424.779247] binder: binder_alloc_shim: update_page_range enter allocate=1 start=ffffff8000801000 end=ffffff8000801000 vma=          (null)
[16424.779332] binder: binder_alloc_shim: update_page_range enter allocate=1 start=ffffff8001881000 end=ffffff8001881000 vma=          (null)
[16424.779351] binder: binder_alloc_shim: update_page_range enter allocate=0 start=ffffff8000801000 end=ffffff8000800000 vma=          (null)
[16424.779366] binder: binder_alloc_shim: update_page_range enter allocate=0 start=ffffff8001881000 end=ffffff8001880000 vma=          (null)
[16424.779460] binder: binder_alloc_shim: update_page_range enter allocate=1 start=ffffff8000801000 end=ffffff8000801000 vma=          (null)
[16424.779551] binder: binder_alloc_shim: update_page_range enter allocate=1 start=ffffff8001881000 end=ffffff8001881000 vma=          (null)
[16424.779597] binder: binder_alloc_shim: update_page_range enter allocate=0 start=ffffff8001881000 end=ffffff8001880000 vma=          (null)
[16424.779605] binder: binder_alloc_shim: update_page_range enter allocate=0 start=ffffff8000801000 end=ffffff8000800000 vma=          (null)
[16424.779852] binder: binder_alloc_shim: update_page_range enter allocate=1 start=ffffff8000801000 end=ffffff8000801000 vma=          (null)
[16424.779936] binder: binder_alloc_shim: update_page_range enter allocate=1 start=ffffff8001881000 end=ffffff8001881000 vma=          (null)
[16424.779979] binder: binder_alloc_shim: update_page_range enter allocate=0 start=ffffff8001881000 end=ffffff8001880000 vma=          (null)
[16424.779988] binder: binder_alloc_shim: update_page_range enter allocate=0 start=ffffff8000801000 end=ffffff8000800000 vma=          (null)
[16424.780012] binder: binder_alloc_shim: update_page_range enter allocate=1 start=ffffff8000801000 end=ffffff8000801000 vma=          (null)
[16424.780050] binder: binder_alloc_shim: update_page_range enter allocate=1 start=ffffff8001881000 end=ffffff8001881000 vma=          (null)
[16424.780070] binder: binder_alloc_shim: update_page_range enter allocate=0 start=ffffff8001881000 end=ffffff8001880000 vma=          (null)
[16424.780077] binder: binder_alloc_shim: update_page_range enter allocate=0 start=ffffff8000801000 end=ffffff8000800000 vma=          (null)

================ probe-5d344 ================
probe-5d344: ALIVE
--- services while alive ---
0	manager: [android.os.IServiceManager]
--- log ---
--- dmesg ---
[16426.886387] binder: binder: WEBOS accept ioctl 0x40046210 no-op
[16426.886411] binder: binder_alloc_shim: binder_mmap enter filp=ffffffc088b0dc00 vma=ffffffc08654b630 start=0x7efaf02000 end=0x7efb000000 flags=0x200071
[16426.886447] binder: binder_alloc_shim: update_page_range enter allocate=1 start=ffffff8001980000 end=ffffff8001981000 vma=ffffffc08654b630
[16426.886453] binder: binder_alloc_shim: before __get_free_page GFP_KERNEL=0x24000c0
[16426.886458] binder: binder_alloc_shim: after __get_free_page addr=0xffffffc019c42000
[16426.886461] binder: binder_alloc_shim: virt_to_page page=ffffffbdc0671080
[16426.886467] binder: binder_alloc_shim: before vm_insert_page user_page_addr=0x7efaf02000 page=ffffffbdc0671080
[16426.886475] binder: binder_alloc_shim: after vm_insert_page ret=0
[16426.886565] binder: binder_alloc_shim: update_page_range enter allocate=1 start=ffffff8000801000 end=ffffff8000801000 vma=          (null)
[16426.886652] binder: binder_alloc_shim: update_page_range enter allocate=1 start=ffffff8001981000 end=ffffff8001981000 vma=          (null)
[16426.886671] binder: binder_alloc_shim: update_page_range enter allocate=0 start=ffffff8000801000 end=ffffff8000800000 vma=          (null)
[16426.886689] binder: binder_alloc_shim: update_page_range enter allocate=0 start=ffffff8001981000 end=ffffff8001980000 vma=          (null)
[16426.886780] binder: binder_alloc_shim: update_page_range enter allocate=1 start=ffffff8000801000 end=ffffff8000801000 vma=          (null)
[16426.886879] binder: binder_alloc_shim: update_page_range enter allocate=1 start=ffffff8001981000 end=ffffff8001981000 vma=          (null)
[16426.886931] binder: binder_alloc_shim: update_page_range enter allocate=0 start=ffffff8001981000 end=ffffff8001980000 vma=          (null)
[16426.886941] binder: binder_alloc_shim: update_page_range enter allocate=0 start=ffffff8000801000 end=ffffff8000800000 vma=          (null)
[16426.887206] binder: binder_alloc_shim: update_page_range enter allocate=1 start=ffffff8000801000 end=ffffff8000801000 vma=          (null)
[16426.887317] binder: binder_alloc_shim: update_page_range enter allocate=1 start=ffffff8001981000 end=ffffff8001981000 vma=          (null)
[16426.887360] binder: binder_alloc_shim: update_page_range enter allocate=0 start=ffffff8000801000 end=ffffff8000800000 vma=          (null)
[16426.887368] binder: binder_alloc_shim: update_page_range enter allocate=0 start=ffffff8001981000 end=ffffff8001980000 vma=          (null)
[16426.887399] binder: binder_alloc_shim: update_page_range enter allocate=1 start=ffffff8000801000 end=ffffff8000801000 vma=          (null)
[16426.887439] binder: binder_alloc_shim: update_page_range enter allocate=1 start=ffffff8001981000 end=ffffff8001981000 vma=          (null)
[16426.887459] binder: binder_alloc_shim: update_page_range enter allocate=0 start=ffffff8001981000 end=ffffff8001980000 vma=          (null)
[16426.887467] binder: binder_alloc_shim: update_page_range enter allocate=0 start=ffffff8000801000 end=ffffff8000800000 vma=          (null)

================ probe-5d5d8 ================
probe-5d5d8: ALIVE
--- services while alive ---
0	manager: [android.os.IServiceManager]
--- log ---
--- dmesg ---
[16428.986294] binder: binder: WEBOS accept ioctl 0x40046210 no-op
[16428.986317] binder: binder_alloc_shim: binder_mmap enter filp=ffffffc086181f00 vma=ffffffc0281a6d10 start=0x7f05b02000 end=0x7f05c00000 flags=0x200071
[16428.986356] binder: binder_alloc_shim: update_page_range enter allocate=1 start=ffffff8001a80000 end=ffffff8001a81000 vma=ffffffc0281a6d10
[16428.986363] binder: binder_alloc_shim: before __get_free_page GFP_KERNEL=0x24000c0
[16428.986367] binder: binder_alloc_shim: after __get_free_page addr=0xffffffc021bd9000
[16428.986372] binder: binder_alloc_shim: virt_to_page page=ffffffbdc086f640
[16428.986380] binder: binder_alloc_shim: before vm_insert_page user_page_addr=0x7f05b02000 page=ffffffbdc086f640
[16428.986387] binder: binder_alloc_shim: after vm_insert_page ret=0
[16428.986473] binder: binder_alloc_shim: update_page_range enter allocate=1 start=ffffff8000801000 end=ffffff8000801000 vma=          (null)
[16428.986560] binder: binder_alloc_shim: update_page_range enter allocate=1 start=ffffff8001a81000 end=ffffff8001a81000 vma=          (null)
[16428.986579] binder: binder_alloc_shim: update_page_range enter allocate=0 start=ffffff8000801000 end=ffffff8000800000 vma=          (null)
[16428.986691] binder: binder_alloc_shim: update_page_range enter allocate=0 start=ffffff8001a81000 end=ffffff8001a80000 vma=          (null)
[16428.986787] binder: binder_alloc_shim: update_page_range enter allocate=1 start=ffffff8000801000 end=ffffff8000801000 vma=          (null)
[16428.986880] binder: binder_alloc_shim: update_page_range enter allocate=1 start=ffffff8001a81000 end=ffffff8001a81000 vma=          (null)
[16428.986928] binder: binder_alloc_shim: update_page_range enter allocate=0 start=ffffff8000801000 end=ffffff8000800000 vma=          (null)
[16428.986936] binder: binder_alloc_shim: update_page_range enter allocate=0 start=ffffff8001a81000 end=ffffff8001a80000 vma=          (null)
[16428.987193] binder: binder_alloc_shim: update_page_range enter allocate=1 start=ffffff8000801000 end=ffffff8000801000 vma=          (null)
[16428.987281] binder: binder_alloc_shim: update_page_range enter allocate=1 start=ffffff8001a81000 end=ffffff8001a81000 vma=          (null)
[16428.987321] binder: binder_alloc_shim: update_page_range enter allocate=0 start=ffffff8000801000 end=ffffff8000800000 vma=          (null)
[16428.987329] binder: binder_alloc_shim: update_page_range enter allocate=0 start=ffffff8001a81000 end=ffffff8001a80000 vma=          (null)
[16428.987360] binder: binder_alloc_shim: update_page_range enter allocate=1 start=ffffff8000801000 end=ffffff8000801000 vma=          (null)
[16428.987400] binder: binder_alloc_shim: update_page_range enter allocate=1 start=ffffff8001a81000 end=ffffff8001a81000 vma=          (null)
[16428.987422] binder: binder_alloc_shim: update_page_range enter allocate=0 start=ffffff8001a81000 end=ffffff8001a80000 vma=          (null)
[16428.987429] binder: binder_alloc_shim: update_page_range enter allocate=0 start=ffffff8000801000 end=ffffff8000800000 vma=          (null)

================ probe-5d5fc ================
probe-5d5fc: EXITED
--- log ---
--- dmesg ---

================ probe-5d610 ================
probe-5d610: EXITED
--- log ---
--- dmesg ---

================ probe-5d614 ================
probe-5d614: EXITED
--- log ---
--- dmesg ---

================ probe-5d618 ================
probe-5d618: EXITED
--- log ---
--- dmesg ---

================ probe-5d620 ================
probe-5d620: EXITED
--- log ---
--- dmesg ---

================ probe-5d624 ================
probe-5d624: EXITED
--- log ---
--- dmesg ---

================ probe-5d638 ================
probe-5d638: EXITED
--- log ---
--- dmesg ---
