--- kill android logd/logcat and stale capture ---
--- prepare socket dir ---
--- start direct logdw capture ---
cap_pid=31782
--- logdw socket ---
srw-rw-rw-    1 root     root             0 May 30 00:49 /media/internal/android-usb/android-rootfs/dev/socket/logdw
LOGDW_CAPTURE_READY path=/dev/socket/logdw fd=3
--- clear dmesg ---
--- start zygote/system_server ---
--- cleanup old zygotes/wrappers ---

--- sanity patches ---
storage abort call @ 0x1ca198, should be 1f 20 03 d5:  1f 20 03 d5
SetTaskProfiles call @ 0x1ca1b0, should be 20 00 80 52:  20 00 80 52
SetTaskProfiles tbz @ 0x1ca208, should be 1f 20 03 d5:  1f 20 03 d5

--- classpath ---
BOOTCLASSPATH length: 1624
SYSTEMSERVERCLASSPATH length: 463

--- start zygote + system_server ---

--- pids ---

--- android-ish scan ---
PID=31788 COMM=sh CMD=sh /tmp/try-zygote-start-system-server-v2.sh 
  Name:	sh
  State:	S (sleeping)
  Tgid:	31788
  Ngid:	0
  Pid:	31788
  PPid:	31772
  TracerPid:	0
  Uid:	0	0	0	0
PID=4114 COMM=WebAppMgr CMD=/usr/bin/WebAppMgr --type=zygote --disable-in-process-stack-traces --no-sandbox --no-sandbox --disable-quic 
  Name:	WebAppMgr
  State:	S (sleeping)
  Tgid:	4114
  Ngid:	0
  Pid:	4114
  PPid:	3021
  TracerPid:	0
  Uid:	505	505	505	505

--- sockets ---
srw-rw-rw-    1 root     root             0 May 30 00:49 usap_pool_primary
srw-rw-rw-    1 root     root             0 May 30 00:49 zygote

--- log tail ---
--- collect ---
--- pids ---
wam       4114  3021  0 May29 ?        00:00:01 /usr/bin/WebAppMgr --type=zygote --disable-in-process-stack-traces --no-sandbox --no-sandbox --disable-quic
root     19897     1  0 May29 ?        00:00:00 /media/internal/android-usb/android-sidecar/bin/property_service_ack_shim /media/internal/android-usb/android-rootfs/dev/socket/property_service
root     31748     1  0 00:48 ?        00:00:00 /system/bin/servicemanager
root     31750     1  0 00:49 ?        00:00:00 /system/bin/hwservicemanager
root     31752     1  0 00:49 ?        00:00:00 /vendor/bin/vndservicemanager

--- zygote log ---

--- capture stderr ---
LOGDW_CAPTURE_READY path=/dev/socket/logdw fd=3

--- logdw fatal/exceptions ---
@|jHG5AndroidRuntime >>>>>> START com.android.internal.os.ZygoteInit uid 0 <<<<<<
@|j6AndroidRuntime Using default boot image 
@|j,6AndroidRuntime Leaving lock profiling enabled 
@|j66cutils-trace Error opening trace file: No such file or directory (2) 
@|j45=6 zygote64 option[0]=-Xzygote 
@|j=6zygote64 option[1]=-Xdeny-art-apex-data-files 
@|j=6zygote64 option[2]=exit 
@|j4=6zygote64 option[3]=vfprintf 
@|j>6zygote64 option[4]=sensitiveThread 
@|jd;>6 zygote64 option[5]=-verbose:gc 
@|ja>6zygote64 option[6]=-XX:PerfettoHprof=true 
@|j>6zygote64 option[7]=-XX:PerfettoJavaHeapStackProf=true 
@|j0>6zygote64 option[8]=-Xprimaryzygote 
@|j>6zygote64 option[9]=-Xms8m 
@|j >6zygote64 option[10]=-Xmx512m 
@|j!?6zygote64 option[11]=-XX:HeapGrowthLimit=192m 
@|jTJ?6 zygote64 option[12]=-XX:HeapMinFree=8m 
@|jXs?6 zygote64 option[13]=-XX:HeapMaxFree=16m 
@|j?6zygote64 option[14]=-XX:HeapTargetUtilization=0.6 
@|jH?6zygote64 option[15]=-Xusejit:true 
@|j?6zygote64 option[16]=-Xjitsaveprofilinginfo 
@|j@6zygote64 option[17]=-XMadviseWillNeedVdexFileSize:104857600 
@|j|I@6 zygote64 option[18]=-XMadviseWillNeedOdexFileSize:104857600 
@|jhv@6 zygote64 option[19]=-XMadviseWillNeedArtFileSize:4294967295 
@|j@6zygote64 option[20]=-XjdwpOptions:suspend=n,server=y 
@|j@6zygote64 option[21]=-XjdwpProvider:default 
@|j(A6zygote64 option[22]=-Xopaque-jni-ids:swapable 
@|j@*A6 zygote64 option[23]=-Xlockprofthreshold:500 
@|jRA6zygote64 option[24]=-Xcompiler-option 
@|j|zA6 zygote64 option[25]=--instruction-set-variant=generic 
@|jA6zygote64 option[26]=-Xcompiler-option 
@|jDA6zygote64 option[27]=--instruction-set-features=default 
@|jA6zygote64 option[28]=-Xcompiler-option 
@|jB6zygote64 option[29]=--generate-mini-debug-info 
@|jDCB6 zygote64 option[30]=-Ximage-compiler-option 
@|jXkB6 zygote64 option[31]=--runtime-arg 
@|jB6zygote64 option[32]=-Ximage-compiler-option 
@|j,B6zygote64 option[33]=-Xms64m 
@|jB6zygote64 option[34]=-Ximage-compiler-option 
@|j<C6zygote64 option[35]=--runtime-arg 
@|j>C6zygote64 option[36]=-Ximage-compiler-option 
@|jaC6zygote64 option[37]=-Xmx64m 
@|jC6zygote64 option[38]=-Ximage-compiler-option 
@|jC6zygote64 option[39]=--dirty-image-objects=/system/etc/dirty-image-objects 
@|jC6zygote64 option[40]=-Ximage-compiler-option 
@|jHD6zygote64 option[41]=--instruction-set-variant=generic 
@|jT6D6 zygote64 option[42]=-Ximage-compiler-option 
@|j `D6 zygote64 option[43]=--instruction-set-features=default 
@|j8D6zygote64 option[44]=-Ximage-compiler-option 
@|jD6zygote64 option[45]=--generate-mini-debug-info 
@|jD6zygote64 option[46]=-Duser.locale=en-US 
@|jE6zygote64 option[47]=--cpu-abilist=arm64-v8a 
@|jD6E6 zygote64 option[48]=-Xcore-platform-api-policy:just-warn 
@|jlE6zygote64 option[49]=-Xfingerprint:waydroid/lineage_waydroid_arm64_only/waydroid_arm64_only:13/TQ3A.230901.001/eng.aleast.20260403.072834:userdebug/test-keys 
@|j6zygote64 ART APEX data files are untrusted. 
@|j6zygote64 Core platform API reporting enabled, enforcing=false 
@|jzygote64 Time zone APEX ICU file found: /apex/com.android.tzdata/etc/icu/icu_tzdata.dat 
@|jzygote64 I18n APEX ICU file found: /apex/com.android.i18n/etc/icu/icudt70l.dat 
@|jzygote64 fcntl(F_ADD_SEALS) failed: Invalid argument, no memfd support. 
@|j`zygote64 Falling back to ashmem implementation for JIT zygote mapping 
@|jashmem Unable to open ashmem device /dev/ashmem89186ff2-684d-4810-8e23-866a9bc61396 (error = No such file or directory) and /dev/ashmem(error = No such file or directory) 
@|jPzygote64 Failed to create JIT Code Cache: Failed to create zygote mapping: No such file or directory 
@|j8zygote64 Missing code cache, cannot create JIT. 
@|joZygote begin preload 
@|j?pZygote Calling ZygoteHooks.beginPreload() 
@|j86Zygote64Timing BeginPreload took to complete: 130ms 
@|jN:Zygote Preloading classes... 
@|j,CZygote ...preloaded 0 classes in 1ms. 
@|jtGZygote64Timing PreloadClasses took to complete: 1ms 
@|jApplicationLoaders Created zygote-cached class loader: /system/framework/android.hidl.base-V1.0-java.jar 
@|j3ApplicationLoaders Created zygote-cached class loader: /system/framework/android.hidl.manager-V1.0-java.jar 
@|jWApplicationLoaders Created zygote-cached class loader: /system/framework/android.test.base.jar 
@|jZygote64Timing CacheNonBootClasspathClassLoaders took to complete: 14ms 
@|jZygote Preloading resources... 
@|j8 Zygote ...preloaded 64 resources in 46ms. 
@|j-e!Zygote ...preloaded 41 resources in 9ms. 
@|j4m!Zygote ...preloaded 8 resource in 5ms. 
@|j!Zygote64Timing PreloadResources took to complete: 127ms 
@|j_"Zygote Preloading shared libraries... 
@|jf"zygote64 Unable to find pattern file or unable to map it for am 
@|jn"Zygote Called ZygoteHooks.endPreload() 
@|jx#Zygote Installed AndroidKeyStoreProvider in 1ms. 
@|j#Zygote Warmed up JCA providers in 8ms. 
@|j#Zygote end preload 
@|jp#Zygote64Timing ZygotePreload took to complete: 303ms 
@|jpW%zygote64 Explicit concurrent copying GC freed 32762(1544KB) AllocSpace objects, 11(288KB) LOS objects, 95% free, 1274KB/25MB, paused 301us,32us total 26.292ms 
@|j'U&zygote64 Explicit concurrent copying GC freed 2275(125KB) AllocSpace objects, 0(0B) LOS objects, 95% free, 1180KB/25MB, paused 32us,27us total 19.016ms 
@|jX&Zygote64Timing PostZygoteInitGC took to complete: 47ms 
@|jX&Zygote64Timing ZygoteInit took to complete: 369ms 
@|jY&Zygote Unable to fetch Zygote socket file descriptor 
@|j	Z&Zygote Unable to fetch USAP pool socket file descriptor 
@|jP|.Zygote Forked child process 31814 
@|jf.Zygote System server process 31814 has been created 
@|j.Zygote Accepting command socket connections 
F|jPL3zygote64 open() failed for /dev/cgroup_info/cgroup.rc: No such file or directory 
F|jQ3libprocessgroup CgroupMap::LoadRcFile called for [31814] failed 
F|j4Zz3 system_server Failed to upload odrefresh metrics: file parsing error. 
F|jf4SystemServerTiming InitBeforeStartServices 
F|j,z4SystemServer persist.sys.timezone is not valid (); setting to GMT. 
F|j%}4SystemServer Entered the Android system server! 
F|jLSystemServerInitThreadPool Creating instance with 4 threads 
F|j^SystemServerTiming InitBeforeStartServices took to complete: 507ms 
F|jSystemServerTiming StartServices 
F|jSSystemServerTiming startBootstrapServices 
F|jSystemServerTiming StartWatchdog 
F|jUSystemServerTiming StartWatchdog took to complete: 5ms 
F|j'WSystemServer Reading configuration... 
F|jHXSystemServerTiming ReadingSystemConfig 
F|jdSystemServerTiming ReadingSystemConfig took to complete: 1ms 
F|j@eSystemServerTiming PlatformCompat 
[|jNjSystemServerTimingAsync InitThreadPoolExec:ReadingSystemConfig 
[|jL m SystemServerInitThreadPool Started executing ReadingSystemConfig 
[|jSystemConfig Reading permissions from /system/etc/sysconfig/preinstalled-packages-platform.xml 
F|jCompatConfig No directory /apex/com.android.permission/etc/compatconfig, skipping 
[|jSystemConfig Reading permissions from /system/etc/sysconfig/hiddenapi-package-whitelist.xml 
F|jhSystemServerTiming PlatformCompat took to complete: 26ms 
F|jlSystemServerTiming StartFileIntegrityService 
F|j(SystemServiceManager Starting com.android.server.security.FileIntegrityService 
[|jwSystemConfig Reading permissions from /system/etc/sysconfig/preinstalled-packages-com.android.providers.media.module.xml 
[|j]!SystemConfig Reading permissions from /system/etc/sysconfig/framework-sysconfig.xml 
[|jX5SystemConfig Reading permissions from /system/etc/sysconfig/preinstalled-packages-platform-full-base.xml 
[|j\ISystemConfig Reading permissions from /system/etc/permissions/android.test.mock.xml 
[|j9]SystemConfig Reading permissions from /system/etc/permissions/com.android.intentresolver.xml 
[|j(]u SystemConfig Reading permissions from /system/etc/permissions/javax.obex.xml 
F|j<SystemServerTiming StartFileIntegrityService took to complete: 12ms 
F|jSystemServerTiming StartInstaller 
F|jXSystemServiceManager Starting com.android.server.pm.Installer 
F|j(mInstaller installd not found; trying again 
F|jSystemServerTiming StartInstaller took to complete: 1ms 
F|jSystemServerTiming DeviceIdentifiersPolicyService 
F|j\nSystemServiceManager Starting com.android.server.os.DeviceIdentifiersPolicyService 
F|j /SystemServerTiming DeviceIdentifiersPolicyService took to complete: 0ms 
F|j(SystemServerTiming UriGrantsManagerService 
F|j SystemServiceManager Starting com.android.server.uri.UriGrantsManagerService$Lifecycle 
F|j\SystemServerTiming UriGrantsManagerService took to complete: 3ms 
F|jSystemServerTiming StartPowerStatsService 
F|jSystemServiceManager Starting com.android.server.powerstats.PowerStatsService 
|jservicemanager getDeviceHalManifest: Reading VINTF information. 
[|j!SystemConfig Reading permissions from /system/etc/permissions/android.software.live_wallpaper.xml 
[|jlM; SystemConfig Reading permissions from /system/etc/permissions/com.android.mediadrm.signer.xml 
[|jKSystemConfig Reading permissions from /system/etc/permissions/com.android.media.remotedisplay.xml 
|j<1U servicemanager getDeviceHalManifest: Successfully processed VINTF information 
|jxUservicemanager getFrameworkHalManifest: Reading VINTF information. 
[|jXWSystemConfig Reading permissions from /system/etc/permissions/com.android.location.provider.xml 
[|jbSystemConfig Reading permissions from /system/etc/permissions/com.android.documentsui.xml 
[|jrSystemConfig Reading permissions from /system/etc/permissions/pc.xml 
[|j}SystemConfig Reading permissions from /system/etc/permissions/privapp_allowlist_com.android.adservices.api.xml 
|j\servicemanager getFrameworkHalManifest: Successfully processed VINTF information 
|jbservicemanager Could not find android.hardware.power.stats.IPowerStats/default in the VINTF manifest. 
[|jOSystemConfig Reading permissions from /system/etc/permissions/android.software.webview.xml 
F|jHPowerStatsService nativeInit failed to connect to power.stats HAL 
F|jSystemServerTiming StartPowerStatsService took to complete: 11ms 
F|j|SystemServerTiming StartIStatsService 
[|jSystemConfig Reading permissions from /system/etc/permissions/android.test.runner.xml 
F|jCSystemServerTiming StartIStatsService took to complete: 0ms 
F|jSystemServerTiming MemtrackProxyService 
F|jPlibc Fatal signal 11 (SIGSEGV), code 1 (SEGV_MAPERR), fault addr 0x78 in tid 31814 (system_server), pid 31814 (system_server) 
[|jmSystemConfig Reading permissions from /system/etc/permissions/android.software.freeform_window_management.xml 
[|jSystemConfig Reading permissions from /system/etc/permissions/android.test.base.xml 
[|jSystemConfig Reading permissions from /system/etc/permissions/com.android.future.usb.accessory.xml 
[|jiSystemConfig Reading permissions from /system/etc/permissions/org.apache.http.legacy.xml 
[|jSystemConfig Reading permissions from /system/etc/permissions/com.android.networkstack.xml 
[|jSystemConfig Reading permissions from /system/etc/permissions/privapp-permissions-platform.xml 
[|jJSystemConfig Reading permissions from /system/etc/permissions/privapp_allowlist_com.android.providers.media.module.xml 
[|jX#c SystemConfig Reading permissions from /system/etc/permissions/platform.xml 
[|jSystemConfig Reading permissions from /vendor/etc/permissions/android.hardware.audio.low_latency.xml 
[|jTSystemConfig Reading permissions from /vendor/etc/permissions/android.hardware.sensor.relative_humidity.xml 
[|j!SystemConfig Reading permissions from /vendor/etc/permissions/android.hardware.ethernet.xml 
[|j=SystemConfig Reading permissions from /vendor/etc/permissions/android.hardware.vulkan.compute.xml 
[|j-SystemConfig Reading permissions from /vendor/etc/permissions/android.software.sip.voip.xml 
[|jhSystemConfig Reading permissions from /vendor/etc/permissions/android.hardware.camera.flash-autofocus.xml 
[|jSystemConfig Reading permissions from /vendor/etc/permissions/android.hardware.opengles.aep.xml 
[|jSystemConfig Reading permissions from /vendor/etc/permissions/android.hardware.sensor.light.xml 
[|jSystemConfig Reading permissions from /vendor/etc/permissions/android.hardware.camera.full.xml 
[|jSystemConfig Reading permissions from /vendor/etc/permissions/android.hardware.sensor.proximity.xml 
[|j SystemConfig Reading permissions from /vendor/etc/permissions/android.hardware.vulkan.version.xml 
[|j0*SystemConfig Reading permissions from /vendor/etc/permissions/android.hardware.camera.front.xml 
[|j`C5 SystemConfig Reading permissions from /vendor/etc/permissions/android.hardware.location.gps.xml 
[|jj>SystemConfig Reading permissions from /vendor/etc/permissions/android.hardware.camera.raw.xml 
[|jFSystemConfig Reading permissions from /vendor/etc/permissions/android.hardware.vulkan.level.xml 
[|jTNSystemConfig Reading permissions from /vendor/etc/permissions/android.hardware.touchscreen.xml 
[|jXsb SystemConfig Reading permissions from /vendor/etc/permissions/handheld_core_hardware.xml 
[|jtSystemConfig Reading permissions from /vendor/etc/permissions/android.hardware.usb.accessory.xml 
[|jSystemConfig Reading permissions from /vendor/etc/permissions/android.software.verified_boot.xml 
[|j5SystemConfig Reading permissions from /vendor/etc/permissions/android.hardware.sensor.ambient_temperature.xml 
[|j?SystemConfig Reading permissions from /vendor/etc/permissions/android.hardware.sensor.barometer.xml 
[|jPSystemConfig Reading permissions from /vendor/etc/permissions/android.hardware.sensor.gyroscope.xml 
[|jpSystemConfig Reading permissions from /vendor/etc/permissions/android.hardware.wifi.xml 
[|jpSystemConfig No directory /product/etc/permissions, skipping 
[|j@SystemConfig No directory /system_ext/etc/permissions, skipping 
[|jSystemConfig Reading permissions from /apex/com.android.tethering/etc/permissions/permissions.xml 
[|jTSystemConfig Reading permissions from /apex/com.android.permission/etc/permissions/privapp_allowlist_com.android.permissioncontroller.xml 
SystemConfig Reading permissions from /apex/com.android.mediaprovider/etc/permissions/privapp_allowlist_com.android.providers.media.module.xml 
[|j"SystemConfig Reading permissions from /apex/com.android.ipsec/etc/permissions/android.net.ipsec.ike.xml 
[|jL44 SystemConfig Reading permissions from /apex/com.android.extservices/etc/permissions/privapp_allowlist_android.ext.services.xml 
[|jHSystemConfig Reading permissions from /apex/com.android.btservices/etc/permissions/privapp_allowlist_com.android.bluetooth.xml 
^|jhIcutils-trace Error opening trace file: No such file or directory (2) 
[|j`SystemConfig Reading permissions from /apex/com.android.adservices/etc/permissions/privapp_allowlist_com.android.adservices.api.xml 
[|jSystemConfig readAllPermissions took to complete: 118ms 
[|jSystemServerInitThreadPool Finished executing ReadingSystemConfig 
[|j>SystemServerTimingAsync InitThreadPoolExec:ReadingSystemConfig took to complete: 119ms 
`|j0!DEBUG failed to readlink /proc/31814/fd/70: No such file or directory 
`|jP0crash_dump64 failed to read selinux label: Invalid argument 
`|jcrash_dump64 failed to read selinux label: Invalid argument 
`|jcrash_dump64 failed to read selinux label: Invalid argument 
`|jcrash_dump64 failed to read selinux label: Invalid argument 
`|j8crash_dump64 failed to read selinux label: Invalid argument 
`|jScrash_dump64 failed to read selinux label: Invalid argument 
`|jxUcrash_dump64 failed to read selinux label: Invalid argument 
`|jccrash_dump64 failed to read selinux label: Invalid argument 
`|j8dcrash_dump64 failed to read selinux label: Invalid argument 
`|jh_crash_dump64 failed to read selinux label: Invalid argument 
`|jcrash_dump64 failed to read selinux label: Invalid argument 
`|jcrash_dump64 failed to read selinux label: Invalid argument 
`|j|]crash_dump64 failed to read selinux label: Invalid argument 
`|jcrash_dump64 failed to read selinux label: Invalid argument 
`|j4crash_dump64 failed to read selinux label: Invalid argument 
`|jmcrash_dump64 failed to read selinux label: Invalid argument 
`|jxlcrash_dump64 failed to read selinux label: Invalid argument 
`|jcrash_dump64 failed to read selinux label: Invalid argument 
`|jcrash_dump64 failed to read selinux label: Invalid argument 
`|jcrash_dump64 failed to read selinux label: Invalid argument 
`|jT!crash_dump64 obtaining output fd from tombstoned, type: kDebuggerdTombstoneProto 
`|j(!libc failed to connect to tombstoned: Connection refused 
`|j!crash_dump64 performing dump of process 31814 (target tid = 31814) 
`|jT`} DEBUG Cmdline: system_server
`|j}DEBUG pid: 31814, tid: 31814, name: system_server  >>> system_server <<<
`|jDEBUG       #02 pc 0000000000074f48  /system/lib64/libandroid_servers.so (android::android_server_SystemServer_startMemtrackProxyService(_JNIEnv*, _jobject*)+44) (BuildId: e16d18fc70a5a18d11604be508968cf9)
`|jh\DEBUG       #04 pc 00000000022d2b4c  /system/framework/oat/arm64/services.odex (com.android.server.SystemServer.startBootstrapServices+3020) (BuildId: a59d5c3278f32c7b199ba9f1752912dc4a10a5d8)
`|jDEBUG       #05 pc 00000000022d0ed8  /system/framework/oat/arm64/services.odex (com.android.server.SystemServer.run+4056) (BuildId: a59d5c3278f32c7b199ba9f1752912dc4a10a5d8)
`|jZDEBUG       #06 pc 00000000022cfa54  /system/framework/oat/arm64/services.odex (com.android.server.SystemServer.main+100) (BuildId: a59d5c3278f32c7b199ba9f1752912dc4a10a5d8)
\|jmInstaller installd not found; trying again 
@|jI#Zygote Zygote failed to write to system_server FD: No such file or directory 
@|jllJ# Zygote Process 31814 exited due to signal 11 (Segmentation fault) 
@|j,J#Zygote Exit zygote because system server (pid 31814) has terminated 

--- raw logdw tail ---
F|jlSystemServerTiming StartFileIntegrityService 

--- packet bytes=91 time=1780094950.419115480 ---
F|j(SystemServiceManager Starting com.android.server.security.FileIntegrityService 

--- packet bytes=133 time=1780094950.420342800 ---
[|jwSystemConfig Reading permissions from /system/etc/sysconfig/preinstalled-packages-com.android.providers.media.module.xml 

--- packet bytes=96 time=1780094950.421645140 ---
[|j]!SystemConfig Reading permissions from /system/etc/sysconfig/framework-sysconfig.xml 

--- packet bytes=117 time=1780094950.423003760 ---
[|jX5SystemConfig Reading permissions from /system/etc/sysconfig/preinstalled-packages-platform-full-base.xml 

--- packet bytes=96 time=1780094950.424317280 ---
[|j\ISystemConfig Reading permissions from /system/etc/permissions/android.test.mock.xml 

--- packet bytes=105 time=1780094950.426263900 ---
[|j9]SystemConfig Reading permissions from /system/etc/permissions/com.android.intentresolver.xml 

--- packet bytes=89 time=1780094950.427164600 ---
[|j(]u SystemConfig Reading permissions from /system/etc/permissions/javax.obex.xml 

--- packet bytes=80 time=1780094950.430553680 ---
F|j<SystemServerTiming StartFileIntegrityService took to complete: 12ms 

--- packet bytes=46 time=1780094950.430606940 ---
F|jSystemServerTiming StartInstaller 

--- packet bytes=74 time=1780094950.430650660 ---
F|jXSystemServiceManager Starting com.android.server.pm.Installer 

--- packet bytes=55 time=1780094950.431011440 ---
F|j(mInstaller installd not found; trying again 

--- packet bytes=68 time=1780094950.432349720 ---
F|jSystemServerTiming StartInstaller took to complete: 1ms 

--- packet bytes=62 time=1780094950.432391640 ---
F|jSystemServerTiming DeviceIdentifiersPolicyService 

--- packet bytes=95 time=1780094950.432447020 ---
F|j\nSystemServiceManager Starting com.android.server.os.DeviceIdentifiersPolicyService 

--- packet bytes=84 time=1780094950.432987640 ---
F|j /SystemServerTiming DeviceIdentifiersPolicyService took to complete: 0ms 

--- packet bytes=55 time=1780094950.433014460 ---
F|j(SystemServerTiming UriGrantsManagerService 

--- packet bytes=99 time=1780094950.433083000 ---
F|j SystemServiceManager Starting com.android.server.uri.UriGrantsManagerService$Lifecycle 

--- packet bytes=77 time=1780094950.442745760 ---
F|j\SystemServerTiming UriGrantsManagerService took to complete: 3ms 

--- packet bytes=54 time=1780094950.442868260 ---
F|jSystemServerTiming StartPowerStatsService 

--- packet bytes=90 time=1780094950.442901500 ---
F|jSystemServiceManager Starting com.android.server.powerstats.PowerStatsService 

--- packet bytes=76 time=1780094950.442918440 ---
|jservicemanager getDeviceHalManifest: Reading VINTF information. 

--- packet bytes=110 time=1780094950.442931720 ---
[|j!SystemConfig Reading permissions from /system/etc/permissions/android.software.live_wallpaper.xml 

--- packet bytes=106 time=1780094950.442944920 ---
[|jlM; SystemConfig Reading permissions from /system/etc/permissions/com.android.mediadrm.signer.xml 

--- packet bytes=110 time=1780094950.442957120 ---
[|jKSystemConfig Reading permissions from /system/etc/permissions/com.android.media.remotedisplay.xml 

--- packet bytes=20 time=1780094950.442969180 ---
|j<1U 

--- packet bytes=90 time=1780094950.442980100 ---
|j<1U servicemanager getDeviceHalManifest: Successfully processed VINTF information 

--- packet bytes=79 time=1780094950.442992240 ---
|jxUservicemanager getFrameworkHalManifest: Reading VINTF information. 

--- packet bytes=108 time=1780094950.443003600 ---
[|jXWSystemConfig Reading permissions from /system/etc/permissions/com.android.location.provider.xml 

--- packet bytes=102 time=1780094950.443014880 ---
[|jbSystemConfig Reading permissions from /system/etc/permissions/com.android.documentsui.xml 

--- packet bytes=81 time=1780094950.444295500 ---
[|jrSystemConfig Reading permissions from /system/etc/permissions/pc.xml 

--- packet bytes=123 time=1780094950.444810240 ---
[|j}SystemConfig Reading permissions from /system/etc/permissions/privapp_allowlist_com.android.adservices.api.xml 

--- packet bytes=93 time=1780094950.445535860 ---
|j\servicemanager getFrameworkHalManifest: Successfully processed VINTF information 

--- packet bytes=114 time=1780094950.445627040 ---
|jbservicemanager Could not find android.hardware.power.stats.IPowerStats/default in the VINTF manifest. 

--- packet bytes=103 time=1780094950.445756460 ---
[|jOSystemConfig Reading permissions from /system/etc/permissions/android.software.webview.xml 

--- packet bytes=78 time=1780094950.446251920 ---
F|jHPowerStatsService nativeInit failed to connect to power.stats HAL 

--- packet bytes=77 time=1780094950.446633500 ---
F|jSystemServerTiming StartPowerStatsService took to complete: 11ms 

--- packet bytes=50 time=1780094950.446668960 ---
F|j|SystemServerTiming StartIStatsService 

--- packet bytes=98 time=1780094950.446702800 ---
[|jSystemConfig Reading permissions from /system/etc/permissions/android.test.runner.xml 

--- packet bytes=72 time=1780094950.446724120 ---
F|jCSystemServerTiming StartIStatsService took to complete: 0ms 

--- packet bytes=52 time=1780094950.446748320 ---
F|jSystemServerTiming MemtrackProxyService 

--- packet bytes=138 time=1780094950.447013760 ---
F|jPlibc Fatal signal 11 (SIGSEGV), code 1 (SEGV_MAPERR), fault addr 0x78 in tid 31814 (system_server), pid 31814 (system_server) 

--- packet bytes=122 time=1780094950.462122060 ---
[|jmSystemConfig Reading permissions from /system/etc/permissions/android.software.freeform_window_management.xml 

--- packet bytes=96 time=1780094950.463215460 ---
[|jSystemConfig Reading permissions from /system/etc/permissions/android.test.base.xml 

--- packet bytes=111 time=1780094950.464142080 ---
[|jSystemConfig Reading permissions from /system/etc/permissions/com.android.future.usb.accessory.xml 

--- packet bytes=101 time=1780094950.464908120 ---
[|jiSystemConfig Reading permissions from /system/etc/permissions/org.apache.http.legacy.xml 

--- packet bytes=103 time=1780094950.465738400 ---
[|jSystemConfig Reading permissions from /system/etc/permissions/com.android.networkstack.xml 

--- packet bytes=107 time=1780094950.466898120 ---
[|jSystemConfig Reading permissions from /system/etc/permissions/privapp-permissions-platform.xml 

--- packet bytes=131 time=1780094950.474722580 ---
[|jJSystemConfig Reading permissions from /system/etc/permissions/privapp_allowlist_com.android.providers.media.module.xml 

--- packet bytes=87 time=1780094950.476319120 ---
[|jX#c SystemConfig Reading permissions from /system/etc/permissions/platform.xml 

--- packet bytes=113 time=1780094950.482256700 ---
[|jSystemConfig Reading permissions from /vendor/etc/permissions/android.hardware.audio.low_latency.xml 

--- packet bytes=120 time=1780094950.483022080 ---
[|jTSystemConfig Reading permissions from /vendor/etc/permissions/android.hardware.sensor.relative_humidity.xml 

--- packet bytes=104 time=1780094950.483627140 ---
[|j!SystemConfig Reading permissions from /vendor/etc/permissions/android.hardware.ethernet.xml 

--- packet bytes=110 time=1780094950.484222780 ---
[|j=SystemConfig Reading permissions from /vendor/etc/permissions/android.hardware.vulkan.compute.xml 

--- packet bytes=104 time=1780094950.484807400 ---
[|j-SystemConfig Reading permissions from /vendor/etc/permissions/android.software.sip.voip.xml 

--- packet bytes=118 time=1780094950.485408560 ---
[|jhSystemConfig Reading permissions from /vendor/etc/permissions/android.hardware.camera.flash-autofocus.xml 

--- packet bytes=108 time=1780094950.486210500 ---
[|jSystemConfig Reading permissions from /vendor/etc/permissions/android.hardware.opengles.aep.xml 

--- packet bytes=108 time=1780094950.486862640 ---
[|jSystemConfig Reading permissions from /vendor/etc/permissions/android.hardware.sensor.light.xml 

--- packet bytes=107 time=1780094950.487413200 ---
[|jSystemConfig Reading permissions from /vendor/etc/permissions/android.hardware.camera.full.xml 

--- packet bytes=112 time=1780094950.488002800 ---
[|jSystemConfig Reading permissions from /vendor/etc/permissions/android.hardware.sensor.proximity.xml 

--- packet bytes=110 time=1780094950.488698020 ---
[|j SystemConfig Reading permissions from /vendor/etc/permissions/android.hardware.vulkan.version.xml 

--- packet bytes=108 time=1780094950.489335480 ---
[|j0*SystemConfig Reading permissions from /vendor/etc/permissions/android.hardware.camera.front.xml 

--- packet bytes=108 time=1780094950.490057740 ---
[|j`C5 SystemConfig Reading permissions from /vendor/etc/permissions/android.hardware.location.gps.xml 

--- packet bytes=106 time=1780094950.490656640 ---
[|jj>SystemConfig Reading permissions from /vendor/etc/permissions/android.hardware.camera.raw.xml 

--- packet bytes=108 time=1780094950.491205960 ---
[|jFSystemConfig Reading permissions from /vendor/etc/permissions/android.hardware.vulkan.level.xml 

--- packet bytes=107 time=1780094950.491722940 ---
[|jTNSystemConfig Reading permissions from /vendor/etc/permissions/android.hardware.touchscreen.xml 

--- packet bytes=101 time=1780094950.493036700 ---
[|jXsb SystemConfig Reading permissions from /vendor/etc/permissions/handheld_core_hardware.xml 

--- packet bytes=109 time=1780094950.494208500 ---
[|jtSystemConfig Reading permissions from /vendor/etc/permissions/android.hardware.usb.accessory.xml 

--- packet bytes=109 time=1780094950.494939400 ---
[|jSystemConfig Reading permissions from /vendor/etc/permissions/android.software.verified_boot.xml 

--- packet bytes=122 time=1780094950.495695180 ---
[|j5SystemConfig Reading permissions from /vendor/etc/permissions/android.hardware.sensor.ambient_temperature.xml 

--- packet bytes=112 time=1780094950.496481140 ---
[|j?SystemConfig Reading permissions from /vendor/etc/permissions/android.hardware.sensor.barometer.xml 

--- packet bytes=112 time=1780094950.497112780 ---
[|jPSystemConfig Reading permissions from /vendor/etc/permissions/android.hardware.sensor.gyroscope.xml 

--- packet bytes=100 time=1780094950.497735840 ---
[|jpSystemConfig Reading permissions from /vendor/etc/permissions/android.hardware.wifi.xml 

--- packet bytes=71 time=1780094950.499226780 ---
[|jSystemConfig No directory /product/etc/sysconfig, skipping 

--- packet bytes=73 time=1780094950.499302580 ---
[|jpSystemConfig No directory /product/etc/permissions, skipping 

--- packet bytes=74 time=1780094950.499373160 ---
[|j`SystemConfig No directory /system_ext/etc/sysconfig, skipping 

--- packet bytes=76 time=1780094950.499439620 ---
[|j@SystemConfig No directory /system_ext/etc/permissions, skipping 

--- packet bytes=110 time=1780094950.500648020 ---
[|jSystemConfig Reading permissions from /apex/com.android.tethering/etc/permissions/permissions.xml 

--- packet bytes=150 time=1780094950.502353720 ---
[|jTSystemConfig Reading permissions from /apex/com.android.permission/etc/permissions/privapp_allowlist_com.android.permissioncontroller.xml 

--- packet bytes=155 time=1780094950.504064740 ---
[|j
SystemConfig Reading permissions from /apex/com.android.mediaprovider/etc/permissions/privapp_allowlist_com.android.providers.media.module.xml 

--- packet bytes=116 time=1780094950.505629280 ---
[|j"SystemConfig Reading permissions from /apex/com.android.ipsec/etc/permissions/android.net.ipsec.ike.xml 

--- packet bytes=139 time=1780094950.506773720 ---
[|jL44 SystemConfig Reading permissions from /apex/com.android.extservices/etc/permissions/privapp_allowlist_android.ext.services.xml 

--- packet bytes=139 time=1780094950.508075140 ---
[|jHSystemConfig Reading permissions from /apex/com.android.btservices/etc/permissions/privapp_allowlist_com.android.bluetooth.xml 

--- packet bytes=81 time=1780094950.508222580 ---
^|jhIcutils-trace Error opening trace file: No such file or directory (2) 

--- packet bytes=144 time=1780094950.509690660 ---
[|j`SystemConfig Reading permissions from /apex/com.android.adservices/etc/permissions/privapp_allowlist_com.android.adservices.api.xml 

--- packet bytes=79 time=1780094950.511684120 ---
[|jL~SystemConfig Public libraries file folder missing: /system_ext/etc 

--- packet bytes=76 time=1780094950.511782620 ---
[|j$SystemConfig Public libraries file folder missing: /product/etc 

--- packet bytes=68 time=1780094950.511794560 ---
[|jSystemConfig readAllPermissions took to complete: 118ms 

--- packet bytes=78 time=1780094950.511845480 ---
[|jSystemServerInitThreadPool Finished executing ReadingSystemConfig 

--- packet bytes=99 time=1780094950.511861500 ---
[|j>SystemServerTimingAsync InitThreadPoolExec:ReadingSystemConfig took to complete: 119ms 

--- packet bytes=82 time=1780094950.514790400 ---
`|j0!DEBUG failed to readlink /proc/31814/fd/70: No such file or directory 

--- packet bytes=72 time=1780094950.515622580 ---
`|jP0crash_dump64 failed to read selinux label: Invalid argument 

--- packet bytes=72 time=1780094950.516315520 ---
`|jcrash_dump64 failed to read selinux label: Invalid argument 

--- packet bytes=72 time=1780094950.516557900 ---
`|jcrash_dump64 failed to read selinux label: Invalid argument 

--- packet bytes=72 time=1780094950.516697340 ---
`|jcrash_dump64 failed to read selinux label: Invalid argument 

--- packet bytes=72 time=1780094950.516832640 ---
`|j8crash_dump64 failed to read selinux label: Invalid argument 

--- packet bytes=72 time=1780094950.516982340 ---
`|jScrash_dump64 failed to read selinux label: Invalid argument 

--- packet bytes=72 time=1780094950.517114400 ---
`|jxUcrash_dump64 failed to read selinux label: Invalid argument 

--- packet bytes=72 time=1780094950.517249140 ---
`|jccrash_dump64 failed to read selinux label: Invalid argument 

--- packet bytes=72 time=1780094950.517381320 ---
`|j8dcrash_dump64 failed to read selinux label: Invalid argument 

--- packet bytes=72 time=1780094950.517841380 ---
`|jh_crash_dump64 failed to read selinux label: Invalid argument 

--- packet bytes=72 time=1780094950.518010320 ---
`|jcrash_dump64 failed to read selinux label: Invalid argument 

--- packet bytes=72 time=1780094950.518147920 ---
`|jcrash_dump64 failed to read selinux label: Invalid argument 

--- packet bytes=72 time=1780094950.518296460 ---
`|j|]crash_dump64 failed to read selinux label: Invalid argument 

--- packet bytes=72 time=1780094950.518440660 ---
`|jcrash_dump64 failed to read selinux label: Invalid argument 

--- packet bytes=72 time=1780094950.518583840 ---
`|j4crash_dump64 failed to read selinux label: Invalid argument 

--- packet bytes=72 time=1780094950.518759220 ---
`|jmcrash_dump64 failed to read selinux label: Invalid argument 

--- packet bytes=72 time=1780094950.518889480 ---
`|jxlcrash_dump64 failed to read selinux label: Invalid argument 

--- packet bytes=72 time=1780094950.519157980 ---
`|jcrash_dump64 failed to read selinux label: Invalid argument 

--- packet bytes=72 time=1780094950.519299760 ---
`|jcrash_dump64 failed to read selinux label: Invalid argument 

--- packet bytes=72 time=1780094950.519433260 ---
`|jcrash_dump64 failed to read selinux label: Invalid argument 

--- packet bytes=93 time=1780094950.553797060 ---
`|jT!crash_dump64 obtaining output fd from tombstoned, type: kDebuggerdTombstoneProto 

--- packet bytes=69 time=1780094950.553992600 ---
`|j(!libc failed to connect to tombstoned: Connection refused 

--- packet bytes=79 time=1780094950.554165480 ---
`|j!crash_dump64 performing dump of process 31814 (target tid = 31814) 

--- packet bytes=83 time=1780094951.427267220 ---
`|jPvDEBUG *** *** *** *** *** *** *** *** *** *** *** *** *** *** *** ***
 

--- packet bytes=82 time=1780094951.427398880 ---
`|jwDEBUG LineageOS Version: '20.0-20260403-VANILLA-waydroid_arm64_only'
 

--- packet bytes=163 time=1780094951.427412120 ---
`|jHxDEBUG Build fingerprint: 'waydroid/lineage_waydroid_arm64_only/waydroid_arm64_only:13/TQ3A.230901.001/eng.aleast.20260403.072834:userdebug/test-keys'
 

--- packet bytes=33 time=1780094951.427424620 ---
`|j0xDEBUG Revision: '0'
 

--- packet bytes=32 time=1780094951.427435120 ---
`|jxDEBUG ABI: 'arm64'
 

--- packet bytes=65 time=1780094951.427445060 ---
`|jKyDEBUG Timestamp: 2026-05-29 22:49:10.579026800+0000
 

--- packet bytes=38 time=1780094951.427454960 ---
`|j0zDEBUG Process uptime: 2s
 

--- packet bytes=42 time=1780094951.427672400 ---
`|jT`} DEBUG Cmdline: system_server
 

--- packet bytes=86 time=1780094951.427701920 ---
`|j}DEBUG pid: 31814, tid: 31814, name: system_server  >>> system_server <<<
 

--- packet bytes=29 time=1780094951.427713540 ---
`|j-~DEBUG uid: 1000
 

--- packet bytes=92 time=1780094951.427737640 ---
`|j~DEBUG signal 11 (SIGSEGV), code 1 (SEGV_MAPERR), fault addr 0x0000000000000078
 

--- packet bytes=51 time=1780094951.427760580 ---
`|j~DEBUG Cause: null pointer dereference
 

--- packet bytes=110 time=1780094951.427838340 ---
`|jDEBUG     x0  0000000000000068  x1  00000000968896d8  x2  000000009667a068  x3  0000007e7fa46580
 

--- packet bytes=110 time=1780094951.427911440 ---
`|j0DEBUG     x4  0000000000000000  x5  8080808080808080  x6  0000007f96cdd000  x7  0000000000000000
 

--- packet bytes=110 time=1780094951.427944520 ---
`|j0DEBUG     x8  0000007f90c0a068  x9  0021a45ebb78a541  x10 0000007ef2e16000  x11 0000000000000020
 

--- packet bytes=110 time=1780094951.427974980 ---
`|j/DEBUG     x12 0000000000000000  x13 ffffffffffffffff  x14 0000007e937738c0  x15 0000000000005415
 

--- packet bytes=110 time=1780094951.428004500 ---
`|jDEBUG     x16 0000007e824b9408  x17 0000007f90c081e8  x18 0000007f96bc6000  x19 0000000000000068
 

--- packet bytes=110 time=1780094951.428034000 ---
`|jDEBUG     x20 0000007f95a1c000  x21 0000000000000000  x22 0000007f957033c0  x23 0000000000000008
 

--- packet bytes=110 time=1780094951.428062980 ---
`|jDEBUG     x24 0000000000000008  x25 0000000096516220  x26 0000000012c04840  x27 0000000096682640
 

--- packet bytes=66 time=1780094951.428093820 ---
`|jDEBUG     x28 0000000000000001  x29 0000007ff056c870
 

--- packet bytes=110 time=1780094951.428154040 ---
`|jDDEBUG     lr  0000007e824b72f8  sp  0000007ff056c850  pc  0000007f90c081f4  pst 0000000060000000
 

--- packet bytes=30 time=1780094951.428228500 ---
`|jhDEBUG backtrace:
 

--- packet bytes=606 time=1780094951.428367980 ---
`|jDEBUG   NOTE: Function names and BuildId information is missing for some frames due
  NOTE: to unreadable libraries. For unwinds of apps, only shared libraries
  NOTE: found under the lib/ directory are readable.
  NOTE: On this device, run setenforce 0 to make the libraries readable.
  NOTE: Unreadable libraries:
  NOTE:   /media/internal/android-usb/android-rootfs/apex/com.android.art/lib64/libart.so
  NOTE:   /media/internal/android-usb/android-rootfs/system/framework/arm64/boot.oat
  NOTE:   /media/internal/android-usb/android-rootfs/system/lib64/android.hardware.memtrack-V1-ndk.so
 

--- packet bytes=142 time=1780094951.428430780 ---
`|j~DEBUG       #00 pc 00000000000061f4  /media/internal/android-usb/android-rootfs/system/lib64/android.hardware.memtrack-V1-ndk.so
 

--- packet bytes=199 time=1780094951.428444620 ---
`|j-DEBUG       #01 pc 00000000000032f4  /system/lib64/libmemtrackproxy.so (aidl::android::hardware::memtrack::MemtrackProxy::MemtrackProxy()+32) (BuildId: 1155f9576172a1b494c41a0a438abfe0)
 

--- packet bytes=219 time=1780094951.428476460 ---
`|jDEBUG       #02 pc 0000000000074f48  /system/lib64/libandroid_servers.so (android::android_server_SystemServer_startMemtrackProxyService(_JNIEnv*, _jobject*)+44) (BuildId: e16d18fc70a5a18d11604be508968cf9)
 

--- packet bytes=169 time=1780094951.428519080 ---
`|j{DEBUG       #03 pc 0000000000979f50  /system/framework/oat/arm64/services.odex (art_jni_trampoline+112) (BuildId: a59d5c3278f32c7b199ba9f1752912dc4a10a5d8)
 

--- packet bytes=206 time=1780094951.428576200 ---
`|jh\DEBUG       #04 pc 00000000022d2b4c  /system/framework/oat/arm64/services.odex (com.android.server.SystemServer.startBootstrapServices+3020) (BuildId: a59d5c3278f32c7b199ba9f1752912dc4a10a5d8)
 

--- packet bytes=187 time=1780094951.428608360 ---
`|jDEBUG       #05 pc 00000000022d0ed8  /system/framework/oat/arm64/services.odex (com.android.server.SystemServer.run+4056) (BuildId: a59d5c3278f32c7b199ba9f1752912dc4a10a5d8)
 

--- packet bytes=187 time=1780094951.428640400 ---
`|jZDEBUG       #06 pc 00000000022cfa54  /system/framework/oat/arm64/services.odex (com.android.server.SystemServer.main+100) (BuildId: a59d5c3278f32c7b199ba9f1752912dc4a10a5d8)
 

--- packet bytes=130 time=1780094951.428667100 ---
`|jhDEBUG       #07 pc 0000000000210c00  /media/internal/android-usb/android-rootfs/apex/com.android.art/lib64/libart.so
 

--- packet bytes=130 time=1780094951.428693260 ---
`|j)DEBUG       #08 pc 0000000000279790  /media/internal/android-usb/android-rootfs/apex/com.android.art/lib64/libart.so
 

--- packet bytes=130 time=1780094951.428722440 ---
`|jDEBUG       #09 pc 0000000000602780  /media/internal/android-usb/android-rootfs/apex/com.android.art/lib64/libart.so
 

--- packet bytes=130 time=1780094951.428746720 ---
`|jDEBUG       #10 pc 0000000000584158  /media/internal/android-usb/android-rootfs/apex/com.android.art/lib64/libart.so
 

--- packet bytes=125 time=1780094951.428771260 ---
`|jZDEBUG       #11 pc 0000000000098148  /media/internal/android-usb/android-rootfs/system/framework/arm64/boot.oat
 

--- packet bytes=55 time=1780094951.438297220 ---
\|jmInstaller installd not found; trying again 

--- packet bytes=89 time=1780094951.592066280 ---
@|jI#Zygote Zygote failed to write to system_server FD: No such file or directory 

--- packet bytes=78 time=1780094951.592182960 ---
@|jllJ# Zygote Process 31814 exited due to signal 11 (Segmentation fault) 

--- packet bytes=80 time=1780094951.592196680 ---
@|j,J#Zygote Exit zygote because system server (pid 31814) has terminated 

--- dmesg focused ---
[13590.758676] binder: binder: WEBOS accept ioctl 0x40046210 no-op
[13590.758716] binder: binder_alloc_shim: binder_mmap enter filp=ffffffc09b117300 vma=ffffffc02faa0790 start=0x7e894dc000 end=0x7e895da000 flags=0x200071
[13590.758740] binder: binder_alloc_shim: update_page_range enter allocate=1 start=ffffff8002780000 end=ffffff8002781000 vma=ffffffc02faa0790
[13590.758745] binder: binder_alloc_shim: before __get_free_page GFP_KERNEL=0x24000c0
[13590.758753] binder: binder_alloc_shim: after __get_free_page addr=0xffffffc08b4d3000
[13590.758757] binder: binder_alloc_shim: virt_to_page page=ffffffbdc22d34c0
[13590.758764] binder: binder_alloc_shim: before vm_insert_page user_page_addr=0x7e894dc000 page=ffffffbdc22d34c0
[13590.758774] binder: binder_alloc_shim: after vm_insert_page ret=0
[13590.959397] binder: binder_alloc_shim: update_page_range enter allocate=1 start=ffffff8001e01000 end=ffffff8001e01000 vma=          (null)
[13590.959531] binder: binder_alloc_shim: update_page_range enter allocate=1 start=ffffff8002781000 end=ffffff8002781000 vma=          (null)
[13590.959560] binder: binder_alloc_shim: update_page_range enter allocate=0 start=ffffff8001e01000 end=ffffff8001e00000 vma=          (null)
[13590.959584] binder: binder_alloc_shim: update_page_range enter allocate=0 start=ffffff8002781000 end=ffffff8002780000 vma=          (null)
[13590.963629] binder: binder_alloc_shim: update_page_range enter allocate=1 start=ffffff8001e01000 end=ffffff8001e01000 vma=          (null)
[13590.963778] binder: binder_alloc_shim: update_page_range enter allocate=1 start=ffffff8002781000 end=ffffff8002781000 vma=          (null)
[13590.963828] binder: binder_alloc_shim: update_page_range enter allocate=0 start=ffffff8002781000 end=ffffff8002780000 vma=          (null)
[13590.963844] binder: binder_alloc_shim: update_page_range enter allocate=0 start=ffffff8001e01000 end=ffffff8001e00000 vma=          (null)
[13590.966538] binder: binder_alloc_shim: update_page_range enter allocate=1 start=ffffff8001e01000 end=ffffff8001e01000 vma=          (null)
[13590.966626] binder: binder_alloc_shim: update_page_range enter allocate=1 start=ffffff8002781000 end=ffffff8002781000 vma=          (null)
[13590.966665] binder: binder_alloc_shim: update_page_range enter allocate=0 start=ffffff8002781000 end=ffffff8002780000 vma=          (null)
[13590.966675] binder: binder_alloc_shim: update_page_range enter allocate=0 start=ffffff8001e01000 end=ffffff8001e00000 vma=          (null)
[13590.967500] binder: binder_alloc_shim: update_page_range enter allocate=1 start=ffffff8001e01000 end=ffffff8001e01000 vma=          (null)
[13590.967579] binder: binder_alloc_shim: update_page_range enter allocate=1 start=ffffff8002781000 end=ffffff8002781000 vma=          (null)
[13590.967650] binder: binder_alloc_shim: update_page_range enter allocate=0 start=ffffff8002781000 end=ffffff8002780000 vma=          (null)
[13590.967661] binder: binder_alloc_shim: update_page_range enter allocate=0 start=ffffff8001e01000 end=ffffff8001e00000 vma=          (null)
[13590.968316] binder: binder_alloc_shim: update_page_range enter allocate=1 start=ffffff8001e01000 end=ffffff8001e01000 vma=          (null)
[13590.968945] binder: binder_alloc_shim: update_page_range enter allocate=1 start=ffffff8002781000 end=ffffff8002781000 vma=          (null)
[13590.968981] binder: binder_alloc_shim: update_page_range enter allocate=0 start=ffffff8002781000 end=ffffff8002780000 vma=          (null)
[13590.968991] binder: binder_alloc_shim: update_page_range enter allocate=0 start=ffffff8001e01000 end=ffffff8001e00000 vma=          (null)
[13590.969131] binder: binder_alloc_shim: update_page_range enter allocate=1 start=ffffff8001e01000 end=ffffff8001e01000 vma=          (null)
[13590.969241] binder: binder_alloc_shim: update_page_range enter allocate=1 start=ffffff8002781000 end=ffffff8002781000 vma=          (null)
[13590.969268] binder: binder_alloc_shim: update_page_range enter allocate=0 start=ffffff8002781000 end=ffffff8002780000 vma=          (null)
[13590.969276] binder: binder_alloc_shim: update_page_range enter allocate=0 start=ffffff8001e01000 end=ffffff8001e00000 vma=          (null)
[13590.970056] binder: binder_alloc_shim: update_page_range enter allocate=1 start=ffffff8001e01000 end=ffffff8001e01000 vma=          (null)
[13590.970181] binder: binder_alloc_shim: update_page_range enter allocate=1 start=ffffff8002781000 end=ffffff8002781000 vma=          (null)
[13590.970207] binder: binder_alloc_shim: update_page_range enter allocate=0 start=ffffff8002781000 end=ffffff8002780000 vma=          (null)
[13590.970216] binder: binder_alloc_shim: update_page_range enter allocate=0 start=ffffff8001e01000 end=ffffff8001e00000 vma=          (null)
[13591.300567] binder: binder_alloc_shim: update_page_range enter allocate=1 start=ffffff8001e01000 end=ffffff8001e01000 vma=          (null)
[13591.300788] binder: binder_alloc_shim: update_page_range enter allocate=1 start=ffffff8002781000 end=ffffff8002781000 vma=          (null)
[13591.300822] binder: binder_alloc_shim: update_page_range enter allocate=0 start=ffffff8002781000 end=ffffff8002780000 vma=          (null)
[13591.300851] binder: binder_alloc_shim: update_page_range enter allocate=0 start=ffffff8001e01000 end=ffffff8001e00000 vma=          (null)
[13591.300907] binder: binder_alloc_shim: update_page_range enter allocate=1 start=ffffff8001e01000 end=ffffff8001e01000 vma=          (null)
[13591.301013] binder: binder_alloc_shim: update_page_range enter allocate=1 start=ffffff8002781000 end=ffffff8002781000 vma=          (null)
[13591.301035] binder: binder_alloc_shim: update_page_range enter allocate=0 start=ffffff8002781000 end=ffffff8002780000 vma=          (null)
[13591.301047] binder: binder_alloc_shim: update_page_range enter allocate=0 start=ffffff8001e01000 end=ffffff8001e00000 vma=          (null)
[13591.312295] binder: binder_alloc_shim: update_page_range enter allocate=1 start=ffffff8001e01000 end=ffffff8001e01000 vma=          (null)
[13591.312519] binder: binder_alloc_shim: update_page_range enter allocate=1 start=ffffff8002781000 end=ffffff8002781000 vma=          (null)
[13591.312555] binder: binder_alloc_shim: update_page_range enter allocate=0 start=ffffff8002781000 end=ffffff8002780000 vma=          (null)
[13591.312585] binder: binder_alloc_shim: update_page_range enter allocate=0 start=ffffff8001e01000 end=ffffff8001e00000 vma=          (null)
[13591.312991] binder: binder_alloc_shim: update_page_range enter allocate=1 start=ffffff8001e01000 end=ffffff8001e01000 vma=          (null)
[13591.313071] binder: binder_alloc_shim: update_page_range enter allocate=1 start=ffffff8002781000 end=ffffff8002781000 vma=          (null)
[13591.313099] binder: binder_alloc_shim: update_page_range enter allocate=0 start=ffffff8002781000 end=ffffff8002780000 vma=          (null)
[13591.313112] binder: binder_alloc_shim: update_page_range enter allocate=0 start=ffffff8001e01000 end=ffffff8001e00000 vma=          (null)
[13591.314829] binder: binder_alloc_shim: update_page_range enter allocate=1 start=ffffff8001e01000 end=ffffff8001e01000 vma=          (null)
[13591.315022] binder: binder_alloc_shim: update_page_range enter allocate=1 start=ffffff8002781000 end=ffffff8002781000 vma=          (null)
[13591.315083] binder: binder_alloc_shim: update_page_range enter allocate=0 start=ffffff8002781000 end=ffffff8002780000 vma=          (null)
[13591.315138] binder: binder_alloc_shim: update_page_range enter allocate=0 start=ffffff8001e01000 end=ffffff8001e00000 vma=          (null)
[13591.316294] binder: binder_alloc_shim: update_page_range enter allocate=1 start=ffffff8001e01000 end=ffffff8001e01000 vma=          (null)
[13591.316487] binder: binder_alloc_shim: update_page_range enter allocate=1 start=ffffff8002781000 end=ffffff8002781000 vma=          (null)
[13591.316522] binder: binder_alloc_shim: update_page_range enter allocate=0 start=ffffff8002781000 end=ffffff8002780000 vma=          (null)
[13591.316556] binder: binder_alloc_shim: update_page_range enter allocate=0 start=ffffff8001e01000 end=ffffff8001e00000 vma=          (null)
[13591.318938] binder: binder_alloc_shim: update_page_range enter allocate=1 start=ffffff8001e01000 end=ffffff8001e01000 vma=          (null)
[13591.327861] binder: binder_alloc_shim: update_page_range enter allocate=1 start=ffffff8002781000 end=ffffff8002781000 vma=          (null)
[13591.327904] binder: binder_alloc_shim: update_page_range enter allocate=0 start=ffffff8001e01000 end=ffffff8001e00000 vma=          (null)
[13591.328049] binder: binder_alloc_shim: update_page_range enter allocate=0 start=ffffff8002781000 end=ffffff8002780000 vma=          (null)
[13591.328593] binder: binder_alloc_shim: update_page_range enter allocate=1 start=ffffff8001e01000 end=ffffff8001e01000 vma=          (null)
[13591.328729] binder: binder_alloc_shim: update_page_range enter allocate=1 start=ffffff8002781000 end=ffffff8002781000 vma=          (null)
[13591.328746] binder: binder_alloc_shim: update_page_range enter allocate=0 start=ffffff8001e01000 end=ffffff8001e00000 vma=          (null)
[13591.328765] binder: binder_alloc_shim: update_page_range enter allocate=0 start=ffffff8002781000 end=ffffff8002780000 vma=          (null)
[13592.318208] binder: binder_alloc_shim: update_page_range enter allocate=1 start=ffffff8001e01000 end=ffffff8001e01000 vma=          (null)
[13592.318450] binder: binder_alloc_shim: update_page_range enter allocate=1 start=ffffff8002781000 end=ffffff8002781000 vma=          (null)
[13592.318489] binder: binder_alloc_shim: update_page_range enter allocate=0 start=ffffff8001e01000 end=ffffff8001e00000 vma=          (null)
[13592.318657] binder: binder_alloc_shim: update_page_range enter allocate=0 start=ffffff8002781000 end=ffffff8002780000 vma=          (null)

AFTER_LOGDW_SYSTEMSERVER_DONE
