--- pids ---
root      2416     1  0 23:42 ?        00:00:00 /system/bin/servicemanager
root      2417     1  0 23:42 ?        00:00:00 /system/bin/hwservicemanager
root      2418     1  0 23:42 ?        00:00:00 /vendor/bin/vndservicemanager
wam       4114  3021  0 21:02 ?        00:00:00 /usr/bin/WebAppMgr --type=zygote --disable-in-process-stack-traces --no-sandbox --no-sandbox --disable-quic
root     19897     1  0 23:29 ?        00:00:00 /media/internal/android-usb/android-sidecar/bin/property_service_ack_shim /media/internal/android-usb/android-rootfs/dev/socket/property_service

--- zygote log ---
Zygote: Zygote failed to write to system_server FD: No such file or directory
Zygote: Process 2493 exited due to signal 9 (Killed)
Zygote: Exit zygote because system server (pid 2493) has terminated

--- dmesg focused ---
[ 9584.868810] binder: -1989498624:0 ioctl 40046210 7fce1c9650 returned -22
[ 9584.868870] binder: binder_alloc_shim: binder_mmap enter filp=ffffffc028c4cb00 vma=ffffffc0322a48f0 start=0x7eb628a000 end=0x7eb6388000 flags=0x200071
[ 9584.868895] binder: binder_alloc_shim: update_page_range enter allocate=1 start=ffffff8002780000 end=ffffff8002781000 vma=ffffffc0322a48f0
[ 9584.868900] binder: binder_alloc_shim: before __get_free_page GFP_KERNEL=0x24000c0
[ 9584.868906] binder: binder_alloc_shim: after __get_free_page addr=0xffffffc08e1a1000
[ 9584.868910] binder: binder_alloc_shim: virt_to_page page=ffffffbdc2386840
[ 9584.868916] binder: binder_alloc_shim: before vm_insert_page user_page_addr=0x7eb628a000 page=ffffffbdc2386840
[ 9584.868925] binder: binder_alloc_shim: after vm_insert_page ret=0
[ 9585.054707] binder: binder_alloc_shim: update_page_range enter allocate=1 start=ffffff8001d81000 end=ffffff8001d81000 vma=          (null)
[ 9585.054824] binder: binder_alloc_shim: update_page_range enter allocate=1 start=ffffff8002781000 end=ffffff8002781000 vma=          (null)
[ 9585.054848] binder: binder_alloc_shim: update_page_range enter allocate=0 start=ffffff8001d81000 end=ffffff8001d80000 vma=          (null)
[ 9585.054874] binder: binder_alloc_shim: update_page_range enter allocate=0 start=ffffff8002781000 end=ffffff8002780000 vma=          (null)
[ 9585.057792] binder: binder_alloc_shim: update_page_range enter allocate=1 start=ffffff8001d81000 end=ffffff8001d81000 vma=          (null)
[ 9585.057967] binder: binder_alloc_shim: update_page_range enter allocate=1 start=ffffff8002781000 end=ffffff8002781000 vma=          (null)
[ 9585.058036] binder: binder_alloc_shim: update_page_range enter allocate=0 start=ffffff8001d81000 end=ffffff8001d80000 vma=          (null)
[ 9585.058093] binder: binder_alloc_shim: update_page_range enter allocate=0 start=ffffff8002781000 end=ffffff8002780000 vma=          (null)
[ 9585.060452] binder: binder_alloc_shim: update_page_range enter allocate=1 start=ffffff8001d81000 end=ffffff8001d81000 vma=          (null)
[ 9585.060639] binder: binder_alloc_shim: update_page_range enter allocate=1 start=ffffff8002781000 end=ffffff8002781000 vma=          (null)
[ 9585.060699] binder: binder_alloc_shim: update_page_range enter allocate=0 start=ffffff8001d81000 end=ffffff8001d80000 vma=          (null)
[ 9585.060748] binder: binder_alloc_shim: update_page_range enter allocate=0 start=ffffff8002781000 end=ffffff8002780000 vma=          (null)
[ 9585.061550] binder: binder_alloc_shim: update_page_range enter allocate=1 start=ffffff8001d81000 end=ffffff8001d81000 vma=          (null)
[ 9585.061699] binder: binder_alloc_shim: update_page_range enter allocate=1 start=ffffff8002781000 end=ffffff8002781000 vma=          (null)
[ 9585.061757] binder: binder_alloc_shim: update_page_range enter allocate=0 start=ffffff8001d81000 end=ffffff8001d80000 vma=          (null)
[ 9585.061803] binder: binder_alloc_shim: update_page_range enter allocate=0 start=ffffff8002781000 end=ffffff8002780000 vma=          (null)
[ 9585.062457] binder: binder_alloc_shim: update_page_range enter allocate=1 start=ffffff8001d81000 end=ffffff8001d81000 vma=          (null)
[ 9585.062614] binder: binder_alloc_shim: update_page_range enter allocate=1 start=ffffff8002781000 end=ffffff8002781000 vma=          (null)
[ 9585.062679] binder: binder_alloc_shim: update_page_range enter allocate=0 start=ffffff8001d81000 end=ffffff8001d80000 vma=          (null)
[ 9585.062725] binder: binder_alloc_shim: update_page_range enter allocate=0 start=ffffff8002781000 end=ffffff8002780000 vma=          (null)
[ 9585.062891] binder: binder_alloc_shim: update_page_range enter allocate=1 start=ffffff8001d81000 end=ffffff8001d81000 vma=          (null)
[ 9585.062969] binder: binder_alloc_shim: update_page_range enter allocate=1 start=ffffff8002781000 end=ffffff8002781000 vma=          (null)
[ 9585.063006] binder: binder_alloc_shim: update_page_range enter allocate=0 start=ffffff8001d81000 end=ffffff8001d80000 vma=          (null)
[ 9585.063035] binder: binder_alloc_shim: update_page_range enter allocate=0 start=ffffff8002781000 end=ffffff8002780000 vma=          (null)
[ 9585.063861] binder: binder_alloc_shim: update_page_range enter allocate=1 start=ffffff8001d81000 end=ffffff8001d81000 vma=          (null)
[ 9585.064047] binder: binder_alloc_shim: update_page_range enter allocate=1 start=ffffff8002781000 end=ffffff8002781000 vma=          (null)
[ 9585.064099] binder: binder_alloc_shim: update_page_range enter allocate=0 start=ffffff8001d81000 end=ffffff8001d80000 vma=          (null)
[ 9585.064139] binder: binder_alloc_shim: update_page_range enter allocate=0 start=ffffff8002781000 end=ffffff8002780000 vma=          (null)
[ 9585.357260] binder: binder_alloc_shim: update_page_range enter allocate=1 start=ffffff8001d81000 end=ffffff8001d81000 vma=          (null)
[ 9585.357429] binder: binder_alloc_shim: update_page_range enter allocate=1 start=ffffff8002781000 end=ffffff8002781000 vma=          (null)
[ 9585.357470] binder: binder_alloc_shim: update_page_range enter allocate=0 start=ffffff8002781000 end=ffffff8002780000 vma=          (null)
[ 9585.357495] binder: binder_alloc_shim: update_page_range enter allocate=0 start=ffffff8001d81000 end=ffffff8001d80000 vma=          (null)

--- service list ---
Found 1 services:
0	manager: [android.os.IServiceManager]
service_list_rc=0

AFTER_ALL_LIBBINDER_SPAM_PATCH_DONE
