--- kill android logd/logcat and stale capture ---
--- prepare socket dir ---
--- start direct logdw capture ---
cap_pid=4532
--- logdw socket ---
srw-rw-rw-    1 root     root             0 May 30 01:01 /media/internal/android-usb/android-rootfs/dev/socket/logdw
LOGDW_CAPTURE_READY path=/dev/socket/logdw fd=3
--- clear dmesg ---
--- start zygote/system_server ---
--- cleanup old zygotes/wrappers ---

--- sanity patches ---
storage abort call @ 0x1ca198, should be 1f 20 03 d5:  1f 20 03 d5
SetTaskProfiles call @ 0x1ca1b0, should be 20 00 80 52:  20 00 80 52
SetTaskProfiles tbz @ 0x1ca208, should be 1f 20 03 d5:  1f 20 03 d5

--- classpath ---
BOOTCLASSPATH length: 1624
SYSTEMSERVERCLASSPATH length: 463

--- start zygote + system_server ---

--- pids ---
4564 4558 2877 2867

--- android-ish scan ---
PID=2867 COMM=main CMD=zygote64                                                                                                              
  Name:	main
  State:	S (sleeping)
  Tgid:	2867
  Ngid:	0
  Pid:	2867
  PPid:	1
  TracerPid:	0
  Uid:	0	0	0	0
PID=2877 COMM=system_server CMD=system_server                                                                                                         
  Name:	system_server
  State:	S (sleeping)
  Tgid:	2877
  Ngid:	0
  Pid:	2877
  PPid:	2867
  TracerPid:	0
  Uid:	1000	1000	1000	1000
PID=4114 COMM=WebAppMgr CMD=/usr/bin/WebAppMgr --type=zygote --disable-in-process-stack-traces --no-sandbox --no-sandbox --disable-quic 
  Name:	WebAppMgr
  State:	S (sleeping)
  Tgid:	4114
  Ngid:	0
  Pid:	4114
  PPid:	3021
  TracerPid:	0
  Uid:	505	505	505	505
PID=4537 COMM=sh CMD=sh /tmp/try-zygote-start-system-server-v2.sh 
  Name:	sh
  State:	S (sleeping)
  Tgid:	4537
  Ngid:	0
  Pid:	4537
  PPid:	4522
  TracerPid:	0
  Uid:	0	0	0	0
PID=4558 COMM=main CMD=zygote64                                                                                                              
  Name:	main
  State:	S (sleeping)
  Tgid:	4558
  Ngid:	0
  Pid:	4558
  PPid:	4537
  TracerPid:	0
  Uid:	0	0	0	0
PID=4564 COMM=system_server CMD=system_server                                                                                                         
  Name:	system_server
  State:	S (sleeping)
  Tgid:	4564
  Ngid:	0
  Pid:	4564
  PPid:	4558
  TracerPid:	0
  Uid:	1000	1000	1000	1000

--- sockets ---
srw-rw-rw-    1 root     root             0 May 30 01:01 usap_pool_primary
srw-rw-rw-    1 root     root             0 May 30 01:01 zygote

--- log tail ---
--- collect ---
--- pids ---
root      2867     1  1 01:00 ?        00:00:02 zygote64
1000      2877  2867  1 01:00 ?        00:00:01 system_server
wam       4114  3021  0 May29 ?        00:00:01 /usr/bin/WebAppMgr --type=zygote --disable-in-process-stack-traces --no-sandbox --no-sandbox --disable-quic
root      4452     1  0 01:01 ?        00:00:00 /system/bin/servicemanager
root      4455     1  0 01:01 ?        00:00:00 /system/bin/hwservicemanager
root      4457     1  0 01:01 ?        00:00:00 /vendor/bin/vndservicemanager
root      4558     1 12 01:01 ?        00:00:02 zygote64
1000      4564  4558  6 01:02 ?        00:00:00 system_server
root     19897     1  0 May29 ?        00:00:00 /media/internal/android-usb/android-sidecar/bin/property_service_ack_shim /media/internal/android-usb/android-rootfs/dev/socket/property_service

--- zygote log ---

--- capture stderr ---
LOGDW_CAPTURE_READY path=/dev/socket/logdw fd=3

--- logdw fatal/exceptions ---
`jc(HidlServiceManagement Waited for hwservicemanager.ready for a second, waiting another... 
Yj:ServiceManager error in getService
android.os.DeadObjectException
	at android.os.IServiceManager$Stub$Proxy.checkService(IServiceManager.java:421)
	at android.os.ServiceManagerProxy.getService(ServiceManagerNative.java:63)
	at android.os.ServiceManager.rawGetService(ServiceManager.java:372)
	at android.os.ServiceManager.getService(ServiceManager.java:147)
Yj:Installer installd not found; trying again 
HidlServiceManagement Waited for hwservicemanager.ready for a second, waiting another... 
`j(HidlServiceManagement Waited for hwservicemanager.ready for a second, waiting another... 
Yjt:ServiceManager error in getService
android.os.DeadObjectException
	at android.os.IServiceManager$Stub$Proxy.checkService(IServiceManager.java:421)
	at android.os.ServiceManagerProxy.getService(ServiceManagerNative.java:63)
	at android.os.ServiceManager.rawGetService(ServiceManager.java:372)
	at android.os.ServiceManager.getService(ServiceManager.java:147)
Yjt@:Installer installd not found; trying again 
HidlServiceManagement Waited for hwservicemanager.ready for a second, waiting another... 
`j(HidlServiceManagement Waited for hwservicemanager.ready for a second, waiting another... 
Yj9%;ServiceManager error in getService
android.os.DeadObjectException
	at android.os.IServiceManager$Stub$Proxy.checkService(IServiceManager.java:421)
	at android.os.ServiceManagerProxy.getService(ServiceManagerNative.java:63)
	at android.os.ServiceManager.rawGetService(ServiceManager.java:372)
	at android.os.ServiceManager.getService(ServiceManager.java:147)
Yj);Installer installd not found; trying again 
jYAndroidRuntime >>>>>> START com.android.internal.os.ZygoteInit uid 0 <<<<<<
jAndroidRuntime Using default boot image 
jPAndroidRuntime Leaving lock profiling enabled 
j^cutils-trace Error opening trace file: No such file or directory (2) 
j,zygote64 option[0]=-Xzygote 
jzygote64 option[1]=-Xdeny-art-apex-data-files 
jXzygote64 option[2]=exit 
jlzygote64 option[3]=vfprintf 
jzygote64 option[4]=sensitiveThread 
j!zygote64 option[5]=-verbose:gc 
jzygote64 option[6]=-XX:PerfettoHprof=true 
j Zzygote64 option[7]=-XX:PerfettoJavaHeapStackProf=true 
jzygote64 option[8]=-Xprimaryzygote 
jx~zygote64 option[9]=-Xms8m 
zygote64 option[10]=-Xmx512m 
jzygote64 option[11]=-XX:HeapGrowthLimit=192m 
jH/zygote64 option[12]=-XX:HeapMinFree=8m 
jzygote64 option[13]=-XX:HeapMaxFree=16m 
jZzygote64 option[14]=-XX:HeapTargetUtilization=0.6 
jzygote64 option[15]=-Xusejit:true 
jzygote64 option[16]=-Xjitsaveprofilinginfo 
j(zygote64 option[17]=-XMadviseWillNeedVdexFileSize:104857600 
j<zygote64 option[18]=-XMadviseWillNeedOdexFileSize:104857600 
j]zygote64 option[19]=-XMadviseWillNeedArtFileSize:4294967295 
jzygote64 option[20]=-XjdwpOptions:suspend=n,server=y 
j\zygote64 option[21]=-XjdwpProvider:default 
jzygote64 option[22]=-Xopaque-jni-ids:swapable 
jzygote64 option[23]=-Xlockprofthreshold:500 
jHzygote64 option[24]=-Xcompiler-option 
jzygote64 option[25]=--instruction-set-variant=generic 
jpzygote64 option[26]=-Xcompiler-option 
jPzygote64 option[27]=--instruction-set-features=default 
jhzygote64 option[28]=-Xcompiler-option 
j.zygote64 option[29]=--generate-mini-debug-info 
jzygote64 option[30]=-Ximage-compiler-option 
jY	zygote64 option[31]=--runtime-arg 
j	zygote64 option[32]=-Ximage-compiler-option 
zygote64 option[33]=-Xms64m 
jzygote64 option[34]=-Ximage-compiler-option 
jzygote64 option[35]=--runtime-arg 
j7zygote64 option[36]=-Ximage-compiler-option 
j,d zygote64 option[37]=-Xmx64m 
jzygote64 option[38]=-Ximage-compiler-option 
jPzygote64 option[39]=--dirty-image-objects=/system/etc/dirty-image-objects 
j7zygote64 option[40]=-Ximage-compiler-option 
jzygote64 option[41]=--instruction-set-variant=generic 
jbzygote64 option[42]=-Ximage-compiler-option 
jzygote64 option[43]=--instruction-set-features=default 
jTzygote64 option[44]=-Ximage-compiler-option 
jzygote64 option[45]=--generate-mini-debug-info 
j<zygote64 option[46]=-Duser.locale=en-US 
j Gzygote64 option[47]=--cpu-abilist=arm64-v8a 
jTzygote64 option[48]=-Xcore-platform-api-policy:just-warn 
jzygote64 option[49]=-Xfingerprint:waydroid/lineage_waydroid_arm64_only/waydroid_arm64_only:13/TQ3A.230901.001/eng.aleast.20260403.072834:userdebug/test-keys 
jNzygote64 ART APEX data files are untrusted. 
jzygote64 Core platform API reporting enabled, enforcing=false 
HidlServiceManagement Waited for hwservicemanager.ready for a second, waiting another... 
jP#zygote64 Time zone APEX ICU file found: /apex/com.android.tzdata/etc/icu/icu_tzdata.dat 
j'%zygote64 I18n APEX ICU file found: /apex/com.android.i18n/etc/icu/icudt70l.dat 
jKHzygote64 fcntl(F_ADD_SEALS) failed: Invalid argument, no memfd support. 
jIzygote64 Falling back to ashmem implementation for JIT zygote mapping 
jdMashmem Unable to open ashmem device /dev/ashmem89186ff2-684d-4810-8e23-866a9bc61396 (error = No such file or directory) and /dev/ashmem(error = No such file or directory) 
jNzygote64 Failed to create JIT Code Cache: Failed to create zygote mapping: No such file or directory 
j0Nzygote64 Missing code cache, cannot create JIT. 
jZygote begin preload 
jdZygote Calling ZygoteHooks.beginPreload() 
jK!Zygote64Timing BeginPreload took to complete: 127ms 
jNQ!Zygote Preloading classes... 
jxY!Zygote ...preloaded 0 classes in 1ms. 
jj[!Zygote64Timing PreloadClasses took to complete: 1ms 
jS!ApplicationLoaders Created zygote-cached class loader: /system/framework/android.hidl.base-V1.0-java.jar 
jo!ApplicationLoaders Created zygote-cached class loader: /system/framework/android.hidl.manager-V1.0-java.jar 
j"ApplicationLoaders Created zygote-cached class loader: /system/framework/android.test.base.jar 
j,d"Zygote64Timing CacheNonBootClasspathClassLoaders took to complete: 12ms 
j1%Zygote Preloading resources... 
jj(Zygote ...preloaded 64 resources in 43ms. 
`j\m(HidlServiceManagement Waited for hwservicemanager.ready for a second, waiting another... 
j`(Zygote ...preloaded 41 resources in 8ms. 
j)Zygote ...preloaded 8 resource in 4ms. 
jE )Zygote64Timing PreloadResources took to complete: 118ms 
j*Zygote Preloading shared libraries... 
jtE*zygote64 Unable to find pattern file or unable to map it for am 
jh*Zygote Called ZygoteHooks.endPreload() 
j@=v* Zygote Installed AndroidKeyStoreProvider in 0ms. 
jd-*Zygote Warmed up JCA providers in 7ms. 
j*Zygote end preload 
j*Zygote64Timing ZygotePreload took to complete: 288ms 
j|2a, zygote64 Explicit concurrent copying GC freed 32762(1544KB) AllocSpace objects, 11(288KB) LOS objects, 95% free, 1274KB/25MB, paused 76us,28us total 24.252ms 
j-zygote64 Explicit concurrent copying GC freed 2275(125KB) AllocSpace objects, 0(0B) LOS objects, 95% free, 1180KB/25MB, paused 31us,26us total 17.412ms 
j-Zygote64Timing PostZygoteInitGC took to complete: 44ms 
j-Zygote64Timing ZygoteInit took to complete: 350ms 
j-Zygote Unable to fetch Zygote socket file descriptor 
j,-Zygote Unable to fetch USAP pool socket file descriptor 
YjHpp; ServiceManager error in getService
android.os.DeadObjectException
	at android.os.IServiceManager$Stub$Proxy.checkService(IServiceManager.java:421)
	at android.os.ServiceManagerProxy.getService(ServiceManagerNative.java:63)
	at android.os.ServiceManager.rawGetService(ServiceManager.java:372)
	at android.os.ServiceManager.getService(ServiceManager.java:147)
YjDu;Installer installd not found; trying again 
HidlServiceManagement Waited for hwservicemanager.ready for a second, waiting another... 
`j(HidlServiceManagement Waited for hwservicemanager.ready for a second, waiting another... 
jfH4Zygote Forked child process 4564 
jK4Zygote System server process 4564 has been created 
jd]4Zygote Accepting command socket connections 
j|9zygote64 open() failed for /dev/cgroup_info/cgroup.rc: No such file or directory 
jU9libprocessgroup CgroupMap::LoadRcFile called for [4564] failed 
j8T9system_server Failed to upload odrefresh metrics: file parsing error. 
jl:SystemServerTiming InitBeforeStartServices 
j4:SystemServer persist.sys.timezone is not valid (); setting to GMT. 
j*:SystemServer Entered the Android system server! 
Yj<9ServiceManager error in getService
android.os.DeadObjectException
	at android.os.IServiceManager$Stub$Proxy.checkService(IServiceManager.java:421)
	at android.os.ServiceManagerProxy.getService(ServiceManagerNative.java:63)
	at android.os.ServiceManager.rawGetService(ServiceManager.java:372)
	at android.os.ServiceManager.getService(ServiceManager.java:147)
Yj0]Installer installd not found; trying again 
HidlServiceManagement Waited for hwservicemanager.ready for a second, waiting another... 
jH?f SystemServerInitThreadPool Creating instance with 4 threads 
jSystemServerTiming InitBeforeStartServices took to complete: 547ms 
jTSystemServerTiming StartServices 
jxSystemServerTiming startBootstrapServices 
j`SystemServerTiming StartWatchdog 
j0 SystemServerTiming StartWatchdog took to complete: 4ms 
jd SystemServer Reading configuration... 
j SystemServerTiming ReadingSystemConfig 
j	 SystemServerTiming ReadingSystemConfig took to complete: 1ms 
 SystemServerTiming PlatformCompat 
j1 SystemServerTimingAsync InitThreadPoolExec:ReadingSystemConfig 
j SystemServerInitThreadPool Started executing ReadingSystemConfig 
j|" SystemConfig Reading permissions from /system/etc/sysconfig/preinstalled-packages-platform.xml 
j$-!SystemConfig Reading permissions from /system/etc/sysconfig/hiddenapi-package-whitelist.xml 
j9!CompatConfig No directory /apex/com.android.permission/etc/compatconfig, skipping 
jT!SystemConfig Reading permissions from /system/etc/sysconfig/preinstalled-packages-com.android.providers.media.module.xml 
jVl!SystemConfig Reading permissions from /system/etc/sysconfig/framework-sysconfig.xml 
jS!SystemConfig Reading permissions from /system/etc/sysconfig/preinstalled-packages-platform-full-base.xml 
j!SystemConfig Reading permissions from /system/etc/permissions/android.test.mock.xml 
j#!SystemConfig Reading permissions from /system/etc/permissions/com.android.intentresolver.xml 
j!SystemServerTiming PlatformCompat took to complete: 27ms 
j!SystemServerTiming StartFileIntegrityService 
j4I!SystemServiceManager Starting com.android.server.security.FileIntegrityService 
j$!SystemConfig Reading permissions from /system/etc/permissions/javax.obex.xml 
j$!SystemConfig Reading permissions from /system/etc/permissions/android.software.live_wallpaper.xml 
j"SystemConfig Reading permissions from /system/etc/permissions/com.android.mediadrm.signer.xml 
j"SystemConfig Reading permissions from /system/etc/permissions/com.android.media.remotedisplay.xml 
jc"SystemConfig Reading permissions from /system/etc/permissions/com.android.location.provider.xml 
j+"SystemConfig Reading permissions from /system/etc/permissions/com.android.documentsui.xml 
jNF"SystemConfig Reading permissions from /system/etc/permissions/pc.xml 
j$HX" SystemConfig Reading permissions from /system/etc/permissions/privapp_allowlist_com.android.adservices.api.xml 
jc"SystemServerTiming StartFileIntegrityService took to complete: 12ms 
jc"SystemServerTiming StartInstaller 
jd"SystemServiceManager Starting com.android.server.pm.Installer 
j(h"SystemConfig Reading permissions from /system/etc/permissions/android.software.webview.xml 
j.i"Installer installd not found; trying again 
jvv"SystemConfig Reading permissions from /system/etc/permissions/android.test.runner.xml 
j$>"SystemConfig Reading permissions from /system/etc/permissions/android.software.freeform_window_management.xml 
jt"SystemServerTiming StartInstaller took to complete: 3ms 
j@"SystemServerTiming DeviceIdentifiersPolicyService 
j"SystemServiceManager Starting com.android.server.os.DeviceIdentifiersPolicyService 
j"SystemServerTiming DeviceIdentifiersPolicyService took to complete: 0ms 
j`"SystemServerTiming UriGrantsManagerService 
j"SystemConfig Reading permissions from /system/etc/permissions/android.test.base.xml 
j "SystemServiceManager Starting com.android.server.uri.UriGrantsManagerService$Lifecycle 
jl"SystemConfig Reading permissions from /system/etc/permissions/com.android.future.usb.accessory.xml 
j"SystemServerTiming UriGrantsManagerService took to complete: 2ms 
jj"SystemServerTiming StartPowerStatsService 
j"SystemServiceManager Starting com.android.server.powerstats.PowerStatsService 
j"SystemConfig Reading permissions from /system/etc/permissions/org.apache.http.legacy.xml 
dj"servicemanager Could not find android.hardware.power.stats.IPowerStats/default in the VINTF manifest. 
jH_"SystemConfig Reading permissions from /system/etc/permissions/com.android.networkstack.xml 
j<"PowerStatsService nativeInit failed to connect to power.stats HAL 
jP"SystemServerTiming StartPowerStatsService took to complete: 2ms 
jp"SystemServerTiming StartIStatsService 
j;"SystemServerTiming StartIStatsService took to complete: 0ms 
j"SystemServerTiming MemtrackProxyService 
j"SystemServerTiming MemtrackProxyService took to complete: 0ms 
j"SystemServerTiming StartActivityManager 
j"SystemServiceManager Starting com.android.server.wm.ActivityTaskManagerService$Lifecycle 
jb"SystemConfig Reading permissions from /system/etc/permissions/privapp-permissions-platform.xml 
jh=#SystemServiceManager Starting com.android.server.am.ActivityManagerService$Lifecycle 
j0J#ActivityManager Memory class: 192 
jt#SystemConfig Reading permissions from /system/etc/permissions/privapp_allowlist_com.android.providers.media.module.xml 
jx#SystemConfig Reading permissions from /system/etc/permissions/platform.xml 
j $SystemConfig Reading permissions from /vendor/etc/permissions/android.hardware.audio.low_latency.xml 
j2$SystemConfig Reading permissions from /vendor/etc/permissions/android.hardware.sensor.relative_humidity.xml 
j @$SystemConfig Reading permissions from /vendor/etc/permissions/android.hardware.ethernet.xml 
j`GM$ SystemConfig Reading permissions from /vendor/etc/permissions/android.hardware.vulkan.compute.xml 
jX$SystemConfig Reading permissions from /vendor/etc/permissions/android.software.sip.voip.xml 
j9c$SystemConfig Reading permissions from /vendor/etc/permissions/android.hardware.camera.flash-autofocus.xml 
jm$SystemConfig Reading permissions from /vendor/etc/permissions/android.hardware.opengles.aep.xml 
jt&x$ SystemConfig Reading permissions from /vendor/etc/permissions/android.hardware.sensor.light.xml 
j=$SystemConfig Reading permissions from /vendor/etc/permissions/android.hardware.camera.full.xml 
j$SystemConfig Reading permissions from /vendor/etc/permissions/android.hardware.sensor.proximity.xml 
j $SystemConfig Reading permissions from /vendor/etc/permissions/android.hardware.vulkan.version.xml 
jD$SystemConfig Reading permissions from /vendor/etc/permissions/android.hardware.camera.front.xml 
j$SystemConfig Reading permissions from /vendor/etc/permissions/android.hardware.location.gps.xml 
j$SystemConfig Reading permissions from /vendor/etc/permissions/android.hardware.camera.raw.xml 
j$SystemConfig Reading permissions from /vendor/etc/permissions/android.hardware.vulkan.level.xml 
j$SystemConfig Reading permissions from /vendor/etc/permissions/android.hardware.touchscreen.xml 
j$SystemConfig Reading permissions from /vendor/etc/permissions/handheld_core_hardware.xml 
j%SystemConfig Reading permissions from /vendor/etc/permissions/android.hardware.usb.accessory.xml 
j|%SystemConfig Reading permissions from /vendor/etc/permissions/android.software.verified_boot.xml 
j'%SystemConfig Reading permissions from /vendor/etc/permissions/android.hardware.sensor.ambient_temperature.xml 
j`5%SystemConfig Reading permissions from /vendor/etc/permissions/android.hardware.sensor.barometer.xml 
jB%SystemConfig Reading permissions from /vendor/etc/permissions/android.hardware.sensor.gyroscope.xml 
jDdd% SystemConfig Reading permissions from /vendor/etc/permissions/android.hardware.wifi.xml 
j.%SystemConfig No directory /product/etc/permissions, skipping 
jhq%SystemConfig No directory /system_ext/etc/permissions, skipping 
jl%SystemConfig Reading permissions from /apex/com.android.tethering/etc/permissions/permissions.xml 
j%SystemConfig Reading permissions from /apex/com.android.permission/etc/permissions/privapp_allowlist_com.android.permissioncontroller.xml 
j%SystemConfig Reading permissions from /apex/com.android.mediaprovider/etc/permissions/privapp_allowlist_com.android.providers.media.module.xml 
j%SystemConfig Reading permissions from /apex/com.android.ipsec/etc/permissions/android.net.ipsec.ike.xml 
jX&SystemConfig Reading permissions from /apex/com.android.extservices/etc/permissions/privapp_allowlist_android.ext.services.xml 
j,?&SystemConfig Reading permissions from /apex/com.android.btservices/etc/permissions/privapp_allowlist_com.android.bluetooth.xml 
jdU&SystemConfig Reading permissions from /apex/com.android.adservices/etc/permissions/privapp_allowlist_com.android.adservices.api.xml 
jr&SystemConfig readAllPermissions took to complete: 107ms 
jt&SystemServerInitThreadPool Finished executing ReadingSystemConfig 
jDt&SystemServerTimingAsync InitThreadPoolExec:ReadingSystemConfig took to complete: 107ms 
j&LowMemDetector Failed to register psi trigger 
jk(KernelSingleProcCpuThreadRdr Failed to start tracking process CPU times for 4564 
`jX(HidlServiceManagement Waited for hwservicemanager.ready for a second, waiting another... 
jW.OomAdjuster Not killing cached processes 
jQ	/SystemServerTiming StartActivityManager took to complete: 205ms 
/ SystemServerTiming StartDataLoaderManagerService 
jc/SystemServiceManager Starting com.android.server.pm.DataLoaderManagerService 
j /SystemServerTiming StartDataLoaderManagerService took to complete: 2ms 
j!/SystemServerTiming StartIncrementalService 
j"/SystemServerTiming StartIncrementalService took to complete: 0ms 
jA#/SystemServerTiming StartPowerManager 
j5$/SystemServiceManager Starting com.android.server.power.PowerManagerService 
dj/servicemanager Since 'android.system.suspend.ISystemSuspend/default' could not be found, trying to start it as a lazy AIDL service 
Yj^ServiceManager error in getService
android.os.DeadObjectException
	at android.os.IServiceManager$Stub$Proxy.checkService(IServiceManager.java:421)
	at android.os.ServiceManagerProxy.getService(ServiceManagerNative.java:63)
	at android.os.ServiceManager.rawGetService(ServiceManager.java:372)
	at android.os.ServiceManager.getService(ServiceManager.java:147)
Yj_Installer installd not found; trying again 
HidlServiceManagement Waited for hwservicemanager.ready for a second, waiting another... 
j0i"Installer installd not found; trying again 
`j~(HidlServiceManagement Waited for hwservicemanager.ready for a second, waiting another... 
j (HidlServiceManagement Waited for hwservicemanager.ready for a second, waiting another... 
j`0ServiceManager Waited one second for android.system.suspend.ISystemSuspend/default (is service started? are binder threads started and available?) 
dj0servicemanager Since 'android.system.suspend.ISystemSuspend/default' could not be found, trying to start it as a lazy AIDL service 
YjServiceManager error in getService
android.os.DeadObjectException
	at android.os.IServiceManager$Stub$Proxy.checkService(IServiceManager.java:421)
	at android.os.ServiceManagerProxy.getService(ServiceManagerNative.java:63)
	at android.os.ServiceManager.rawGetService(ServiceManager.java:372)
	at android.os.ServiceManager.getService(ServiceManager.java:147)
YjInstaller installd not found; trying again 
HidlServiceManagement Waited for hwservicemanager.ready for a second, waiting another... 
j'"Installer installd not found; trying again 
`j<(HidlServiceManagement Waited for hwservicemanager.ready for a second, waiting another... 
jxS)HidlServiceManagement Waited for hwservicemanager.ready for a second, waiting another... 
jH0ServiceManager Waited one second for android.system.suspend.ISystemSuspend/default (is service started? are binder threads started and available?) 
djD0servicemanager Since 'android.system.suspend.ISystemSuspend/default' could not be found, trying to start it as a lazy AIDL service 
YjMServiceManager error in getService
android.os.DeadObjectException
	at android.os.IServiceManager$Stub$Proxy.checkService(IServiceManager.java:421)
	at android.os.ServiceManagerProxy.getService(ServiceManagerNative.java:63)
	at android.os.ServiceManager.rawGetService(ServiceManager.java:372)
	at android.os.ServiceManager.getService(ServiceManager.java:147)
YjInstaller installd not found; trying again 
HidlServiceManagement Waited for hwservicemanager.ready for a second, waiting another... 
jTk"Installer installd not found; trying again 
`j&(HidlServiceManagement Waited for hwservicemanager.ready for a second, waiting another... 
j)HidlServiceManagement Waited for hwservicemanager.ready for a second, waiting another... 
jl.!0 ServiceManager Waited one second for android.system.suspend.ISystemSuspend/default (is service started? are binder threads started and available?) 
dj<6&0 servicemanager Since 'android.system.suspend.ISystemSuspend/default' could not be found, trying to start it as a lazy AIDL service 
YjHServiceManager error in getService
android.os.DeadObjectException
	at android.os.IServiceManager$Stub$Proxy.checkService(IServiceManager.java:421)
	at android.os.ServiceManagerProxy.getService(ServiceManagerNative.java:63)
	at android.os.ServiceManager.rawGetService(ServiceManager.java:372)
	at android.os.ServiceManager.getService(ServiceManager.java:147)
YjKInstaller installd not found; trying again 
HidlServiceManagement Waited for hwservicemanager.ready for a second, waiting another... 
jlOI# Installer installd not found; trying again 
`j(HidlServiceManagement Waited for hwservicemanager.ready for a second, waiting another... 
jM)HidlServiceManagement Waited for hwservicemanager.ready for a second, waiting another... 
j4-0ServiceManager Waited one second for android.system.suspend.ISystemSuspend/default (is service started? are binder threads started and available?) 
djJ20servicemanager Since 'android.system.suspend.ISystemSuspend/default' could not be found, trying to start it as a lazy AIDL service 
YjServiceManager error in getService
android.os.DeadObjectException
	at android.os.IServiceManager$Stub$Proxy.checkService(IServiceManager.java:421)
	at android.os.ServiceManagerProxy.getService(ServiceManagerNative.java:63)
	at android.os.ServiceManager.rawGetService(ServiceManager.java:372)
	at android.os.ServiceManager.getService(ServiceManager.java:147)
YjInstaller installd not found; trying again 
 HidlServiceManagement Waited for hwservicemanager.ready for a second, waiting another... 
j#Installer installd not found; trying again 
`j (HidlServiceManagement Waited for hwservicemanager.ready for a second, waiting another... 
je)HidlServiceManagement Waited for hwservicemanager.ready for a second, waiting another... 
jX90ServiceManager Waited one second for android.system.suspend.ISystemSuspend/default (is service started? are binder threads started and available?) 
djX>0servicemanager Since 'android.system.suspend.ISystemSuspend/default' could not be found, trying to start it as a lazy AIDL service 
Yj0ServiceManager error in getService
android.os.DeadObjectException
	at android.os.IServiceManager$Stub$Proxy.checkService(IServiceManager.java:421)
	at android.os.ServiceManagerProxy.getService(ServiceManagerNative.java:63)
	at android.os.ServiceManager.rawGetService(ServiceManager.java:372)
	at android.os.ServiceManager.getService(ServiceManager.java:147)
Yj`^Installer installd not found; trying again 
HidlServiceManagement Waited for hwservicemanager.ready for a second, waiting another... 
j#Installer installd not found; trying again 
`jx(HidlServiceManagement Waited for hwservicemanager.ready for a second, waiting another... 
jt)HidlServiceManagement Waited for hwservicemanager.ready for a second, waiting another... 
jdE0ServiceManager Waited one second for android.system.suspend.ISystemSuspend/default (is service started? are binder threads started and available?) 
djhrJ0 servicemanager Since 'android.system.suspend.ISystemSuspend/default' could not be found, trying to start it as a lazy AIDL service 
Yj`?ServiceManager error in getService
android.os.DeadObjectException
	at android.os.IServiceManager$Stub$Proxy.checkService(IServiceManager.java:421)
	at android.os.ServiceManagerProxy.getService(ServiceManagerNative.java:63)
	at android.os.ServiceManager.rawGetService(ServiceManager.java:372)
	at android.os.ServiceManager.getService(ServiceManager.java:147)
YjKInstaller installd not found; trying again 
HidlServiceManagement Waited for hwservicemanager.ready for a second, waiting another... 
j  #Installer installd not found; trying again 
`j(HidlServiceManagement Waited for hwservicemanager.ready for a second, waiting another... 
j)HidlServiceManagement Waited for hwservicemanager.ready for a second, waiting another... 
jQ0ServiceManager Waited one second for android.system.suspend.ISystemSuspend/default (is service started? are binder threads started and available?) 
dj dU0 servicemanager Since 'android.system.suspend.ISystemSuspend/default' could not be found, trying to start it as a lazy AIDL service 
YjPQServiceManager error in getService
android.os.DeadObjectException
	at android.os.IServiceManager$Stub$Proxy.checkService(IServiceManager.java:421)
	at android.os.ServiceManagerProxy.getService(ServiceManagerNative.java:63)
	at android.os.ServiceManager.rawGetService(ServiceManager.java:372)
	at android.os.ServiceManager.getService(ServiceManager.java:147)
YjQRInstaller installd not found; trying again 
HidlServiceManagement Waited for hwservicemanager.ready for a second, waiting another... 
jQR$Installer installd not found; trying again 
`j(HidlServiceManagement Waited for hwservicemanager.ready for a second, waiting another... 
j8)HidlServiceManagement Waited for hwservicemanager.ready for a second, waiting another... 
je[0ServiceManager Waited one second for android.system.suspend.ISystemSuspend/default (is service started? are binder threads started and available?) 
dj _0servicemanager Since 'android.system.suspend.ISystemSuspend/default' could not be found, trying to start it as a lazy AIDL service 
YjtgServiceManager error in getService
android.os.DeadObjectException
	at android.os.IServiceManager$Stub$Proxy.checkService(IServiceManager.java:421)
	at android.os.ServiceManagerProxy.getService(ServiceManagerNative.java:63)
	at android.os.ServiceManager.rawGetService(ServiceManager.java:372)
	at android.os.ServiceManager.getService(ServiceManager.java:147)
Yjp[Installer installd not found; trying again 
HidlServiceManagement Waited for hwservicemanager.ready for a second, waiting another... 
j$Installer installd not found; trying again 
`j(HidlServiceManagement Waited for hwservicemanager.ready for a second, waiting another... 
j^)HidlServiceManagement Waited for hwservicemanager.ready for a second, waiting another... 
j$g0ServiceManager Waited one second for android.system.suspend.ISystemSuspend/default (is service started? are binder threads started and available?) 
dj,k0servicemanager Since 'android.system.suspend.ISystemSuspend/default' could not be found, trying to start it as a lazy AIDL service 
YjServiceManager error in getService
android.os.DeadObjectException
	at android.os.IServiceManager$Stub$Proxy.checkService(IServiceManager.java:421)
	at android.os.ServiceManagerProxy.getService(ServiceManagerNative.java:63)
	at android.os.ServiceManager.rawGetService(ServiceManager.java:372)
	at android.os.ServiceManager.getService(ServiceManager.java:147)
YjpInstaller installd not found; trying again 
HidlServiceManagement Waited for hwservicemanager.ready for a second, waiting another... 
j$Installer installd not found; trying again 
`ju(HidlServiceManagement Waited for hwservicemanager.ready for a second, waiting another... 
j)HidlServiceManagement Waited for hwservicemanager.ready for a second, waiting another... 
js0ServiceManager Waited one second for android.system.suspend.ISystemSuspend/default (is service started? are binder threads started and available?) 
dj<x0servicemanager Since 'android.system.suspend.ISystemSuspend/default' could not be found, trying to start it as a lazy AIDL service 
YjServiceManager error in getService
android.os.DeadObjectException
	at android.os.IServiceManager$Stub$Proxy.checkService(IServiceManager.java:421)
	at android.os.ServiceManagerProxy.getService(ServiceManagerNative.java:63)
	at android.os.ServiceManager.rawGetService(ServiceManager.java:372)
	at android.os.ServiceManager.getService(ServiceManager.java:147)
YjPInstaller installd not found; trying again 
HidlServiceManagement Waited for hwservicemanager.ready for a second, waiting another... 
j%Installer installd not found; trying again 
`j<b(HidlServiceManagement Waited for hwservicemanager.ready for a second, waiting another... 
j`)HidlServiceManagement Waited for hwservicemanager.ready for a second, waiting another... 
jj0ServiceManager Waited one second for android.system.suspend.ISystemSuspend/default (is service started? are binder threads started and available?) 
dj0servicemanager Since 'android.system.suspend.ISystemSuspend/default' could not be found, trying to start it as a lazy AIDL service 
YjDyX ServiceManager error in getService
android.os.DeadObjectException
	at android.os.IServiceManager$Stub$Proxy.checkService(IServiceManager.java:421)
	at android.os.ServiceManagerProxy.getService(ServiceManagerNative.java:63)
	at android.os.ServiceManager.rawGetService(ServiceManager.java:372)
	at android.os.ServiceManager.getService(ServiceManager.java:147)
Yj`	\ Installer installd not found; trying again 
HidlServiceManagement Waited for hwservicemanager.ready for a second, waiting another... 
j@W%Installer installd not found; trying again 
`jZ(HidlServiceManagement Waited for hwservicemanager.ready for a second, waiting another... 
j#)HidlServiceManagement Waited for hwservicemanager.ready for a second, waiting another... 
j0ServiceManager Waited one second for android.system.suspend.ISystemSuspend/default (is service started? are binder threads started and available?) 
dj20servicemanager Since 'android.system.suspend.ISystemSuspend/default' could not be found, trying to start it as a lazy AIDL service 
Yj/ServiceManager error in getService
android.os.DeadObjectException
	at android.os.IServiceManager$Stub$Proxy.checkService(IServiceManager.java:421)
	at android.os.ServiceManagerProxy.getService(ServiceManagerNative.java:63)
	at android.os.ServiceManager.rawGetService(ServiceManager.java:372)
	at android.os.ServiceManager.getService(ServiceManager.java:147)
YjInstaller installd not found; trying again 
HidlServiceManagement Waited for hwservicemanager.ready for a second, waiting another... 

--- raw logdw tail ---
--- packet bytes=101 time=1780095722.682030540 ---
`j~(HidlServiceManagement Waited for hwservicemanager.ready for a second, waiting another... 

--- packet bytes=101 time=1780095722.687769920 ---
j (HidlServiceManagement Waited for hwservicemanager.ready for a second, waiting another... 

--- packet bytes=159 time=1780095722.805633360 ---
j`0ServiceManager Waited one second for android.system.suspend.ISystemSuspend/default (is service started? are binder threads started and available?) 

--- packet bytes=143 time=1780095722.805741660 ---
dj0servicemanager Since 'android.system.suspend.ISystemSuspend/default' could not be found, trying to start it as a lazy AIDL service 

--- packet bytes=987 time=1780095723.009742080 ---
YjServiceManager error in getService
android.os.DeadObjectException
	at android.os.BinderProxy.transactNative(Native Method)
	at android.os.BinderProxy.transact(BinderProxy.java:584)
	at android.os.IServiceManager$Stub$Proxy.checkService(IServiceManager.java:421)
	at android.os.ServiceManagerProxy.getService(ServiceManagerNative.java:63)
	at android.os.ServiceManager.rawGetService(ServiceManager.java:372)
	at android.os.ServiceManager.getService(ServiceManager.java:147)
	at com.android.server.pm.Installer.connect(Installer.java:165)
	at com.android.server.pm.Installer.$r8$lambda$iI13HogVwRqVFLxWvEbCJ942ZI8(Unknown Source:0)
	at com.android.server.pm.Installer$$ExternalSyntheticLambda1.run(Unknown Source:2)
	at android.os.Handler.handleCallback(Handler.java:942)
	at android.os.Handler.dispatchMessage(Handler.java:99)
	at android.os.Looper.loopOnce(Looper.java:201)
	at android.os.Looper.loop(Looper.java:288)
	at android.os.HandlerThread.run(HandlerThread.java:67)
 

--- packet bytes=55 time=1780095723.009901340 ---
YjInstaller installd not found; trying again 

--- packet bytes=101 time=1780095723.175071980 ---

jm
HidlServiceManagement Waited for hwservicemanager.ready for a second, waiting another... 

--- packet bytes=55 time=1780095723.585954620 ---
j'"Installer installd not found; trying again 

--- packet bytes=101 time=1780095723.682261160 ---
`j<(HidlServiceManagement Waited for hwservicemanager.ready for a second, waiting another... 

--- packet bytes=101 time=1780095723.688026660 ---
jxS)HidlServiceManagement Waited for hwservicemanager.ready for a second, waiting another... 

--- packet bytes=159 time=1780095723.806453380 ---
jH0ServiceManager Waited one second for android.system.suspend.ISystemSuspend/default (is service started? are binder threads started and available?) 

--- packet bytes=143 time=1780095723.806757720 ---
djD0servicemanager Since 'android.system.suspend.ISystemSuspend/default' could not be found, trying to start it as a lazy AIDL service 

--- packet bytes=987 time=1780095724.015488960 ---
YjMServiceManager error in getService
android.os.DeadObjectException
	at android.os.BinderProxy.transactNative(Native Method)
	at android.os.BinderProxy.transact(BinderProxy.java:584)
	at android.os.IServiceManager$Stub$Proxy.checkService(IServiceManager.java:421)
	at android.os.ServiceManagerProxy.getService(ServiceManagerNative.java:63)
	at android.os.ServiceManager.rawGetService(ServiceManager.java:372)
	at android.os.ServiceManager.getService(ServiceManager.java:147)
	at com.android.server.pm.Installer.connect(Installer.java:165)
	at com.android.server.pm.Installer.$r8$lambda$iI13HogVwRqVFLxWvEbCJ942ZI8(Unknown Source:0)
	at com.android.server.pm.Installer$$ExternalSyntheticLambda1.run(Unknown Source:2)
	at android.os.Handler.handleCallback(Handler.java:942)
	at android.os.Handler.dispatchMessage(Handler.java:99)
	at android.os.Looper.loopOnce(Looper.java:201)
	at android.os.Looper.loop(Looper.java:288)
	at android.os.HandlerThread.run(HandlerThread.java:67)
 

--- packet bytes=55 time=1780095724.015662340 ---
YjInstaller installd not found; trying again 

--- packet bytes=101 time=1780095724.175305940 ---

jyq
HidlServiceManagement Waited for hwservicemanager.ready for a second, waiting another... 

--- packet bytes=55 time=1780095724.586904820 ---
jTk"Installer installd not found; trying again 

--- packet bytes=101 time=1780095724.682512420 ---
`j&(HidlServiceManagement Waited for hwservicemanager.ready for a second, waiting another... 

--- packet bytes=101 time=1780095724.688234920 ---
j)HidlServiceManagement Waited for hwservicemanager.ready for a second, waiting another... 

--- packet bytes=159 time=1780095724.807724060 ---
jl.!0 ServiceManager Waited one second for android.system.suspend.ISystemSuspend/default (is service started? are binder threads started and available?) 

--- packet bytes=143 time=1780095724.807843900 ---
dj<6&0 servicemanager Since 'android.system.suspend.ISystemSuspend/default' could not be found, trying to start it as a lazy AIDL service 

--- packet bytes=987 time=1780095725.021750920 ---
YjHServiceManager error in getService
android.os.DeadObjectException
	at android.os.BinderProxy.transactNative(Native Method)
	at android.os.BinderProxy.transact(BinderProxy.java:584)
	at android.os.IServiceManager$Stub$Proxy.checkService(IServiceManager.java:421)
	at android.os.ServiceManagerProxy.getService(ServiceManagerNative.java:63)
	at android.os.ServiceManager.rawGetService(ServiceManager.java:372)
	at android.os.ServiceManager.getService(ServiceManager.java:147)
	at com.android.server.pm.Installer.connect(Installer.java:165)
	at com.android.server.pm.Installer.$r8$lambda$iI13HogVwRqVFLxWvEbCJ942ZI8(Unknown Source:0)
	at com.android.server.pm.Installer$$ExternalSyntheticLambda1.run(Unknown Source:2)
	at android.os.Handler.handleCallback(Handler.java:942)
	at android.os.Handler.dispatchMessage(Handler.java:99)
	at android.os.Looper.loopOnce(Looper.java:201)
	at android.os.Looper.loop(Looper.java:288)
	at android.os.HandlerThread.run(HandlerThread.java:67)
 

--- packet bytes=55 time=1780095725.021859920 ---
YjKInstaller installd not found; trying again 

--- packet bytes=101 time=1780095725.175547820 ---

jLu
HidlServiceManagement Waited for hwservicemanager.ready for a second, waiting another... 

--- packet bytes=55 time=1780095725.592079440 ---
jlOI# Installer installd not found; trying again 

--- packet bytes=101 time=1780095725.682968520 ---
`j(HidlServiceManagement Waited for hwservicemanager.ready for a second, waiting another... 

--- packet bytes=101 time=1780095725.688454280 ---
jM)HidlServiceManagement Waited for hwservicemanager.ready for a second, waiting another... 

--- packet bytes=159 time=1780095725.808547220 ---
j4-0ServiceManager Waited one second for android.system.suspend.ISystemSuspend/default (is service started? are binder threads started and available?) 

--- packet bytes=143 time=1780095725.808652240 ---
djJ20servicemanager Since 'android.system.suspend.ISystemSuspend/default' could not be found, trying to start it as a lazy AIDL service 

--- packet bytes=987 time=1780095726.026459500 ---
YjServiceManager error in getService
android.os.DeadObjectException
	at android.os.BinderProxy.transactNative(Native Method)
	at android.os.BinderProxy.transact(BinderProxy.java:584)
	at android.os.IServiceManager$Stub$Proxy.checkService(IServiceManager.java:421)
	at android.os.ServiceManagerProxy.getService(ServiceManagerNative.java:63)
	at android.os.ServiceManager.rawGetService(ServiceManager.java:372)
	at android.os.ServiceManager.getService(ServiceManager.java:147)
	at com.android.server.pm.Installer.connect(Installer.java:165)
	at com.android.server.pm.Installer.$r8$lambda$iI13HogVwRqVFLxWvEbCJ942ZI8(Unknown Source:0)
	at com.android.server.pm.Installer$$ExternalSyntheticLambda1.run(Unknown Source:2)
	at android.os.Handler.handleCallback(Handler.java:942)
	at android.os.Handler.dispatchMessage(Handler.java:99)
	at android.os.Looper.loopOnce(Looper.java:201)
	at android.os.Looper.loop(Looper.java:288)
	at android.os.HandlerThread.run(HandlerThread.java:67)
 

--- packet bytes=55 time=1780095726.026578280 ---
YjInstaller installd not found; trying again 

--- packet bytes=101 time=1780095726.175775480 ---

j0$y
 HidlServiceManagement Waited for hwservicemanager.ready for a second, waiting another... 

--- packet bytes=55 time=1780095726.596535800 ---
j#Installer installd not found; trying again 

--- packet bytes=101 time=1780095726.683226820 ---
`j (HidlServiceManagement Waited for hwservicemanager.ready for a second, waiting another... 

--- packet bytes=101 time=1780095726.688659800 ---
je)HidlServiceManagement Waited for hwservicemanager.ready for a second, waiting another... 

--- packet bytes=159 time=1780095726.809389520 ---
jX90ServiceManager Waited one second for android.system.suspend.ISystemSuspend/default (is service started? are binder threads started and available?) 

--- packet bytes=143 time=1780095726.809535400 ---
djX>0servicemanager Since 'android.system.suspend.ISystemSuspend/default' could not be found, trying to start it as a lazy AIDL service 

--- packet bytes=987 time=1780095727.028210420 ---
Yj0ServiceManager error in getService
android.os.DeadObjectException
	at android.os.BinderProxy.transactNative(Native Method)
	at android.os.BinderProxy.transact(BinderProxy.java:584)
	at android.os.IServiceManager$Stub$Proxy.checkService(IServiceManager.java:421)
	at android.os.ServiceManagerProxy.getService(ServiceManagerNative.java:63)
	at android.os.ServiceManager.rawGetService(ServiceManager.java:372)
	at android.os.ServiceManager.getService(ServiceManager.java:147)
	at com.android.server.pm.Installer.connect(Installer.java:165)
	at com.android.server.pm.Installer.$r8$lambda$iI13HogVwRqVFLxWvEbCJ942ZI8(Unknown Source:0)
	at com.android.server.pm.Installer$$ExternalSyntheticLambda1.run(Unknown Source:2)
	at android.os.Handler.handleCallback(Handler.java:942)
	at android.os.Handler.dispatchMessage(Handler.java:99)
	at android.os.Looper.loopOnce(Looper.java:201)
	at android.os.Looper.loop(Looper.java:288)
	at android.os.HandlerThread.run(HandlerThread.java:67)
 

--- packet bytes=55 time=1780095727.028331540 ---
Yj`^Installer installd not found; trying again 

--- packet bytes=101 time=1780095727.176006420 ---

j|
HidlServiceManagement Waited for hwservicemanager.ready for a second, waiting another... 

--- packet bytes=55 time=1780095727.599681960 ---
j#Installer installd not found; trying again 

--- packet bytes=101 time=1780095727.683470400 ---
`jx(HidlServiceManagement Waited for hwservicemanager.ready for a second, waiting another... 

--- packet bytes=101 time=1780095727.688894160 ---
jt)HidlServiceManagement Waited for hwservicemanager.ready for a second, waiting another... 

--- packet bytes=159 time=1780095727.810102420 ---
jdE0ServiceManager Waited one second for android.system.suspend.ISystemSuspend/default (is service started? are binder threads started and available?) 

--- packet bytes=143 time=1780095727.810211340 ---
djhrJ0 servicemanager Since 'android.system.suspend.ISystemSuspend/default' could not be found, trying to start it as a lazy AIDL service 

--- packet bytes=987 time=1780095728.033891640 ---
Yj`?ServiceManager error in getService
android.os.DeadObjectException
	at android.os.BinderProxy.transactNative(Native Method)
	at android.os.BinderProxy.transact(BinderProxy.java:584)
	at android.os.IServiceManager$Stub$Proxy.checkService(IServiceManager.java:421)
	at android.os.ServiceManagerProxy.getService(ServiceManagerNative.java:63)
	at android.os.ServiceManager.rawGetService(ServiceManager.java:372)
	at android.os.ServiceManager.getService(ServiceManager.java:147)
	at com.android.server.pm.Installer.connect(Installer.java:165)
	at com.android.server.pm.Installer.$r8$lambda$iI13HogVwRqVFLxWvEbCJ942ZI8(Unknown Source:0)
	at com.android.server.pm.Installer$$ExternalSyntheticLambda1.run(Unknown Source:2)
	at android.os.Handler.handleCallback(Handler.java:942)
	at android.os.Handler.dispatchMessage(Handler.java:99)
	at android.os.Looper.loopOnce(Looper.java:201)
	at android.os.Looper.loop(Looper.java:288)
	at android.os.HandlerThread.run(HandlerThread.java:67)
 

--- packet bytes=55 time=1780095728.034046740 ---
YjKInstaller installd not found; trying again 

--- packet bytes=101 time=1780095728.176259640 ---

jX
HidlServiceManagement Waited for hwservicemanager.ready for a second, waiting another... 

--- packet bytes=55 time=1780095728.603063180 ---
j  #Installer installd not found; trying again 

--- packet bytes=101 time=1780095728.683769960 ---
`j(HidlServiceManagement Waited for hwservicemanager.ready for a second, waiting another... 

--- packet bytes=101 time=1780095728.689141740 ---
j)HidlServiceManagement Waited for hwservicemanager.ready for a second, waiting another... 

--- packet bytes=159 time=1780095728.810820720 ---
jQ0ServiceManager Waited one second for android.system.suspend.ISystemSuspend/default (is service started? are binder threads started and available?) 

--- packet bytes=143 time=1780095728.810925720 ---
dj dU0 servicemanager Since 'android.system.suspend.ISystemSuspend/default' could not be found, trying to start it as a lazy AIDL service 

--- packet bytes=987 time=1780095729.038959080 ---
YjPQServiceManager error in getService
android.os.DeadObjectException
	at android.os.BinderProxy.transactNative(Native Method)
	at android.os.BinderProxy.transact(BinderProxy.java:584)
	at android.os.IServiceManager$Stub$Proxy.checkService(IServiceManager.java:421)
	at android.os.ServiceManagerProxy.getService(ServiceManagerNative.java:63)
	at android.os.ServiceManager.rawGetService(ServiceManager.java:372)
	at android.os.ServiceManager.getService(ServiceManager.java:147)
	at com.android.server.pm.Installer.connect(Installer.java:165)
	at com.android.server.pm.Installer.$r8$lambda$iI13HogVwRqVFLxWvEbCJ942ZI8(Unknown Source:0)
	at com.android.server.pm.Installer$$ExternalSyntheticLambda1.run(Unknown Source:2)
	at android.os.Handler.handleCallback(Handler.java:942)
	at android.os.Handler.dispatchMessage(Handler.java:99)
	at android.os.Looper.loopOnce(Looper.java:201)
	at android.os.Looper.loop(Looper.java:288)
	at android.os.HandlerThread.run(HandlerThread.java:67)
 

--- packet bytes=55 time=1780095729.039086820 ---
YjQRInstaller installd not found; trying again 

--- packet bytes=101 time=1780095729.176494220 ---

jE
HidlServiceManagement Waited for hwservicemanager.ready for a second, waiting another... 

--- packet bytes=55 time=1780095729.609443860 ---
jQR$Installer installd not found; trying again 

--- packet bytes=101 time=1780095729.684018560 ---
`j(HidlServiceManagement Waited for hwservicemanager.ready for a second, waiting another... 

--- packet bytes=101 time=1780095729.689354820 ---
j8)HidlServiceManagement Waited for hwservicemanager.ready for a second, waiting another... 

--- packet bytes=159 time=1780095729.811517740 ---
je[0ServiceManager Waited one second for android.system.suspend.ISystemSuspend/default (is service started? are binder threads started and available?) 

--- packet bytes=143 time=1780095729.811629200 ---
dj _0servicemanager Since 'android.system.suspend.ISystemSuspend/default' could not be found, trying to start it as a lazy AIDL service 

--- packet bytes=987 time=1780095730.043745140 ---
YjtgServiceManager error in getService
android.os.DeadObjectException
	at android.os.BinderProxy.transactNative(Native Method)
	at android.os.BinderProxy.transact(BinderProxy.java:584)
	at android.os.IServiceManager$Stub$Proxy.checkService(IServiceManager.java:421)
	at android.os.ServiceManagerProxy.getService(ServiceManagerNative.java:63)
	at android.os.ServiceManager.rawGetService(ServiceManager.java:372)
	at android.os.ServiceManager.getService(ServiceManager.java:147)
	at com.android.server.pm.Installer.connect(Installer.java:165)
	at com.android.server.pm.Installer.$r8$lambda$iI13HogVwRqVFLxWvEbCJ942ZI8(Unknown Source:0)
	at com.android.server.pm.Installer$$ExternalSyntheticLambda1.run(Unknown Source:2)
	at android.os.Handler.handleCallback(Handler.java:942)
	at android.os.Handler.dispatchMessage(Handler.java:99)
	at android.os.Looper.loopOnce(Looper.java:201)
	at android.os.Looper.loop(Looper.java:288)
	at android.os.HandlerThread.run(HandlerThread.java:67)
 

--- packet bytes=55 time=1780095730.043862520 ---
Yjp[Installer installd not found; trying again 

--- packet bytes=101 time=1780095730.176730740 ---

j(
HidlServiceManagement Waited for hwservicemanager.ready for a second, waiting another... 

--- packet bytes=55 time=1780095730.614690140 ---
j$Installer installd not found; trying again 

--- packet bytes=101 time=1780095730.684264960 ---
`j(HidlServiceManagement Waited for hwservicemanager.ready for a second, waiting another... 

--- packet bytes=101 time=1780095730.689568160 ---
j^)HidlServiceManagement Waited for hwservicemanager.ready for a second, waiting another... 

--- packet bytes=159 time=1780095730.812280720 ---
j$g0ServiceManager Waited one second for android.system.suspend.ISystemSuspend/default (is service started? are binder threads started and available?) 

--- packet bytes=143 time=1780095730.812415040 ---
dj,k0servicemanager Since 'android.system.suspend.ISystemSuspend/default' could not be found, trying to start it as a lazy AIDL service 

--- packet bytes=987 time=1780095731.046334120 ---
YjServiceManager error in getService
android.os.DeadObjectException
	at android.os.BinderProxy.transactNative(Native Method)
	at android.os.BinderProxy.transact(BinderProxy.java:584)
	at android.os.IServiceManager$Stub$Proxy.checkService(IServiceManager.java:421)
	at android.os.ServiceManagerProxy.getService(ServiceManagerNative.java:63)
	at android.os.ServiceManager.rawGetService(ServiceManager.java:372)
	at android.os.ServiceManager.getService(ServiceManager.java:147)
	at com.android.server.pm.Installer.connect(Installer.java:165)
	at com.android.server.pm.Installer.$r8$lambda$iI13HogVwRqVFLxWvEbCJ942ZI8(Unknown Source:0)
	at com.android.server.pm.Installer$$ExternalSyntheticLambda1.run(Unknown Source:2)
	at android.os.Handler.handleCallback(Handler.java:942)
	at android.os.Handler.dispatchMessage(Handler.java:99)
	at android.os.Looper.loopOnce(Looper.java:201)
	at android.os.Looper.loop(Looper.java:288)
	at android.os.HandlerThread.run(HandlerThread.java:67)
 

--- packet bytes=55 time=1780095731.046454540 ---
YjpInstaller installd not found; trying again 

--- packet bytes=101 time=1780095731.177002720 ---

jXl
HidlServiceManagement Waited for hwservicemanager.ready for a second, waiting another... 

--- packet bytes=55 time=1780095731.615879000 ---
j$Installer installd not found; trying again 

--- packet bytes=101 time=1780095731.684492980 ---
`ju(HidlServiceManagement Waited for hwservicemanager.ready for a second, waiting another... 

--- packet bytes=101 time=1780095731.689827280 ---
j)HidlServiceManagement Waited for hwservicemanager.ready for a second, waiting another... 

--- packet bytes=159 time=1780095731.812951760 ---
js0ServiceManager Waited one second for android.system.suspend.ISystemSuspend/default (is service started? are binder threads started and available?) 

--- packet bytes=143 time=1780095731.813522600 ---
dj<x0servicemanager Since 'android.system.suspend.ISystemSuspend/default' could not be found, trying to start it as a lazy AIDL service 

--- packet bytes=987 time=1780095732.051430020 ---
YjServiceManager error in getService
android.os.DeadObjectException
	at android.os.BinderProxy.transactNative(Native Method)
	at android.os.BinderProxy.transact(BinderProxy.java:584)
	at android.os.IServiceManager$Stub$Proxy.checkService(IServiceManager.java:421)
	at android.os.ServiceManagerProxy.getService(ServiceManagerNative.java:63)
	at android.os.ServiceManager.rawGetService(ServiceManager.java:372)
	at android.os.ServiceManager.getService(ServiceManager.java:147)
	at com.android.server.pm.Installer.connect(Installer.java:165)
	at com.android.server.pm.Installer.$r8$lambda$iI13HogVwRqVFLxWvEbCJ942ZI8(Unknown Source:0)
	at com.android.server.pm.Installer$$ExternalSyntheticLambda1.run(Unknown Source:2)
	at android.os.Handler.handleCallback(Handler.java:942)
	at android.os.Handler.dispatchMessage(Handler.java:99)
	at android.os.Looper.loopOnce(Looper.java:201)
	at android.os.Looper.loop(Looper.java:288)
	at android.os.HandlerThread.run(HandlerThread.java:67)
 

--- packet bytes=55 time=1780095732.051554980 ---
YjPInstaller installd not found; trying again 

--- packet bytes=101 time=1780095732.177238380 ---

j
HidlServiceManagement Waited for hwservicemanager.ready for a second, waiting another... 

--- packet bytes=55 time=1780095732.621330600 ---
j%Installer installd not found; trying again 

--- packet bytes=101 time=1780095732.684742960 ---
`j<b(HidlServiceManagement Waited for hwservicemanager.ready for a second, waiting another... 

--- packet bytes=101 time=1780095732.690010640 ---
j`)HidlServiceManagement Waited for hwservicemanager.ready for a second, waiting another... 

--- packet bytes=159 time=1780095732.813917180 ---
jj0ServiceManager Waited one second for android.system.suspend.ISystemSuspend/default (is service started? are binder threads started and available?) 

--- packet bytes=143 time=1780095732.814409240 ---
dj0servicemanager Since 'android.system.suspend.ISystemSuspend/default' could not be found, trying to start it as a lazy AIDL service 

--- packet bytes=987 time=1780095733.056201900 ---
YjDyX ServiceManager error in getService
android.os.DeadObjectException
	at android.os.BinderProxy.transactNative(Native Method)
	at android.os.BinderProxy.transact(BinderProxy.java:584)
	at android.os.IServiceManager$Stub$Proxy.checkService(IServiceManager.java:421)
	at android.os.ServiceManagerProxy.getService(ServiceManagerNative.java:63)
	at android.os.ServiceManager.rawGetService(ServiceManager.java:372)
	at android.os.ServiceManager.getService(ServiceManager.java:147)
	at com.android.server.pm.Installer.connect(Installer.java:165)
	at com.android.server.pm.Installer.$r8$lambda$iI13HogVwRqVFLxWvEbCJ942ZI8(Unknown Source:0)
	at com.android.server.pm.Installer$$ExternalSyntheticLambda1.run(Unknown Source:2)
	at android.os.Handler.handleCallback(Handler.java:942)
	at android.os.Handler.dispatchMessage(Handler.java:99)
	at android.os.Looper.loopOnce(Looper.java:201)
	at android.os.Looper.loop(Looper.java:288)
	at android.os.HandlerThread.run(HandlerThread.java:67)
 

--- packet bytes=55 time=1780095733.056379440 ---
Yj`	\ Installer installd not found; trying again 

--- packet bytes=101 time=1780095733.177427480 ---

j
HidlServiceManagement Waited for hwservicemanager.ready for a second, waiting another... 

--- packet bytes=55 time=1780095733.626559120 ---
j@W%Installer installd not found; trying again 

--- packet bytes=101 time=1780095733.685037400 ---
`jZ(HidlServiceManagement Waited for hwservicemanager.ready for a second, waiting another... 

--- packet bytes=101 time=1780095733.690212100 ---
j#)HidlServiceManagement Waited for hwservicemanager.ready for a second, waiting another... 

--- packet bytes=159 time=1780095733.814877780 ---
j0ServiceManager Waited one second for android.system.suspend.ISystemSuspend/default (is service started? are binder threads started and available?) 

--- packet bytes=143 time=1780095733.814986160 ---
dj20servicemanager Since 'android.system.suspend.ISystemSuspend/default' could not be found, trying to start it as a lazy AIDL service 

--- packet bytes=987 time=1780095734.060045320 ---
Yj/ServiceManager error in getService
android.os.DeadObjectException
	at android.os.BinderProxy.transactNative(Native Method)
	at android.os.BinderProxy.transact(BinderProxy.java:584)
	at android.os.IServiceManager$Stub$Proxy.checkService(IServiceManager.java:421)
	at android.os.ServiceManagerProxy.getService(ServiceManagerNative.java:63)
	at android.os.ServiceManager.rawGetService(ServiceManager.java:372)
	at android.os.ServiceManager.getService(ServiceManager.java:147)
	at com.android.server.pm.Installer.connect(Installer.java:165)
	at com.android.server.pm.Installer.$r8$lambda$iI13HogVwRqVFLxWvEbCJ942ZI8(Unknown Source:0)
	at com.android.server.pm.Installer$$ExternalSyntheticLambda1.run(Unknown Source:2)
	at android.os.Handler.handleCallback(Handler.java:942)
	at android.os.Handler.dispatchMessage(Handler.java:99)
	at android.os.Looper.loopOnce(Looper.java:201)
	at android.os.Looper.loop(Looper.java:288)
	at android.os.HandlerThread.run(HandlerThread.java:67)
 

--- packet bytes=55 time=1780095734.060174540 ---
YjInstaller installd not found; trying again 

--- packet bytes=101 time=1780095734.177700100 ---

jh
HidlServiceManagement Waited for hwservicemanager.ready for a second, waiting another... 

--- dmesg focused ---
[14361.865036] binder: binder: WEBOS accept ioctl 0x40046210 no-op
[14361.865065] binder: binder_alloc_shim: binder_mmap enter filp=ffffffc09c583f00 vma=ffffffc02fba0000 start=0x7ea24e5000 end=0x7ea25e3000 flags=0x200071
[14361.865086] binder: binder_alloc_shim: update_page_range enter allocate=1 start=ffffff800bb00000 end=ffffff800bb01000 vma=ffffffc02fba0000
[14361.865092] binder: binder_alloc_shim: before __get_free_page GFP_KERNEL=0x24000c0
[14361.865097] binder: binder_alloc_shim: after __get_free_page addr=0xffffffc02fba1000
[14361.865101] binder: binder_alloc_shim: virt_to_page page=ffffffbdc0bee840
[14361.865107] binder: binder_alloc_shim: before vm_insert_page user_page_addr=0x7ea24e5000 page=ffffffbdc0bee840
[14361.865117] binder: binder_alloc_shim: after vm_insert_page ret=0
[14362.097827] binder: binder_alloc_shim: update_page_range enter allocate=1 start=ffffff8009e81000 end=ffffff8009e81000 vma=          (null)
[14362.097931] binder: binder_alloc_shim: update_page_range enter allocate=1 start=ffffff800bb01000 end=ffffff800bb01000 vma=          (null)
[14362.097950] binder: binder_alloc_shim: update_page_range enter allocate=0 start=ffffff8009e81000 end=ffffff8009e80000 vma=          (null)
[14362.097988] binder: binder_alloc_shim: update_page_range enter allocate=0 start=ffffff800bb01000 end=ffffff800bb00000 vma=          (null)
[14362.100621] binder: binder_alloc_shim: update_page_range enter allocate=1 start=ffffff8009e81000 end=ffffff8009e81000 vma=          (null)
[14362.100777] binder: binder_alloc_shim: update_page_range enter allocate=1 start=ffffff800bb01000 end=ffffff800bb01000 vma=          (null)
[14362.100802] binder: binder_alloc_shim: update_page_range enter allocate=0 start=ffffff8009e81000 end=ffffff8009e80000 vma=          (null)
[14362.100856] binder: binder_alloc_shim: update_page_range enter allocate=0 start=ffffff800bb01000 end=ffffff800bb00000 vma=          (null)
[14362.102915] binder: binder_alloc_shim: update_page_range enter allocate=1 start=ffffff8009e81000 end=ffffff8009e81000 vma=          (null)
[14362.103059] binder: binder_alloc_shim: update_page_range enter allocate=1 start=ffffff800bb01000 end=ffffff800bb01000 vma=          (null)
[14362.103081] binder: binder_alloc_shim: update_page_range enter allocate=0 start=ffffff8009e81000 end=ffffff8009e80000 vma=          (null)
[14362.103121] binder: binder_alloc_shim: update_page_range enter allocate=0 start=ffffff800bb01000 end=ffffff800bb00000 vma=          (null)
[14362.103852] binder: binder_alloc_shim: update_page_range enter allocate=1 start=ffffff8009e81000 end=ffffff8009e81000 vma=          (null)
[14362.103981] binder: binder_alloc_shim: update_page_range enter allocate=1 start=ffffff800bb01000 end=ffffff800bb01000 vma=          (null)
[14362.104001] binder: binder_alloc_shim: update_page_range enter allocate=0 start=ffffff8009e81000 end=ffffff8009e80000 vma=          (null)
[14362.104041] binder: binder_alloc_shim: update_page_range enter allocate=0 start=ffffff800bb01000 end=ffffff800bb00000 vma=          (null)
[14362.104607] binder: binder_alloc_shim: update_page_range enter allocate=1 start=ffffff8009e81000 end=ffffff8009e81000 vma=          (null)
[14362.104725] binder: binder_alloc_shim: update_page_range enter allocate=1 start=ffffff800bb01000 end=ffffff800bb01000 vma=          (null)
[14362.104746] binder: binder_alloc_shim: update_page_range enter allocate=0 start=ffffff8009e81000 end=ffffff8009e80000 vma=          (null)
[14362.104782] binder: binder_alloc_shim: update_page_range enter allocate=0 start=ffffff800bb01000 end=ffffff800bb00000 vma=          (null)
[14362.104909] binder: binder_alloc_shim: update_page_range enter allocate=1 start=ffffff8009e81000 end=ffffff8009e81000 vma=          (null)
[14362.104960] binder: binder_alloc_shim: update_page_range enter allocate=1 start=ffffff800bb01000 end=ffffff800bb01000 vma=          (null)
[14362.104972] binder: binder_alloc_shim: update_page_range enter allocate=0 start=ffffff8009e81000 end=ffffff8009e80000 vma=          (null)
[14362.104994] binder: binder_alloc_shim: update_page_range enter allocate=0 start=ffffff800bb01000 end=ffffff800bb00000 vma=          (null)
[14362.105793] binder: binder_alloc_shim: update_page_range enter allocate=1 start=ffffff8009e81000 end=ffffff8009e81000 vma=          (null)
[14362.105948] binder: binder_alloc_shim: update_page_range enter allocate=1 start=ffffff800bb01000 end=ffffff800bb01000 vma=          (null)
[14362.105968] binder: binder_alloc_shim: update_page_range enter allocate=0 start=ffffff8009e81000 end=ffffff8009e80000 vma=          (null)
[14362.106013] binder: binder_alloc_shim: update_page_range enter allocate=0 start=ffffff800bb01000 end=ffffff800bb00000 vma=          (null)
[14362.446456] binder: binder_alloc_shim: update_page_range enter allocate=1 start=ffffff8009e81000 end=ffffff8009e81000 vma=          (null)
[14362.446644] binder: binder_alloc_shim: update_page_range enter allocate=1 start=ffffff800bb01000 end=ffffff800bb01000 vma=          (null)
[14362.446668] binder: binder_alloc_shim: update_page_range enter allocate=0 start=ffffff8009e81000 end=ffffff8009e80000 vma=          (null)
[14362.446677] binder: binder_alloc_shim: update_page_range enter allocate=0 start=ffffff800bb01000 end=ffffff800bb00000 vma=          (null)
[14362.446760] binder: binder_alloc_shim: update_page_range enter allocate=1 start=ffffff8009e81000 end=ffffff8009e81000 vma=          (null)
[14362.446818] binder: binder_alloc_shim: update_page_range enter allocate=1 start=ffffff800bb01000 end=ffffff800bb01000 vma=          (null)
[14362.446831] binder: binder_alloc_shim: update_page_range enter allocate=0 start=ffffff8009e81000 end=ffffff8009e80000 vma=          (null)
[14362.446843] binder: binder_alloc_shim: update_page_range enter allocate=0 start=ffffff800bb01000 end=ffffff800bb00000 vma=          (null)
[14362.458751] binder: binder_alloc_shim: update_page_range enter allocate=1 start=ffffff8009e81000 end=ffffff8009e81000 vma=          (null)
[14362.458946] binder: binder_alloc_shim: update_page_range enter allocate=1 start=ffffff800bb01000 end=ffffff800bb01000 vma=          (null)
[14362.458966] binder: binder_alloc_shim: update_page_range enter allocate=0 start=ffffff8009e81000 end=ffffff8009e80000 vma=          (null)
[14362.458988] binder: binder_alloc_shim: update_page_range enter allocate=0 start=ffffff800bb01000 end=ffffff800bb00000 vma=          (null)
[14362.459388] binder: binder_alloc_shim: update_page_range enter allocate=1 start=ffffff8009e81000 end=ffffff8009e81000 vma=          (null)
[14362.459437] binder: binder_alloc_shim: update_page_range enter allocate=1 start=ffffff800bb01000 end=ffffff800bb01000 vma=          (null)
[14362.459451] binder: binder_alloc_shim: update_page_range enter allocate=0 start=ffffff8009e81000 end=ffffff8009e80000 vma=          (null)
[14362.459468] binder: binder_alloc_shim: update_page_range enter allocate=0 start=ffffff800bb01000 end=ffffff800bb00000 vma=          (null)
[14362.461962] binder: binder_alloc_shim: update_page_range enter allocate=1 start=ffffff8009e81000 end=ffffff8009e81000 vma=          (null)
[14362.462097] binder: binder_alloc_shim: update_page_range enter allocate=1 start=ffffff800bb01000 end=ffffff800bb01000 vma=          (null)
[14362.462117] binder: binder_alloc_shim: update_page_range enter allocate=0 start=ffffff8009e81000 end=ffffff8009e80000 vma=          (null)
[14362.462139] binder: binder_alloc_shim: update_page_range enter allocate=0 start=ffffff800bb01000 end=ffffff800bb00000 vma=          (null)
[14362.462729] binder: binder_alloc_shim: update_page_range enter allocate=1 start=ffffff8009e81000 end=ffffff8009e81000 vma=          (null)
[14362.463321] binder: binder_alloc_shim: update_page_range enter allocate=1 start=ffffff800bb01000 end=ffffff800bb01000 vma=          (null)
[14362.463352] binder: binder_alloc_shim: update_page_range enter allocate=0 start=ffffff800bb01000 end=ffffff800bb00000 vma=          (null)
[14362.463362] binder: binder_alloc_shim: update_page_range enter allocate=0 start=ffffff8009e81000 end=ffffff8009e80000 vma=          (null)
[14362.464982] binder: binder_alloc_shim: update_page_range enter allocate=1 start=ffffff8009e81000 end=ffffff8009e81000 vma=          (null)
[14362.465190] binder: binder_alloc_shim: update_page_range enter allocate=1 start=ffffff800bb01000 end=ffffff800bb01000 vma=          (null)
[14362.465209] binder: binder_alloc_shim: update_page_range enter allocate=0 start=ffffff8009e81000 end=ffffff8009e80000 vma=          (null)
[14362.465241] binder: binder_alloc_shim: update_page_range enter allocate=0 start=ffffff800bb01000 end=ffffff800bb00000 vma=          (null)
[14362.465640] binder: binder_alloc_shim: update_page_range enter allocate=1 start=ffffff8009e81000 end=ffffff8009e81000 vma=          (null)
[14362.465737] binder: binder_alloc_shim: update_page_range enter allocate=1 start=ffffff800bb01000 end=ffffff800bb01000 vma=          (null)
[14362.465752] binder: binder_alloc_shim: update_page_range enter allocate=0 start=ffffff8009e81000 end=ffffff8009e80000 vma=          (null)
[14362.465766] binder: binder_alloc_shim: update_page_range enter allocate=0 start=ffffff800bb01000 end=ffffff800bb00000 vma=          (null)
[14362.470126] binder: binder_alloc_shim: update_page_range enter allocate=1 start=ffffff8009e81000 end=ffffff8009e81000 vma=          (null)
[14362.470247] binder: binder_alloc_shim: update_page_range enter allocate=1 start=ffffff800bb01000 end=ffffff800bb01000 vma=          (null)
[14362.470264] binder: binder_alloc_shim: update_page_range enter allocate=0 start=ffffff8009e81000 end=ffffff8009e80000 vma=          (null)
[14362.470285] binder: binder_alloc_shim: update_page_range enter allocate=0 start=ffffff800bb01000 end=ffffff800bb00000 vma=          (null)
[14362.497798] binder: binder_alloc_shim: update_page_range enter allocate=1 start=ffffff8009e81000 end=ffffff8009e81000 vma=          (null)
[14362.497957] binder: binder_alloc_shim: update_page_range enter allocate=1 start=ffffff800bb01000 end=ffffff800bb01000 vma=          (null)
[14362.497983] binder: binder_alloc_shim: update_page_range enter allocate=0 start=ffffff8009e81000 end=ffffff8009e80000 vma=          (null)
[14362.498031] binder: binder_alloc_shim: update_page_range enter allocate=0 start=ffffff800bb01000 end=ffffff800bb00000 vma=          (null)
[14362.533086] binder: binder_alloc_shim: update_page_range enter allocate=1 start=ffffff8009e81000 end=ffffff8009e81000 vma=          (null)
[14362.533406] binder: binder_alloc_shim: update_page_range enter allocate=1 start=ffffff800bb01000 end=ffffff800bb01000 vma=          (null)
[14362.533434] binder: binder_alloc_shim: update_page_range enter allocate=0 start=ffffff8009e81000 end=ffffff8009e80000 vma=          (null)
[14362.533484] binder: binder_alloc_shim: update_page_range enter allocate=0 start=ffffff800bb01000 end=ffffff800bb00000 vma=          (null)
[14362.644113] binder: binder_alloc_shim: update_page_range enter allocate=1 start=ffffff8009e81000 end=ffffff8009e81000 vma=          (null)
[14362.644259] binder: binder_alloc_shim: update_page_range enter allocate=1 start=ffffff800bb01000 end=ffffff800bb01000 vma=          (null)
[14362.644286] binder: binder_alloc_shim: update_page_range enter allocate=0 start=ffffff8009e81000 end=ffffff8009e80000 vma=          (null)
[14362.644301] binder: binder_alloc_shim: update_page_range enter allocate=0 start=ffffff800bb01000 end=ffffff800bb00000 vma=          (null)
[14362.645243] binder: binder_alloc_shim: update_page_range enter allocate=1 start=ffffff8009e81000 end=ffffff8009e81000 vma=          (null)
[14362.645305] binder: binder_alloc_shim: update_page_range enter allocate=1 start=ffffff800bb01000 end=ffffff800bb01000 vma=          (null)
[14362.645323] binder: binder_alloc_shim: update_page_range enter allocate=0 start=ffffff8009e81000 end=ffffff8009e80000 vma=          (null)
[14362.645351] binder: binder_alloc_shim: update_page_range enter allocate=0 start=ffffff800bb01000 end=ffffff800bb00000 vma=          (null)
[14362.663152] binder: binder_alloc_shim: update_page_range enter allocate=1 start=ffffff8009e81000 end=ffffff8009e81000 vma=          (null)
[14362.663332] binder: binder_alloc_shim: update_page_range enter allocate=1 start=ffffff800bb01000 end=ffffff800bb01000 vma=          (null)
[14362.663355] binder: binder_alloc_shim: update_page_range enter allocate=0 start=ffffff8009e81000 end=ffffff8009e80000 vma=          (null)
[14362.663379] binder: binder_alloc_shim: update_page_range enter allocate=0 start=ffffff800bb01000 end=ffffff800bb00000 vma=          (null)
[14362.663467] binder: binder_alloc_shim: update_page_range enter allocate=1 start=ffffff8009e81000 end=ffffff8009e81000 vma=          (null)
[14362.663528] binder: binder_alloc_shim: update_page_range enter allocate=1 start=ffffff800bb01000 end=ffffff800bb01000 vma=          (null)
[14362.663540] binder: binder_alloc_shim: update_page_range enter allocate=0 start=ffffff8009e81000 end=ffffff8009e80000 vma=          (null)
[14362.663553] binder: binder_alloc_shim: update_page_range enter allocate=0 start=ffffff800bb01000 end=ffffff800bb00000 vma=          (null)
[14362.672567] binder: binder_alloc_shim: update_page_range enter allocate=1 start=ffffff8009e81000 end=ffffff8009e81000 vma=          (null)
[14362.672795] binder: binder_alloc_shim: update_page_range enter allocate=1 start=ffffff800bb01000 end=ffffff800bb01000 vma=          (null)
[14362.672820] binder: binder_alloc_shim: update_page_range enter allocate=0 start=ffffff8009e81000 end=ffffff8009e80000 vma=          (null)
[14362.672831] binder: binder_alloc_shim: update_page_range enter allocate=0 start=ffffff800bb01000 end=ffffff800bb00000 vma=          (null)
[14362.675910] binder: binder_alloc_shim: update_page_range enter allocate=1 start=ffffff8009e81000 end=ffffff8009e81000 vma=          (null)
[14362.676064] binder: binder_alloc_shim: update_page_range enter allocate=1 start=ffffff800bb01000 end=ffffff800bb01000 vma=          (null)
[14362.676098] binder: binder_alloc_shim: update_page_range enter allocate=0 start=ffffff8009e81000 end=ffffff8009e80000 vma=          (null)
[14362.676116] binder: binder_alloc_shim: update_page_range enter allocate=0 start=ffffff800bb01000 end=ffffff800bb00000 vma=          (null)
[14362.676270] binder: binder_alloc_shim: update_page_range enter allocate=1 start=ffffff8009e81000 end=ffffff8009e81000 vma=          (null)
[14362.676317] binder: binder_alloc_shim: update_page_range enter allocate=1 start=ffffff800bb01000 end=ffffff800bb01000 vma=          (null)
[14362.676333] binder: binder_alloc_shim: update_page_range enter allocate=0 start=ffffff8009e81000 end=ffffff8009e80000 vma=          (null)
[14362.676351] binder: binder_alloc_shim: update_page_range enter allocate=0 start=ffffff800bb01000 end=ffffff800bb00000 vma=          (null)
[14362.678865] binder: binder_alloc_shim: update_page_range enter allocate=1 start=ffffff8009e81000 end=ffffff8009e81000 vma=          (null)
[14362.679014] binder: binder_alloc_shim: update_page_range enter allocate=1 start=ffffff800bb01000 end=ffffff800bb01000 vma=          (null)
[14362.679038] binder: binder_alloc_shim: update_page_range enter allocate=0 start=ffffff8009e81000 end=ffffff8009e80000 vma=          (null)
[14362.679052] binder: binder_alloc_shim: update_page_range enter allocate=0 start=ffffff800bb01000 end=ffffff800bb00000 vma=          (null)
[14362.686523] binder: binder_alloc_shim: update_page_range enter allocate=1 start=ffffff8009e81000 end=ffffff8009e81000 vma=          (null)
[14362.687099] binder: binder_alloc_shim: update_page_range enter allocate=1 start=ffffff800bb01000 end=ffffff800bb01000 vma=          (null)
[14362.687132] binder: binder_alloc_shim: update_page_range enter allocate=0 start=ffffff8009e81000 end=ffffff8009e80000 vma=          (null)
[14362.687144] binder: binder_alloc_shim: update_page_range enter allocate=0 start=ffffff800bb01000 end=ffffff800bb00000 vma=          (null)
[14362.687204] binder: binder_alloc_shim: update_page_range enter allocate=1 start=ffffff8009e81000 end=ffffff8009e81000 vma=          (null)
[14362.687379] binder: binder_alloc_shim: update_page_range enter allocate=1 start=ffffff800bb01000 end=ffffff800bb01000 vma=          (null)
[14362.687394] binder: binder_alloc_shim: update_page_range enter allocate=0 start=ffffff8009e81000 end=ffffff8009e80000 vma=          (null)
[14362.687407] binder: binder_alloc_shim: update_page_range enter allocate=0 start=ffffff800bb01000 end=ffffff800bb00000 vma=          (null)
[14363.465701] binder: binder_alloc_shim: update_page_range enter allocate=1 start=ffffff8009e81000 end=ffffff8009e81000 vma=          (null)
[14363.465837] binder: binder_alloc_shim: update_page_range enter allocate=1 start=ffffff800bb01000 end=ffffff800bb01000 vma=          (null)
[14363.465867] binder: binder_alloc_shim: update_page_range enter allocate=0 start=ffffff8009e81000 end=ffffff8009e80000 vma=          (null)
[14363.465878] binder: binder_alloc_shim: update_page_range enter allocate=0 start=ffffff800bb01000 end=ffffff800bb00000 vma=          (null)
[14363.687736] binder: binder_alloc_shim: update_page_range enter allocate=1 start=ffffff8009e81000 end=ffffff8009e81000 vma=          (null)
[14363.688372] binder: binder_alloc_shim: update_page_range enter allocate=1 start=ffffff800bb01000 end=ffffff800bb01000 vma=          (null)
[14363.688411] binder: binder_alloc_shim: update_page_range enter allocate=0 start=ffffff8009e81000 end=ffffff8009e80000 vma=          (null)
[14363.688428] binder: binder_alloc_shim: update_page_range enter allocate=0 start=ffffff800bb01000 end=ffffff800bb00000 vma=          (null)
[14364.467858] binder: binder_alloc_shim: update_page_range enter allocate=1 start=ffffff8009e81000 end=ffffff8009e81000 vma=          (null)
[14364.467987] binder: binder_alloc_shim: update_page_range enter allocate=1 start=ffffff800bb01000 end=ffffff800bb01000 vma=          (null)
[14364.468018] binder: binder_alloc_shim: update_page_range enter allocate=0 start=ffffff8009e81000 end=ffffff8009e80000 vma=          (null)
[14364.468026] binder: binder_alloc_shim: update_page_range enter allocate=0 start=ffffff800bb01000 end=ffffff800bb00000 vma=          (null)
[14364.688774] binder: binder_alloc_shim: update_page_range enter allocate=1 start=ffffff8009e81000 end=ffffff8009e81000 vma=          (null)
[14364.689459] binder: binder_alloc_shim: update_page_range enter allocate=1 start=ffffff800bb01000 end=ffffff800bb01000 vma=          (null)
[14364.689500] binder: binder_alloc_shim: update_page_range enter allocate=0 start=ffffff8009e81000 end=ffffff8009e80000 vma=          (null)
[14364.689521] binder: binder_alloc_shim: update_page_range enter allocate=0 start=ffffff800bb01000 end=ffffff800bb00000 vma=          (null)
[14365.468748] binder: binder_alloc_shim: update_page_range enter allocate=1 start=ffffff8009e81000 end=ffffff8009e81000 vma=          (null)
[14365.468895] binder: binder_alloc_shim: update_page_range enter allocate=1 start=ffffff800bb01000 end=ffffff800bb01000 vma=          (null)
[14365.468924] binder: binder_alloc_shim: update_page_range enter allocate=0 start=ffffff8009e81000 end=ffffff8009e80000 vma=          (null)
[14365.468965] binder: binder_alloc_shim: update_page_range enter allocate=0 start=ffffff800bb01000 end=ffffff800bb00000 vma=          (null)
[14365.689863] binder: binder_alloc_shim: update_page_range enter allocate=1 start=ffffff8009e81000 end=ffffff8009e81000 vma=          (null)
[14365.690285] binder: binder_alloc_shim: update_page_range enter allocate=1 start=ffffff800bb01000 end=ffffff800bb01000 vma=          (null)
[14365.690320] binder: binder_alloc_shim: update_page_range enter allocate=0 start=ffffff8009e81000 end=ffffff8009e80000 vma=          (null)
[14365.690336] binder: binder_alloc_shim: update_page_range enter allocate=0 start=ffffff800bb01000 end=ffffff800bb00000 vma=          (null)
[14366.473891] binder: binder_alloc_shim: update_page_range enter allocate=1 start=ffffff8009e81000 end=ffffff8009e81000 vma=          (null)
[14366.474059] binder: binder_alloc_shim: update_page_range enter allocate=1 start=ffffff800bb01000 end=ffffff800bb01000 vma=          (null)
[14366.474085] binder: binder_alloc_shim: update_page_range enter allocate=0 start=ffffff8009e81000 end=ffffff8009e80000 vma=          (null)
[14366.474129] binder: binder_alloc_shim: update_page_range enter allocate=0 start=ffffff800bb01000 end=ffffff800bb00000 vma=          (null)
[14366.690678] binder: binder_alloc_shim: update_page_range enter allocate=1 start=ffffff8009e81000 end=ffffff8009e81000 vma=          (null)
[14366.691082] binder: binder_alloc_shim: update_page_range enter allocate=1 start=ffffff800bb01000 end=ffffff800bb01000 vma=          (null)
[14366.691117] binder: binder_alloc_shim: update_page_range enter allocate=0 start=ffffff8009e81000 end=ffffff8009e80000 vma=          (null)
[14366.691130] binder: binder_alloc_shim: update_page_range enter allocate=0 start=ffffff800bb01000 end=ffffff800bb00000 vma=          (null)
[14367.478348] binder: binder_alloc_shim: update_page_range enter allocate=1 start=ffffff8009e81000 end=ffffff8009e81000 vma=          (null)
[14367.478496] binder: binder_alloc_shim: update_page_range enter allocate=1 start=ffffff800bb01000 end=ffffff800bb01000 vma=          (null)
[14367.478525] binder: binder_alloc_shim: update_page_range enter allocate=0 start=ffffff8009e81000 end=ffffff8009e80000 vma=          (null)
[14367.478592] binder: binder_alloc_shim: update_page_range enter allocate=0 start=ffffff800bb01000 end=ffffff800bb00000 vma=          (null)
[14367.691448] binder: binder_alloc_shim: update_page_range enter allocate=1 start=ffffff8009e81000 end=ffffff8009e81000 vma=          (null)
[14367.691869] binder: binder_alloc_shim: update_page_range enter allocate=1 start=ffffff800bb01000 end=ffffff800bb01000 vma=          (null)
[14367.691919] binder: binder_alloc_shim: update_page_range enter allocate=0 start=ffffff8009e81000 end=ffffff8009e80000 vma=          (null)
[14367.691940] binder: binder_alloc_shim: update_page_range enter allocate=0 start=ffffff800bb01000 end=ffffff800bb00000 vma=          (null)
[14368.481538] binder: binder_alloc_shim: update_page_range enter allocate=1 start=ffffff8009e81000 end=ffffff8009e81000 vma=          (null)
[14368.481682] binder: binder_alloc_shim: update_page_range enter allocate=1 start=ffffff800bb01000 end=ffffff800bb01000 vma=          (null)
[14368.481709] binder: binder_alloc_shim: update_page_range enter allocate=0 start=ffffff8009e81000 end=ffffff8009e80000 vma=          (null)
[14368.481752] binder: binder_alloc_shim: update_page_range enter allocate=0 start=ffffff800bb01000 end=ffffff800bb00000 vma=          (null)
[14368.692249] binder: binder_alloc_shim: update_page_range enter allocate=1 start=ffffff8009e81000 end=ffffff8009e81000 vma=          (null)
[14368.692607] binder: binder_alloc_shim: update_page_range enter allocate=1 start=ffffff800bb01000 end=ffffff800bb01000 vma=          (null)
[14368.692645] binder: binder_alloc_shim: update_page_range enter allocate=0 start=ffffff8009e81000 end=ffffff8009e80000 vma=          (null)
[14368.692687] binder: binder_alloc_shim: update_page_range enter allocate=0 start=ffffff800bb01000 end=ffffff800bb00000 vma=          (null)
[14369.484878] binder: binder_alloc_shim: update_page_range enter allocate=1 start=ffffff8009e81000 end=ffffff8009e81000 vma=          (null)
[14369.485046] binder: binder_alloc_shim: update_page_range enter allocate=1 start=ffffff800bb01000 end=ffffff800bb01000 vma=          (null)
[14369.485081] binder: binder_alloc_shim: update_page_range enter allocate=0 start=ffffff8009e81000 end=ffffff8009e80000 vma=          (null)
[14369.485125] binder: binder_alloc_shim: update_page_range enter allocate=0 start=ffffff800bb01000 end=ffffff800bb00000 vma=          (null)
[14369.692962] binder: binder_alloc_shim: update_page_range enter allocate=1 start=ffffff8009e81000 end=ffffff8009e81000 vma=          (null)
[14369.693314] binder: binder_alloc_shim: update_page_range enter allocate=1 start=ffffff800bb01000 end=ffffff800bb01000 vma=          (null)
[14369.693354] binder: binder_alloc_shim: update_page_range enter allocate=0 start=ffffff8009e81000 end=ffffff8009e80000 vma=          (null)
[14369.693372] binder: binder_alloc_shim: update_page_range enter allocate=0 start=ffffff800bb01000 end=ffffff800bb00000 vma=          (null)
[14370.490375] binder: binder_alloc_shim: update_page_range enter allocate=1 start=ffffff8009e81000 end=ffffff8009e81000 vma=          (null)
[14370.490535] binder: binder_alloc_shim: update_page_range enter allocate=1 start=ffffff800bb01000 end=ffffff800bb01000 vma=          (null)
[14370.490561] binder: binder_alloc_shim: update_page_range enter allocate=0 start=ffffff8009e81000 end=ffffff8009e80000 vma=          (null)
[14370.491466] binder: binder_alloc_shim: update_page_range enter allocate=0 start=ffffff800bb01000 end=ffffff800bb00000 vma=          (null)
[14370.693654] binder: binder_alloc_shim: update_page_range enter allocate=1 start=ffffff8009e81000 end=ffffff8009e81000 vma=          (null)
[14370.694065] binder: binder_alloc_shim: update_page_range enter allocate=1 start=ffffff800bb01000 end=ffffff800bb01000 vma=          (null)
[14370.694100] binder: binder_alloc_shim: update_page_range enter allocate=0 start=ffffff8009e81000 end=ffffff8009e80000 vma=          (null)
[14370.694117] binder: binder_alloc_shim: update_page_range enter allocate=0 start=ffffff800bb01000 end=ffffff800bb00000 vma=          (null)
[14371.496552] binder: binder_alloc_shim: update_page_range enter allocate=1 start=ffffff8009e81000 end=ffffff8009e81000 vma=          (null)
[14371.496704] binder: binder_alloc_shim: update_page_range enter allocate=1 start=ffffff800bb01000 end=ffffff800bb01000 vma=          (null)
[14371.496734] binder: binder_alloc_shim: update_page_range enter allocate=0 start=ffffff8009e81000 end=ffffff8009e80000 vma=          (null)
[14371.496743] binder: binder_alloc_shim: update_page_range enter allocate=0 start=ffffff800bb01000 end=ffffff800bb00000 vma=          (null)
[14371.694421] binder: binder_alloc_shim: update_page_range enter allocate=1 start=ffffff8009e81000 end=ffffff8009e81000 vma=          (null)
[14371.694861] binder: binder_alloc_shim: update_page_range enter allocate=1 start=ffffff800bb01000 end=ffffff800bb01000 vma=          (null)
[14371.694898] binder: binder_alloc_shim: update_page_range enter allocate=0 start=ffffff8009e81000 end=ffffff8009e80000 vma=          (null)
[14371.694918] binder: binder_alloc_shim: update_page_range enter allocate=0 start=ffffff800bb01000 end=ffffff800bb00000 vma=          (null)
[14372.497770] binder: binder_alloc_shim: update_page_range enter allocate=1 start=ffffff8009e81000 end=ffffff8009e81000 vma=          (null)
[14372.497901] binder: binder_alloc_shim: update_page_range enter allocate=1 start=ffffff800bb01000 end=ffffff800bb01000 vma=          (null)
[14372.497931] binder: binder_alloc_shim: update_page_range enter allocate=0 start=ffffff8009e81000 end=ffffff8009e80000 vma=          (null)
[14372.497940] binder: binder_alloc_shim: update_page_range enter allocate=0 start=ffffff800bb01000 end=ffffff800bb00000 vma=          (null)
[14372.695247] binder: binder_alloc_shim: update_page_range enter allocate=1 start=ffffff8009e81000 end=ffffff8009e81000 vma=          (null)
[14372.695815] binder: binder_alloc_shim: update_page_range enter allocate=1 start=ffffff800bb01000 end=ffffff800bb01000 vma=          (null)
[14372.695852] binder: binder_alloc_shim: update_page_range enter allocate=0 start=ffffff8009e81000 end=ffffff8009e80000 vma=          (null)
[14372.695886] binder: binder_alloc_shim: update_page_range enter allocate=0 start=ffffff800bb01000 end=ffffff800bb00000 vma=          (null)
[14373.503220] binder: binder_alloc_shim: update_page_range enter allocate=1 start=ffffff8009e81000 end=ffffff8009e81000 vma=          (null)
[14373.503350] binder: binder_alloc_shim: update_page_range enter allocate=1 start=ffffff800bb01000 end=ffffff800bb01000 vma=          (null)
[14373.503385] binder: binder_alloc_shim: update_page_range enter allocate=0 start=ffffff8009e81000 end=ffffff8009e80000 vma=          (null)
[14373.503395] binder: binder_alloc_shim: update_page_range enter allocate=0 start=ffffff800bb01000 end=ffffff800bb00000 vma=          (null)
[14373.696207] binder: binder_alloc_shim: update_page_range enter allocate=1 start=ffffff8009e81000 end=ffffff8009e81000 vma=          (null)
[14373.696701] binder: binder_alloc_shim: update_page_range enter allocate=1 start=ffffff800bb01000 end=ffffff800bb01000 vma=          (null)
[14373.696750] binder: binder_alloc_shim: update_page_range enter allocate=0 start=ffffff800bb01000 end=ffffff800bb00000 vma=          (null)
[14373.696760] binder: binder_alloc_shim: update_page_range enter allocate=0 start=ffffff8009e81000 end=ffffff8009e80000 vma=          (null)
[14374.508247] binder: binder_alloc_shim: update_page_range enter allocate=1 start=ffffff8009e81000 end=ffffff8009e81000 vma=          (null)
[14374.508529] binder: binder_alloc_shim: update_page_range enter allocate=1 start=ffffff800bb01000 end=ffffff800bb01000 vma=          (null)
[14374.508561] binder: binder_alloc_shim: update_page_range enter allocate=0 start=ffffff8009e81000 end=ffffff8009e80000 vma=          (null)
[14374.508570] binder: binder_alloc_shim: update_page_range enter allocate=0 start=ffffff800bb01000 end=ffffff800bb00000 vma=          (null)
[14374.697026] binder: binder_alloc_shim: update_page_range enter allocate=1 start=ffffff8009e81000 end=ffffff8009e81000 vma=          (null)
[14374.697537] binder: binder_alloc_shim: update_page_range enter allocate=1 start=ffffff800bb01000 end=ffffff800bb01000 vma=          (null)
[14374.697579] binder: binder_alloc_shim: update_page_range enter allocate=0 start=ffffff8009e81000 end=ffffff8009e80000 vma=          (null)
[14374.697679] binder: binder_alloc_shim: update_page_range enter allocate=0 start=ffffff800bb01000 end=ffffff800bb00000 vma=          (null)
[14375.512886] binder: binder_alloc_shim: update_page_range enter allocate=1 start=ffffff8009e81000 end=ffffff8009e81000 vma=          (null)
[14375.513014] binder: binder_alloc_shim: update_page_range enter allocate=1 start=ffffff800bb01000 end=ffffff800bb01000 vma=          (null)
[14375.513041] binder: binder_alloc_shim: update_page_range enter allocate=0 start=ffffff8009e81000 end=ffffff8009e80000 vma=          (null)
[14375.513050] binder: binder_alloc_shim: update_page_range enter allocate=0 start=ffffff800bb01000 end=ffffff800bb00000 vma=          (null)
[14375.697998] binder: binder_alloc_shim: update_page_range enter allocate=1 start=ffffff8009e81000 end=ffffff8009e81000 vma=          (null)
[14375.698415] binder: binder_alloc_shim: update_page_range enter allocate=1 start=ffffff800bb01000 end=ffffff800bb01000 vma=          (null)
[14375.698441] binder: binder_alloc_shim: update_page_range enter allocate=0 start=ffffff8009e81000 end=ffffff8009e80000 vma=          (null)
[14375.698452] binder: binder_alloc_shim: update_page_range enter allocate=0 start=ffffff800bb01000 end=ffffff800bb00000 vma=          (null)
[14376.518021] binder: binder_alloc_shim: update_page_range enter allocate=1 start=ffffff8009e81000 end=ffffff8009e81000 vma=          (null)
[14376.518157] binder: binder_alloc_shim: update_page_range enter allocate=1 start=ffffff800bb01000 end=ffffff800bb01000 vma=          (null)
[14376.518185] binder: binder_alloc_shim: update_page_range enter allocate=0 start=ffffff8009e81000 end=ffffff8009e80000 vma=          (null)
[14376.518195] binder: binder_alloc_shim: update_page_range enter allocate=0 start=ffffff800bb01000 end=ffffff800bb00000 vma=          (null)

AFTER_LOGDW_SYSTEMSERVER_DONE
