--- kill android logd/logcat and stale capture ---
--- prepare socket dir ---
--- start direct logdw capture ---
cap_pid=21215
--- logdw socket ---
srw-rw-rw-    1 root     root             0 May 30 00:24 /media/internal/android-usb/android-rootfs/dev/socket/logdw
LOGDW_CAPTURE_READY path=/dev/socket/logdw fd=3
--- clear dmesg ---
--- start zygote/system_server ---
--- cleanup old zygotes/wrappers ---

--- sanity patches ---
storage abort call @ 0x1ca198, should be 1f 20 03 d5:  1f 20 03 d5
SetTaskProfiles call @ 0x1ca1b0, should be 20 00 80 52:  20 00 80 52
SetTaskProfiles tbz @ 0x1ca208, should be 1f 20 03 d5:  1f 20 03 d5

--- classpath ---
BOOTCLASSPATH length: 1624
SYSTEMSERVERCLASSPATH length: 463

--- start zygote + system_server ---

--- pids ---

--- android-ish scan ---
PID=21220 COMM=sh CMD=sh /tmp/try-zygote-start-system-server-v2.sh 
  Name:	sh
  State:	S (sleeping)
  Tgid:	21220
  Ngid:	0
  Pid:	21220
  PPid:	21205
  TracerPid:	0
  Uid:	0	0	0	0
PID=4114 COMM=WebAppMgr CMD=/usr/bin/WebAppMgr --type=zygote --disable-in-process-stack-traces --no-sandbox --no-sandbox --disable-quic 
  Name:	WebAppMgr
  State:	S (sleeping)
  Tgid:	4114
  Ngid:	0
  Pid:	4114
  PPid:	3021
  TracerPid:	0
  Uid:	505	505	505	505

--- sockets ---
srw-rw-rw-    1 root     root             0 May 30 00:24 usap_pool_primary
srw-rw-rw-    1 root     root             0 May 30 00:24 zygote

--- log tail ---
--- collect ---
--- pids ---
wam       4114  3021  0 May29 ?        00:00:01 /usr/bin/WebAppMgr --type=zygote --disable-in-process-stack-traces --no-sandbox --no-sandbox --disable-quic
root     19897     1  0 May29 ?        00:00:00 /media/internal/android-usb/android-sidecar/bin/property_service_ack_shim /media/internal/android-usb/android-rootfs/dev/socket/property_service
root     21188     1  0 00:24 ?        00:00:00 /system/bin/servicemanager
root     21189     1  0 00:24 ?        00:00:00 /system/bin/hwservicemanager
root     21190     1  0 00:24 ?        00:00:00 /vendor/bin/vndservicemanager

--- zygote log ---

--- capture stderr ---
LOGDW_CAPTURE_READY path=/dev/socket/logdw fd=3

--- logdw fatal/exceptions ---
RjAndroidRuntime >>>>>> START com.android.internal.os.ZygoteInit uid 0 <<<<<<
RjhLAndroidRuntime Using default boot image 
Rj!MAndroidRuntime Leaving lock profiling enabled 
Rjjgcutils-trace Error opening trace file: No such file or directory (2) 
Rjlnzygote64 option[0]=-Xzygote 
Rjl	o zygote64 option[1]=-Xdeny-art-apex-data-files 
Rj6ozygote64 option[2]=exit 
Rj<\o zygote64 option[3]=vfprintf 
RjPozygote64 option[4]=sensitiveThread 
Rjozygote64 option[5]=-verbose:gc 
Rj,ozygote64 option[6]=-XX:PerfettoHprof=true 
Rjozygote64 option[7]=-XX:PerfettoJavaHeapStackProf=true 
Rj"pzygote64 option[8]=-Xprimaryzygote 
RjFpzygote64 option[9]=-Xms8m 
Rj8ip zygote64 option[10]=-Xmx512m 
RjXpzygote64 option[11]=-XX:HeapGrowthLimit=192m 
Rjpzygote64 option[12]=-XX:HeapMinFree=8m 
RjHpzygote64 option[13]=-XX:HeapMaxFree=16m 
Rjqzygote64 option[14]=-XX:HeapTargetUtilization=0.6 
Rj`1q zygote64 option[15]=-Xusejit:true 
Rj(Zq zygote64 option[16]=-Xjitsaveprofilinginfo 
Rjtqzygote64 option[17]=-XMadviseWillNeedVdexFileSize:104857600 
Rjqzygote64 option[18]=-XMadviseWillNeedOdexFileSize:104857600 
Rjqzygote64 option[19]=-XMadviseWillNeedArtFileSize:4294967295 
Rjrzygote64 option[20]=-XjdwpOptions:suspend=n,server=y 
RjArzygote64 option[21]=-XjdwpProvider:default 
Rjjrzygote64 option[22]=-Xopaque-jni-ids:swapable 
Rjrzygote64 option[23]=-Xlockprofthreshold:500 
Rj\rzygote64 option[24]=-Xcompiler-option 
Rj`rzygote64 option[25]=--instruction-set-variant=generic 
Rjszygote64 option[26]=-Xcompiler-option 
Rj5szygote64 option[27]=--instruction-set-features=default 
Rjmszygote64 option[28]=-Xcompiler-option 
Rjszygote64 option[29]=--generate-mini-debug-info 
Rjszygote64 option[30]=-Ximage-compiler-option 
RjHszygote64 option[31]=--runtime-arg 
Rj4tzygote64 option[32]=-Ximage-compiler-option 
RjL3t zygote64 option[33]=-Xms64m 
RjYtzygote64 option[34]=-Ximage-compiler-option 
Rjtzygote64 option[35]=--runtime-arg 
Rj8tzygote64 option[36]=-Ximage-compiler-option 
Rjtzygote64 option[37]=-Xmx64m 
Rjtzygote64 option[38]=-Ximage-compiler-option 
Rj%uzygote64 option[39]=--dirty-image-objects=/system/etc/dirty-image-objects 
RjLuzygote64 option[40]=-Ximage-compiler-option 
Rjxuzygote64 option[41]=--instruction-set-variant=generic 
Rjuzygote64 option[42]=-Ximage-compiler-option 
Rjuzygote64 option[43]=--instruction-set-features=default 
Rj<uzygote64 option[44]=-Ximage-compiler-option 
Rj vzygote64 option[45]=--generate-mini-debug-info 
RjIvzygote64 option[46]=-Duser.locale=en-US 
Rjsvzygote64 option[47]=--cpu-abilist=arm64-v8a 
Rjvzygote64 option[48]=-Xcore-platform-api-policy:just-warn 
RjLvzygote64 option[49]=-Xfingerprint:waydroid/lineage_waydroid_arm64_only/waydroid_arm64_only:13/TQ3A.230901.001/eng.aleast.20260403.072834:userdebug/test-keys 
Rjzygote64 ART APEX data files are untrusted. 
Rj"zygote64 Core platform API reporting enabled, enforcing=false 
RjF.zygote64 Time zone APEX ICU file found: /apex/com.android.tzdata/etc/icu/icu_tzdata.dat 
Rj$K.zygote64 I18n APEX ICU file found: /apex/com.android.i18n/etc/icu/icudt70l.dat 
Rj`$=/ zygote64 fcntl(F_ADD_SEALS) failed: Invalid argument, no memfd support. 
Rj=/zygote64 Falling back to ashmem implementation for JIT zygote mapping 
Rj )K/ ashmem Unable to open ashmem device /dev/ashmem89186ff2-684d-4810-8e23-866a9bc61396 (error = No such file or directory) and /dev/ashmem(error = No such file or directory) 
RjL/zygote64 Failed to create JIT Code Cache: Failed to create zygote mapping: No such file or directory 
Rj+M/zygote64 Missing code cache, cannot create JIT. 
RjA*3Zygote begin preload 
Rj+3Zygote Calling ZygoteHooks.beginPreload() 
Rj@\;Zygote64Timing BeginPreload took to complete: 137ms 
RjGa;Zygote Preloading classes... 
RjHg;Zygote ...preloaded 0 classes in 1ms. 
Rji;Zygote64Timing PreloadClasses took to complete: 1ms 
Rj+ApplicationLoaders Created zygote-cached class loader: /system/framework/android.hidl.base-V1.0-java.jar 
RjTl ApplicationLoaders Created zygote-cached class loader: /system/framework/android.hidl.manager-V1.0-java.jar 
RjApplicationLoaders Created zygote-cached class loader: /system/framework/android.test.base.jar 
RjZygote64Timing CacheNonBootClasspathClassLoaders took to complete: 14ms 
RjdZygote Preloading resources... 
Rj~Zygote ...preloaded 64 resources in 46ms. 
RjZygote ...preloaded 41 resources in 8ms. 
RjT@Zygote ...preloaded 8 resource in 5ms. 
RjAZygote64Timing PreloadResources took to complete: 128ms 
RjK	Zygote Preloading shared libraries... 
Rj	zygote64 Unable to find pattern file or unable to map it for am 
Rj(	Zygote Called ZygoteHooks.endPreload() 
Rj	Zygote Installed AndroidKeyStoreProvider in 1ms. 
Zygote Warmed up JCA providers in 8ms. 
Zygote end preload 
 Zygote64Timing ZygotePreload took to complete: 313ms 
Rjzygote64 Explicit concurrent copying GC freed 32762(1544KB) AllocSpace objects, 11(288KB) LOS objects, 95% free, 1274KB/25MB, paused 76us,27us total 25.492ms 
Rjzygote64 Explicit concurrent copying GC freed 2275(125KB) AllocSpace objects, 0(0B) LOS objects, 95% free, 1180KB/25MB, paused 29us,28us total 18.843ms 
RjZygote64Timing PostZygoteInitGC took to complete: 48ms 
RjZygote64Timing ZygoteInit took to complete: 381ms 
Rjl	Zygote Unable to fetch Zygote socket file descriptor 
Zygote Unable to fetch USAP pool socket file descriptor 
RjllZygote Forked child process 21247 
Rj8oZygote System server process 21247 has been created 
Rj0Zygote Accepting command socket connections 
Rjzygote64 open() failed for /dev/cgroup_info/cgroup.rc: No such file or directory 
Rjlelibprocessgroup CgroupMap::LoadRcFile called for [21247] failed 
RjLsystem_server Failed to upload odrefresh metrics: metrics file '/data/misc/odrefresh/odrefresh-metrics.txt' could not be opened: No such file or directory 
Rj,"_  SystemServerTiming InitBeforeStartServices 
Rjk SystemServer persist.sys.timezone is not valid (); setting to GMT. 
Rjdcm  SystemServer Entered the Android system server! 
RjA/SystemServerInitThreadPool Creating instance with 4 threads 
Rj|&SystemServerTiming InitBeforeStartServices took to complete: 719ms 
RjPoSystemServerTiming StartServices 
Rj %SystemServerTiming startBootstrapServices 
RjhsSystemServerTiming StartWatchdog 
Sj4libprocessgroup Failed to find SCHED_SP_TOP_APP task profile: Success 
Sj`AndroidRuntime *** FATAL EXCEPTION IN SYSTEM PROCESS: android.ui
java.lang.SecurityException: No permission to modify given thread 21265
Sj$AndroidRuntime Error reporting crash
java.lang.NullPointerException: Attempt to invoke interface method 'void android.app.IActivityManager.handleApplicationCrash(android.os.IBinder, android.app.ApplicationErrorReport$ParcelableCrashInfo)' on a null object reference
	at com.android.internal.os.RuntimeInit$KillApplicationHandler.uncaughtException(RuntimeInit.java:156)
	at java.lang.ThreadGroup.uncaughtException(ThreadGroup.java:1073)
	at java.lang.ThreadGroup.uncaughtException(ThreadGroup.java:1068)
	at java.lang.Thread.dispatchUncaughtException(Thread.java:2306)
Rj@2Zygote Zygote failed to write to system_server FD: No such file or directory 
Rjx^3 Zygote Process 21247 exited due to signal 9 (Killed) 
Rj3Zygote Exit zygote because system server (pid 21247) has terminated 

--- raw logdw tail ---

--- packet bytes=89 time=1780093456.447844440 ---
RjAndroidRuntime >>>>>> START com.android.internal.os.ZygoteInit uid 0 <<<<<<
 

--- packet bytes=24 time=1780093456.448061800 ---
Rj8*

--- packet bytes=52 time=1780093456.458044020 ---
RjhLAndroidRuntime Using default boot image 

--- packet bytes=58 time=1780093456.458079820 ---
Rj!MAndroidRuntime Leaving lock profiling enabled 

--- packet bytes=81 time=1780093456.459800220 ---
Rjjgcutils-trace Error opening trace file: No such file or directory (2) 

--- packet bytes=40 time=1780093456.460254840 ---
Rjlnzygote64 option[0]=-Xzygote 

--- packet bytes=58 time=1780093456.460269460 ---
Rjl	o zygote64 option[1]=-Xdeny-art-apex-data-files 

--- packet bytes=36 time=1780093456.460281080 ---
Rj6ozygote64 option[2]=exit 

--- packet bytes=40 time=1780093456.460291180 ---
Rj<\o zygote64 option[3]=vfprintf 

--- packet bytes=47 time=1780093456.460301260 ---
RjPozygote64 option[4]=sensitiveThread 

--- packet bytes=43 time=1780093456.460310980 ---
Rjozygote64 option[5]=-verbose:gc 

--- packet bytes=54 time=1780093456.460320660 ---
Rj,ozygote64 option[6]=-XX:PerfettoHprof=true 

--- packet bytes=66 time=1780093456.460330540 ---
Rjozygote64 option[7]=-XX:PerfettoJavaHeapStackProf=true 

--- packet bytes=47 time=1780093456.460340940 ---
Rj"pzygote64 option[8]=-Xprimaryzygote 

--- packet bytes=38 time=1780093456.460350740 ---
RjFpzygote64 option[9]=-Xms8m 

--- packet bytes=41 time=1780093456.460360340 ---
Rj8ip zygote64 option[10]=-Xmx512m 

--- packet bytes=57 time=1780093456.460369820 ---
RjXpzygote64 option[11]=-XX:HeapGrowthLimit=192m 

--- packet bytes=51 time=1780093456.460379500 ---
Rjpzygote64 option[12]=-XX:HeapMinFree=8m 

--- packet bytes=52 time=1780093456.460389080 ---
RjHpzygote64 option[13]=-XX:HeapMaxFree=16m 

--- packet bytes=62 time=1780093456.460398860 ---
Rjqzygote64 option[14]=-XX:HeapTargetUtilization=0.6 

--- packet bytes=46 time=1780093456.460408680 ---
Rj`1q zygote64 option[15]=-Xusejit:true 

--- packet bytes=55 time=1780093456.460418260 ---
Rj(Zq zygote64 option[16]=-Xjitsaveprofilinginfo 

--- packet bytes=72 time=1780093456.460437480 ---
Rjtqzygote64 option[17]=-XMadviseWillNeedVdexFileSize:104857600 

--- packet bytes=72 time=1780093456.460448840 ---
Rjqzygote64 option[18]=-XMadviseWillNeedOdexFileSize:104857600 

--- packet bytes=72 time=1780093456.460459420 ---
Rjqzygote64 option[19]=-XMadviseWillNeedArtFileSize:4294967295 

--- packet bytes=65 time=1780093456.460469760 ---
Rjrzygote64 option[20]=-XjdwpOptions:suspend=n,server=y 

--- packet bytes=55 time=1780093456.460479760 ---
RjArzygote64 option[21]=-XjdwpProvider:default 

--- packet bytes=58 time=1780093456.460489360 ---
Rjjrzygote64 option[22]=-Xopaque-jni-ids:swapable 

--- packet bytes=56 time=1780093456.460499080 ---
Rjrzygote64 option[23]=-Xlockprofthreshold:500 

--- packet bytes=50 time=1780093456.460509240 ---
Rj\rzygote64 option[24]=-Xcompiler-option 

--- packet bytes=66 time=1780093456.460518940 ---
Rj`rzygote64 option[25]=--instruction-set-variant=generic 

--- packet bytes=50 time=1780093456.460529340 ---
Rjszygote64 option[26]=-Xcompiler-option 

--- packet bytes=67 time=1780093456.460548100 ---
Rj5szygote64 option[27]=--instruction-set-features=default 

--- packet bytes=50 time=1780093456.460559460 ---
Rjmszygote64 option[28]=-Xcompiler-option 

--- packet bytes=59 time=1780093456.460569420 ---
Rjszygote64 option[29]=--generate-mini-debug-info 

--- packet bytes=56 time=1780093456.460579540 ---
Rjszygote64 option[30]=-Ximage-compiler-option 

--- packet bytes=46 time=1780093456.460589260 ---
RjHszygote64 option[31]=--runtime-arg 

--- packet bytes=56 time=1780093456.460599100 ---
Rj4tzygote64 option[32]=-Ximage-compiler-option 

--- packet bytes=40 time=1780093456.460608840 ---
RjL3t zygote64 option[33]=-Xms64m 

--- packet bytes=56 time=1780093456.460618400 ---
RjYtzygote64 option[34]=-Ximage-compiler-option 

--- packet bytes=46 time=1780093456.460627920 ---
Rjtzygote64 option[35]=--runtime-arg 

--- packet bytes=56 time=1780093456.460637580 ---
Rj8tzygote64 option[36]=-Ximage-compiler-option 

--- packet bytes=40 time=1780093456.460679000 ---
Rjtzygote64 option[37]=-Xmx64m 

--- packet bytes=56 time=1780093456.460690780 ---
Rjtzygote64 option[38]=-Ximage-compiler-option 

--- packet bytes=86 time=1780093456.460700860 ---
Rj%uzygote64 option[39]=--dirty-image-objects=/system/etc/dirty-image-objects 

--- packet bytes=56 time=1780093456.460711300 ---
RjLuzygote64 option[40]=-Ximage-compiler-option 

--- packet bytes=66 time=1780093456.460721040 ---
Rjxuzygote64 option[41]=--instruction-set-variant=generic 

--- packet bytes=56 time=1780093456.460730720 ---
Rjuzygote64 option[42]=-Ximage-compiler-option 

--- packet bytes=67 time=1780093456.460740520 ---
Rjuzygote64 option[43]=--instruction-set-features=default 

--- packet bytes=56 time=1780093456.460750480 ---
Rj<uzygote64 option[44]=-Ximage-compiler-option 

--- packet bytes=59 time=1780093456.460760060 ---
Rj vzygote64 option[45]=--generate-mini-debug-info 

--- packet bytes=52 time=1780093456.460769720 ---
RjIvzygote64 option[46]=-Duser.locale=en-US 

--- packet bytes=56 time=1780093456.460779260 ---
Rjsvzygote64 option[47]=--cpu-abilist=arm64-v8a 

--- packet bytes=69 time=1780093456.460788720 ---
Rjvzygote64 option[48]=-Xcore-platform-api-policy:just-warn 

--- packet bytes=169 time=1780093456.460798640 ---
RjLvzygote64 option[49]=-Xfingerprint:waydroid/lineage_waydroid_arm64_only/waydroid_arm64_only:13/TQ3A.230901.001/eng.aleast.20260403.072834:userdebug/test-keys 

--- packet bytes=56 time=1780093456.468559400 ---
Rjzygote64 ART APEX data files are untrusted. 

--- packet bytes=74 time=1780093456.468738060 ---
Rj"zygote64 Core platform API reporting enabled, enforcing=false 

--- packet bytes=100 time=1780093456.772229300 ---
RjF.zygote64 Time zone APEX ICU file found: /apex/com.android.tzdata/etc/icu/icu_tzdata.dat 

--- packet bytes=91 time=1780093456.772326080 ---
Rj$K.zygote64 I18n APEX ICU file found: /apex/com.android.i18n/etc/icu/icudt70l.dat 

--- packet bytes=41 time=1780093456.792449920 ---
Rj :/TENS 	200284993 

--- packet bytes=84 time=1780093456.792551140 ---
Rj`$=/ zygote64 fcntl(F_ADD_SEALS) failed: Invalid argument, no memfd support. 

--- packet bytes=82 time=1780093456.792599820 ---
Rj=/zygote64 Falling back to ashmem implementation for JIT zygote mapping 

--- packet bytes=183 time=1780093456.793478160 ---
Rj )K/ ashmem Unable to open ashmem device /dev/ashmem89186ff2-684d-4810-8e23-866a9bc61396 (error = No such file or directory) and /dev/ashmem(error = No such file or directory) 

--- packet bytes=113 time=1780093456.793585000 ---
RjL/zygote64 Failed to create JIT Code Cache: Failed to create zygote mapping: No such file or directory 

--- packet bytes=60 time=1780093456.793602680 ---
Rj+M/zygote64 Missing code cache, cannot create JIT. 

--- packet bytes=24 time=1780093456.858383720 ---
Rj(3

--- packet bytes=33 time=1780093456.858478900 ---
RjA*3Zygote begin preload 

--- packet bytes=54 time=1780093456.858504220 ---
Rj+3Zygote Calling ZygoteHooks.beginPreload() 

--- packet bytes=64 time=1780093456.996026320 ---
Rj@\;Zygote64Timing BeginPreload took to complete: 137ms 

--- packet bytes=41 time=1780093456.996251800 ---
RjGa;Zygote Preloading classes... 

--- packet bytes=50 time=1780093456.996640360 ---
RjHg;Zygote ...preloaded 0 classes in 1ms. 

--- packet bytes=64 time=1780093456.996753300 ---
Rji;Zygote64Timing PreloadClasses took to complete: 1ms 

--- packet bytes=117 time=1780093457.002919460 ---
Rj+ApplicationLoaders Created zygote-cached class loader: /system/framework/android.hidl.base-V1.0-java.jar 

--- packet bytes=120 time=1780093457.007141480 ---
RjTl ApplicationLoaders Created zygote-cached class loader: /system/framework/android.hidl.manager-V1.0-java.jar 

--- packet bytes=107 time=1780093457.010536360 ---
RjApplicationLoaders Created zygote-cached class loader: /system/framework/android.test.base.jar 

--- packet bytes=84 time=1780093457.010616420 ---
RjZygote64Timing CacheNonBootClasspathClassLoaders took to complete: 14ms 

--- packet bytes=43 time=1780093457.080150000 ---
RjdZygote Preloading resources... 

--- packet bytes=140 time=1780093457.094647980 ---
Rj,Resources Preloaded drawable resource #0x108028e (android:drawable/dialog_background_material) that varies with configuration!! 

--- packet bytes=54 time=1780093457.125811400 ---
Rj~Zygote ...preloaded 64 resources in 46ms. 

--- packet bytes=53 time=1780093457.134164240 ---
RjZygote ...preloaded 41 resources in 8ms. 

--- packet bytes=51 time=1780093457.138494220 ---
RjT@Zygote ...preloaded 8 resource in 5ms. 

--- packet bytes=68 time=1780093457.138576000 ---
RjAZygote64Timing PreloadResources took to complete: 128ms 

--- packet bytes=50 time=1780093457.155979520 ---
RjK	Zygote Preloading shared libraries... 

--- packet bytes=76 time=1780093457.159620680 ---
Rj	zygote64 Unable to find pattern file or unable to map it for am 

--- packet bytes=51 time=1780093457.161757300 ---
Rj(	Zygote Called ZygoteHooks.endPreload() 

--- packet bytes=61 time=1780093457.162924860 ---
Rj	Zygote Installed AndroidKeyStoreProvider in 1ms. 

--- packet bytes=51 time=1780093457.170868820 ---
Rj(.
Zygote Warmed up JCA providers in 8ms. 

--- packet bytes=31 time=1780093457.170984300 ---
Rj$/
Zygote end preload 

--- packet bytes=24 time=1780093457.170996720 ---
RjXx/
 

--- packet bytes=65 time=1780093457.171007060 ---
Rj0O0
 Zygote64Timing ZygotePreload took to complete: 313ms 

--- packet bytes=170 time=1780093457.196791660 ---
Rjzygote64 Explicit concurrent copying GC freed 32762(1544KB) AllocSpace objects, 11(288KB) LOS objects, 95% free, 1274KB/25MB, paused 76us,27us total 25.492ms 

--- packet bytes=164 time=1780093457.218560720 ---
Rjzygote64 Explicit concurrent copying GC freed 2275(125KB) AllocSpace objects, 0(0B) LOS objects, 95% free, 1180KB/25MB, paused 29us,28us total 18.843ms 

--- packet bytes=67 time=1780093457.218698280 ---
RjZygote64Timing PostZygoteInitGC took to complete: 48ms 

--- packet bytes=62 time=1780093457.218710520 ---
RjZygote64Timing ZygoteInit took to complete: 381ms 

--- packet bytes=65 time=1780093457.218758720 ---
Rjl	Zygote Unable to fetch Zygote socket file descriptor 

--- packet bytes=68 time=1780093457.218771720 ---
Rj
Zygote Unable to fetch USAP pool socket file descriptor 

--- packet bytes=46 time=1780093458.426664400 ---
RjllZygote Forked child process 21247 

--- packet bytes=64 time=1780093458.426769040 ---
Rj8oZygote System server process 21247 has been created 

--- packet bytes=56 time=1780093458.428291260 ---
Rj0Zygote Accepting command socket connections 

--- packet bytes=93 time=1780093458.517765540 ---
Rjzygote64 open() failed for /dev/cgroup_info/cgroup.rc: No such file or directory 

--- packet bytes=76 time=1780093458.517867640 ---
Rjlelibprocessgroup CgroupMap::LoadRcFile called for [21247] failed 

--- packet bytes=167 time=1780093458.521291640 ---
RjLsystem_server Failed to upload odrefresh metrics: metrics file '/data/misc/odrefresh/odrefresh-metrics.txt' could not be opened: No such file or directory 

--- packet bytes=55 time=1780093458.549891320 ---
Rj,"_  SystemServerTiming InitBeforeStartServices 

--- packet bytes=40 time=1780093458.550005940 ---
Rjh YY

--- packet bytes=79 time=1780093458.550019900 ---
Rjk SystemServer persist.sys.timezone is not valid (); setting to GMT. 

--- packet bytes=60 time=1780093458.550032380 ---
Rjdcm  SystemServer Entered the Android system server! 

--- packet bytes=24 time=1780093458.550045380 ---
Rjm Z

--- packet bytes=72 time=1780093458.792856040 ---
RjA/SystemServerInitThreadPool Creating instance with 4 threads 

--- packet bytes=65 time=1780093458.793471300 ---
RjJ/Typeface Preloading /system/fonts/Roboto-Regular.ttf 

--- packet bytes=71 time=1780093458.793772720 ---
Rj&O/Typeface Preloading /system/fonts/RobotoStatic-Regular.ttf 

--- packet bytes=79 time=1780093459.262413440 ---
Rj|&SystemServerTiming InitBeforeStartServices took to complete: 719ms 

--- packet bytes=45 time=1780093459.262518320 ---
RjPoSystemServerTiming StartServices 

--- packet bytes=54 time=1780093459.262561740 ---
Rj %SystemServerTiming startBootstrapServices 

--- packet bytes=45 time=1780093459.262574180 ---
RjhsSystemServerTiming StartWatchdog 

--- packet bytes=82 time=1780093459.264818280 ---
Sj4libprocessgroup Failed to find SCHED_SP_TOP_APP task profile: Success 

--- packet bytes=257 time=1780093459.265253840 ---
Sj`AndroidRuntime *** FATAL EXCEPTION IN SYSTEM PROCESS: android.ui
java.lang.SecurityException: No permission to modify given thread 21265
	at android.os.Process.setThreadGroup(Native Method)
	at com.android.server.UiThread.run(UiThread.java:44)
 

--- packet bytes=581 time=1780093459.266919460 ---
Sj$AndroidRuntime Error reporting crash
java.lang.NullPointerException: Attempt to invoke interface method 'void android.app.IActivityManager.handleApplicationCrash(android.os.IBinder, android.app.ApplicationErrorReport$ParcelableCrashInfo)' on a null object reference
	at com.android.internal.os.RuntimeInit$KillApplicationHandler.uncaughtException(RuntimeInit.java:156)
	at java.lang.ThreadGroup.uncaughtException(ThreadGroup.java:1073)
	at java.lang.ThreadGroup.uncaughtException(ThreadGroup.java:1068)
	at java.lang.Thread.dispatchUncaughtException(Thread.java:2306)
 

--- packet bytes=54 time=1780093459.267019960 ---
SjX!Process Sending signal. PID: 21247 SIG: 9 

--- packet bytes=89 time=1780093459.338906800 ---
Rj@2Zygote Zygote failed to write to system_server FD: No such file or directory 

--- packet bytes=65 time=1780093459.339018180 ---
Rjx^3 Zygote Process 21247 exited due to signal 9 (Killed) 

--- packet bytes=80 time=1780093459.339031200 ---
Rj3Zygote Exit zygote because system server (pid 21247) has terminated 

--- dmesg focused ---
[12099.422933] binder: binder: WEBOS accept ioctl 0x40046210 no-op
[12099.422966] binder: binder_alloc_shim: binder_mmap enter filp=ffffffc08b91a900 vma=ffffffc09f4af0b0 start=0x7e7bf6b000 end=0x7e7c069000 flags=0x200071
[12099.422981] binder: binder_alloc_shim: update_page_range enter allocate=1 start=ffffff8000780000 end=ffffff8000781000 vma=ffffffc09f4af0b0
[12099.422987] binder: binder_alloc_shim: before __get_free_page GFP_KERNEL=0x24000c0
[12099.422993] binder: binder_alloc_shim: after __get_free_page addr=0xffffffc002638000
[12099.422997] binder: binder_alloc_shim: virt_to_page page=ffffffbdc0098e00
[12099.423003] binder: binder_alloc_shim: before vm_insert_page user_page_addr=0x7e7bf6b000 page=ffffffbdc0098e00
[12099.423012] binder: binder_alloc_shim: after vm_insert_page ret=0
[12099.664673] binder: binder_alloc_shim: update_page_range enter allocate=1 start=ffffff800b601000 end=ffffff800b601000 vma=          (null)
[12099.664783] binder: binder_alloc_shim: update_page_range enter allocate=1 start=ffffff8000781000 end=ffffff8000781000 vma=          (null)
[12099.664806] binder: binder_alloc_shim: update_page_range enter allocate=0 start=ffffff800b601000 end=ffffff800b600000 vma=          (null)
[12099.664824] binder: binder_alloc_shim: update_page_range enter allocate=0 start=ffffff8000781000 end=ffffff8000780000 vma=          (null)
[12099.668711] binder: binder_alloc_shim: update_page_range enter allocate=1 start=ffffff800b601000 end=ffffff800b601000 vma=          (null)
[12099.668908] binder: binder_alloc_shim: update_page_range enter allocate=1 start=ffffff8000781000 end=ffffff8000781000 vma=          (null)
[12099.668965] binder: binder_alloc_shim: update_page_range enter allocate=0 start=ffffff8000781000 end=ffffff8000780000 vma=          (null)
[12099.668983] binder: binder_alloc_shim: update_page_range enter allocate=0 start=ffffff800b601000 end=ffffff800b600000 vma=          (null)
[12099.671321] binder: binder_alloc_shim: update_page_range enter allocate=1 start=ffffff800b601000 end=ffffff800b601000 vma=          (null)
[12099.671417] binder: binder_alloc_shim: update_page_range enter allocate=1 start=ffffff8000781000 end=ffffff8000781000 vma=          (null)
[12099.671453] binder: binder_alloc_shim: update_page_range enter allocate=0 start=ffffff800b601000 end=ffffff800b600000 vma=          (null)
[12099.671464] binder: binder_alloc_shim: update_page_range enter allocate=0 start=ffffff8000781000 end=ffffff8000780000 vma=          (null)
[12099.672242] binder: binder_alloc_shim: update_page_range enter allocate=1 start=ffffff800b601000 end=ffffff800b601000 vma=          (null)
[12099.672325] binder: binder_alloc_shim: update_page_range enter allocate=1 start=ffffff8000781000 end=ffffff8000781000 vma=          (null)
[12099.672358] binder: binder_alloc_shim: update_page_range enter allocate=0 start=ffffff800b601000 end=ffffff800b600000 vma=          (null)
[12099.672367] binder: binder_alloc_shim: update_page_range enter allocate=0 start=ffffff8000781000 end=ffffff8000780000 vma=          (null)
[12099.672932] binder: binder_alloc_shim: update_page_range enter allocate=1 start=ffffff800b601000 end=ffffff800b601000 vma=          (null)
[12099.673006] binder: binder_alloc_shim: update_page_range enter allocate=1 start=ffffff8000781000 end=ffffff8000781000 vma=          (null)
[12099.673040] binder: binder_alloc_shim: update_page_range enter allocate=0 start=ffffff800b601000 end=ffffff800b600000 vma=          (null)
[12099.673049] binder: binder_alloc_shim: update_page_range enter allocate=0 start=ffffff8000781000 end=ffffff8000780000 vma=          (null)
[12099.673186] binder: binder_alloc_shim: update_page_range enter allocate=1 start=ffffff800b601000 end=ffffff800b601000 vma=          (null)
[12099.673240] binder: binder_alloc_shim: update_page_range enter allocate=1 start=ffffff8000781000 end=ffffff8000781000 vma=          (null)
[12099.673262] binder: binder_alloc_shim: update_page_range enter allocate=0 start=ffffff8000781000 end=ffffff8000780000 vma=          (null)
[12099.673270] binder: binder_alloc_shim: update_page_range enter allocate=0 start=ffffff800b601000 end=ffffff800b600000 vma=          (null)
[12099.674003] binder: binder_alloc_shim: update_page_range enter allocate=1 start=ffffff800b601000 end=ffffff800b601000 vma=          (null)
[12099.674115] binder: binder_alloc_shim: update_page_range enter allocate=1 start=ffffff8000781000 end=ffffff8000781000 vma=          (null)
[12099.674139] binder: binder_alloc_shim: update_page_range enter allocate=0 start=ffffff8000781000 end=ffffff8000780000 vma=          (null)
[12099.674147] binder: binder_alloc_shim: update_page_range enter allocate=0 start=ffffff800b601000 end=ffffff800b600000 vma=          (null)
[12100.147818] binder: binder_alloc_shim: update_page_range enter allocate=1 start=ffffff800b601000 end=ffffff800b601000 vma=          (null)
[12100.148016] binder: binder_alloc_shim: update_page_range enter allocate=1 start=ffffff8000781000 end=ffffff8000781000 vma=          (null)
[12100.148056] binder: binder_alloc_shim: update_page_range enter allocate=0 start=ffffff8000781000 end=ffffff8000780000 vma=          (null)
[12100.148087] binder: binder_alloc_shim: update_page_range enter allocate=0 start=ffffff800b601000 end=ffffff800b600000 vma=          (null)

AFTER_LOGDW_SYSTEMSERVER_DONE
