--- kill android logd/logcat and stale capture ---
--- prepare socket dir ---
--- start direct logdw capture ---
cap_pid=17496
--- logdw socket ---
srw-rw-rw-    1 root     root             0 May 30 00:18 /media/internal/android-usb/android-rootfs/dev/socket/logdw
LOGDW_CAPTURE_READY path=/dev/socket/logdw fd=3
--- clear dmesg ---
--- start zygote/system_server ---
--- cleanup old zygotes/wrappers ---

--- sanity patches ---
storage abort call @ 0x1ca198, should be 1f 20 03 d5:  1f 20 03 d5
SetTaskProfiles call @ 0x1ca1b0, should be 20 00 80 52:  20 00 80 52
SetTaskProfiles tbz @ 0x1ca208, should be 1f 20 03 d5:  1f 20 03 d5

--- classpath ---
BOOTCLASSPATH length: 1624
SYSTEMSERVERCLASSPATH length: 463

--- start zygote + system_server ---

--- pids ---

--- android-ish scan ---
PID=17501 COMM=sh CMD=sh /tmp/try-zygote-start-system-server-v2.sh 
  Name:	sh
  State:	S (sleeping)
  Tgid:	17501
  Ngid:	0
  Pid:	17501
  PPid:	17486
  TracerPid:	0
  Uid:	0	0	0	0
PID=4114 COMM=WebAppMgr CMD=/usr/bin/WebAppMgr --type=zygote --disable-in-process-stack-traces --no-sandbox --no-sandbox --disable-quic 
  Name:	WebAppMgr
  State:	S (sleeping)
  Tgid:	4114
  Ngid:	0
  Pid:	4114
  PPid:	3021
  TracerPid:	0
  Uid:	505	505	505	505

--- sockets ---
srw-rw-rw-    1 root     root             0 May 30 00:18 usap_pool_primary
srw-rw-rw-    1 root     root             0 May 30 00:18 zygote

--- log tail ---
--- collect ---
--- pids ---
wam       4114  3021  0 May29 ?        00:00:01 /usr/bin/WebAppMgr --type=zygote --disable-in-process-stack-traces --no-sandbox --no-sandbox --disable-quic
root     17469     1  0 00:18 ?        00:00:00 /system/bin/servicemanager
root     17470     1  0 00:18 ?        00:00:00 /system/bin/hwservicemanager
root     17471     1  0 00:18 ?        00:00:00 /vendor/bin/vndservicemanager
root     19897     1  0 May29 ?        00:00:00 /media/internal/android-usb/android-sidecar/bin/property_service_ack_shim /media/internal/android-usb/android-rootfs/dev/socket/property_service

--- zygote log ---

--- capture stderr ---
LOGDW_CAPTURE_READY path=/dev/socket/logdw fd=3

--- logdw fatal/exceptions ---
qDj0 AndroidRuntime >>>>>> START com.android.internal.os.ZygoteInit uid 0 <<<<<<
qDj!AndroidRuntime Using default boot image 
qDj/!AndroidRuntime Leaving lock profiling enabled 
qDj!cutils-trace Error opening trace file: No such file or directory (2) 
qDj,6!zygote64 option[0]=-Xzygote 
qDj!zygote64 option[1]=-Xdeny-art-apex-data-files 
qDj$!zygote64 option[2]=exit 
qDj!zygote64 option[3]=vfprintf 
qDj!zygote64 option[4]=sensitiveThread 
qDj@!zygote64 option[5]=-verbose:gc 
qDjP!zygote64 option[6]=-XX:PerfettoHprof=true 
qDje!zygote64 option[7]=-XX:PerfettoJavaHeapStackProf=true 
qDj!zygote64 option[8]=-Xprimaryzygote 
qDj!zygote64 option[9]=-Xms8m 
qDj!zygote64 option[10]=-Xmx512m 
qDjH!zygote64 option[11]=-XX:HeapGrowthLimit=192m 
qDj|<!zygote64 option[12]=-XX:HeapMinFree=8m 
qDj!zygote64 option[13]=-XX:HeapMaxFree=16m 
qDjf!zygote64 option[14]=-XX:HeapTargetUtilization=0.6 
qDj$!zygote64 option[15]=-Xusejit:true 
qDj!zygote64 option[16]=-Xjitsaveprofilinginfo 
qDj0!zygote64 option[17]=-XMadviseWillNeedVdexFileSize:104857600 
qDj!zygote64 option[18]=-XMadviseWillNeedOdexFileSize:104857600 
qDji!zygote64 option[19]=-XMadviseWillNeedArtFileSize:4294967295 
qDj@!zygote64 option[20]=-XjdwpOptions:suspend=n,server=y 
qDj!zygote64 option[21]=-XjdwpProvider:default 
qDj)!zygote64 option[22]=-Xopaque-jni-ids:swapable 
qDj!zygote64 option[23]=-Xlockprofthreshold:500 
qDjS!zygote64 option[24]=-Xcompiler-option 
qDj!zygote64 option[25]=--instruction-set-variant=generic 
qDjx~!zygote64 option[26]=-Xcompiler-option 
qDjX!zygote64 option[27]=--instruction-set-features=default 
qDjT!zygote64 option[28]=-Xcompiler-option 
qDj`:!zygote64 option[29]=--generate-mini-debug-info 
qDj4!zygote64 option[30]=-Ximage-compiler-option 
qDjd!zygote64 option[31]=--runtime-arg 
qDjT!zygote64 option[32]=-Ximage-compiler-option 
qDj!zygote64 option[33]=-Xms64m 
qDj8!zygote64 option[34]=-Ximage-compiler-option 
qDj!zygote64 option[35]=--runtime-arg 
qDj@!zygote64 option[36]=-Ximage-compiler-option 
qDjXe!zygote64 option[37]=-Xmx64m 
qDj!zygote64 option[38]=-Ximage-compiler-option 
qDj!zygote64 option[39]=--dirty-image-objects=/system/etc/dirty-image-objects 
qDj;!zygote64 option[40]=-Ximage-compiler-option 
qDj!zygote64 option[41]=--instruction-set-variant=generic 
qDjf!zygote64 option[42]=-Ximage-compiler-option 
qDj!zygote64 option[43]=--instruction-set-features=default 
qDjP!zygote64 option[44]=-Ximage-compiler-option 
qDj%!zygote64 option[45]=--generate-mini-debug-info 
qDjD!zygote64 option[46]=-Duser.locale=en-US 
qDjM!zygote64 option[47]=--cpu-abilist=arm64-v8a 
qDj!zygote64 option[48]=-Xcore-platform-api-policy:just-warn 
qDj !zygote64 option[49]=-Xfingerprint:waydroid/lineage_waydroid_arm64_only/waydroid_arm64_only:13/TQ3A.230901.001/eng.aleast.20260403.072834:userdebug/test-keys 
qDj(Q"zygote64 ART APEX data files are untrusted. 
qDjV"zygote64 Core platform API reporting enabled, enforcing=false 
qDjP]4zygote64 Time zone APEX ICU file found: /apex/com.android.tzdata/etc/icu/icu_tzdata.dat 
qDj(4zygote64 I18n APEX ICU file found: /apex/com.android.i18n/etc/icu/icudt70l.dat 
qDj5zygote64 fcntl(F_ADD_SEALS) failed: Invalid argument, no memfd support. 
qDjp5zygote64 Falling back to ashmem implementation for JIT zygote mapping 
qDjln5ashmem Unable to open ashmem device /dev/ashmem89186ff2-684d-4810-8e23-866a9bc61396 (error = No such file or directory) and /dev/ashmem(error = No such file or directory) 
qDjx5zygote64 Failed to create JIT Code Cache: Failed to create zygote mapping: No such file or directory 
qDj5zygote64 Missing code cache, cannot create JIT. 
qDjpc9Zygote begin preload 
qDjA9Zygote Calling ZygoteHooks.beginPreload() 
qDjZygote64Timing BeginPreload took to complete: 148ms 
qDj0Zygote Preloading classes... 
qDj0#Zygote ...preloaded 0 classes in 1ms. 
Zygote64Timing PreloadClasses took to complete: 1ms 
qDjdzApplicationLoaders Created zygote-cached class loader: /system/framework/android.hidl.base-V1.0-java.jar 
qDjApplicationLoaders Created zygote-cached class loader: /system/framework/android.hidl.manager-V1.0-java.jar 
qDjpApplicationLoaders Created zygote-cached class loader: /system/framework/android.test.base.jar 
qDjhZygote64Timing CacheNonBootClasspathClassLoaders took to complete: 17ms 
qDj@f3 Zygote Preloading resources... 
qDjnZygote ...preloaded 64 resources in 54ms. 
qDjZygote ...preloaded 41 resources in 10ms. 
qDj,+[ Zygote ...preloaded 8 resource in 5ms. 
qDj\Zygote64Timing PreloadResources took to complete: 156ms 
qDjTZygote Preloading shared libraries... 
qDj zygote64 Unable to find pattern file or unable to map it for am 
qDj4Zygote Called ZygoteHooks.endPreload() 
qDj+Zygote Installed AndroidKeyStoreProvider in 1ms. 
qDjpZygote Warmed up JCA providers in 9ms. 
qDj Zygote end preload 
qDjZygote64Timing ZygotePreload took to complete: 360ms 
qDj|EG zygote64 Explicit concurrent copying GC freed 32762(1544KB) AllocSpace objects, 11(288KB) LOS objects, 95% free, 1274KB/25MB, paused 77us,28us total 27.517ms 
qDj<zygote64 Explicit concurrent copying GC freed 2275(125KB) AllocSpace objects, 0(0B) LOS objects, 95% free, 1180KB/25MB, paused 40us,30us total 21.104ms 
qDjZygote64Timing PostZygoteInitGC took to complete: 51ms 
qDjZygote64Timing ZygoteInit took to complete: 432ms 
qDjZygote Unable to fetch Zygote socket file descriptor 
qDjXZygote Unable to fetch USAP pool socket file descriptor 
qDjT(Zygote Forked child process 17527 
qDjDP(Zygote System server process 17527 has been created 
qDj)Zygote Accepting command socket connections 
wDjdW\. zygote64 open() failed for /dev/cgroup_info/cgroup.rc: No such file or directory 
wDja.libprocessgroup CgroupMap::LoadRcFile called for [17527] failed 
wDj1.system_server Failed to upload odrefresh metrics: metrics file '/data/misc/odrefresh/odrefresh-metrics.txt' could not be opened: No such file or directory 
wDj/SystemServerTiming InitBeforeStartServices 
wDj,/SystemServer persist.sys.timezone is not valid (); setting to GMT. 
wDjxk/SystemServer Entered the Android system server! 
wDjJSystemServerTiming InitBeforeStartServices took to complete: 252ms 
wDjPqZygote System zygote died with fatal exception
java.lang.RuntimeException: Unable to instantiate Application():java.lang.IllegalArgumentException
	at com.android.server.SystemServer.createSystemContext(SystemServer.java:1039)
	at com.android.server.SystemServer.run(SystemServer.java:883)
	at com.android.server.SystemServer.main(SystemServer.java:650)
	at com.android.internal.os.RuntimeInit$MethodAndArgsCaller.run(RuntimeInit.java:548)
	at com.android.internal.os.ZygoteInit.main(ZygoteInit.java:915)
Caused by: java.lang.IllegalArgumentException
	at android.os.IServiceManager$Stub$Proxy.checkService(IServiceManager.java:421)
	at android.os.ServiceManagerProxy.getService(ServiceManagerNative.java:63)
	at android.os.ServiceManager.rawGetService(ServiceManager.java:372)
	at android.os.ServiceManager.getService(ServiceManager.java:147)
wDj8wAndroidRuntime Shutting down VM
wDj3AndroidRuntime *** FATAL EXCEPTION IN SYSTEM PROCESS: main
java.lang.RuntimeException: Unable to instantiate Application():java.lang.IllegalArgumentException
	at com.android.server.SystemServer.createSystemContext(SystemServer.java:1039)
	at com.android.server.SystemServer.run(SystemServer.java:883)
	at com.android.server.SystemServer.main(SystemServer.java:650)
	at com.android.internal.os.RuntimeInit$MethodAndArgsCaller.run(RuntimeInit.java:548)
	at com.android.internal.os.ZygoteInit.main(ZygoteInit.java:915)
Caused by: java.lang.IllegalArgumentException
	at android.os.IServiceManager$Stub$Proxy.checkService(IServiceManager.java:421)
	at android.os.ServiceManagerProxy.getService(ServiceManagerNative.java:63)
	at android.os.ServiceManager.rawGetService(ServiceManager.java:372)
	at android.os.ServiceManager.getService(ServiceManager.java:147)
wDj .AndroidRuntime Error reporting crash
java.lang.IllegalArgumentException
	at android.os.IServiceManager$Stub$Proxy.checkService(IServiceManager.java:421)
	at android.os.ServiceManagerProxy.getService(ServiceManagerNative.java:63)
	at android.os.ServiceManager.rawGetService(ServiceManager.java:372)
	at android.os.ServiceManager.getService(ServiceManager.java:147)
	at android.app.ActivityManager$1.create(ActivityManager.java:4705)
	at android.app.ActivityManager$1.create(ActivityManager.java:4702)
	at android.app.ActivityManager.getService(ActivityManager.java:4693)
	at com.android.internal.os.RuntimeInit$KillApplicationHandler.uncaughtException(RuntimeInit.java:156)
	at java.lang.ThreadGroup.uncaughtException(ThreadGroup.java:1073)
	at java.lang.ThreadGroup.uncaughtException(ThreadGroup.java:1068)
	at java.lang.Thread.dispatchUncaughtException(Thread.java:2306)
qDjZygote Zygote failed to write to system_server FD: No such file or directory 
qDjHZygote Process 17527 exited due to signal 9 (Killed) 
qDjHtZygote Exit zygote because system server (pid 17527) has terminated 

--- raw logdw tail ---

--- packet bytes=89 time=1780093125.549209880 ---
qDj0 AndroidRuntime >>>>>> START com.android.internal.os.ZygoteInit uid 0 <<<<<<
 

--- packet bytes=24 time=1780093125.549564900 ---
qDj\ 

--- packet bytes=52 time=1780093125.562058180 ---
qDj!AndroidRuntime Using default boot image 

--- packet bytes=58 time=1780093125.562260380 ---
qDj/!AndroidRuntime Leaving lock profiling enabled 

--- packet bytes=81 time=1780093125.564256180 ---
qDj!cutils-trace Error opening trace file: No such file or directory (2) 

--- packet bytes=40 time=1780093125.565776260 ---
qDj,6!zygote64 option[0]=-Xzygote 

--- packet bytes=58 time=1780093125.565908320 ---
qDj!zygote64 option[1]=-Xdeny-art-apex-data-files 

--- packet bytes=36 time=1780093125.565949080 ---
qDj$!zygote64 option[2]=exit 

--- packet bytes=40 time=1780093125.565986100 ---
qDj!zygote64 option[3]=vfprintf 

--- packet bytes=47 time=1780093125.566024460 ---
qDj!zygote64 option[4]=sensitiveThread 

--- packet bytes=43 time=1780093125.566061680 ---
qDj@!zygote64 option[5]=-verbose:gc 

--- packet bytes=54 time=1780093125.566098800 ---
qDjP!zygote64 option[6]=-XX:PerfettoHprof=true 

--- packet bytes=66 time=1780093125.566137160 ---
qDje!zygote64 option[7]=-XX:PerfettoJavaHeapStackProf=true 

--- packet bytes=47 time=1780093125.566175500 ---
qDj!zygote64 option[8]=-Xprimaryzygote 

--- packet bytes=38 time=1780093125.566212360 ---
qDj!zygote64 option[9]=-Xms8m 

--- packet bytes=41 time=1780093125.566248080 ---
qDj!zygote64 option[10]=-Xmx512m 

--- packet bytes=57 time=1780093125.566285080 ---
qDjH!zygote64 option[11]=-XX:HeapGrowthLimit=192m 

--- packet bytes=51 time=1780093125.566323020 ---
qDj|<!zygote64 option[12]=-XX:HeapMinFree=8m 

--- packet bytes=52 time=1780093125.566361180 ---
qDj!zygote64 option[13]=-XX:HeapMaxFree=16m 

--- packet bytes=62 time=1780093125.566399420 ---
qDjf!zygote64 option[14]=-XX:HeapTargetUtilization=0.6 

--- packet bytes=46 time=1780093125.566437660 ---
qDj$!zygote64 option[15]=-Xusejit:true 

--- packet bytes=55 time=1780093125.566475920 ---
qDj!zygote64 option[16]=-Xjitsaveprofilinginfo 

--- packet bytes=72 time=1780093125.566516840 ---
qDj0!zygote64 option[17]=-XMadviseWillNeedVdexFileSize:104857600 

--- packet bytes=72 time=1780093125.566557320 ---
qDj!zygote64 option[18]=-XMadviseWillNeedOdexFileSize:104857600 

--- packet bytes=72 time=1780093125.566596780 ---
qDji!zygote64 option[19]=-XMadviseWillNeedArtFileSize:4294967295 

--- packet bytes=65 time=1780093125.566635160 ---
qDj@!zygote64 option[20]=-XjdwpOptions:suspend=n,server=y 

--- packet bytes=55 time=1780093125.566673460 ---
qDj!zygote64 option[21]=-XjdwpProvider:default 

--- packet bytes=58 time=1780093125.566711420 ---
qDj)!zygote64 option[22]=-Xopaque-jni-ids:swapable 

--- packet bytes=56 time=1780093125.566749700 ---
qDj!zygote64 option[23]=-Xlockprofthreshold:500 

--- packet bytes=50 time=1780093125.566787640 ---
qDjS!zygote64 option[24]=-Xcompiler-option 

--- packet bytes=66 time=1780093125.566825980 ---
qDj!zygote64 option[25]=--instruction-set-variant=generic 

--- packet bytes=50 time=1780093125.566864040 ---
qDjx~!zygote64 option[26]=-Xcompiler-option 

--- packet bytes=67 time=1780093125.566901960 ---
qDjX!zygote64 option[27]=--instruction-set-features=default 

--- packet bytes=50 time=1780093125.566939820 ---
qDjT!zygote64 option[28]=-Xcompiler-option 

--- packet bytes=59 time=1780093125.566978020 ---
qDj`:!zygote64 option[29]=--generate-mini-debug-info 

--- packet bytes=56 time=1780093125.567016200 ---
qDj4!zygote64 option[30]=-Ximage-compiler-option 

--- packet bytes=46 time=1780093125.567054100 ---
qDjd!zygote64 option[31]=--runtime-arg 

--- packet bytes=56 time=1780093125.567092320 ---
qDjT!zygote64 option[32]=-Ximage-compiler-option 

--- packet bytes=40 time=1780093125.567128920 ---
qDj!zygote64 option[33]=-Xms64m 

--- packet bytes=56 time=1780093125.567165900 ---
qDj8!zygote64 option[34]=-Ximage-compiler-option 

--- packet bytes=46 time=1780093125.567203620 ---
qDj!zygote64 option[35]=--runtime-arg 

--- packet bytes=56 time=1780093125.567241560 ---
qDj@!zygote64 option[36]=-Ximage-compiler-option 

--- packet bytes=40 time=1780093125.567317180 ---
qDjXe!zygote64 option[37]=-Xmx64m 

--- packet bytes=56 time=1780093125.567356340 ---
qDj!zygote64 option[38]=-Ximage-compiler-option 

--- packet bytes=86 time=1780093125.567397580 ---
qDj!zygote64 option[39]=--dirty-image-objects=/system/etc/dirty-image-objects 

--- packet bytes=56 time=1780093125.567436880 ---
qDj;!zygote64 option[40]=-Ximage-compiler-option 

--- packet bytes=66 time=1780093125.567475160 ---
qDj!zygote64 option[41]=--instruction-set-variant=generic 

--- packet bytes=56 time=1780093125.567513360 ---
qDjf!zygote64 option[42]=-Ximage-compiler-option 

--- packet bytes=67 time=1780093125.567551560 ---
qDj!zygote64 option[43]=--instruction-set-features=default 

--- packet bytes=56 time=1780093125.567589920 ---
qDjP!zygote64 option[44]=-Ximage-compiler-option 

--- packet bytes=59 time=1780093125.567627940 ---
qDj%!zygote64 option[45]=--generate-mini-debug-info 

--- packet bytes=52 time=1780093125.567665900 ---
qDjD!zygote64 option[46]=-Duser.locale=en-US 

--- packet bytes=56 time=1780093125.567703620 ---
qDjM!zygote64 option[47]=--cpu-abilist=arm64-v8a 

--- packet bytes=69 time=1780093125.567741960 ---
qDj!zygote64 option[48]=-Xcore-platform-api-policy:just-warn 

--- packet bytes=169 time=1780093125.567787320 ---
qDj !zygote64 option[49]=-Xfingerprint:waydroid/lineage_waydroid_arm64_only/waydroid_arm64_only:13/TQ3A.230901.001/eng.aleast.20260403.072834:userdebug/test-keys 

--- packet bytes=56 time=1780093125.575831840 ---
qDj(Q"zygote64 ART APEX data files are untrusted. 

--- packet bytes=74 time=1780093125.576144900 ---
qDjV"zygote64 Core platform API reporting enabled, enforcing=false 

--- packet bytes=100 time=1780093125.881359380 ---
qDjP]4zygote64 Time zone APEX ICU file found: /apex/com.android.tzdata/etc/icu/icu_tzdata.dat 

--- packet bytes=91 time=1780093125.881616680 ---
qDj(4zygote64 I18n APEX ICU file found: /apex/com.android.i18n/etc/icu/icudt70l.dat 

--- packet bytes=41 time=1780093125.902921160 ---
qDjP5TENS 	200284993 

--- packet bytes=84 time=1780093125.903174140 ---
qDj5zygote64 fcntl(F_ADD_SEALS) failed: Invalid argument, no memfd support. 

--- packet bytes=82 time=1780093125.903258880 ---
qDjp5zygote64 Falling back to ashmem implementation for JIT zygote mapping 

--- packet bytes=183 time=1780093125.903590200 ---
qDjln5ashmem Unable to open ashmem device /dev/ashmem89186ff2-684d-4810-8e23-866a9bc61396 (error = No such file or directory) and /dev/ashmem(error = No such file or directory) 

--- packet bytes=113 time=1780093125.903690780 ---
qDjx5zygote64 Failed to create JIT Code Cache: Failed to create zygote mapping: No such file or directory 

--- packet bytes=60 time=1780093125.903733240 ---
qDj5zygote64 Missing code cache, cannot create JIT. 

--- packet bytes=24 time=1780093125.969065940 ---
qDj9;

--- packet bytes=33 time=1780093125.969250580 ---
qDjpc9Zygote begin preload 

--- packet bytes=54 time=1780093125.969372920 ---
qDjA9Zygote Calling ZygoteHooks.beginPreload() 

--- packet bytes=64 time=1780093126.116775720 ---
qDjZygote64Timing BeginPreload took to complete: 148ms 

--- packet bytes=41 time=1780093126.117093420 ---
qDj0Zygote Preloading classes... 

--- packet bytes=50 time=1780093126.117802640 ---
qDj0#Zygote ...preloaded 0 classes in 1ms. 

--- packet bytes=64 time=1780093126.118158500 ---
qDj
Zygote64Timing PreloadClasses took to complete: 1ms 

--- packet bytes=117 time=1780093126.125528220 ---
qDjdzApplicationLoaders Created zygote-cached class loader: /system/framework/android.hidl.base-V1.0-java.jar 

--- packet bytes=120 time=1780093126.131164000 ---
qDjApplicationLoaders Created zygote-cached class loader: /system/framework/android.hidl.manager-V1.0-java.jar 

--- packet bytes=107 time=1780093126.134679880 ---
qDjpApplicationLoaders Created zygote-cached class loader: /system/framework/android.test.base.jar 

--- packet bytes=84 time=1780093126.134740220 ---
qDjhZygote64Timing CacheNonBootClasspathClassLoaders took to complete: 17ms 

--- packet bytes=43 time=1780093126.221553840 ---
qDj@f3 Zygote Preloading resources... 

--- packet bytes=140 time=1780093126.239818880 ---
qDjP9J Resources Preloaded drawable resource #0x108028e (android:drawable/dialog_background_material) that varies with configuration!! 

--- packet bytes=54 time=1780093126.275723360 ---
qDjnZygote ...preloaded 64 resources in 54ms. 

--- packet bytes=54 time=1780093126.285793500 ---
qDjZygote ...preloaded 41 resources in 10ms. 

--- packet bytes=51 time=1780093126.291236740 ---
qDj,+[ Zygote ...preloaded 8 resource in 5ms. 

--- packet bytes=68 time=1780093126.291299800 ---
qDj\Zygote64Timing PreloadResources took to complete: 156ms 

--- packet bytes=50 time=1780093126.311736400 ---
qDjTZygote Preloading shared libraries... 

--- packet bytes=76 time=1780093126.316118080 ---
qDj zygote64 Unable to find pattern file or unable to map it for am 

--- packet bytes=51 time=1780093126.319192260 ---
qDj4Zygote Called ZygoteHooks.endPreload() 

--- packet bytes=61 time=1780093126.319862860 ---
qDj+Zygote Installed AndroidKeyStoreProvider in 1ms. 

--- packet bytes=51 time=1780093126.329108460 ---
qDjpZygote Warmed up JCA providers in 9ms. 

--- packet bytes=31 time=1780093126.329208220 ---
qDj Zygote end preload 

--- packet bytes=24 time=1780093126.329220720 ---
qDj8

--- packet bytes=65 time=1780093126.329231460 ---
qDjZygote64Timing ZygotePreload took to complete: 360ms 

--- packet bytes=170 time=1780093126.357059520 ---
qDj|EG zygote64 Explicit concurrent copying GC freed 32762(1544KB) AllocSpace objects, 11(288KB) LOS objects, 95% free, 1274KB/25MB, paused 77us,28us total 27.517ms 

--- packet bytes=164 time=1780093126.380272240 ---
qDj<zygote64 Explicit concurrent copying GC freed 2275(125KB) AllocSpace objects, 0(0B) LOS objects, 95% free, 1180KB/25MB, paused 40us,30us total 21.104ms 

--- packet bytes=67 time=1780093126.380534780 ---
qDjZygote64Timing PostZygoteInitGC took to complete: 51ms 

--- packet bytes=62 time=1780093126.380549660 ---
qDjZygote64Timing ZygoteInit took to complete: 432ms 

--- packet bytes=65 time=1780093126.380629040 ---
qDjZygote Unable to fetch Zygote socket file descriptor 

--- packet bytes=68 time=1780093126.380641700 ---
qDjXZygote Unable to fetch USAP pool socket file descriptor 

--- packet bytes=46 time=1780093127.687238700 ---
qDjT(Zygote Forked child process 17527 

--- packet bytes=64 time=1780093127.687357640 ---
qDjDP(Zygote System server process 17527 has been created 

--- packet bytes=56 time=1780093127.689128900 ---
qDj)Zygote Accepting command socket connections 

--- packet bytes=93 time=1780093127.777946420 ---
wDjdW\. zygote64 open() failed for /dev/cgroup_info/cgroup.rc: No such file or directory 

--- packet bytes=76 time=1780093127.778189600 ---
wDja.libprocessgroup CgroupMap::LoadRcFile called for [17527] failed 

--- packet bytes=167 time=1780093127.781969300 ---
wDj1.system_server Failed to upload odrefresh metrics: metrics file '/data/misc/odrefresh/odrefresh-metrics.txt' could not be opened: No such file or directory 

--- packet bytes=55 time=1780093127.797538240 ---
wDj/SystemServerTiming InitBeforeStartServices 

--- packet bytes=40 time=1780093127.798223300 ---
wDj<~/__

--- packet bytes=79 time=1780093127.798483000 ---
wDj,/SystemServer persist.sys.timezone is not valid (); setting to GMT. 

--- packet bytes=60 time=1780093127.799464980 ---
wDjxk/SystemServer Entered the Android system server! 

--- packet bytes=24 time=1780093127.799585240 ---
wDj/b

--- packet bytes=97 time=1780093128.049492940 ---
?Dj{Parcel Expecting header 0x564e4452 but found 0x53595354. Mixing copies of libbinder? 

--- packet bytes=79 time=1780093128.050332540 ---
wDjJSystemServerTiming InitBeforeStartServices took to complete: 252ms 

--- packet bytes=1623 time=1780093128.051312820 ---
wDjPqZygote System zygote died with fatal exception
java.lang.RuntimeException: Unable to instantiate Application():java.lang.IllegalArgumentException
	at android.app.ActivityThread.attach(ActivityThread.java:7652)
	at android.app.ActivityThread.systemMain(ActivityThread.java:7682)
	at com.android.server.SystemServer.createSystemContext(SystemServer.java:1039)
	at com.android.server.SystemServer.run(SystemServer.java:883)
	at com.android.server.SystemServer.main(SystemServer.java:650)
	at java.lang.reflect.Method.invoke(Native Method)
	at com.android.internal.os.RuntimeInit$MethodAndArgsCaller.run(RuntimeInit.java:548)
	at com.android.internal.os.ZygoteInit.main(ZygoteInit.java:915)
Caused by: java.lang.IllegalArgumentException
	at android.os.BinderProxy.transactNative(Native Method)
	at android.os.BinderProxy.transact(BinderProxy.java:584)
	at android.os.IServiceManager$Stub$Proxy.checkService(IServiceManager.java:421)
	at android.os.ServiceManagerProxy.getService(ServiceManagerNative.java:63)
	at android.os.ServiceManager.rawGetService(ServiceManager.java:372)
	at android.os.ServiceManager.getService(ServiceManager.java:147)
	at android.hardware.display.DisplayManagerGlobal.getInstance(DisplayManagerGlobal.java:153)
	at android.app.ResourcesManager.getDisplayMetrics(ResourcesManager.java:333)
	at android.app.ResourcesManager.getDisplayMetrics(ResourcesManager.java:325)
	at android.app.ContextImpl.createSystemContext(ContextImpl.java:3057)
	at android.app.ActivityThread.getSystemContext(ActivityThread.java:2722)
	at android.app.ActivityThread.attach(ActivityThread.java:7647)
	... 7 more
 

--- packet bytes=45 time=1780093128.051494980 ---
wDj8wAndroidRuntime Shutting down VM
 

--- packet bytes=1635 time=1780093128.052070640 ---
wDj3AndroidRuntime *** FATAL EXCEPTION IN SYSTEM PROCESS: main
java.lang.RuntimeException: Unable to instantiate Application():java.lang.IllegalArgumentException
	at android.app.ActivityThread.attach(ActivityThread.java:7652)
	at android.app.ActivityThread.systemMain(ActivityThread.java:7682)
	at com.android.server.SystemServer.createSystemContext(SystemServer.java:1039)
	at com.android.server.SystemServer.run(SystemServer.java:883)
	at com.android.server.SystemServer.main(SystemServer.java:650)
	at java.lang.reflect.Method.invoke(Native Method)
	at com.android.internal.os.RuntimeInit$MethodAndArgsCaller.run(RuntimeInit.java:548)
	at com.android.internal.os.ZygoteInit.main(ZygoteInit.java:915)
Caused by: java.lang.IllegalArgumentException
	at android.os.BinderProxy.transactNative(Native Method)
	at android.os.BinderProxy.transact(BinderProxy.java:584)
	at android.os.IServiceManager$Stub$Proxy.checkService(IServiceManager.java:421)
	at android.os.ServiceManagerProxy.getService(ServiceManagerNative.java:63)
	at android.os.ServiceManager.rawGetService(ServiceManager.java:372)
	at android.os.ServiceManager.getService(ServiceManager.java:147)
	at android.hardware.display.DisplayManagerGlobal.getInstance(DisplayManagerGlobal.java:153)
	at android.app.ResourcesManager.getDisplayMetrics(ResourcesManager.java:333)
	at android.app.ResourcesManager.getDisplayMetrics(ResourcesManager.java:325)
	at android.app.ContextImpl.createSystemContext(ContextImpl.java:3057)
	at android.app.ActivityThread.getSystemContext(ActivityThread.java:2722)
	at android.app.ActivityThread.attach(ActivityThread.java:7647)
	... 7 more
 

--- packet bytes=20 time=1780093128.052644600 ---
?Dj"

--- packet bytes=97 time=1780093128.052674220 ---
?Dj"Parcel Expecting header 0x564e4452 but found 0x53595354. Mixing copies of libbinder? 

--- packet bytes=1050 time=1780093128.053428440 ---
wDj .AndroidRuntime Error reporting crash
java.lang.IllegalArgumentException
	at android.os.BinderProxy.transactNative(Native Method)
	at android.os.BinderProxy.transact(BinderProxy.java:584)
	at android.os.IServiceManager$Stub$Proxy.checkService(IServiceManager.java:421)
	at android.os.ServiceManagerProxy.getService(ServiceManagerNative.java:63)
	at android.os.ServiceManager.rawGetService(ServiceManager.java:372)
	at android.os.ServiceManager.getService(ServiceManager.java:147)
	at android.app.ActivityManager$1.create(ActivityManager.java:4705)
	at android.app.ActivityManager$1.create(ActivityManager.java:4702)
	at android.util.Singleton.get(Singleton.java:43)
	at android.app.ActivityManager.getService(ActivityManager.java:4693)
	at com.android.internal.os.RuntimeInit$KillApplicationHandler.uncaughtException(RuntimeInit.java:156)
	at java.lang.ThreadGroup.uncaughtException(ThreadGroup.java:1073)
	at java.lang.ThreadGroup.uncaughtException(ThreadGroup.java:1068)
	at java.lang.Thread.dispatchUncaughtException(Thread.java:2306)
 

--- packet bytes=54 time=1780093128.053640520 ---
wDjA2Process Sending signal. PID: 17527 SIG: 9 

--- packet bytes=89 time=1780093128.128569760 ---
qDjZygote Zygote failed to write to system_server FD: No such file or directory 

--- packet bytes=65 time=1780093128.128702120 ---
qDjHZygote Process 17527 exited due to signal 9 (Killed) 

--- packet bytes=80 time=1780093128.128717400 ---
qDjHtZygote Exit zygote because system server (pid 17527) has terminated 

--- dmesg focused ---
[11768.676335] binder: binder: WEBOS accept ioctl 0x40046210 no-op
[11768.676388] binder: binder_alloc_shim: binder_mmap enter filp=ffffffc02e255f00 vma=ffffffc031cacdc0 start=0x7ee2761000 end=0x7ee285f000 flags=0x200071
[11768.676408] binder: binder_alloc_shim: update_page_range enter allocate=1 start=ffffff8004700000 end=ffffff8004701000 vma=ffffffc031cacdc0
[11768.676414] binder: binder_alloc_shim: before __get_free_page GFP_KERNEL=0x24000c0
[11768.676421] binder: binder_alloc_shim: after __get_free_page addr=0xffffffc031c9c000
[11768.676425] binder: binder_alloc_shim: virt_to_page page=ffffffbdc0c72700
[11768.676431] binder: binder_alloc_shim: before vm_insert_page user_page_addr=0x7ee2761000 page=ffffffbdc0c72700
[11768.676440] binder: binder_alloc_shim: after vm_insert_page ret=0
[11768.928436] binder: binder_alloc_shim: update_page_range enter allocate=1 start=ffffff8002d81000 end=ffffff8002d81000 vma=          (null)
[11768.928574] binder: binder_alloc_shim: update_page_range enter allocate=1 start=ffffff8004701000 end=ffffff8004701000 vma=          (null)
[11768.928594] binder: binder_alloc_shim: update_page_range enter allocate=0 start=ffffff8002d81000 end=ffffff8002d80000 vma=          (null)
[11768.928646] binder: binder_alloc_shim: update_page_range enter allocate=0 start=ffffff8004701000 end=ffffff8004700000 vma=          (null)
[11768.931430] binder: binder_alloc_shim: update_page_range enter allocate=1 start=ffffff8002d81000 end=ffffff8002d81000 vma=          (null)
[11768.931818] binder: binder_alloc_shim: update_page_range enter allocate=1 start=ffffff8004701000 end=ffffff8004701000 vma=          (null)
[11768.931843] binder: binder_alloc_shim: update_page_range enter allocate=0 start=ffffff8002d81000 end=ffffff8002d80000 vma=          (null)
[11768.931893] binder: binder_alloc_shim: update_page_range enter allocate=0 start=ffffff8004701000 end=ffffff8004700000 vma=          (null)
[11768.934659] binder: binder_alloc_shim: update_page_range enter allocate=1 start=ffffff8002d81000 end=ffffff8002d81000 vma=          (null)
[11768.934905] binder: binder_alloc_shim: update_page_range enter allocate=1 start=ffffff8004701000 end=ffffff8004701000 vma=          (null)
[11768.934926] binder: binder_alloc_shim: update_page_range enter allocate=0 start=ffffff8002d81000 end=ffffff8002d80000 vma=          (null)
[11768.934980] binder: binder_alloc_shim: update_page_range enter allocate=0 start=ffffff8004701000 end=ffffff8004700000 vma=          (null)

AFTER_LOGDW_SYSTEMSERVER_DONE
