--- pids ---
wam       4114  3021  0 21:02 ?        00:00:00 /usr/bin/WebAppMgr --type=zygote --disable-in-process-stack-traces --no-sandbox --no-sandbox --disable-quic
root      5642     1  0 23:47 ?        00:00:00 /system/bin/servicemanager
root      5643     1  0 23:47 ?        00:00:00 /system/bin/hwservicemanager
root      5644     1  0 23:47 ?        00:00:00 /vendor/bin/vndservicemanager
root     19897     1  0 23:29 ?        00:00:00 /media/internal/android-usb/android-sidecar/bin/property_service_ack_shim /media/internal/android-usb/android-rootfs/dev/socket/property_service

--- zygote log ---
Zygote: Zygote failed to write to system_server FD: No such file or directory
Zygote: Process 5685 exited due to signal 9 (Killed)
Zygote: Exit zygote because system server (pid 5685) has terminated

--- dmesg focused ---
[ 9925.066474] binder: -2053345792:0 ioctl 40046210 7feb81eb00 returned -22
[ 9925.066527] binder: binder_alloc_shim: binder_mmap enter filp=ffffffc0910eab00 vma=ffffffc0870f0b00 start=0x7ecfa46000 end=0x7ecfb44000 flags=0x200071
[ 9925.066546] binder: binder_alloc_shim: update_page_range enter allocate=1 start=ffffff800b100000 end=ffffff800b101000 vma=ffffffc0870f0b00
[ 9925.066551] binder: binder_alloc_shim: before __get_free_page GFP_KERNEL=0x24000c0
[ 9925.066557] binder: binder_alloc_shim: after __get_free_page addr=0xffffffc0024d1000
[ 9925.066561] binder: binder_alloc_shim: virt_to_page page=ffffffbdc0093440
[ 9925.066567] binder: binder_alloc_shim: before vm_insert_page user_page_addr=0x7ecfa46000 page=ffffffbdc0093440
[ 9925.066575] binder: binder_alloc_shim: after vm_insert_page ret=0
[ 9925.254777] binder: binder_alloc_shim: update_page_range enter allocate=1 start=ffffff800a481000 end=ffffff800a481000 vma=          (null)
[ 9925.254882] binder: binder_alloc_shim: update_page_range enter allocate=1 start=ffffff800b101000 end=ffffff800b101000 vma=          (null)
[ 9925.254904] binder: binder_alloc_shim: update_page_range enter allocate=0 start=ffffff800a481000 end=ffffff800a480000 vma=          (null)
[ 9925.254922] binder: binder_alloc_shim: update_page_range enter allocate=0 start=ffffff800b101000 end=ffffff800b100000 vma=          (null)
[ 9925.257662] binder: binder_alloc_shim: update_page_range enter allocate=1 start=ffffff800a481000 end=ffffff800a481000 vma=          (null)
[ 9925.257866] binder: binder_alloc_shim: update_page_range enter allocate=1 start=ffffff800b101000 end=ffffff800b101000 vma=          (null)
[ 9925.257946] binder: binder_alloc_shim: update_page_range enter allocate=0 start=ffffff800a481000 end=ffffff800a480000 vma=          (null)
[ 9925.258014] binder: binder_alloc_shim: update_page_range enter allocate=0 start=ffffff800b101000 end=ffffff800b100000 vma=          (null)
[ 9925.260436] binder: binder_alloc_shim: update_page_range enter allocate=1 start=ffffff800a481000 end=ffffff800a481000 vma=          (null)
[ 9925.260629] binder: binder_alloc_shim: update_page_range enter allocate=1 start=ffffff800b101000 end=ffffff800b101000 vma=          (null)
[ 9925.260689] binder: binder_alloc_shim: update_page_range enter allocate=0 start=ffffff800a481000 end=ffffff800a480000 vma=          (null)
[ 9925.260735] binder: binder_alloc_shim: update_page_range enter allocate=0 start=ffffff800b101000 end=ffffff800b100000 vma=          (null)
[ 9925.261604] binder: binder_alloc_shim: update_page_range enter allocate=1 start=ffffff800a481000 end=ffffff800a481000 vma=          (null)
[ 9925.261771] binder: binder_alloc_shim: update_page_range enter allocate=1 start=ffffff800b101000 end=ffffff800b101000 vma=          (null)
[ 9925.261832] binder: binder_alloc_shim: update_page_range enter allocate=0 start=ffffff800a481000 end=ffffff800a480000 vma=          (null)
[ 9925.261879] binder: binder_alloc_shim: update_page_range enter allocate=0 start=ffffff800b101000 end=ffffff800b100000 vma=          (null)
[ 9925.262543] binder: binder_alloc_shim: update_page_range enter allocate=1 start=ffffff800a481000 end=ffffff800a481000 vma=          (null)
[ 9925.262708] binder: binder_alloc_shim: update_page_range enter allocate=1 start=ffffff800b101000 end=ffffff800b101000 vma=          (null)
[ 9925.262774] binder: binder_alloc_shim: update_page_range enter allocate=0 start=ffffff800a481000 end=ffffff800a480000 vma=          (null)
[ 9925.262817] binder: binder_alloc_shim: update_page_range enter allocate=0 start=ffffff800b101000 end=ffffff800b100000 vma=          (null)
[ 9925.262989] binder: binder_alloc_shim: update_page_range enter allocate=1 start=ffffff800a481000 end=ffffff800a481000 vma=          (null)
[ 9925.263072] binder: binder_alloc_shim: update_page_range enter allocate=1 start=ffffff800b101000 end=ffffff800b101000 vma=          (null)
[ 9925.263107] binder: binder_alloc_shim: update_page_range enter allocate=0 start=ffffff800a481000 end=ffffff800a480000 vma=          (null)
[ 9925.263134] binder: binder_alloc_shim: update_page_range enter allocate=0 start=ffffff800b101000 end=ffffff800b100000 vma=          (null)
[ 9925.263954] binder: binder_alloc_shim: update_page_range enter allocate=1 start=ffffff800a481000 end=ffffff800a481000 vma=          (null)
[ 9925.264123] binder: binder_alloc_shim: update_page_range enter allocate=1 start=ffffff800b101000 end=ffffff800b101000 vma=          (null)
[ 9925.264168] binder: binder_alloc_shim: update_page_range enter allocate=0 start=ffffff800a481000 end=ffffff800a480000 vma=          (null)
[ 9925.264203] binder: binder_alloc_shim: update_page_range enter allocate=0 start=ffffff800b101000 end=ffffff800b100000 vma=          (null)
[ 9925.558970] binder: binder_alloc_shim: update_page_range enter allocate=1 start=ffffff800a481000 end=ffffff800a481000 vma=          (null)
[ 9925.559149] binder: binder_alloc_shim: update_page_range enter allocate=1 start=ffffff800b101000 end=ffffff800b101000 vma=          (null)
[ 9925.559193] binder: binder_alloc_shim: update_page_range enter allocate=0 start=ffffff800b101000 end=ffffff800b100000 vma=          (null)
[ 9925.559226] binder: binder_alloc_shim: update_page_range enter allocate=0 start=ffffff800a481000 end=ffffff800a480000 vma=          (null)

--- service list ---
Found 1 services:
0	manager: [android.os.IServiceManager]
service_list_rc=0

AFTER_BINDERKO_SPAM_PATCH_DONE
