--- kill android logd/logcat and stale capture ---
--- prepare socket dir ---
--- start direct logdw capture ---
cap_pid=2837
--- logdw socket ---
srw-rw-rw-    1 root     root             0 May 30 01:00 /media/internal/android-usb/android-rootfs/dev/socket/logdw
LOGDW_CAPTURE_READY path=/dev/socket/logdw fd=3
--- clear dmesg ---
--- start zygote/system_server ---
--- cleanup old zygotes/wrappers ---

--- sanity patches ---
storage abort call @ 0x1ca198, should be 1f 20 03 d5:  1f 20 03 d5
SetTaskProfiles call @ 0x1ca1b0, should be 20 00 80 52:  20 00 80 52
SetTaskProfiles tbz @ 0x1ca208, should be 1f 20 03 d5:  1f 20 03 d5

--- classpath ---
BOOTCLASSPATH length: 1624
SYSTEMSERVERCLASSPATH length: 463

--- start zygote + system_server ---

--- pids ---
2877 2867

--- android-ish scan ---
PID=2844 COMM=sh CMD=sh /tmp/try-zygote-start-system-server-v2.sh 
  Name:	sh
  State:	S (sleeping)
  Tgid:	2844
  Ngid:	0
  Pid:	2844
  PPid:	2819
  TracerPid:	0
  Uid:	0	0	0	0
PID=2867 COMM=main CMD=zygote64                                                                                                              
  Name:	main
  State:	S (sleeping)
  Tgid:	2867
  Ngid:	0
  Pid:	2867
  PPid:	2844
  TracerPid:	0
  Uid:	0	0	0	0
PID=2877 COMM=system_server CMD=system_server                                                                                                         
  Name:	system_server
  State:	S (sleeping)
  Tgid:	2877
  Ngid:	0
  Pid:	2877
  PPid:	2867
  TracerPid:	0
  Uid:	1000	1000	1000	1000
PID=4114 COMM=WebAppMgr CMD=/usr/bin/WebAppMgr --type=zygote --disable-in-process-stack-traces --no-sandbox --no-sandbox --disable-quic 
  Name:	WebAppMgr
  State:	S (sleeping)
  Tgid:	4114
  Ngid:	0
  Pid:	4114
  PPid:	3021
  TracerPid:	0
  Uid:	505	505	505	505

--- sockets ---
srw-rw-rw-    1 root     root             0 May 30 01:00 usap_pool_primary
srw-rw-rw-    1 root     root             0 May 30 01:00 zygote

--- log tail ---
--- collect ---
--- pids ---
root      2744     1  0 00:59 ?        00:00:00 /system/bin/servicemanager
root      2746     1  0 01:00 ?        00:00:00 /system/bin/hwservicemanager
root      2749     1  0 01:00 ?        00:00:00 /vendor/bin/vndservicemanager
root      2867     1 12 01:00 ?        00:00:02 zygote64
1000      2877  2867  6 01:00 ?        00:00:00 system_server
wam       4114  3021  0 May29 ?        00:00:01 /usr/bin/WebAppMgr --type=zygote --disable-in-process-stack-traces --no-sandbox --no-sandbox --disable-quic
root     19897     1  0 May29 ?        00:00:00 /media/internal/android-usb/android-sidecar/bin/property_service_ack_shim /media/internal/android-usb/android-rootfs/dev/socket/property_service

--- zygote log ---

--- capture stderr ---
LOGDW_CAPTURE_READY path=/dev/socket/logdw fd=3

--- logdw fatal/exceptions ---
jHidlServiceManagement Waited for hwservicemanager.ready for a second, waiting another... 
j0mHidlServiceManagement Waited for hwservicemanager.ready for a second, waiting another... 
3j`RZ* AndroidRuntime >>>>>> START com.android.internal.os.ZygoteInit uid 0 <<<<<<
3j@*AndroidRuntime Using default boot image 
3j8*AndroidRuntime Leaving lock profiling enabled 
3j4+cutils-trace Error opening trace file: No such file or directory (2) 
3j"+zygote64 option[0]=-Xzygote 
3j#+zygote64 option[1]=-Xdeny-art-apex-data-files 
3j@0#+ zygote64 option[2]=exit 
3j|X#+ zygote64 option[3]=vfprintf 
3jT#+zygote64 option[4]=sensitiveThread 
3jt#+zygote64 option[5]=-verbose:gc 
3j#+zygote64 option[6]=-XX:PerfettoHprof=true 
3j#+zygote64 option[7]=-XX:PerfettoJavaHeapStackProf=true 
3jX&$+ zygote64 option[8]=-Xprimaryzygote 
3jM$+zygote64 option[9]=-Xms8m 
3jn$+zygote64 option[10]=-Xmx512m 
3j$+zygote64 option[11]=-XX:HeapGrowthLimit=192m 
3j$+zygote64 option[12]=-XX:HeapMinFree=8m 
3jh$+zygote64 option[13]=-XX:HeapMaxFree=16m 
3j%+zygote64 option[14]=-XX:HeapTargetUtilization=0.6 
3j$6%+ zygote64 option[15]=-Xusejit:true 
3ji%+zygote64 option[16]=-Xjitsaveprofilinginfo 
3jD%+zygote64 option[17]=-XMadviseWillNeedVdexFileSize:104857600 
3j%+zygote64 option[18]=-XMadviseWillNeedOdexFileSize:104857600 
3j%+zygote64 option[19]=-XMadviseWillNeedArtFileSize:4294967295 
3j%&+zygote64 option[20]=-XjdwpOptions:suspend=n,server=y 
3j&+zygote64 option[21]=-XjdwpProvider:default 
3j&+zygote64 option[22]=-Xopaque-jni-ids:swapable 
3j&+zygote64 option[23]=-Xlockprofthreshold:500 
3j`'+zygote64 option[24]=-Xcompiler-option 
3jL'+zygote64 option[25]=--instruction-set-variant=generic 
3jv'+zygote64 option[26]=-Xcompiler-option 
3j\'+zygote64 option[27]=--instruction-set-features=default 
3j'+zygote64 option[28]=-Xcompiler-option 
3j'+zygote64 option[29]=--generate-mini-debug-info 
3j(+zygote64 option[30]=-Ximage-compiler-option 
3jE(+zygote64 option[31]=--runtime-arg 
3jm(+zygote64 option[32]=-Ximage-compiler-option 
3j(+zygote64 option[33]=-Xms64m 
3j(+zygote64 option[34]=-Ximage-compiler-option 
3j(+zygote64 option[35]=--runtime-arg 
3j)+zygote64 option[36]=-Ximage-compiler-option 
3j1)+zygote64 option[37]=-Xmx64m 
3jX)+zygote64 option[38]=-Ximage-compiler-option 
3j)+zygote64 option[39]=--dirty-image-objects=/system/etc/dirty-image-objects 
3j\)+zygote64 option[40]=-Ximage-compiler-option 
3jD)+zygote64 option[41]=--instruction-set-variant=generic 
3j0*+zygote64 option[42]=-Ximage-compiler-option 
3j)*+zygote64 option[43]=--instruction-set-features=default 
3jU*+zygote64 option[44]=-Ximage-compiler-option 
3j~*+zygote64 option[45]=--generate-mini-debug-info 
3j*+zygote64 option[46]=-Duser.locale=en-US 
3j$*+zygote64 option[47]=--cpu-abilist=arm64-v8a 
3jT*+zygote64 option[48]=-Xcore-platform-api-policy:just-warn 
3jD3++ zygote64 option[49]=-Xfingerprint:waydroid/lineage_waydroid_arm64_only/waydroid_arm64_only:13/TQ3A.230901.001/eng.aleast.20260403.072834:userdebug/test-keys 
3jg+zygote64 ART APEX data files are untrusted. 
3j+zygote64 Core platform API reporting enabled, enforcing=false 
3jXzygote64 Time zone APEX ICU file found: /apex/com.android.tzdata/etc/icu/icu_tzdata.dat 
3jAzygote64 I18n APEX ICU file found: /apex/com.android.i18n/etc/icu/icudt70l.dat 
3jHzygote64 fcntl(F_ADD_SEALS) failed: Invalid argument, no memfd support. 
3jIzygote64 Falling back to ashmem implementation for JIT zygote mapping 
3jZNashmem Unable to open ashmem device /dev/ashmem89186ff2-684d-4810-8e23-866a9bc61396 (error = No such file or directory) and /dev/ashmem(error = No such file or directory) 
3j<Pzygote64 Failed to create JIT Code Cache: Failed to create zygote mapping: No such file or directory 
3jQzygote64 Missing code cache, cannot create JIT. 
jHidlServiceManagement Waited for hwservicemanager.ready for a second, waiting another... 
3j	Zygote begin preload 
3j\!	Zygote Calling ZygoteHooks.beginPreload() 
3j4Zygote64Timing BeginPreload took to complete: 147ms 
3jCZygote Preloading classes... 
3jTZygote ...preloaded 0 classes in 0ms. 
3jZygote64Timing PreloadClasses took to complete: 2ms 
3jsApplicationLoaders Created zygote-cached class loader: /system/framework/android.hidl.base-V1.0-java.jar 
3j\ApplicationLoaders Created zygote-cached class loader: /system/framework/android.hidl.manager-V1.0-java.jar 
3jApplicationLoaders Created zygote-cached class loader: /system/framework/android.test.base.jar 
3jXZygote64Timing CacheNonBootClasspathClassLoaders took to complete: 16ms 
3jI=Zygote Preloading resources... 
3jDG1 Zygote ...preloaded 64 resources in 49ms. 
3j Zygote ...preloaded 41 resources in 9ms. 
3jxZygote ...preloaded 8 resource in 5ms. 
3jD8Zygote64Timing PreloadResources took to complete: 140ms 
3j+Zygote Preloading shared libraries... 
3j$%? zygote64 Unable to find pattern file or unable to map it for am 
3jlGk Zygote Called ZygoteHooks.endPreload() 
3j {Zygote Installed AndroidKeyStoreProvider in 1ms. 
3jmZygote Warmed up JCA providers in 9ms. 
3jWZygote end preload 
3j\aZygote64Timing ZygotePreload took to complete: 339ms 
3jzygote64 Explicit concurrent copying GC freed 32762(1544KB) AllocSpace objects, 11(288KB) LOS objects, 95% free, 1274KB/25MB, paused 94us,26us total 28.841ms 
3j$}!zygote64 Explicit concurrent copying GC freed 2275(125KB) AllocSpace objects, 0(0B) LOS objects, 95% free, 1180KB/25MB, paused 41us,27us total 20.466ms 
3jp=!Zygote64Timing PostZygoteInitGC took to complete: 51ms 
3jX!Zygote64Timing ZygoteInit took to complete: 413ms 
3j\!Zygote Unable to fetch Zygote socket file descriptor 
3j$!Zygote Unable to fetch USAP pool socket file descriptor 
j,HidlServiceManagement Waited for hwservicemanager.ready for a second, waiting another... 
3j,5Zygote Forked child process 2877 
3j 5Zygote System server process 2877 has been created 
3jD5Zygote Accepting command socket connections 
=jH:zygote64 open() failed for /dev/cgroup_info/cgroup.rc: No such file or directory 
=j0YK: libprocessgroup CgroupMap::LoadRcFile called for [2877] failed 
=ju:system_server Failed to upload odrefresh metrics: file parsing error. 
=j,L;SystemServerTiming InitBeforeStartServices 
=j'];SystemServer persist.sys.timezone is not valid (); setting to GMT. 
=j,_;SystemServer Entered the Android system server! 
jpHidlServiceManagement Waited for hwservicemanager.ready for a second, waiting another... 
=jSystemServerInitThreadPool Creating instance with 4 threads 
=jgSystemServerTiming InitBeforeStartServices took to complete: 532ms 
iSystemServerTiming StartServices 
=jokSystemServerTiming startBootstrapServices 
=jkSystemServerTiming StartWatchdog 
=jSystemServerTiming StartWatchdog took to complete: 4ms 
=jFSystemServer Reading configuration... 
=jSystemServerTiming ReadingSystemConfig 
=jSystemServerTiming ReadingSystemConfig took to complete: 0ms 
=j?SystemServerTiming PlatformCompat 
XjNSystemServerTimingAsync InitThreadPoolExec:ReadingSystemConfig 
Xj<SystemServerInitThreadPool Started executing ReadingSystemConfig 
XjSystemConfig Reading permissions from /system/etc/sysconfig/preinstalled-packages-platform.xml 
XjT SystemConfig Reading permissions from /system/etc/sysconfig/hiddenapi-package-whitelist.xml 
Xj SystemConfig Reading permissions from /system/etc/sysconfig/preinstalled-packages-com.android.providers.media.module.xml 
Xj SystemConfig Reading permissions from /system/etc/sysconfig/framework-sysconfig.xml 
=j CompatConfig No directory /apex/com.android.permission/etc/compatconfig, skipping 
XjTd SystemConfig Reading permissions from /system/etc/sysconfig/preinstalled-packages-platform-full-base.xml 
Xjh!SystemConfig Reading permissions from /system/etc/permissions/android.test.mock.xml 
XjD!SystemConfig Reading permissions from /system/etc/permissions/com.android.intentresolver.xml 
Xj/!SystemConfig Reading permissions from /system/etc/permissions/javax.obex.xml 
Xj;!SystemConfig Reading permissions from /system/etc/permissions/android.software.live_wallpaper.xml 
XjH!SystemConfig Reading permissions from /system/etc/permissions/com.android.mediadrm.signer.xml 
Xj`*Y! SystemConfig Reading permissions from /system/etc/permissions/com.android.media.remotedisplay.xml 
=j4d!SystemServerTiming PlatformCompat took to complete: 28ms 
=j8ie! SystemServerTiming StartFileIntegrityService 
=jh!SystemServiceManager Starting com.android.server.security.FileIntegrityService 
XjL$i! SystemConfig Reading permissions from /system/etc/permissions/com.android.location.provider.xml 
XjP\x! SystemConfig Reading permissions from /system/etc/permissions/com.android.documentsui.xml 
Xj!SystemConfig Reading permissions from /system/etc/permissions/pc.xml 
Xj8!SystemConfig Reading permissions from /system/etc/permissions/privapp_allowlist_com.android.adservices.api.xml 
Xj!SystemConfig Reading permissions from /system/etc/permissions/android.software.webview.xml 
Xj!SystemConfig Reading permissions from /system/etc/permissions/android.test.runner.xml 
XjI!SystemConfig Reading permissions from /system/etc/permissions/android.software.freeform_window_management.xml 
Xjh!SystemConfig Reading permissions from /system/etc/permissions/android.test.base.xml 
Xj!SystemConfig Reading permissions from /system/etc/permissions/com.android.future.usb.accessory.xml 
Xj!SystemConfig Reading permissions from /system/etc/permissions/org.apache.http.legacy.xml 
Xj!SystemConfig Reading permissions from /system/etc/permissions/com.android.networkstack.xml 
Xjl!SystemConfig Reading permissions from /system/etc/permissions/privapp-permissions-platform.xml 
=j,2"SystemServerTiming StartFileIntegrityService took to complete: 14ms 
=j2"SystemServerTiming StartInstaller 
=j4"SystemServiceManager Starting com.android.server.pm.Installer 
=j8"Installer installd not found; trying again 
=jlH"SystemServerTiming StartInstaller took to complete: 1ms 
=jLI"SystemServerTiming DeviceIdentifiersPolicyService 
=jJ"SystemServiceManager Starting com.android.server.os.DeviceIdentifiersPolicyService 
=jR"SystemServerTiming DeviceIdentifiersPolicyService took to complete: 1ms 
=jS"SystemServerTiming UriGrantsManagerService 
=j{T"SystemServiceManager Starting com.android.server.uri.UriGrantsManagerService$Lifecycle 
Xj%f"SystemConfig Reading permissions from /system/etc/permissions/privapp_allowlist_com.android.providers.media.module.xml 
=jHv"SystemServerTiming UriGrantsManagerService took to complete: 2ms 
Xjw"SystemConfig Reading permissions from /system/etc/permissions/platform.xml 
=jw"SystemServerTiming StartPowerStatsService 
=jy"SystemServiceManager Starting com.android.server.powerstats.PowerStatsService 
j@Z"servicemanager Could not find android.hardware.power.stats.IPowerStats/default in the VINTF manifest. 
=jPp"PowerStatsService nativeInit failed to connect to power.stats HAL 
=j"SystemServerTiming StartPowerStatsService took to complete: 2ms 
=j"SystemServerTiming StartIStatsService 
=j"SystemServerTiming StartIStatsService took to complete: 0ms 
=jp"SystemServerTiming MemtrackProxyService 
=jJ"SystemServerTiming MemtrackProxyService took to complete: 0ms 
=j{"SystemServerTiming StartActivityManager 
=j"SystemServiceManager Starting com.android.server.wm.ActivityTaskManagerService$Lifecycle 
Xjp"SystemConfig Reading permissions from /vendor/etc/permissions/android.hardware.audio.low_latency.xml 
Xj"SystemConfig Reading permissions from /vendor/etc/permissions/android.hardware.sensor.relative_humidity.xml 
=jp"SystemServiceManager Starting com.android.server.am.ActivityManagerService$Lifecycle 
Xj|x"SystemConfig Reading permissions from /vendor/etc/permissions/android.hardware.ethernet.xml 
Xj"SystemConfig Reading permissions from /vendor/etc/permissions/android.hardware.vulkan.compute.xml 
Xj"SystemConfig Reading permissions from /vendor/etc/permissions/android.software.sip.voip.xml 
Xj#SystemConfig Reading permissions from /vendor/etc/permissions/android.hardware.camera.flash-autofocus.xml 
=j4#ActivityManager Memory class: 192 
Xj#SystemConfig Reading permissions from /vendor/etc/permissions/android.hardware.opengles.aep.xml 
Xj#SystemConfig Reading permissions from /vendor/etc/permissions/android.hardware.sensor.light.xml 
Xj##SystemConfig Reading permissions from /vendor/etc/permissions/android.hardware.camera.full.xml 
XjQ0#SystemConfig Reading permissions from /vendor/etc/permissions/android.hardware.sensor.proximity.xml 
Xj`;#SystemConfig Reading permissions from /vendor/etc/permissions/android.hardware.vulkan.version.xml 
XjF#SystemConfig Reading permissions from /vendor/etc/permissions/android.hardware.camera.front.xml 
XjR#SystemConfig Reading permissions from /vendor/etc/permissions/android.hardware.location.gps.xml 
Xj_#SystemConfig Reading permissions from /vendor/etc/permissions/android.hardware.camera.raw.xml 
Xji#SystemConfig Reading permissions from /vendor/etc/permissions/android.hardware.vulkan.level.xml 
Xj@t#SystemConfig Reading permissions from /vendor/etc/permissions/android.hardware.touchscreen.xml 
Xj#SystemConfig Reading permissions from /vendor/etc/permissions/handheld_core_hardware.xml 
Xj4:#SystemConfig Reading permissions from /vendor/etc/permissions/android.hardware.usb.accessory.xml 
Xj#SystemConfig Reading permissions from /vendor/etc/permissions/android.software.verified_boot.xml 
Xj#SystemConfig Reading permissions from /vendor/etc/permissions/android.hardware.sensor.ambient_temperature.xml 
Xj%#SystemConfig Reading permissions from /vendor/etc/permissions/android.hardware.sensor.barometer.xml 
Xj#SystemConfig Reading permissions from /vendor/etc/permissions/android.hardware.sensor.gyroscope.xml 
Xj$g#SystemConfig Reading permissions from /vendor/etc/permissions/android.hardware.wifi.xml 
Xj`#SystemConfig No directory /product/etc/permissions, skipping 
Xj1#SystemConfig No directory /system_ext/etc/permissions, skipping 
Xj<`#SystemConfig Reading permissions from /apex/com.android.tethering/etc/permissions/permissions.xml 
Xj	$SystemConfig Reading permissions from /apex/com.android.permission/etc/permissions/privapp_allowlist_com.android.permissioncontroller.xml 
XjxA"$ SystemConfig Reading permissions from /apex/com.android.mediaprovider/etc/permissions/privapp_allowlist_com.android.providers.media.module.xml 
Xj:$SystemConfig Reading permissions from /apex/com.android.ipsec/etc/permissions/android.net.ipsec.ike.xml 
Xj$UN$ SystemConfig Reading permissions from /apex/com.android.extservices/etc/permissions/privapp_allowlist_android.ext.services.xml 
Xj\g$SystemConfig Reading permissions from /apex/com.android.btservices/etc/permissions/privapp_allowlist_com.android.bluetooth.xml 
Xj}$SystemConfig Reading permissions from /apex/com.android.adservices/etc/permissions/privapp_allowlist_com.android.adservices.api.xml 
Xj|Z$SystemConfig readAllPermissions took to complete: 79ms 
Xj$SystemServerInitThreadPool Finished executing ReadingSystemConfig 
Xj8$SystemServerTimingAsync InitThreadPoolExec:ReadingSystemConfig took to complete: 79ms 
=jP$ActivityManager Unable to create /data/system/procexitstore 
=j$LowMemDetector Failed to register psi trigger 
=j@&Xu =system_server BatteryStatsHistory 6HistoryDir does not exist:/data/system/battery-history
=jx&KernelSingleProcCpuThreadRdr Failed to start tracking process CPU times for 2877 
=j`XD+ DiscreteRegistry Failed to create DiscreteRegistry directory 
=j,I+FileUtils Failed to chmod(/data/system/appops/discrete): android.system.ErrnoException: chmod failed: ENOENT (No such file or directory) 
=j,OomAdjuster Not killing cached processes 
=jdw,SystemServerTiming StartActivityManager took to complete: 166ms 
=jxx,SystemServerTiming StartDataLoaderManagerService 
=j$	y, SystemServiceManager Starting com.android.server.pm.DataLoaderManagerService 
=j-SystemServerTiming StartDataLoaderManagerService took to complete: 10ms 
=j-SystemServerTiming StartIncrementalService 
=j8-SystemServerTiming StartIncrementalService took to complete: 0ms 
=j5-SystemServerTiming StartPowerManager 
=jv-SystemServiceManager Starting com.android.server.power.PowerManagerService 
j!.servicemanager Could not find android.hardware.power.IPower/default in the VINTF manifest. 
jTHidlServiceManagement Waited for hwservicemanager.ready for a second, waiting another... 
Yj}"Installer installd not found; trying again 
`j &HidlServiceManagement Waited for hwservicemanager.ready for a second, waiting another... 
j`HidlServiceManagement Waited for hwservicemanager.ready for a second, waiting another... 
Yjlp"Installer installd not found; trying again 
`jl&HidlServiceManagement Waited for hwservicemanager.ready for a second, waiting another... 
j0HidlServiceManagement Waited for hwservicemanager.ready for a second, waiting another... 
Yj	#Installer installd not found; trying again 
`jl2'HidlServiceManagement Waited for hwservicemanager.ready for a second, waiting another... 
j@HidlServiceManagement Waited for hwservicemanager.ready for a second, waiting another... 
YjR#Installer installd not found; trying again 
`j'HidlServiceManagement Waited for hwservicemanager.ready for a second, waiting another... 
jHidlServiceManagement Waited for hwservicemanager.ready for a second, waiting another... 
Yj9#Installer installd not found; trying again 
'HidlServiceManagement Waited for hwservicemanager.ready for a second, waiting another... 
jKHidlServiceManagement Waited for hwservicemanager.ready for a second, waiting another... 
Yjd#Installer installd not found; trying again 
`jp'HidlServiceManagement Waited for hwservicemanager.ready for a second, waiting another... 
jHidlServiceManagement Waited for hwservicemanager.ready for a second, waiting another... 
YjTs2$ Installer installd not found; trying again 
`j'HidlServiceManagement Waited for hwservicemanager.ready for a second, waiting another... 
jHidlServiceManagement Waited for hwservicemanager.ready for a second, waiting another... 
Yj\Q$Installer installd not found; trying again 
`jp'HidlServiceManagement Waited for hwservicemanager.ready for a second, waiting another... 
j"HidlServiceManagement Waited for hwservicemanager.ready for a second, waiting another... 
Yj$Installer installd not found; trying again 
`j''HidlServiceManagement Waited for hwservicemanager.ready for a second, waiting another... 
jAHidlServiceManagement Waited for hwservicemanager.ready for a second, waiting another... 
Yj$Installer installd not found; trying again 
`j'HidlServiceManagement Waited for hwservicemanager.ready for a second, waiting another... 
j$HidlServiceManagement Waited for hwservicemanager.ready for a second, waiting another... 
YjP;$Installer installd not found; trying again 
`j<!'HidlServiceManagement Waited for hwservicemanager.ready for a second, waiting another... 
jXHidlServiceManagement Waited for hwservicemanager.ready for a second, waiting another... 
YjZQ%Installer installd not found; trying again 
`j$'HidlServiceManagement Waited for hwservicemanager.ready for a second, waiting another... 
jHidlServiceManagement Waited for hwservicemanager.ready for a second, waiting another... 

--- raw logdw tail ---
Xjh!SystemConfig Reading permissions from /system/etc/permissions/android.test.mock.xml 

--- packet bytes=120 time=1780095623.554305280 ---
=j	!CompatConfig Found a config file: /apex/com.android.btservices/etc/compatconfig/bluetooth-compat-config.xml 

--- packet bytes=81 time=1780095623.554763200 ---
=j!CompatConfig Adding: com.android.server.compat.config.Change@ec9e5be 

--- packet bytes=120 time=1780095623.555157660 ---
=jL!CompatConfig Found a config file: /apex/com.android.art/etc/compatconfig/libcore-platform-compat-config.xml 

--- packet bytes=105 time=1780095623.555320060 ---
XjD!SystemConfig Reading permissions from /system/etc/permissions/com.android.intentresolver.xml 

--- packet bytes=81 time=1780095623.555792240 ---
=j`c ! CompatConfig Adding: com.android.server.compat.config.Change@e411f35 

--- packet bytes=81 time=1780095623.555832960 ---
=j$!!CompatConfig Adding: com.android.server.compat.config.Change@13a9fca 

--- packet bytes=81 time=1780095623.555846560 ---
=j<h!! CompatConfig Adding: com.android.server.compat.config.Change@2e1c53b 

--- packet bytes=81 time=1780095623.555869160 ---
=j!!CompatConfig Adding: com.android.server.compat.config.Change@adb2458 

--- packet bytes=81 time=1780095623.555880680 ---
=j!!CompatConfig Adding: com.android.server.compat.config.Change@87179b1 

--- packet bytes=81 time=1780095623.555899460 ---
=j."!CompatConfig Adding: com.android.server.compat.config.Change@b4aee96 

--- packet bytes=93 time=1780095623.556640960 ---
=jQ-!CompatConfig No directory /apex/com.android.appsearch/etc/compatconfig, skipping 

--- packet bytes=94 time=1780095623.556732580 ---
=j.!CompatConfig No directory /apex/com.android.adservices/etc/compatconfig, skipping 

--- packet bytes=89 time=1780095623.556783180 ---
Xj/!SystemConfig Reading permissions from /system/etc/permissions/javax.obex.xml 

--- packet bytes=88 time=1780095623.556838480 ---
=j@0!CompatConfig No directory /apex/com.android.adbd/etc/compatconfig, skipping 

--- packet bytes=110 time=1780095623.559766920 ---
Xj;!SystemConfig Reading permissions from /system/etc/permissions/android.software.live_wallpaper.xml 

--- packet bytes=106 time=1780095623.559897360 ---
XjH!SystemConfig Reading permissions from /system/etc/permissions/com.android.mediadrm.signer.xml 

--- packet bytes=110 time=1780095623.559911020 ---
Xj`*Y! SystemConfig Reading permissions from /system/etc/permissions/com.android.media.remotedisplay.xml 

--- packet bytes=69 time=1780095623.560268240 ---
=j4d!SystemServerTiming PlatformCompat took to complete: 28ms 

--- packet bytes=57 time=1780095623.560305640 ---
=j8ie! SystemServerTiming StartFileIntegrityService 

--- packet bytes=91 time=1780095623.560542740 ---
=jh!SystemServiceManager Starting com.android.server.security.FileIntegrityService 

--- packet bytes=108 time=1780095623.560562820 ---
XjL$i! SystemConfig Reading permissions from /system/etc/permissions/com.android.location.provider.xml 

--- packet bytes=102 time=1780095623.561585160 ---
XjP\x! SystemConfig Reading permissions from /system/etc/permissions/com.android.documentsui.xml 

--- packet bytes=81 time=1780095623.562804280 ---
Xj!SystemConfig Reading permissions from /system/etc/permissions/pc.xml 

--- packet bytes=123 time=1780095623.563575540 ---
Xj8!SystemConfig Reading permissions from /system/etc/permissions/privapp_allowlist_com.android.adservices.api.xml 

--- packet bytes=103 time=1780095623.564597540 ---
Xj!SystemConfig Reading permissions from /system/etc/permissions/android.software.webview.xml 

--- packet bytes=98 time=1780095623.565348860 ---
Xj!SystemConfig Reading permissions from /system/etc/permissions/android.test.runner.xml 

--- packet bytes=122 time=1780095623.566304720 ---
XjI!SystemConfig Reading permissions from /system/etc/permissions/android.software.freeform_window_management.xml 

--- packet bytes=96 time=1780095623.567110540 ---
Xjh!SystemConfig Reading permissions from /system/etc/permissions/android.test.base.xml 

--- packet bytes=111 time=1780095623.567876440 ---
Xj!SystemConfig Reading permissions from /system/etc/permissions/com.android.future.usb.accessory.xml 

--- packet bytes=101 time=1780095623.568661180 ---
Xj!SystemConfig Reading permissions from /system/etc/permissions/org.apache.http.legacy.xml 

--- packet bytes=103 time=1780095623.569447040 ---
Xj!SystemConfig Reading permissions from /system/etc/permissions/com.android.networkstack.xml 

--- packet bytes=107 time=1780095623.570442180 ---
Xjl!SystemConfig Reading permissions from /system/etc/permissions/privapp-permissions-platform.xml 

--- packet bytes=80 time=1780095623.573754720 ---
=j,2"SystemServerTiming StartFileIntegrityService took to complete: 14ms 

--- packet bytes=46 time=1780095623.573824980 ---
=j2"SystemServerTiming StartInstaller 

--- packet bytes=74 time=1780095623.573848860 ---
=j4"SystemServiceManager Starting com.android.server.pm.Installer 

--- packet bytes=55 time=1780095623.574188520 ---
=j8"Installer installd not found; trying again 

--- packet bytes=68 time=1780095623.575210440 ---
=jlH"SystemServerTiming StartInstaller took to complete: 1ms 

--- packet bytes=62 time=1780095623.575265600 ---
=jLI"SystemServerTiming DeviceIdentifiersPolicyService 

--- packet bytes=95 time=1780095623.575320560 ---
=jJ"SystemServiceManager Starting com.android.server.os.DeviceIdentifiersPolicyService 

--- packet bytes=84 time=1780095623.575868060 ---
=jR"SystemServerTiming DeviceIdentifiersPolicyService took to complete: 1ms 

--- packet bytes=55 time=1780095623.575916340 ---
=jS"SystemServerTiming UriGrantsManagerService 

--- packet bytes=99 time=1780095623.575973720 ---
=j{T"SystemServiceManager Starting com.android.server.uri.UriGrantsManagerService$Lifecycle 

--- packet bytes=131 time=1780095623.577153080 ---
Xj%f"SystemConfig Reading permissions from /system/etc/permissions/privapp_allowlist_com.android.providers.media.module.xml 

--- packet bytes=77 time=1780095623.578647620 ---
=jHv"SystemServerTiming UriGrantsManagerService took to complete: 2ms 

--- packet bytes=87 time=1780095623.578734220 ---
Xjw"SystemConfig Reading permissions from /system/etc/permissions/platform.xml 

--- packet bytes=54 time=1780095623.578747520 ---
=jw"SystemServerTiming StartPowerStatsService 

--- packet bytes=90 time=1780095623.578759000 ---
=jy"SystemServiceManager Starting com.android.server.powerstats.PowerStatsService 

--- packet bytes=114 time=1780095623.579502560 ---

j@Z"servicemanager Could not find android.hardware.power.stats.IPowerStats/default in the VINTF manifest. 

--- packet bytes=78 time=1780095623.579915720 ---
=jPp"PowerStatsService nativeInit failed to connect to power.stats HAL 

--- packet bytes=76 time=1780095623.580241440 ---
=j"SystemServerTiming StartPowerStatsService took to complete: 2ms 

--- packet bytes=50 time=1780095623.580273360 ---
=j"SystemServerTiming StartIStatsService 

--- packet bytes=72 time=1780095623.580313520 ---
=j"SystemServerTiming StartIStatsService took to complete: 0ms 

--- packet bytes=52 time=1780095623.580364040 ---
=jp"SystemServerTiming MemtrackProxyService 

--- packet bytes=74 time=1780095623.580376980 ---
=jJ"SystemServerTiming MemtrackProxyService took to complete: 0ms 

--- packet bytes=52 time=1780095623.580387400 ---
=j{"SystemServerTiming StartActivityManager 

--- packet bytes=101 time=1780095623.580434880 ---
=j"SystemServiceManager Starting com.android.server.wm.ActivityTaskManagerService$Lifecycle 

--- packet bytes=113 time=1780095623.583337400 ---
Xjp"SystemConfig Reading permissions from /vendor/etc/permissions/android.hardware.audio.low_latency.xml 

--- packet bytes=120 time=1780095623.584213100 ---
Xj"SystemConfig Reading permissions from /vendor/etc/permissions/android.hardware.sensor.relative_humidity.xml 

--- packet bytes=97 time=1780095623.584729000 ---
=jp"SystemServiceManager Starting com.android.server.am.ActivityManagerService$Lifecycle 

--- packet bytes=104 time=1780095623.585025080 ---
Xj|x"SystemConfig Reading permissions from /vendor/etc/permissions/android.hardware.ethernet.xml 

--- packet bytes=110 time=1780095623.585789160 ---
Xj"SystemConfig Reading permissions from /vendor/etc/permissions/android.hardware.vulkan.compute.xml 

--- packet bytes=104 time=1780095623.586543020 ---
Xj"SystemConfig Reading permissions from /vendor/etc/permissions/android.software.sip.voip.xml 

--- packet bytes=118 time=1780095623.587295500 ---
Xj#SystemConfig Reading permissions from /vendor/etc/permissions/android.hardware.camera.flash-autofocus.xml 

--- packet bytes=46 time=1780095623.587694860 ---
=j4#ActivityManager Memory class: 192 

--- packet bytes=108 time=1780095623.588018920 ---
Xj#SystemConfig Reading permissions from /vendor/etc/permissions/android.hardware.opengles.aep.xml 

--- packet bytes=108 time=1780095623.588808640 ---
Xj#SystemConfig Reading permissions from /vendor/etc/permissions/android.hardware.sensor.light.xml 

--- packet bytes=107 time=1780095623.589780720 ---
Xj##SystemConfig Reading permissions from /vendor/etc/permissions/android.hardware.camera.full.xml 

--- packet bytes=112 time=1780095623.590398040 ---
XjQ0#SystemConfig Reading permissions from /vendor/etc/permissions/android.hardware.sensor.proximity.xml 

--- packet bytes=110 time=1780095623.591160500 ---
Xj`;#SystemConfig Reading permissions from /vendor/etc/permissions/android.hardware.vulkan.version.xml 

--- packet bytes=108 time=1780095623.591870320 ---
XjF#SystemConfig Reading permissions from /vendor/etc/permissions/android.hardware.camera.front.xml 

--- packet bytes=108 time=1780095623.592664380 ---
XjR#SystemConfig Reading permissions from /vendor/etc/permissions/android.hardware.location.gps.xml 

--- packet bytes=106 time=1780095623.593462540 ---
Xj_#SystemConfig Reading permissions from /vendor/etc/permissions/android.hardware.camera.raw.xml 

--- packet bytes=108 time=1780095623.594166760 ---
Xji#SystemConfig Reading permissions from /vendor/etc/permissions/android.hardware.vulkan.level.xml 

--- packet bytes=107 time=1780095623.594918480 ---
Xj@t#SystemConfig Reading permissions from /vendor/etc/permissions/android.hardware.touchscreen.xml 

--- packet bytes=101 time=1780095623.595687480 ---
Xj#SystemConfig Reading permissions from /vendor/etc/permissions/handheld_core_hardware.xml 

--- packet bytes=109 time=1780095623.596753560 ---
Xj4:#SystemConfig Reading permissions from /vendor/etc/permissions/android.hardware.usb.accessory.xml 

--- packet bytes=109 time=1780095623.597426560 ---
Xj#SystemConfig Reading permissions from /vendor/etc/permissions/android.software.verified_boot.xml 

--- packet bytes=122 time=1780095623.599185280 ---
Xj#SystemConfig Reading permissions from /vendor/etc/permissions/android.hardware.sensor.ambient_temperature.xml 

--- packet bytes=112 time=1780095623.599288280 ---
Xj%#SystemConfig Reading permissions from /vendor/etc/permissions/android.hardware.sensor.barometer.xml 

--- packet bytes=112 time=1780095623.599737700 ---
Xj#SystemConfig Reading permissions from /vendor/etc/permissions/android.hardware.sensor.gyroscope.xml 

--- packet bytes=100 time=1780095623.600435280 ---
Xj$g#SystemConfig Reading permissions from /vendor/etc/permissions/android.hardware.wifi.xml 

--- packet bytes=71 time=1780095623.605880600 ---
Xj#SystemConfig No directory /product/etc/sysconfig, skipping 

--- packet bytes=73 time=1780095623.605983280 ---
Xj`#SystemConfig No directory /product/etc/permissions, skipping 

--- packet bytes=74 time=1780095623.605996340 ---
Xj`9#SystemConfig No directory /system_ext/etc/sysconfig, skipping 

--- packet bytes=76 time=1780095623.606009160 ---
Xj1#SystemConfig No directory /system_ext/etc/permissions, skipping 

--- packet bytes=110 time=1780095623.606021320 ---
Xj<`#SystemConfig Reading permissions from /apex/com.android.tethering/etc/permissions/permissions.xml 

--- packet bytes=150 time=1780095623.606034140 ---
Xj	$SystemConfig Reading permissions from /apex/com.android.permission/etc/permissions/privapp_allowlist_com.android.permissioncontroller.xml 

--- packet bytes=155 time=1780095623.606749940 ---
XjxA"$ SystemConfig Reading permissions from /apex/com.android.mediaprovider/etc/permissions/privapp_allowlist_com.android.providers.media.module.xml 

--- packet bytes=116 time=1780095623.607887900 ---
Xj:$SystemConfig Reading permissions from /apex/com.android.ipsec/etc/permissions/android.net.ipsec.ike.xml 

--- packet bytes=139 time=1780095623.609193360 ---
Xj$UN$ SystemConfig Reading permissions from /apex/com.android.extservices/etc/permissions/privapp_allowlist_android.ext.services.xml 

--- packet bytes=70 time=1780095623.610524560 ---
Zjb$Binder Setting heavy hitter watcher config: false, 0, 0.0 

--- packet bytes=139 time=1780095623.610801080 ---
Xj\g$SystemConfig Reading permissions from /apex/com.android.btservices/etc/permissions/privapp_allowlist_com.android.bluetooth.xml 

--- packet bytes=144 time=1780095623.612231180 ---
Xj}$SystemConfig Reading permissions from /apex/com.android.adservices/etc/permissions/privapp_allowlist_com.android.adservices.api.xml 

--- packet bytes=79 time=1780095623.614285060 ---
Xj&$SystemConfig Public libraries file folder missing: /system_ext/etc 

--- packet bytes=76 time=1780095623.614370520 ---
Xj$SystemConfig Public libraries file folder missing: /product/etc 

--- packet bytes=67 time=1780095623.614383120 ---
Xj|Z$SystemConfig readAllPermissions took to complete: 79ms 

--- packet bytes=78 time=1780095623.614394260 ---
Xj$SystemServerInitThreadPool Finished executing ReadingSystemConfig 

--- packet bytes=98 time=1780095623.614404980 ---
Xj8$SystemServerTimingAsync InitThreadPoolExec:ReadingSystemConfig took to complete: 79ms 

--- packet bytes=72 time=1780095623.616770380 ---
=jP$ActivityManager Unable to create /data/system/procexitstore 

--- packet bytes=60 time=1780095623.617200900 ---
=jlx$libpsi No kernel psi monitor support (errno=13) 

--- packet bytes=58 time=1780095623.617215000 ---
=j$LowMemDetector Failed to register psi trigger 

--- packet bytes=88 time=1780095623.640808900 ---
=j1&BatteryStatsHistory HistoryDir does not exist:/data/system/battery-history
 

--- packet bytes=133 time=1780095623.641810360 ---
=j@&Xu =system_server BatteryStatsHistory 6HistoryDir does not exist:/data/system/battery-history

--- packet bytes=93 time=1780095623.645528200 ---
=jx&KernelSingleProcCpuThreadRdr Failed to start tracking process CPU times for 2877 

--- packet bytes=90 time=1780095623.647247380 ---
=j;&BatteryStatsImpl Reading daily items from /data/system/batterystats-daily.xml 

--- packet bytes=58 time=1780095623.723235440 ---
=jP+memtrack Unable to connect to memtrack.proxy
 

--- packet bytes=73 time=1780095623.725952080 ---
=j`XD+ DiscreteRegistry Failed to create DiscreteRegistry directory 

--- packet bytes=149 time=1780095623.726416840 ---
=j,I+FileUtils Failed to chmod(/data/system/appops/discrete): android.system.ErrnoException: chmod failed: ENOENT (No such file or directory) 

--- packet bytes=79 time=1780095623.727813780 ---
=jTf`+ AppOps No existing app ops /data/system/appops.xml; starting empty 

--- packet bytes=56 time=1780095623.734239120 ---
=j0$+IntentFirewall Read new rules (A:0 B:0 S:0) 

--- packet bytes=53 time=1780095623.738599100 ---
=j,OomAdjuster Not killing cached processes 

--- packet bytes=43 time=1780095623.739923380 ---
=j,AppOps AppOpsService published 

--- packet bytes=76 time=1780095623.746059600 ---
=jdw,SystemServerTiming StartActivityManager took to complete: 166ms 

--- packet bytes=61 time=1780095623.746153600 ---
=jxx,SystemServerTiming StartDataLoaderManagerService 

--- packet bytes=89 time=1780095623.746164720 ---
=j$	y, SystemServiceManager Starting com.android.server.pm.DataLoaderManagerService 

--- packet bytes=84 time=1780095623.756404980 ---
=j-SystemServerTiming StartDataLoaderManagerService took to complete: 10ms 

--- packet bytes=55 time=1780095623.756516220 ---
=j-SystemServerTiming StartIncrementalService 

--- packet bytes=77 time=1780095623.756529280 ---
=j8-SystemServerTiming StartIncrementalService took to complete: 0ms 

--- packet bytes=49 time=1780095623.756539860 ---
=j5-SystemServerTiming StartPowerManager 

--- packet bytes=87 time=1780095623.756691900 ---
=jv-SystemServiceManager Starting com.android.server.power.PowerManagerService 

--- packet bytes=48 time=1780095623.763506840 ---
=jB-WayDroidHardware null service. SAD! 

--- packet bytes=20 time=1780095623.774034720 ---

j!.

--- packet bytes=103 time=1780095623.774138320 ---

j!.servicemanager Could not find android.hardware.power.IPower/default in the VINTF manifest. 

--- packet bytes=101 time=1780095624.147092520 ---

jTHidlServiceManagement Waited for hwservicemanager.ready for a second, waiting another... 

--- packet bytes=55 time=1780095624.578730640 ---
Yj}"Installer installd not found; trying again 

--- packet bytes=101 time=1780095624.654085400 ---
`j &HidlServiceManagement Waited for hwservicemanager.ready for a second, waiting another... 

--- packet bytes=101 time=1780095625.147321720 ---

j`HidlServiceManagement Waited for hwservicemanager.ready for a second, waiting another... 

--- packet bytes=55 time=1780095625.582704080 ---
Yjlp"Installer installd not found; trying again 

--- packet bytes=101 time=1780095625.654328800 ---
`jl&HidlServiceManagement Waited for hwservicemanager.ready for a second, waiting another... 

--- packet bytes=101 time=1780095626.147550360 ---

j0HidlServiceManagement Waited for hwservicemanager.ready for a second, waiting another... 

--- packet bytes=55 time=1780095626.587890080 ---
Yj	#Installer installd not found; trying again 

--- packet bytes=101 time=1780095626.654625080 ---
`jl2'HidlServiceManagement Waited for hwservicemanager.ready for a second, waiting another... 

--- packet bytes=101 time=1780095627.147796860 ---

j@HidlServiceManagement Waited for hwservicemanager.ready for a second, waiting another... 

--- packet bytes=55 time=1780095627.592694620 ---
YjR#Installer installd not found; trying again 

--- packet bytes=101 time=1780095627.654826380 ---
`j'HidlServiceManagement Waited for hwservicemanager.ready for a second, waiting another... 

--- packet bytes=101 time=1780095628.148041440 ---

jHidlServiceManagement Waited for hwservicemanager.ready for a second, waiting another... 

--- packet bytes=55 time=1780095628.599663020 ---
Yj9#Installer installd not found; trying again 

--- packet bytes=101 time=1780095628.655285700 ---
`j
'HidlServiceManagement Waited for hwservicemanager.ready for a second, waiting another... 

--- packet bytes=101 time=1780095629.148289680 ---

jKHidlServiceManagement Waited for hwservicemanager.ready for a second, waiting another... 

--- packet bytes=55 time=1780095629.601983160 ---
Yjd#Installer installd not found; trying again 

--- packet bytes=101 time=1780095629.655335080 ---
`jp'HidlServiceManagement Waited for hwservicemanager.ready for a second, waiting another... 

--- packet bytes=101 time=1780095630.148521860 ---

jHidlServiceManagement Waited for hwservicemanager.ready for a second, waiting another... 

--- packet bytes=55 time=1780095630.607335360 ---
YjTs2$ Installer installd not found; trying again 

--- packet bytes=101 time=1780095630.655594760 ---
`j'HidlServiceManagement Waited for hwservicemanager.ready for a second, waiting another... 

--- packet bytes=101 time=1780095631.148781320 ---

jHidlServiceManagement Waited for hwservicemanager.ready for a second, waiting another... 

--- packet bytes=55 time=1780095631.609374280 ---
Yj\Q$Installer installd not found; trying again 

--- packet bytes=101 time=1780095631.655845780 ---
`jp'HidlServiceManagement Waited for hwservicemanager.ready for a second, waiting another... 

--- packet bytes=101 time=1780095632.149069280 ---

j"HidlServiceManagement Waited for hwservicemanager.ready for a second, waiting another... 

--- packet bytes=55 time=1780095632.614783660 ---
Yj$Installer installd not found; trying again 

--- packet bytes=101 time=1780095632.656077860 ---
`j''HidlServiceManagement Waited for hwservicemanager.ready for a second, waiting another... 

--- packet bytes=101 time=1780095633.149336700 ---

jAHidlServiceManagement Waited for hwservicemanager.ready for a second, waiting another... 

--- packet bytes=55 time=1780095633.619638900 ---
Yj$Installer installd not found; trying again 

--- packet bytes=101 time=1780095633.656341620 ---
`j'HidlServiceManagement Waited for hwservicemanager.ready for a second, waiting another... 

--- packet bytes=101 time=1780095634.149735120 ---

j$HidlServiceManagement Waited for hwservicemanager.ready for a second, waiting another... 

--- packet bytes=55 time=1780095634.620439280 ---
YjP;$Installer installd not found; trying again 

--- packet bytes=101 time=1780095634.656536560 ---
`j<!'HidlServiceManagement Waited for hwservicemanager.ready for a second, waiting another... 

--- packet bytes=101 time=1780095635.149799300 ---

jXHidlServiceManagement Waited for hwservicemanager.ready for a second, waiting another... 

--- packet bytes=55 time=1780095635.626155620 ---
YjZQ%Installer installd not found; trying again 

--- packet bytes=101 time=1780095635.656775340 ---
`j$'HidlServiceManagement Waited for hwservicemanager.ready for a second, waiting another... 

--- packet bytes=101 time=1780095636.150028460 ---

jHidlServiceManagement Waited for hwservicemanager.ready for a second, waiting another... 

--- dmesg focused ---
[14263.874668] binder: binder: WEBOS accept ioctl 0x40046210 no-op
[14263.874704] binder: binder_alloc_shim: binder_mmap enter filp=ffffffc02a067200 vma=ffffffc086c77e70 start=0x7ea7b14000 end=0x7ea7c12000 flags=0x200071
[14263.874726] binder: binder_alloc_shim: update_page_range enter allocate=1 start=ffffff8002d80000 end=ffffff8002d81000 vma=ffffffc086c77e70
[14263.874732] binder: binder_alloc_shim: before __get_free_page GFP_KERNEL=0x24000c0
[14263.874737] binder: binder_alloc_shim: after __get_free_page addr=0xffffffc08864f000
[14263.874741] binder: binder_alloc_shim: virt_to_page page=ffffffbdc22193c0
[14263.874749] binder: binder_alloc_shim: before vm_insert_page user_page_addr=0x7ea7b14000 page=ffffffbdc22193c0
[14263.874761] binder: binder_alloc_shim: after vm_insert_page ret=0
[14264.082221] binder: binder_alloc_shim: update_page_range enter allocate=1 start=ffffff8001881000 end=ffffff8001881000 vma=          (null)
[14264.082328] binder: binder_alloc_shim: update_page_range enter allocate=1 start=ffffff8002d81000 end=ffffff8002d81000 vma=          (null)
[14264.082434] binder: binder_alloc_shim: update_page_range enter allocate=0 start=ffffff8002d81000 end=ffffff8002d80000 vma=          (null)
[14264.082457] binder: binder_alloc_shim: update_page_range enter allocate=0 start=ffffff8001881000 end=ffffff8001880000 vma=          (null)
[14264.086448] binder: binder_alloc_shim: update_page_range enter allocate=1 start=ffffff8001881000 end=ffffff8001881000 vma=          (null)
[14264.086596] binder: binder_alloc_shim: update_page_range enter allocate=1 start=ffffff8002d81000 end=ffffff8002d81000 vma=          (null)
[14264.086625] binder: binder_alloc_shim: update_page_range enter allocate=0 start=ffffff8001881000 end=ffffff8001880000 vma=          (null)
[14264.086652] binder: binder_alloc_shim: update_page_range enter allocate=0 start=ffffff8002d81000 end=ffffff8002d80000 vma=          (null)
[14264.089346] binder: binder_alloc_shim: update_page_range enter allocate=1 start=ffffff8001881000 end=ffffff8001881000 vma=          (null)
[14264.089492] binder: binder_alloc_shim: update_page_range enter allocate=1 start=ffffff8002d81000 end=ffffff8002d81000 vma=          (null)
[14264.089521] binder: binder_alloc_shim: update_page_range enter allocate=0 start=ffffff8001881000 end=ffffff8001880000 vma=          (null)
[14264.089531] binder: binder_alloc_shim: update_page_range enter allocate=0 start=ffffff8002d81000 end=ffffff8002d80000 vma=          (null)
[14264.090423] binder: binder_alloc_shim: update_page_range enter allocate=1 start=ffffff8001881000 end=ffffff8001881000 vma=          (null)
[14264.090486] binder: binder_alloc_shim: update_page_range enter allocate=1 start=ffffff8002d81000 end=ffffff8002d81000 vma=          (null)
[14264.090502] binder: binder_alloc_shim: update_page_range enter allocate=0 start=ffffff8001881000 end=ffffff8001880000 vma=          (null)
[14264.090527] binder: binder_alloc_shim: update_page_range enter allocate=0 start=ffffff8002d81000 end=ffffff8002d80000 vma=          (null)
[14264.091183] binder: binder_alloc_shim: update_page_range enter allocate=1 start=ffffff8001881000 end=ffffff8001881000 vma=          (null)
[14264.091279] binder: binder_alloc_shim: update_page_range enter allocate=1 start=ffffff8002d81000 end=ffffff8002d81000 vma=          (null)
[14264.091300] binder: binder_alloc_shim: update_page_range enter allocate=0 start=ffffff8001881000 end=ffffff8001880000 vma=          (null)
[14264.091316] binder: binder_alloc_shim: update_page_range enter allocate=0 start=ffffff8002d81000 end=ffffff8002d80000 vma=          (null)
[14264.091466] binder: binder_alloc_shim: update_page_range enter allocate=1 start=ffffff8001881000 end=ffffff8001881000 vma=          (null)
[14264.091524] binder: binder_alloc_shim: update_page_range enter allocate=1 start=ffffff8002d81000 end=ffffff8002d81000 vma=          (null)
[14264.091540] binder: binder_alloc_shim: update_page_range enter allocate=0 start=ffffff8001881000 end=ffffff8001880000 vma=          (null)
[14264.091553] binder: binder_alloc_shim: update_page_range enter allocate=0 start=ffffff8002d81000 end=ffffff8002d80000 vma=          (null)
[14264.092378] binder: binder_alloc_shim: update_page_range enter allocate=1 start=ffffff8001881000 end=ffffff8001881000 vma=          (null)
[14264.092511] binder: binder_alloc_shim: update_page_range enter allocate=1 start=ffffff8002d81000 end=ffffff8002d81000 vma=          (null)
[14264.092528] binder: binder_alloc_shim: update_page_range enter allocate=0 start=ffffff8001881000 end=ffffff8001880000 vma=          (null)
[14264.092543] binder: binder_alloc_shim: update_page_range enter allocate=0 start=ffffff8002d81000 end=ffffff8002d80000 vma=          (null)
[14264.441703] binder: binder_alloc_shim: update_page_range enter allocate=1 start=ffffff8001881000 end=ffffff8001881000 vma=          (null)
[14264.442003] binder: binder_alloc_shim: update_page_range enter allocate=1 start=ffffff8002d81000 end=ffffff8002d81000 vma=          (null)
[14264.442035] binder: binder_alloc_shim: update_page_range enter allocate=0 start=ffffff8001881000 end=ffffff8001880000 vma=          (null)
[14264.442047] binder: binder_alloc_shim: update_page_range enter allocate=0 start=ffffff8002d81000 end=ffffff8002d80000 vma=          (null)
[14264.442172] binder: binder_alloc_shim: update_page_range enter allocate=1 start=ffffff8001881000 end=ffffff8001881000 vma=          (null)
[14264.442302] binder: binder_alloc_shim: update_page_range enter allocate=1 start=ffffff8002d81000 end=ffffff8002d81000 vma=          (null)
[14264.442317] binder: binder_alloc_shim: update_page_range enter allocate=0 start=ffffff8001881000 end=ffffff8001880000 vma=          (null)
[14264.442333] binder: binder_alloc_shim: update_page_range enter allocate=0 start=ffffff8002d81000 end=ffffff8002d80000 vma=          (null)
[14264.455522] binder: binder_alloc_shim: update_page_range enter allocate=1 start=ffffff8001881000 end=ffffff8001881000 vma=          (null)
[14264.455708] binder: binder_alloc_shim: update_page_range enter allocate=1 start=ffffff8002d81000 end=ffffff8002d81000 vma=          (null)
[14264.455733] binder: binder_alloc_shim: update_page_range enter allocate=0 start=ffffff8001881000 end=ffffff8001880000 vma=          (null)
[14264.455742] binder: binder_alloc_shim: update_page_range enter allocate=0 start=ffffff8002d81000 end=ffffff8002d80000 vma=          (null)
[14264.456195] binder: binder_alloc_shim: update_page_range enter allocate=1 start=ffffff8001881000 end=ffffff8001881000 vma=          (null)
[14264.456253] binder: binder_alloc_shim: update_page_range enter allocate=1 start=ffffff8002d81000 end=ffffff8002d81000 vma=          (null)
[14264.456267] binder: binder_alloc_shim: update_page_range enter allocate=0 start=ffffff8001881000 end=ffffff8001880000 vma=          (null)
[14264.456287] binder: binder_alloc_shim: update_page_range enter allocate=0 start=ffffff8002d81000 end=ffffff8002d80000 vma=          (null)
[14264.457751] binder: binder_alloc_shim: update_page_range enter allocate=1 start=ffffff8001881000 end=ffffff8001881000 vma=          (null)
[14264.457979] binder: binder_alloc_shim: update_page_range enter allocate=1 start=ffffff8002d81000 end=ffffff8002d81000 vma=          (null)
[14264.458003] binder: binder_alloc_shim: update_page_range enter allocate=0 start=ffffff8001881000 end=ffffff8001880000 vma=          (null)
[14264.458012] binder: binder_alloc_shim: update_page_range enter allocate=0 start=ffffff8002d81000 end=ffffff8002d80000 vma=          (null)
[14264.458759] binder: binder_alloc_shim: update_page_range enter allocate=1 start=ffffff8001881000 end=ffffff8001881000 vma=          (null)
[14264.459247] binder: binder_alloc_shim: update_page_range enter allocate=1 start=ffffff8002d81000 end=ffffff8002d81000 vma=          (null)
[14264.459272] binder: binder_alloc_shim: update_page_range enter allocate=0 start=ffffff8001881000 end=ffffff8001880000 vma=          (null)
[14264.459284] binder: binder_alloc_shim: update_page_range enter allocate=0 start=ffffff8002d81000 end=ffffff8002d80000 vma=          (null)
[14264.461452] binder: binder_alloc_shim: update_page_range enter allocate=1 start=ffffff8001881000 end=ffffff8001881000 vma=          (null)
[14264.461727] binder: binder_alloc_shim: update_page_range enter allocate=1 start=ffffff8002d81000 end=ffffff8002d81000 vma=          (null)
[14264.461749] binder: binder_alloc_shim: update_page_range enter allocate=0 start=ffffff8001881000 end=ffffff8001880000 vma=          (null)
[14264.461772] binder: binder_alloc_shim: update_page_range enter allocate=0 start=ffffff8002d81000 end=ffffff8002d80000 vma=          (null)
[14264.462234] binder: binder_alloc_shim: update_page_range enter allocate=1 start=ffffff8001881000 end=ffffff8001881000 vma=          (null)
[14264.462345] binder: binder_alloc_shim: update_page_range enter allocate=1 start=ffffff8002d81000 end=ffffff8002d81000 vma=          (null)
[14264.462361] binder: binder_alloc_shim: update_page_range enter allocate=0 start=ffffff8001881000 end=ffffff8001880000 vma=          (null)
[14264.462380] binder: binder_alloc_shim: update_page_range enter allocate=0 start=ffffff8002d81000 end=ffffff8002d80000 vma=          (null)
[14264.466567] binder: binder_alloc_shim: update_page_range enter allocate=1 start=ffffff8001881000 end=ffffff8001881000 vma=          (null)
[14264.466742] binder: binder_alloc_shim: update_page_range enter allocate=1 start=ffffff8002d81000 end=ffffff8002d81000 vma=          (null)
[14264.466765] binder: binder_alloc_shim: update_page_range enter allocate=0 start=ffffff8001881000 end=ffffff8001880000 vma=          (null)
[14264.466774] binder: binder_alloc_shim: update_page_range enter allocate=0 start=ffffff8002d81000 end=ffffff8002d80000 vma=          (null)
[14264.491260] binder: binder_alloc_shim: update_page_range enter allocate=1 start=ffffff8001881000 end=ffffff8001881000 vma=          (null)
[14264.491438] binder: binder_alloc_shim: update_page_range enter allocate=1 start=ffffff8002d81000 end=ffffff8002d81000 vma=          (null)
[14264.491470] binder: binder_alloc_shim: update_page_range enter allocate=0 start=ffffff8001881000 end=ffffff8001880000 vma=          (null)
[14264.491491] binder: binder_alloc_shim: update_page_range enter allocate=0 start=ffffff8002d81000 end=ffffff8002d80000 vma=          (null)
[14264.502171] binder: binder_alloc_shim: update_page_range enter allocate=1 start=ffffff8001881000 end=ffffff8001881000 vma=          (null)
[14264.502315] binder: binder_alloc_shim: update_page_range enter allocate=1 start=ffffff8002d81000 end=ffffff8002d81000 vma=          (null)
[14264.502347] binder: binder_alloc_shim: update_page_range enter allocate=0 start=ffffff8001881000 end=ffffff8001880000 vma=          (null)
[14264.502380] binder: binder_alloc_shim: update_page_range enter allocate=0 start=ffffff8002d81000 end=ffffff8002d80000 vma=          (null)
[14264.523125] binder: binder_alloc_shim: update_page_range enter allocate=1 start=ffffff8001881000 end=ffffff8001881000 vma=          (null)
[14264.523262] binder: binder_alloc_shim: update_page_range enter allocate=1 start=ffffff8002d81000 end=ffffff8002d81000 vma=          (null)
[14264.523342] binder: binder_alloc_shim: update_page_range enter allocate=0 start=ffffff8001881000 end=ffffff8001880000 vma=          (null)
[14264.523355] binder: binder_alloc_shim: update_page_range enter allocate=0 start=ffffff8002d81000 end=ffffff8002d80000 vma=          (null)
[14264.605132] binder: binder_alloc_shim: update_page_range enter allocate=1 start=ffffff8001881000 end=ffffff8001881000 vma=          (null)
[14264.605266] binder: binder_alloc_shim: update_page_range enter allocate=1 start=ffffff8002d81000 end=ffffff8002d81000 vma=          (null)
[14264.605292] binder: binder_alloc_shim: update_page_range enter allocate=0 start=ffffff8001881000 end=ffffff8001880000 vma=          (null)
[14264.605302] binder: binder_alloc_shim: update_page_range enter allocate=0 start=ffffff8002d81000 end=ffffff8002d80000 vma=          (null)
[14264.606084] binder: binder_alloc_shim: update_page_range enter allocate=1 start=ffffff8001881000 end=ffffff8001881000 vma=          (null)
[14264.606150] binder: binder_alloc_shim: update_page_range enter allocate=1 start=ffffff8002d81000 end=ffffff8002d81000 vma=          (null)
[14264.606169] binder: binder_alloc_shim: update_page_range enter allocate=0 start=ffffff8001881000 end=ffffff8001880000 vma=          (null)
[14264.606191] binder: binder_alloc_shim: update_page_range enter allocate=0 start=ffffff8002d81000 end=ffffff8002d80000 vma=          (null)
[14264.621222] binder: binder_alloc_shim: update_page_range enter allocate=1 start=ffffff8001881000 end=ffffff8001881000 vma=          (null)
[14264.621409] binder: binder_alloc_shim: update_page_range enter allocate=1 start=ffffff8002d81000 end=ffffff8002d81000 vma=          (null)
[14264.621431] binder: binder_alloc_shim: update_page_range enter allocate=0 start=ffffff8001881000 end=ffffff8001880000 vma=          (null)
[14264.621472] binder: binder_alloc_shim: update_page_range enter allocate=0 start=ffffff8002d81000 end=ffffff8002d80000 vma=          (null)
[14264.621551] binder: binder_alloc_shim: update_page_range enter allocate=1 start=ffffff8001881000 end=ffffff8001881000 vma=          (null)
[14264.621644] binder: binder_alloc_shim: update_page_range enter allocate=1 start=ffffff8002d81000 end=ffffff8002d81000 vma=          (null)
[14264.621660] binder: binder_alloc_shim: update_page_range enter allocate=0 start=ffffff8001881000 end=ffffff8001880000 vma=          (null)
[14264.621671] binder: binder_alloc_shim: update_page_range enter allocate=0 start=ffffff8002d81000 end=ffffff8002d80000 vma=          (null)
[14264.638175] binder: binder_alloc_shim: update_page_range enter allocate=1 start=ffffff8001881000 end=ffffff8001881000 vma=          (null)
[14264.638437] binder: binder_alloc_shim: update_page_range enter allocate=1 start=ffffff8002d81000 end=ffffff8002d81000 vma=          (null)
[14264.638459] binder: binder_alloc_shim: update_page_range enter allocate=0 start=ffffff8001881000 end=ffffff8001880000 vma=          (null)
[14264.638482] binder: binder_alloc_shim: update_page_range enter allocate=0 start=ffffff8002d81000 end=ffffff8002d80000 vma=          (null)
[14264.644021] binder: binder_alloc_shim: update_page_range enter allocate=1 start=ffffff8001881000 end=ffffff8001881000 vma=          (null)
[14264.644207] binder: binder_alloc_shim: update_page_range enter allocate=1 start=ffffff8002d81000 end=ffffff8002d81000 vma=          (null)
[14264.644240] binder: binder_alloc_shim: update_page_range enter allocate=0 start=ffffff8001881000 end=ffffff8001880000 vma=          (null)
[14264.644255] binder: binder_alloc_shim: update_page_range enter allocate=0 start=ffffff8002d81000 end=ffffff8002d80000 vma=          (null)
[14264.644401] binder: binder_alloc_shim: update_page_range enter allocate=1 start=ffffff8001881000 end=ffffff8001881000 vma=          (null)
[14264.644477] binder: binder_alloc_shim: update_page_range enter allocate=1 start=ffffff8002d81000 end=ffffff8002d81000 vma=          (null)
[14264.644495] binder: binder_alloc_shim: update_page_range enter allocate=0 start=ffffff8001881000 end=ffffff8001880000 vma=          (null)
[14264.644503] binder: binder_alloc_shim: update_page_range enter allocate=0 start=ffffff8002d81000 end=ffffff8002d80000 vma=          (null)
[14264.645359] binder: binder_alloc_shim: update_page_range enter allocate=1 start=ffffff8001881000 end=ffffff8001881000 vma=          (null)
[14264.645499] binder: binder_alloc_shim: update_page_range enter allocate=1 start=ffffff8002d81000 end=ffffff8002d81000 vma=          (null)
[14264.645523] binder: binder_alloc_shim: update_page_range enter allocate=0 start=ffffff8001881000 end=ffffff8001880000 vma=          (null)
[14264.645536] binder: binder_alloc_shim: update_page_range enter allocate=0 start=ffffff8002d81000 end=ffffff8002d80000 vma=          (null)
[14264.653777] binder: binder_alloc_shim: update_page_range enter allocate=1 start=ffffff8001881000 end=ffffff8001881000 vma=          (null)
[14264.653997] binder: binder_alloc_shim: update_page_range enter allocate=1 start=ffffff8002d81000 end=ffffff8002d81000 vma=          (null)
[14264.654030] binder: binder_alloc_shim: update_page_range enter allocate=0 start=ffffff8001881000 end=ffffff8001880000 vma=          (null)
[14264.654063] binder: binder_alloc_shim: update_page_range enter allocate=0 start=ffffff8002d81000 end=ffffff8002d80000 vma=          (null)
[14264.654122] binder: binder_alloc_shim: update_page_range enter allocate=1 start=ffffff8002081000 end=ffffff8002081000 vma=          (null)
[14264.654223] binder: binder_alloc_shim: update_page_range enter allocate=1 start=ffffff8002d81000 end=ffffff8002d81000 vma=          (null)
[14264.654292] binder: binder_alloc_shim: update_page_range enter allocate=0 start=ffffff8002081000 end=ffffff8002080000 vma=          (null)
[14264.654314] binder: binder_alloc_shim: update_page_range enter allocate=0 start=ffffff8002d81000 end=ffffff8002d80000 vma=          (null)
[14264.654519] binder: binder_alloc_shim: update_page_range enter allocate=1 start=ffffff8002081000 end=ffffff8002081000 vma=          (null)
[14264.654750] binder: binder_alloc_shim: update_page_range enter allocate=1 start=ffffff8002d81000 end=ffffff8002d81000 vma=          (null)
[14264.654779] binder: binder_alloc_shim: update_page_range enter allocate=0 start=ffffff8002081000 end=ffffff8002080000 vma=          (null)
[14264.654842] binder: binder_alloc_shim: update_page_range enter allocate=1 start=ffffff8002081000 end=ffffff8002081000 vma=          (null)
[14264.654888] binder: binder_alloc_shim: update_page_range enter allocate=1 start=ffffff8002d81000 end=ffffff8002d81000 vma=          (null)
[14264.654901] binder: binder_alloc_shim: update_page_range enter allocate=0 start=ffffff8002081000 end=ffffff8002080000 vma=          (null)
[14264.654917] binder: binder_alloc_shim: update_page_range enter allocate=0 start=ffffff8002d81000 end=ffffff8002d80000 vma=          (null)
[14264.654989] binder: binder_alloc_shim: update_page_range enter allocate=0 start=ffffff8002d81000 end=ffffff8002d80000 vma=          (null)
[14264.655129] binder: binder_alloc_shim: update_page_range enter allocate=1 start=ffffff8002081000 end=ffffff8002081000 vma=          (null)
[14264.655308] binder: binder_alloc_shim: update_page_range enter allocate=1 start=ffffff8002d81000 end=ffffff8002d81000 vma=          (null)
[14264.655334] binder: binder_alloc_shim: update_page_range enter allocate=0 start=ffffff8002081000 end=ffffff8002080000 vma=          (null)
[14264.655369] binder: binder_alloc_shim: update_page_range enter allocate=1 start=ffffff8002081000 end=ffffff8002081000 vma=          (null)
[14264.655409] binder: binder_alloc_shim: update_page_range enter allocate=1 start=ffffff8002d81000 end=ffffff8002d81000 vma=          (null)
[14264.655420] binder: binder_alloc_shim: update_page_range enter allocate=0 start=ffffff8002081000 end=ffffff8002080000 vma=          (null)
[14264.655436] binder: binder_alloc_shim: update_page_range enter allocate=0 start=ffffff8002d81000 end=ffffff8002d80000 vma=          (null)
[14264.655455] binder: binder_alloc_shim: update_page_range enter allocate=0 start=ffffff8002d81000 end=ffffff8002d80000 vma=          (null)
[14264.655946] binder: binder_alloc_shim: update_page_range enter allocate=1 start=ffffff8001881000 end=ffffff8001881000 vma=          (null)
[14264.656246] binder: binder_alloc_shim: update_page_range enter allocate=1 start=ffffff8002d81000 end=ffffff8002d81000 vma=          (null)
[14264.656264] binder: binder_alloc_shim: update_page_range enter allocate=0 start=ffffff8001881000 end=ffffff8001880000 vma=          (null)
[14264.656274] binder: binder_alloc_shim: update_page_range enter allocate=0 start=ffffff8002d81000 end=ffffff8002d80000 vma=          (null)
[14265.457820] binder: binder_alloc_shim: update_page_range enter allocate=1 start=ffffff8001881000 end=ffffff8001881000 vma=          (null)
[14265.457956] binder: binder_alloc_shim: update_page_range enter allocate=1 start=ffffff8002d81000 end=ffffff8002d81000 vma=          (null)
[14265.457984] binder: binder_alloc_shim: update_page_range enter allocate=0 start=ffffff8001881000 end=ffffff8001880000 vma=          (null)
[14265.460744] binder: binder_alloc_shim: update_page_range enter allocate=0 start=ffffff8002d81000 end=ffffff8002d80000 vma=          (null)
[14266.464595] binder: binder_alloc_shim: update_page_range enter allocate=1 start=ffffff8001881000 end=ffffff8001881000 vma=          (null)
[14266.464725] binder: binder_alloc_shim: update_page_range enter allocate=1 start=ffffff8002d81000 end=ffffff8002d81000 vma=          (null)
[14266.464755] binder: binder_alloc_shim: update_page_range enter allocate=0 start=ffffff8001881000 end=ffffff8001880000 vma=          (null)
[14266.464766] binder: binder_alloc_shim: update_page_range enter allocate=0 start=ffffff8002d81000 end=ffffff8002d80000 vma=          (null)
[14267.469794] binder: binder_alloc_shim: update_page_range enter allocate=1 start=ffffff8001881000 end=ffffff8001881000 vma=          (null)
[14267.469921] binder: binder_alloc_shim: update_page_range enter allocate=1 start=ffffff8002d81000 end=ffffff8002d81000 vma=          (null)
[14267.469948] binder: binder_alloc_shim: update_page_range enter allocate=0 start=ffffff8001881000 end=ffffff8001880000 vma=          (null)
[14267.469959] binder: binder_alloc_shim: update_page_range enter allocate=0 start=ffffff8002d81000 end=ffffff8002d80000 vma=          (null)
[14268.474519] binder: binder_alloc_shim: update_page_range enter allocate=1 start=ffffff8001881000 end=ffffff8001881000 vma=          (null)
[14268.474678] binder: binder_alloc_shim: update_page_range enter allocate=1 start=ffffff8002d81000 end=ffffff8002d81000 vma=          (null)
[14268.474712] binder: binder_alloc_shim: update_page_range enter allocate=0 start=ffffff8001881000 end=ffffff8001880000 vma=          (null)
[14268.474723] binder: binder_alloc_shim: update_page_range enter allocate=0 start=ffffff8002d81000 end=ffffff8002d80000 vma=          (null)
[14269.480593] binder: binder_alloc_shim: update_page_range enter allocate=1 start=ffffff8001881000 end=ffffff8001881000 vma=          (null)
[14269.480934] binder: binder_alloc_shim: update_page_range enter allocate=1 start=ffffff8002d81000 end=ffffff8002d81000 vma=          (null)
[14269.480967] binder: binder_alloc_shim: update_page_range enter allocate=0 start=ffffff8001881000 end=ffffff8001880000 vma=          (null)
[14269.481690] binder: binder_alloc_shim: update_page_range enter allocate=0 start=ffffff8002d81000 end=ffffff8002d80000 vma=          (null)
[14270.483880] binder: binder_alloc_shim: update_page_range enter allocate=1 start=ffffff8001881000 end=ffffff8001881000 vma=          (null)
[14270.484012] binder: binder_alloc_shim: update_page_range enter allocate=1 start=ffffff8002d81000 end=ffffff8002d81000 vma=          (null)
[14270.484040] binder: binder_alloc_shim: update_page_range enter allocate=0 start=ffffff8001881000 end=ffffff8001880000 vma=          (null)
[14270.484052] binder: binder_alloc_shim: update_page_range enter allocate=0 start=ffffff8002d81000 end=ffffff8002d80000 vma=          (null)
[14271.489225] binder: binder_alloc_shim: update_page_range enter allocate=1 start=ffffff8001881000 end=ffffff8001881000 vma=          (null)
[14271.489363] binder: binder_alloc_shim: update_page_range enter allocate=1 start=ffffff8002d81000 end=ffffff8002d81000 vma=          (null)
[14271.489391] binder: binder_alloc_shim: update_page_range enter allocate=0 start=ffffff8001881000 end=ffffff8001880000 vma=          (null)
[14271.489404] binder: binder_alloc_shim: update_page_range enter allocate=0 start=ffffff8002d81000 end=ffffff8002d80000 vma=          (null)
[14272.491081] binder: binder_alloc_shim: update_page_range enter allocate=1 start=ffffff8001881000 end=ffffff8001881000 vma=          (null)
[14272.491206] binder: binder_alloc_shim: update_page_range enter allocate=1 start=ffffff8002d81000 end=ffffff8002d81000 vma=          (null)
[14272.491234] binder: binder_alloc_shim: update_page_range enter allocate=0 start=ffffff8001881000 end=ffffff8001880000 vma=          (null)
[14272.491420] binder: binder_alloc_shim: update_page_range enter allocate=0 start=ffffff8002d81000 end=ffffff8002d80000 vma=          (null)
[14273.496682] binder: binder_alloc_shim: update_page_range enter allocate=1 start=ffffff8001881000 end=ffffff8001881000 vma=          (null)
[14273.496811] binder: binder_alloc_shim: update_page_range enter allocate=1 start=ffffff8002d81000 end=ffffff8002d81000 vma=          (null)
[14273.496842] binder: binder_alloc_shim: update_page_range enter allocate=0 start=ffffff8001881000 end=ffffff8001880000 vma=          (null)
[14273.496851] binder: binder_alloc_shim: update_page_range enter allocate=0 start=ffffff8002d81000 end=ffffff8002d80000 vma=          (null)
[14274.501473] binder: binder_alloc_shim: update_page_range enter allocate=1 start=ffffff8001881000 end=ffffff8001881000 vma=          (null)
[14274.501607] binder: binder_alloc_shim: update_page_range enter allocate=1 start=ffffff8002d81000 end=ffffff8002d81000 vma=          (null)
[14274.501651] binder: binder_alloc_shim: update_page_range enter allocate=0 start=ffffff8001881000 end=ffffff8001880000 vma=          (null)
[14274.501698] binder: binder_alloc_shim: update_page_range enter allocate=0 start=ffffff8002d81000 end=ffffff8002d80000 vma=          (null)
[14275.502285] binder: binder_alloc_shim: update_page_range enter allocate=1 start=ffffff8001881000 end=ffffff8001881000 vma=          (null)
[14275.502425] binder: binder_alloc_shim: update_page_range enter allocate=1 start=ffffff8002d81000 end=ffffff8002d81000 vma=          (null)
[14275.502453] binder: binder_alloc_shim: update_page_range enter allocate=0 start=ffffff8001881000 end=ffffff8001880000 vma=          (null)
[14275.502499] binder: binder_alloc_shim: update_page_range enter allocate=0 start=ffffff8002d81000 end=ffffff8002d80000 vma=          (null)
[14276.507864] binder: binder_alloc_shim: update_page_range enter allocate=1 start=ffffff8001881000 end=ffffff8001881000 vma=          (null)
[14276.508052] binder: binder_alloc_shim: update_page_range enter allocate=1 start=ffffff8002d81000 end=ffffff8002d81000 vma=          (null)
[14276.508098] binder: binder_alloc_shim: update_page_range enter allocate=0 start=ffffff8001881000 end=ffffff8001880000 vma=          (null)
[14276.508156] binder: binder_alloc_shim: update_page_range enter allocate=0 start=ffffff8002d81000 end=ffffff8002d80000 vma=          (null)
[14277.511382] binder: binder_alloc_shim: update_page_range enter allocate=1 start=ffffff8001881000 end=ffffff8001881000 vma=          (null)
[14277.511518] binder: binder_alloc_shim: update_page_range enter allocate=1 start=ffffff8002d81000 end=ffffff8002d81000 vma=          (null)
[14277.511547] binder: binder_alloc_shim: update_page_range enter allocate=0 start=ffffff8001881000 end=ffffff8001880000 vma=          (null)
[14277.512272] binder: binder_alloc_shim: update_page_range enter allocate=0 start=ffffff8002d81000 end=ffffff8002d80000 vma=          (null)

AFTER_LOGDW_SYSTEMSERVER_DONE
