--- kill android logd/logcat and stale capture ---
--- prepare socket dir ---
--- start direct logdw capture ---
cap_pid=16254
--- logdw socket ---
srw-rw-rw-    1 root     root             0 May 30 00:16 /media/internal/android-usb/android-rootfs/dev/socket/logdw
LOGDW_CAPTURE_READY path=/dev/socket/logdw fd=3
--- clear dmesg ---
--- start zygote/system_server ---
--- cleanup old zygotes/wrappers ---

--- sanity patches ---
storage abort call @ 0x1ca198, should be 1f 20 03 d5:  1f 20 03 d5
SetTaskProfiles call @ 0x1ca1b0, should be 20 00 80 52:  20 00 80 52
SetTaskProfiles tbz @ 0x1ca208, should be 1f 20 03 d5:  1f 20 03 d5

--- classpath ---
BOOTCLASSPATH length: 1624
SYSTEMSERVERCLASSPATH length: 463

--- start zygote + system_server ---

--- pids ---

--- android-ish scan ---
PID=16259 COMM=sh CMD=sh /tmp/try-zygote-start-system-server-v2.sh 
  Name:	sh
  State:	S (sleeping)
  Tgid:	16259
  Ngid:	0
  Pid:	16259
  PPid:	16244
  TracerPid:	0
  Uid:	0	0	0	0
PID=4114 COMM=WebAppMgr CMD=/usr/bin/WebAppMgr --type=zygote --disable-in-process-stack-traces --no-sandbox --no-sandbox --disable-quic 
  Name:	WebAppMgr
  State:	S (sleeping)
  Tgid:	4114
  Ngid:	0
  Pid:	4114
  PPid:	3021
  TracerPid:	0
  Uid:	505	505	505	505

--- sockets ---
srw-rw-rw-    1 root     root             0 May 30 00:16 usap_pool_primary
srw-rw-rw-    1 root     root             0 May 30 00:16 zygote

--- log tail ---
--- collect ---
--- pids ---
wam       4114  3021  0 May29 ?        00:00:01 /usr/bin/WebAppMgr --type=zygote --disable-in-process-stack-traces --no-sandbox --no-sandbox --disable-quic
root     16230     1  0 00:16 ?        00:00:00 /system/bin/servicemanager
root     16231     1  0 00:16 ?        00:00:00 /system/bin/hwservicemanager
root     16232     1  0 00:16 ?        00:00:00 /vendor/bin/vndservicemanager
root     19897     1  0 May29 ?        00:00:00 /media/internal/android-usb/android-sidecar/bin/property_service_ack_shim /media/internal/android-usb/android-rootfs/dev/socket/property_service

--- zygote log ---

--- capture stderr ---
LOGDW_CAPTURE_READY path=/dev/socket/logdw fd=3

--- logdw fatal/exceptions ---
?Gj40AndroidRuntime >>>>>> START com.android.internal.os.ZygoteInit uid 0 <<<<<<
?Gj8y0AndroidRuntime Using default boot image 
?Gj90AndroidRuntime Leaving lock profiling enabled 
?Gj1cutils-trace Error opening trace file: No such file or directory (2) 
1zygote64 option[0]=-Xzygote 
1zygote64 option[1]=-Xdeny-art-apex-data-files 
?Gj1zygote64 option[2]=exit 
?GjT1zygote64 option[3]=vfprintf 
?Gj`&1zygote64 option[4]=sensitiveThread 
?GjL1zygote64 option[5]=-verbose:gc 
?Gjt1zygote64 option[6]=-XX:PerfettoHprof=true 
?Gj1zygote64 option[7]=-XX:PerfettoJavaHeapStackProf=true 
?Gjd1zygote64 option[8]=-Xprimaryzygote 
?Gjl1zygote64 option[9]=-Xms8m 
?Gj1zygote64 option[10]=-Xmx512m 
?Gj41zygote64 option[11]=-XX:HeapGrowthLimit=192m 
?GjP]1 zygote64 option[12]=-XX:HeapMinFree=8m 
?Gjx1zygote64 option[13]=-XX:HeapMaxFree=16m 
?Gj1zygote64 option[14]=-XX:HeapTargetUtilization=0.6 
?Gj1zygote64 option[15]=-Xusejit:true 
?Gj1zygote64 option[16]=-Xjitsaveprofilinginfo 
?Gj.1zygote64 option[17]=-XMadviseWillNeedVdexFileSize:104857600 
?GjDw1zygote64 option[18]=-XMadviseWillNeedOdexFileSize:104857600 
?Gj1zygote64 option[19]=-XMadviseWillNeedArtFileSize:4294967295 
?Gj`1zygote64 option[20]=-XjdwpOptions:suspend=n,server=y 
?Gj81zygote64 option[21]=-XjdwpProvider:default 
?Gj1zygote64 option[22]=-Xopaque-jni-ids:swapable 
?GjxG1zygote64 option[23]=-Xlockprofthreshold:500 
?Gj(o1zygote64 option[24]=-Xcompiler-option 
?Gj1zygote64 option[25]=--instruction-set-variant=generic 
?GjL1zygote64 option[26]=-Xcompiler-option 
?Gj1zygote64 option[27]=--instruction-set-features=default 
?Gjt1zygote64 option[28]=-Xcompiler-option 
?Gj71zygote64 option[29]=--generate-mini-debug-info 
?Gj_1zygote64 option[30]=-Ximage-compiler-option 
?Gjh1zygote64 option[31]=--runtime-arg 
?Gj 1zygote64 option[32]=-Ximage-compiler-option 
?Gj1zygote64 option[33]=-Xms64m 
?Gj1zygote64 option[34]=-Ximage-compiler-option 
?Gj61zygote64 option[35]=--runtime-arg 
?Gj`]1zygote64 option[36]=-Ximage-compiler-option 
?Gj1zygote64 option[37]=-Xmx64m 
?Gj 1zygote64 option[38]=-Ximage-compiler-option 
?Gj,1zygote64 option[39]=--dirty-image-objects=/system/etc/dirty-image-objects 
?Gj<1zygote64 option[40]=-Ximage-compiler-option 
?Gj$1zygote64 option[41]=--instruction-set-variant=generic 
?GjK1zygote64 option[42]=-Ximage-compiler-option 
?Gjr1zygote64 option[43]=--instruction-set-features=default 
?Gj(1zygote64 option[44]=-Ximage-compiler-option 
?Gj1zygote64 option[45]=--generate-mini-debug-info 
?Gj1zygote64 option[46]=-Duser.locale=en-US 
?Gj\1zygote64 option[47]=--cpu-abilist=arm64-v8a 
?Gj71zygote64 option[48]=-Xcore-platform-api-policy:just-warn 
?Gjo1zygote64 option[49]=-Xfingerprint:waydroid/lineage_waydroid_arm64_only/waydroid_arm64_only:13/TQ3A.230901.001/eng.aleast.20260403.072834:userdebug/test-keys 
?Gj1zygote64 ART APEX data files are untrusted. 
?Gj\1zygote64 Core platform API reporting enabled, enforcing=false 
?Hjezygote64 Time zone APEX ICU file found: /apex/com.android.tzdata/etc/icu/icu_tzdata.dat 
?Hjzygote64 I18n APEX ICU file found: /apex/com.android.i18n/etc/icu/icudt70l.dat 
?Hjzygote64 fcntl(F_ADD_SEALS) failed: Invalid argument, no memfd support. 
?Hjpzygote64 Falling back to ashmem implementation for JIT zygote mapping 
?Hj0+ashmem Unable to open ashmem device /dev/ashmem89186ff2-684d-4810-8e23-866a9bc61396 (error = No such file or directory) and /dev/ashmem(error = No such file or directory) 
?Hj@zygote64 Failed to create JIT Code Cache: Failed to create zygote mapping: No such file or directory 
?Hjzygote64 Missing code cache, cannot create JIT. 
?Hj(Zygote begin preload 
?HjZygote Calling ZygoteHooks.beginPreload() 
?Hj(qZygote64Timing BeginPreload took to complete: 132ms 
v Zygote Preloading classes... 
?HjZygote ...preloaded 0 classes in 1ms. 
?HjHZygote64Timing PreloadClasses took to complete: 1ms 
?Hj|ApplicationLoaders Created zygote-cached class loader: /system/framework/android.hidl.base-V1.0-java.jar 
?HjTApplicationLoaders Created zygote-cached class loader: /system/framework/android.hidl.manager-V1.0-java.jar 
?HjGApplicationLoaders Created zygote-cached class loader: /system/framework/android.test.base.jar 
?Hj IZygote64Timing CacheNonBootClasspathClassLoaders took to complete: 13ms 
?HjZygote Preloading resources... 
?HjxZygote ...preloaded 64 resources in 60ms. 
?HjZygote ...preloaded 41 resources in 8ms. 
?Hj\Zygote ...preloaded 8 resource in 4ms. 
?HjZygote64Timing PreloadResources took to complete: 146ms 
?Hj@)Zygote Preloading shared libraries... 
?Hjlzygote64 Unable to find pattern file or unable to map it for am 
?HjHyZygote Called ZygoteHooks.endPreload() 
?Hj[Zygote Installed AndroidKeyStoreProvider in 1ms. 
?HjM3 Zygote Warmed up JCA providers in 8ms. 
?HjS8 Zygote end preload 
?Hj: Zygote64Timing ZygotePreload took to complete: 331ms 
?Hj!zygote64 Explicit concurrent copying GC freed 32762(1544KB) AllocSpace objects, 11(288KB) LOS objects, 95% free, 1274KB/25MB, paused 82us,29us total 27.941ms 
?HjtB0# zygote64 Explicit concurrent copying GC freed 2275(125KB) AllocSpace objects, 0(0B) LOS objects, 95% free, 1180KB/25MB, paused 31us,32us total 19.415ms 
?Hj5#Zygote64Timing PostZygoteInitGC took to complete: 50ms 
?Hj6#Zygote64Timing ZygoteInit took to complete: 399ms 
?Hj8#Zygote Unable to fetch Zygote socket file descriptor 
?Hj@8#Zygote Unable to fetch USAP pool socket file descriptor 
?Ij'P8Zygote Forked child process 16285 
?IjS8Zygote System server process 16285 has been created 
?Ijkq8Zygote Accepting command socket connections 
?Jjzygote64 open() failed for /dev/cgroup_info/cgroup.rc: No such file or directory 
?Jjlibprocessgroup CgroupMap::LoadRcFile called for [16285] failed 
?Jj(system_server Failed to upload odrefresh metrics: metrics file '/data/misc/odrefresh/odrefresh-metrics.txt' could not be opened: No such file or directory 
?JjqSystemServerTiming InitBeforeStartServices 
?JjLSystemServer persist.sys.timezone is not valid (); setting to GMT. 
?Jj@SystemServer Entered the Android system server! 
?Jj$ASystemServerTiming InitBeforeStartServices took to complete: 230ms 
?Jj`Zygote System zygote died with fatal exception
java.lang.RuntimeException: Unable to instantiate Application():java.lang.IllegalArgumentException
	at com.android.server.SystemServer.createSystemContext(SystemServer.java:1039)
	at com.android.server.SystemServer.run(SystemServer.java:883)
	at com.android.server.SystemServer.main(SystemServer.java:650)
	at com.android.internal.os.RuntimeInit$MethodAndArgsCaller.run(RuntimeInit.java:548)
	at com.android.internal.os.ZygoteInit.main(ZygoteInit.java:915)
Caused by: java.lang.IllegalArgumentException
	at android.os.IServiceManager$Stub$Proxy.checkService(IServiceManager.java:421)
	at android.os.ServiceManagerProxy.getService(ServiceManagerNative.java:63)
	at android.os.ServiceManager.rawGetService(ServiceManager.java:372)
	at android.os.ServiceManager.getService(ServiceManager.java:147)
?JjhAndroidRuntime Shutting down VM
?JjxAndroidRuntime *** FATAL EXCEPTION IN SYSTEM PROCESS: main
java.lang.RuntimeException: Unable to instantiate Application():java.lang.IllegalArgumentException
	at com.android.server.SystemServer.createSystemContext(SystemServer.java:1039)
	at com.android.server.SystemServer.run(SystemServer.java:883)
	at com.android.server.SystemServer.main(SystemServer.java:650)
	at com.android.internal.os.RuntimeInit$MethodAndArgsCaller.run(RuntimeInit.java:548)
	at com.android.internal.os.ZygoteInit.main(ZygoteInit.java:915)
Caused by: java.lang.IllegalArgumentException
	at android.os.IServiceManager$Stub$Proxy.checkService(IServiceManager.java:421)
	at android.os.ServiceManagerProxy.getService(ServiceManagerNative.java:63)
	at android.os.ServiceManager.rawGetService(ServiceManager.java:372)
	at android.os.ServiceManager.getService(ServiceManager.java:147)
?Jj,AndroidRuntime Error reporting crash
java.lang.IllegalArgumentException
	at android.os.IServiceManager$Stub$Proxy.checkService(IServiceManager.java:421)
	at android.os.ServiceManagerProxy.getService(ServiceManagerNative.java:63)
	at android.os.ServiceManager.rawGetService(ServiceManager.java:372)
	at android.os.ServiceManager.getService(ServiceManager.java:147)
	at android.app.ActivityManager$1.create(ActivityManager.java:4705)
	at android.app.ActivityManager$1.create(ActivityManager.java:4702)
	at android.app.ActivityManager.getService(ActivityManager.java:4693)
	at com.android.internal.os.RuntimeInit$KillApplicationHandler.uncaughtException(RuntimeInit.java:156)
	at java.lang.ThreadGroup.uncaughtException(ThreadGroup.java:1073)
	at java.lang.ThreadGroup.uncaughtException(ThreadGroup.java:1068)
	at java.lang.Thread.dispatchUncaughtException(Thread.java:2306)
?Jj0YD Zygote Zygote failed to write to system_server FD: No such file or directory 
?JjEZygote Process 16285 exited due to signal 9 (Killed) 
?JjxoE Zygote Exit zygote because system server (pid 16285) has terminated 

--- raw logdw tail ---

--- packet bytes=89 time=1780092999.808932800 ---
?Gj40AndroidRuntime >>>>>> START com.android.internal.os.ZygoteInit uid 0 <<<<<<
 

--- packet bytes=24 time=1780092999.809103900 ---
?Gj70k

--- packet bytes=52 time=1780092999.820477380 ---
?Gj8y0AndroidRuntime Using default boot image 

--- packet bytes=58 time=1780092999.820574320 ---
?Gj90AndroidRuntime Leaving lock profiling enabled 

--- packet bytes=81 time=1780092999.822333380 ---
?Gj1cutils-trace Error opening trace file: No such file or directory (2) 

--- packet bytes=40 time=1780092999.822792040 ---
?Gjv
1zygote64 option[0]=-Xzygote 

--- packet bytes=58 time=1780092999.822807620 ---
?Gjh
1zygote64 option[1]=-Xdeny-art-apex-data-files 

--- packet bytes=36 time=1780092999.822866000 ---
?Gj1zygote64 option[2]=exit 

--- packet bytes=40 time=1780092999.822878640 ---
?GjT1zygote64 option[3]=vfprintf 

--- packet bytes=47 time=1780092999.822888840 ---
?Gj`&1zygote64 option[4]=sensitiveThread 

--- packet bytes=43 time=1780092999.822899000 ---
?GjL1zygote64 option[5]=-verbose:gc 

--- packet bytes=54 time=1780092999.822908900 ---
?Gjt1zygote64 option[6]=-XX:PerfettoHprof=true 

--- packet bytes=66 time=1780092999.822918900 ---
?Gj1zygote64 option[7]=-XX:PerfettoJavaHeapStackProf=true 

--- packet bytes=47 time=1780092999.822928960 ---
?Gjd1zygote64 option[8]=-Xprimaryzygote 

--- packet bytes=38 time=1780092999.822938760 ---
?Gjl1zygote64 option[9]=-Xms8m 

--- packet bytes=41 time=1780092999.822948480 ---
?Gj1zygote64 option[10]=-Xmx512m 

--- packet bytes=57 time=1780092999.822958120 ---
?Gj41zygote64 option[11]=-XX:HeapGrowthLimit=192m 

--- packet bytes=51 time=1780092999.822967920 ---
?GjP]1 zygote64 option[12]=-XX:HeapMinFree=8m 

--- packet bytes=52 time=1780092999.822977620 ---
?Gjx1zygote64 option[13]=-XX:HeapMaxFree=16m 

--- packet bytes=62 time=1780092999.822987420 ---
?Gj1zygote64 option[14]=-XX:HeapTargetUtilization=0.6 

--- packet bytes=46 time=1780092999.822997140 ---
?Gj1zygote64 option[15]=-Xusejit:true 

--- packet bytes=55 time=1780092999.823006780 ---
?Gj1zygote64 option[16]=-Xjitsaveprofilinginfo 

--- packet bytes=72 time=1780092999.823029040 ---
?Gj.1zygote64 option[17]=-XMadviseWillNeedVdexFileSize:104857600 

--- packet bytes=72 time=1780092999.823040700 ---
?GjDw1zygote64 option[18]=-XMadviseWillNeedOdexFileSize:104857600 

--- packet bytes=72 time=1780092999.823051160 ---
?Gj1zygote64 option[19]=-XMadviseWillNeedArtFileSize:4294967295 

--- packet bytes=65 time=1780092999.823061240 ---
?Gj`1zygote64 option[20]=-XjdwpOptions:suspend=n,server=y 

--- packet bytes=55 time=1780092999.823071280 ---
?Gj81zygote64 option[21]=-XjdwpProvider:default 

--- packet bytes=58 time=1780092999.823081020 ---
?Gj1zygote64 option[22]=-Xopaque-jni-ids:swapable 

--- packet bytes=56 time=1780092999.823090720 ---
?GjxG1zygote64 option[23]=-Xlockprofthreshold:500 

--- packet bytes=50 time=1780092999.823100440 ---
?Gj(o1zygote64 option[24]=-Xcompiler-option 

--- packet bytes=66 time=1780092999.823110320 ---
?Gj1zygote64 option[25]=--instruction-set-variant=generic 

--- packet bytes=50 time=1780092999.823120120 ---
?GjL1zygote64 option[26]=-Xcompiler-option 

--- packet bytes=67 time=1780092999.823130520 ---
?Gj1zygote64 option[27]=--instruction-set-features=default 

--- packet bytes=50 time=1780092999.823140660 ---
?Gjt1zygote64 option[28]=-Xcompiler-option 

--- packet bytes=59 time=1780092999.823150920 ---
?Gj71zygote64 option[29]=--generate-mini-debug-info 

--- packet bytes=56 time=1780092999.823161360 ---
?Gj_1zygote64 option[30]=-Ximage-compiler-option 

--- packet bytes=46 time=1780092999.823171780 ---
?Gjh1zygote64 option[31]=--runtime-arg 

--- packet bytes=56 time=1780092999.823190880 ---
?Gj 1zygote64 option[32]=-Ximage-compiler-option 

--- packet bytes=40 time=1780092999.823202180 ---
?Gj1zygote64 option[33]=-Xms64m 

--- packet bytes=56 time=1780092999.823212040 ---
?Gj1zygote64 option[34]=-Ximage-compiler-option 

--- packet bytes=46 time=1780092999.823222000 ---
?Gj61zygote64 option[35]=--runtime-arg 

--- packet bytes=56 time=1780092999.823231720 ---
?Gj`]1zygote64 option[36]=-Ximage-compiler-option 

--- packet bytes=40 time=1780092999.823323400 ---
?Gj1zygote64 option[37]=-Xmx64m 

--- packet bytes=56 time=1780092999.823336300 ---
?Gj 1zygote64 option[38]=-Ximage-compiler-option 

--- packet bytes=86 time=1780092999.823346840 ---
?Gj,1zygote64 option[39]=--dirty-image-objects=/system/etc/dirty-image-objects 

--- packet bytes=56 time=1780092999.823357080 ---
?Gj<1zygote64 option[40]=-Ximage-compiler-option 

--- packet bytes=66 time=1780092999.823366860 ---
?Gj$1zygote64 option[41]=--instruction-set-variant=generic 

--- packet bytes=56 time=1780092999.823376480 ---
?GjK1zygote64 option[42]=-Ximage-compiler-option 

--- packet bytes=67 time=1780092999.823385860 ---
?Gjr1zygote64 option[43]=--instruction-set-features=default 

--- packet bytes=56 time=1780092999.823395320 ---
?Gj(1zygote64 option[44]=-Ximage-compiler-option 

--- packet bytes=59 time=1780092999.823404780 ---
?Gj1zygote64 option[45]=--generate-mini-debug-info 

--- packet bytes=52 time=1780092999.823414400 ---
?Gj1zygote64 option[46]=-Duser.locale=en-US 

--- packet bytes=56 time=1780092999.823423800 ---
?Gj\1zygote64 option[47]=--cpu-abilist=arm64-v8a 

--- packet bytes=69 time=1780092999.823433300 ---
?Gj71zygote64 option[48]=-Xcore-platform-api-policy:just-warn 

--- packet bytes=169 time=1780092999.823443380 ---
?Gjo1zygote64 option[49]=-Xfingerprint:waydroid/lineage_waydroid_arm64_only/waydroid_arm64_only:13/TQ3A.230901.001/eng.aleast.20260403.072834:userdebug/test-keys 

--- packet bytes=56 time=1780092999.831361300 ---
?Gj1zygote64 ART APEX data files are untrusted. 

--- packet bytes=74 time=1780092999.831539680 ---
?Gj\1zygote64 Core platform API reporting enabled, enforcing=false 

--- packet bytes=100 time=1780093000.126906680 ---
?Hjezygote64 Time zone APEX ICU file found: /apex/com.android.tzdata/etc/icu/icu_tzdata.dat 

--- packet bytes=91 time=1780093000.127031740 ---
?Hjzygote64 I18n APEX ICU file found: /apex/com.android.i18n/etc/icu/icudt70l.dat 

--- packet bytes=41 time=1780093000.148250440 ---
?HjTENS 	200284993 

--- packet bytes=84 time=1780093000.148364420 ---
?Hjzygote64 fcntl(F_ADD_SEALS) failed: Invalid argument, no memfd support. 

--- packet bytes=82 time=1780093000.148415200 ---
?Hjpzygote64 Falling back to ashmem implementation for JIT zygote mapping 

--- packet bytes=183 time=1780093000.148730160 ---
?Hj0+ashmem Unable to open ashmem device /dev/ashmem89186ff2-684d-4810-8e23-866a9bc61396 (error = No such file or directory) and /dev/ashmem(error = No such file or directory) 

--- packet bytes=113 time=1780093000.148859440 ---
?Hj@zygote64 Failed to create JIT Code Cache: Failed to create zygote mapping: No such file or directory 

--- packet bytes=60 time=1780093000.148875460 ---
?Hjzygote64 Missing code cache, cannot create JIT. 

--- packet bytes=24 time=1780093000.210423420 ---
?Hjq

--- packet bytes=33 time=1780093000.210534300 ---
?Hj(Zygote begin preload 

--- packet bytes=54 time=1780093000.210561680 ---
?HjZygote Calling ZygoteHooks.beginPreload() 

--- packet bytes=64 time=1780093000.343078340 ---
?Hj(qZygote64Timing BeginPreload took to complete: 132ms 

--- packet bytes=41 time=1780093000.343300480 ---
?Hj4
v Zygote Preloading classes... 

--- packet bytes=50 time=1780093000.343939600 ---
?HjZygote ...preloaded 0 classes in 1ms. 

--- packet bytes=64 time=1780093000.344214600 ---
?HjHZygote64Timing PreloadClasses took to complete: 1ms 

--- packet bytes=117 time=1780093000.350576760 ---
?Hj|ApplicationLoaders Created zygote-cached class loader: /system/framework/android.hidl.base-V1.0-java.jar 

--- packet bytes=120 time=1780093000.353852060 ---
?HjTApplicationLoaders Created zygote-cached class loader: /system/framework/android.hidl.manager-V1.0-java.jar 

--- packet bytes=107 time=1780093000.357077500 ---
?HjGApplicationLoaders Created zygote-cached class loader: /system/framework/android.test.base.jar 

--- packet bytes=84 time=1780093000.357128980 ---
?Hj IZygote64Timing CacheNonBootClasspathClassLoaders took to complete: 13ms 

--- packet bytes=43 time=1780093000.429064320 ---
?HjZygote Preloading resources... 

--- packet bytes=140 time=1780093000.443814200 ---
?HjrResources Preloaded drawable resource #0x108028e (android:drawable/dialog_background_material) that varies with configuration!! 

--- packet bytes=54 time=1780093000.488558400 ---
?HjxZygote ...preloaded 64 resources in 60ms. 

--- packet bytes=53 time=1780093000.497392360 ---
?HjZygote ...preloaded 41 resources in 8ms. 

--- packet bytes=51 time=1780093000.502270060 ---
?Hj\Zygote ...preloaded 8 resource in 4ms. 

--- packet bytes=68 time=1780093000.502472360 ---
?HjZygote64Timing PreloadResources took to complete: 146ms 

--- packet bytes=50 time=1780093000.522873740 ---
?Hj@)Zygote Preloading shared libraries... 

--- packet bytes=76 time=1780093000.527285740 ---
?Hjlzygote64 Unable to find pattern file or unable to map it for am 

--- packet bytes=51 time=1780093000.530090460 ---
?HjHyZygote Called ZygoteHooks.endPreload() 

--- packet bytes=61 time=1780093000.531439520 ---
?Hj[Zygote Installed AndroidKeyStoreProvider in 1ms. 

--- packet bytes=51 time=1780093000.540314140 ---
?HjM3 Zygote Warmed up JCA providers in 8ms. 

--- packet bytes=31 time=1780093000.540584460 ---
?HjS8 Zygote end preload 

--- packet bytes=24 time=1780093000.540638320 ---
?HjS9 G

--- packet bytes=65 time=1780093000.540718280 ---
?Hj: Zygote64Timing ZygotePreload took to complete: 331ms 

--- packet bytes=170 time=1780093000.569043160 ---
?Hj!zygote64 Explicit concurrent copying GC freed 32762(1544KB) AllocSpace objects, 11(288KB) LOS objects, 95% free, 1274KB/25MB, paused 82us,29us total 27.941ms 

--- packet bytes=164 time=1780093000.590442960 ---
?HjtB0# zygote64 Explicit concurrent copying GC freed 2275(125KB) AllocSpace objects, 0(0B) LOS objects, 95% free, 1180KB/25MB, paused 31us,32us total 19.415ms 

--- packet bytes=67 time=1780093000.590746080 ---
?Hj5#Zygote64Timing PostZygoteInitGC took to complete: 50ms 

--- packet bytes=62 time=1780093000.590803380 ---
?Hj6#Zygote64Timing ZygoteInit took to complete: 399ms 

--- packet bytes=65 time=1780093000.590891340 ---
?Hj8#Zygote Unable to fetch Zygote socket file descriptor 

--- packet bytes=68 time=1780093000.590932700 ---
?Hj@8#Zygote Unable to fetch USAP pool socket file descriptor 

--- packet bytes=46 time=1780093001.945003060 ---
?Ij'P8Zygote Forked child process 16285 

--- packet bytes=64 time=1780093001.945145380 ---
?IjS8Zygote System server process 16285 has been created 

--- packet bytes=56 time=1780093001.947017340 ---
?Ijkq8Zygote Accepting command socket connections 

--- packet bytes=93 time=1780093002.195419560 ---
?Jjzygote64 open() failed for /dev/cgroup_info/cgroup.rc: No such file or directory 

--- packet bytes=76 time=1780093002.195853320 ---
?Jjlibprocessgroup CgroupMap::LoadRcFile called for [16285] failed 

--- packet bytes=167 time=1780093002.199797420 ---
?Jj(system_server Failed to upload odrefresh metrics: metrics file '/data/misc/odrefresh/odrefresh-metrics.txt' could not be opened: No such file or directory 

--- packet bytes=55 time=1780093002.215045320 ---
?JjqSystemServerTiming InitBeforeStartServices 

--- packet bytes=40 time=1780093002.216245300 ---
?Jj+

--- packet bytes=79 time=1780093002.216543300 ---
?JjLSystemServer persist.sys.timezone is not valid (); setting to GMT. 

--- packet bytes=60 time=1780093002.216846520 ---
?Jj@SystemServer Entered the Android system server! 

--- packet bytes=24 time=1780093002.216912380 ---
?Jj

--- packet bytes=97 time=1780093002.443809400 ---
h?JjIrParcel Expecting header 0x564e4452 but found 0x53595354. Mixing copies of libbinder? 

--- packet bytes=79 time=1780093002.444666360 ---
?Jj$ASystemServerTiming InitBeforeStartServices took to complete: 230ms 

--- packet bytes=1623 time=1780093002.445906740 ---
?Jj`Zygote System zygote died with fatal exception
java.lang.RuntimeException: Unable to instantiate Application():java.lang.IllegalArgumentException
	at android.app.ActivityThread.attach(ActivityThread.java:7652)
	at android.app.ActivityThread.systemMain(ActivityThread.java:7682)
	at com.android.server.SystemServer.createSystemContext(SystemServer.java:1039)
	at com.android.server.SystemServer.run(SystemServer.java:883)
	at com.android.server.SystemServer.main(SystemServer.java:650)
	at java.lang.reflect.Method.invoke(Native Method)
	at com.android.internal.os.RuntimeInit$MethodAndArgsCaller.run(RuntimeInit.java:548)
	at com.android.internal.os.ZygoteInit.main(ZygoteInit.java:915)
Caused by: java.lang.IllegalArgumentException
	at android.os.BinderProxy.transactNative(Native Method)
	at android.os.BinderProxy.transact(BinderProxy.java:584)
	at android.os.IServiceManager$Stub$Proxy.checkService(IServiceManager.java:421)
	at android.os.ServiceManagerProxy.getService(ServiceManagerNative.java:63)
	at android.os.ServiceManager.rawGetService(ServiceManager.java:372)
	at android.os.ServiceManager.getService(ServiceManager.java:147)
	at android.hardware.display.DisplayManagerGlobal.getInstance(DisplayManagerGlobal.java:153)
	at android.app.ResourcesManager.getDisplayMetrics(ResourcesManager.java:333)
	at android.app.ResourcesManager.getDisplayMetrics(ResourcesManager.java:325)
	at android.app.ContextImpl.createSystemContext(ContextImpl.java:3057)
	at android.app.ActivityThread.getSystemContext(ActivityThread.java:2722)
	at android.app.ActivityThread.attach(ActivityThread.java:7647)
	... 7 more
 

--- packet bytes=45 time=1780093002.446214400 ---
?JjhAndroidRuntime Shutting down VM
 

--- packet bytes=1635 time=1780093002.446954260 ---
?JjxAndroidRuntime *** FATAL EXCEPTION IN SYSTEM PROCESS: main
java.lang.RuntimeException: Unable to instantiate Application():java.lang.IllegalArgumentException
	at android.app.ActivityThread.attach(ActivityThread.java:7652)
	at android.app.ActivityThread.systemMain(ActivityThread.java:7682)
	at com.android.server.SystemServer.createSystemContext(SystemServer.java:1039)
	at com.android.server.SystemServer.run(SystemServer.java:883)
	at com.android.server.SystemServer.main(SystemServer.java:650)
	at java.lang.reflect.Method.invoke(Native Method)
	at com.android.internal.os.RuntimeInit$MethodAndArgsCaller.run(RuntimeInit.java:548)
	at com.android.internal.os.ZygoteInit.main(ZygoteInit.java:915)
Caused by: java.lang.IllegalArgumentException
	at android.os.BinderProxy.transactNative(Native Method)
	at android.os.BinderProxy.transact(BinderProxy.java:584)
	at android.os.IServiceManager$Stub$Proxy.checkService(IServiceManager.java:421)
	at android.os.ServiceManagerProxy.getService(ServiceManagerNative.java:63)
	at android.os.ServiceManager.rawGetService(ServiceManager.java:372)
	at android.os.ServiceManager.getService(ServiceManager.java:147)
	at android.hardware.display.DisplayManagerGlobal.getInstance(DisplayManagerGlobal.java:153)
	at android.app.ResourcesManager.getDisplayMetrics(ResourcesManager.java:333)
	at android.app.ResourcesManager.getDisplayMetrics(ResourcesManager.java:325)
	at android.app.ContextImpl.createSystemContext(ContextImpl.java:3057)
	at android.app.ActivityThread.getSystemContext(ActivityThread.java:2722)
	at android.app.ActivityThread.attach(ActivityThread.java:7647)
	... 7 more
 

--- packet bytes=20 time=1780093002.447652460 ---
h?Jj%

--- packet bytes=97 time=1780093002.447690900 ---
h?Jj%Parcel Expecting header 0x564e4452 but found 0x53595354. Mixing copies of libbinder? 

--- packet bytes=1050 time=1780093002.448396040 ---
?Jj,AndroidRuntime Error reporting crash
java.lang.IllegalArgumentException
	at android.os.BinderProxy.transactNative(Native Method)
	at android.os.BinderProxy.transact(BinderProxy.java:584)
	at android.os.IServiceManager$Stub$Proxy.checkService(IServiceManager.java:421)
	at android.os.ServiceManagerProxy.getService(ServiceManagerNative.java:63)
	at android.os.ServiceManager.rawGetService(ServiceManager.java:372)
	at android.os.ServiceManager.getService(ServiceManager.java:147)
	at android.app.ActivityManager$1.create(ActivityManager.java:4705)
	at android.app.ActivityManager$1.create(ActivityManager.java:4702)
	at android.util.Singleton.get(Singleton.java:43)
	at android.app.ActivityManager.getService(ActivityManager.java:4693)
	at com.android.internal.os.RuntimeInit$KillApplicationHandler.uncaughtException(RuntimeInit.java:156)
	at java.lang.ThreadGroup.uncaughtException(ThreadGroup.java:1073)
	at java.lang.ThreadGroup.uncaughtException(ThreadGroup.java:1068)
	at java.lang.Thread.dispatchUncaughtException(Thread.java:2306)
 

--- packet bytes=54 time=1780093002.448597500 ---
?JjProcess Sending signal. PID: 16285 SIG: 9 

--- packet bytes=89 time=1780093002.507834980 ---
?Jj0YD Zygote Zygote failed to write to system_server FD: No such file or directory 

--- packet bytes=65 time=1780093002.507942520 ---
?JjEZygote Process 16285 exited due to signal 9 (Killed) 

--- packet bytes=80 time=1780093002.507955540 ---
?JjxoE Zygote Exit zygote because system server (pid 16285) has terminated 

--- dmesg focused ---
[11643.094577] binder: binder: WEBOS accept ioctl 0x40046210 no-op
[11643.094626] binder: binder_alloc_shim: binder_mmap enter filp=ffffffc02e24a100 vma=ffffffc0a21338f0 start=0x7e8f2f8000 end=0x7e8f3f6000 flags=0x200071
[11643.094652] binder: binder_alloc_shim: update_page_range enter allocate=1 start=ffffff800bc00000 end=ffffff800bc01000 vma=ffffffc0a21338f0
[11643.094658] binder: binder_alloc_shim: before __get_free_page GFP_KERNEL=0x24000c0
[11643.094665] binder: binder_alloc_shim: after __get_free_page addr=0xffffffc082382000
[11643.094669] binder: binder_alloc_shim: virt_to_page page=ffffffbdc208e080
[11643.094676] binder: binder_alloc_shim: before vm_insert_page user_page_addr=0x7e8f2f8000 page=ffffffbdc208e080
[11643.094685] binder: binder_alloc_shim: after vm_insert_page ret=0
[11643.322947] binder: binder_alloc_shim: update_page_range enter allocate=1 start=ffffff800b601000 end=ffffff800b601000 vma=          (null)
[11643.323083] binder: binder_alloc_shim: update_page_range enter allocate=1 start=ffffff800bc01000 end=ffffff800bc01000 vma=          (null)
[11643.323111] binder: binder_alloc_shim: update_page_range enter allocate=0 start=ffffff800b601000 end=ffffff800b600000 vma=          (null)
[11643.323119] binder: binder_alloc_shim: update_page_range enter allocate=0 start=ffffff800bc01000 end=ffffff800bc00000 vma=          (null)
[11643.325779] binder: binder_alloc_shim: update_page_range enter allocate=1 start=ffffff800b601000 end=ffffff800b601000 vma=          (null)
[11643.326038] binder: binder_alloc_shim: update_page_range enter allocate=1 start=ffffff800bc01000 end=ffffff800bc01000 vma=          (null)
[11643.326058] binder: binder_alloc_shim: update_page_range enter allocate=0 start=ffffff800b601000 end=ffffff800b600000 vma=          (null)
[11643.326132] binder: binder_alloc_shim: update_page_range enter allocate=0 start=ffffff800bc01000 end=ffffff800bc00000 vma=          (null)
[11643.329687] binder: binder_alloc_shim: update_page_range enter allocate=1 start=ffffff800b601000 end=ffffff800b601000 vma=          (null)
[11643.329914] binder: binder_alloc_shim: update_page_range enter allocate=1 start=ffffff800bc01000 end=ffffff800bc01000 vma=          (null)
[11643.329937] binder: binder_alloc_shim: update_page_range enter allocate=0 start=ffffff800b601000 end=ffffff800b600000 vma=          (null)
[11643.329946] binder: binder_alloc_shim: update_page_range enter allocate=0 start=ffffff800bc01000 end=ffffff800bc00000 vma=          (null)

AFTER_LOGDW_SYSTEMSERVER_DONE
