--- kill android logd/logcat and stale capture ---
--- prepare socket dir ---
--- start direct logdw capture ---
cap_pid=19977
--- logdw socket ---
srw-rw-rw-    1 root     root             0 May 30 00:22 /media/internal/android-usb/android-rootfs/dev/socket/logdw
LOGDW_CAPTURE_READY path=/dev/socket/logdw fd=3
--- clear dmesg ---
--- start zygote/system_server ---
--- cleanup old zygotes/wrappers ---

--- sanity patches ---
storage abort call @ 0x1ca198, should be 1f 20 03 d5:  1f 20 03 d5
SetTaskProfiles call @ 0x1ca1b0, should be 20 00 80 52:  20 00 80 52
SetTaskProfiles tbz @ 0x1ca208, should be 1f 20 03 d5:  1f 20 03 d5

--- classpath ---
BOOTCLASSPATH length: 1624
SYSTEMSERVERCLASSPATH length: 463

--- start zygote + system_server ---

--- pids ---

--- android-ish scan ---
PID=19982 COMM=sh CMD=sh /tmp/try-zygote-start-system-server-v2.sh 
  Name:	sh
  State:	S (sleeping)
  Tgid:	19982
  Ngid:	0
  Pid:	19982
  PPid:	19967
  TracerPid:	0
  Uid:	0	0	0	0
PID=4114 COMM=WebAppMgr CMD=/usr/bin/WebAppMgr --type=zygote --disable-in-process-stack-traces --no-sandbox --no-sandbox --disable-quic 
  Name:	WebAppMgr
  State:	S (sleeping)
  Tgid:	4114
  Ngid:	0
  Pid:	4114
  PPid:	3021
  TracerPid:	0
  Uid:	505	505	505	505

--- sockets ---
srw-rw-rw-    1 root     root             0 May 30 00:22 usap_pool_primary
srw-rw-rw-    1 root     root             0 May 30 00:22 zygote

--- log tail ---
--- collect ---
--- pids ---
wam       4114  3021  0 May29 ?        00:00:01 /usr/bin/WebAppMgr --type=zygote --disable-in-process-stack-traces --no-sandbox --no-sandbox --disable-quic
root     19897     1  0 May29 ?        00:00:00 /media/internal/android-usb/android-sidecar/bin/property_service_ack_shim /media/internal/android-usb/android-rootfs/dev/socket/property_service
root     19950     1  0 00:22 ?        00:00:00 /system/bin/servicemanager
root     19951     1  0 00:22 ?        00:00:00 /system/bin/hwservicemanager
root     19952     1  0 00:22 ?        00:00:00 /vendor/bin/vndservicemanager

--- zygote log ---

--- capture stderr ---
LOGDW_CAPTURE_READY path=/dev/socket/logdw fd=3

--- logdw fatal/exceptions ---
"Nj<,3AndroidRuntime >>>>>> START com.android.internal.os.ZygoteInit uid 0 <<<<<<
"Njn3AndroidRuntime Using default boot image 
"Nj'3AndroidRuntime Leaving lock profiling enabled 
"Njl4cutils-trace Error opening trace file: No such file or directory (2) 
"NjO4zygote64 option[0]=-Xzygote 
"Njn4zygote64 option[1]=-Xdeny-art-apex-data-files 
"Nj4zygote64 option[2]=exit 
"Nj4zygote64 option[3]=vfprintf 
"Nj@4zygote64 option[4]=sensitiveThread 
"Nj(4zygote64 option[5]=-verbose:gc 
"NjB4zygote64 option[6]=-XX:PerfettoHprof=true 
"Njw4zygote64 option[7]=-XX:PerfettoJavaHeapStackProf=true 
"Nj$4zygote64 option[8]=-Xprimaryzygote 
"Nj|4zygote64 option[9]=-Xms8m 
"Nj|4zygote64 option[10]=-Xmx512m 
"Nj4zygote64 option[11]=-XX:HeapGrowthLimit=192m 
"Nj:4zygote64 option[12]=-XX:HeapMinFree=8m 
"NjDc4zygote64 option[13]=-XX:HeapMaxFree=16m 
"Nj4zygote64 option[14]=-XX:HeapTargetUtilization=0.6 
"Nj4zygote64 option[15]=-Xusejit:true 
"Nj4zygote64 option[16]=-Xjitsaveprofilinginfo 
"Nj4zygote64 option[17]=-XMadviseWillNeedVdexFileSize:104857600 
"Nj @4zygote64 option[18]=-XMadviseWillNeedOdexFileSize:104857600 
"Njhk4zygote64 option[19]=-XMadviseWillNeedArtFileSize:4294967295 
"NjX4zygote64 option[20]=-XjdwpOptions:suspend=n,server=y 
"NjX4zygote64 option[21]=-XjdwpProvider:default 
"Nj14zygote64 option[22]=-Xopaque-jni-ids:swapable 
"Nj[4zygote64 option[23]=-Xlockprofthreshold:500 
"Nj`4zygote64 option[24]=-Xcompiler-option 
"Nj<4zygote64 option[25]=--instruction-set-variant=generic 
"NjH4zygote64 option[26]=-Xcompiler-option 
"Nj4zygote64 option[27]=--instruction-set-features=default 
"Nj-4zygote64 option[28]=-Xcompiler-option 
"Njf4zygote64 option[29]=--generate-mini-debug-info 
"Nj4zygote64 option[30]=-Ximage-compiler-option 
"NjP4zygote64 option[31]=--runtime-arg 
"Nj4zygote64 option[32]=-Ximage-compiler-option 
"Nj,4zygote64 option[33]=-Xms64m 
"Nj`.4zygote64 option[34]=-Ximage-compiler-option 
"NjtV4zygote64 option[35]=--runtime-arg 
"NjD4zygote64 option[36]=-Ximage-compiler-option 
"Nj4zygote64 option[37]=-Xmx64m 
"Njp 4zygote64 option[38]=-Ximage-compiler-option 
"Nj? 4zygote64 option[39]=--dirty-image-objects=/system/etc/dirty-image-objects 
"Nji 4zygote64 option[40]=-Ximage-compiler-option 
"NjL 4zygote64 option[41]=--instruction-set-variant=generic 
"Nj 4zygote64 option[42]=-Ximage-compiler-option 
"Nj 4zygote64 option[43]=--instruction-set-features=default 
"Nj!4zygote64 option[44]=-Ximage-compiler-option 
"Nj6!4zygote64 option[45]=--generate-mini-debug-info 
"Nj`!4zygote64 option[46]=-Duser.locale=en-US 
"Nj!4zygote64 option[47]=--cpu-abilist=arm64-v8a 
"Nj!4zygote64 option[48]=-Xcore-platform-api-policy:just-warn 
"Nj!4zygote64 option[49]=-Xfingerprint:waydroid/lineage_waydroid_arm64_only/waydroid_arm64_only:13/TQ3A.230901.001/eng.aleast.20260403.072834:userdebug/test-keys 
"Nj4zygote64 ART APEX data files are untrusted. 
"NjH4zygote64 Core platform API reporting enabled, enforcing=false 
zygote64 Time zone APEX ICU file found: /apex/com.android.tzdata/etc/icu/icu_tzdata.dat 
zygote64 I18n APEX ICU file found: /apex/com.android.i18n/etc/icu/icudt70l.dat 
"NjDzygote64 fcntl(F_ADD_SEALS) failed: Invalid argument, no memfd support. 
"Njzygote64 Falling back to ashmem implementation for JIT zygote mapping 
"Nj\vashmem Unable to open ashmem device /dev/ashmem89186ff2-684d-4810-8e23-866a9bc61396 (error = No such file or directory) and /dev/ashmem(error = No such file or directory) 
"Nj	zygote64 Failed to create JIT Code Cache: Failed to create zygote mapping: No such file or directory 
zygote64 Missing code cache, cannot create JIT. 
"NjZygote begin preload 
"NjZygote Calling ZygoteHooks.beginPreload() 
"NjGZygote64Timing BeginPreload took to complete: 145ms 
"Nj -Zygote Preloading classes... 
"NjZygote ...preloaded 0 classes in 1ms. 
"NjNZygote64Timing PreloadClasses took to complete: 1ms 
"Njp	ApplicationLoaders Created zygote-cached class loader: /system/framework/android.hidl.base-V1.0-java.jar 
"Nj}KApplicationLoaders Created zygote-cached class loader: /system/framework/android.hidl.manager-V1.0-java.jar 
"NjZApplicationLoaders Created zygote-cached class loader: /system/framework/android.test.base.jar 
"NjZygote64Timing CacheNonBootClasspathClassLoaders took to complete: 15ms 
"NjZygote Preloading resources... 
"Nj!Zygote ...preloaded 64 resources in 52ms. 
"Nj\!Zygote ...preloaded 41 resources in 11ms. 
"Njm!Zygote ...preloaded 8 resource in 4ms. 
"Nj,!Zygote64Timing PreloadResources took to complete: 140ms 
"NjPY#Zygote Preloading shared libraries... 
"NjW?#zygote64 Unable to find pattern file or unable to map it for am 
"Njd#Zygote Called ZygoteHooks.endPreload() 
"NjXv#Zygote Installed AndroidKeyStoreProvider in 1ms. 
"Njn#Zygote Warmed up JCA providers in 9ms. 
"Nj4#Zygote end preload 
"NjQ$Zygote64Timing ZygotePreload took to complete: 337ms 
"NjC%zygote64 Explicit concurrent copying GC freed 32762(1544KB) AllocSpace objects, 11(288KB) LOS objects, 95% free, 1274KB/25MB, paused 85us,26us total 27.269ms 
"Njx*&zygote64 Explicit concurrent copying GC freed 2275(125KB) AllocSpace objects, 0(0B) LOS objects, 95% free, 1180KB/25MB, paused 31us,26us total 19.133ms 
"Njx&Zygote64Timing PostZygoteInitGC took to complete: 49ms 
"NjX&Zygote64Timing ZygoteInit took to complete: 407ms 
"Nj(&Zygote Unable to fetch Zygote socket file descriptor 
"Nj&Zygote Unable to fetch USAP pool socket file descriptor 
"Nj%.4Zygote Forked child process 20008 
"Nj$34Zygote System server process 20008 has been created 
"Nj,L4Zygote Accepting command socket connections 
(Nj@kQ: zygote64 open() failed for /dev/cgroup_info/cgroup.rc: No such file or directory 
(Nj@T:libprocessgroup CgroupMap::LoadRcFile called for [20008] failed 
(NjJ:system_server Failed to upload odrefresh metrics: metrics file '/data/misc/odrefresh/odrefresh-metrics.txt' could not be opened: No such file or directory 
(NjSystemServerTiming InitBeforeStartServices 
(NjtSystemServer persist.sys.timezone is not valid (); setting to GMT. 
(NjSystemServer Entered the Android system server! 
(NjXSystemServerInitThreadPool Creating instance with 4 threads 
(Nj#SystemServerTiming InitBeforeStartServices took to complete: 595ms 
(Nj#SystemServerTiming StartServices 
(Nj\#SystemServerTiming startBootstrapServices 
(Nj#SystemServerTiming StartWatchdog 
7Nj#libprocessgroup Failed to find SCHED_SP_TOP_APP task profile: Success 
7Nj(I#AndroidRuntime *** FATAL EXCEPTION IN SYSTEM PROCESS: android.ui
java.lang.SecurityException: No permission to modify given thread 20023
7Njh#AndroidRuntime Error reporting crash
java.lang.NullPointerException: Attempt to invoke interface method 'void android.app.IActivityManager.handleApplicationCrash(android.os.IBinder, android.app.ApplicationErrorReport$ParcelableCrashInfo)' on a null object reference
	at com.android.internal.os.RuntimeInit$KillApplicationHandler.uncaughtException(RuntimeInit.java:156)
	at java.lang.ThreadGroup.uncaughtException(ThreadGroup.java:1073)
	at java.lang.ThreadGroup.uncaughtException(ThreadGroup.java:1068)
	at java.lang.Thread.dispatchUncaughtException(Thread.java:2306)
"Nj=)Zygote Zygote failed to write to system_server FD: No such file or directory 
"Njt)Zygote Process 20008 exited due to signal 9 (Killed) 
"Njf)Zygote Exit zygote because system server (pid 20008) has terminated 

--- raw logdw tail ---

--- packet bytes=89 time=1780093359.858735660 ---
"Nj<,3AndroidRuntime >>>>>> START com.android.internal.os.ZygoteInit uid 0 <<<<<<
 

--- packet bytes=24 time=1780093359.858925180 ---
"Nj/3

--- packet bytes=52 time=1780093359.871392480 ---
"Njn3AndroidRuntime Using default boot image 

--- packet bytes=58 time=1780093359.871497940 ---
"Nj'3AndroidRuntime Leaving lock profiling enabled 

--- packet bytes=81 time=1780093359.873468840 ---
"Njl4cutils-trace Error opening trace file: No such file or directory (2) 

--- packet bytes=40 time=1780093359.874004100 ---
"NjO4zygote64 option[0]=-Xzygote 

--- packet bytes=58 time=1780093359.874029160 ---
"Njn4zygote64 option[1]=-Xdeny-art-apex-data-files 

--- packet bytes=36 time=1780093359.874041800 ---
"Nj4zygote64 option[2]=exit 

--- packet bytes=40 time=1780093359.874052200 ---
"Nj4zygote64 option[3]=vfprintf 

--- packet bytes=47 time=1780093359.874062320 ---
"Nj@4zygote64 option[4]=sensitiveThread 

--- packet bytes=43 time=1780093359.874079420 ---
"Nj(4zygote64 option[5]=-verbose:gc 

--- packet bytes=54 time=1780093359.874089400 ---
"NjB4zygote64 option[6]=-XX:PerfettoHprof=true 

--- packet bytes=66 time=1780093359.874099480 ---
"Njw4zygote64 option[7]=-XX:PerfettoJavaHeapStackProf=true 

--- packet bytes=47 time=1780093359.874109440 ---
"Nj$4zygote64 option[8]=-Xprimaryzygote 

--- packet bytes=38 time=1780093359.874119140 ---
"Nj|4zygote64 option[9]=-Xms8m 

--- packet bytes=41 time=1780093359.874129040 ---
"Nj|4zygote64 option[10]=-Xmx512m 

--- packet bytes=57 time=1780093359.874138820 ---
"Nj4zygote64 option[11]=-XX:HeapGrowthLimit=192m 

--- packet bytes=51 time=1780093359.874148600 ---
"Nj:4zygote64 option[12]=-XX:HeapMinFree=8m 

--- packet bytes=52 time=1780093359.874158340 ---
"NjDc4zygote64 option[13]=-XX:HeapMaxFree=16m 

--- packet bytes=62 time=1780093359.874167940 ---
"Nj4zygote64 option[14]=-XX:HeapTargetUtilization=0.6 

--- packet bytes=46 time=1780093359.874177680 ---
"Nj4zygote64 option[15]=-Xusejit:true 

--- packet bytes=55 time=1780093359.874187180 ---
"Nj4zygote64 option[16]=-Xjitsaveprofilinginfo 

--- packet bytes=72 time=1780093359.874197040 ---
"Nj4zygote64 option[17]=-XMadviseWillNeedVdexFileSize:104857600 

--- packet bytes=72 time=1780093359.874207120 ---
"Nj @4zygote64 option[18]=-XMadviseWillNeedOdexFileSize:104857600 

--- packet bytes=72 time=1780093359.874217160 ---
"Njhk4zygote64 option[19]=-XMadviseWillNeedArtFileSize:4294967295 

--- packet bytes=65 time=1780093359.874313240 ---
"NjX4zygote64 option[20]=-XjdwpOptions:suspend=n,server=y 

--- packet bytes=55 time=1780093359.874326760 ---
"NjX4zygote64 option[21]=-XjdwpProvider:default 

--- packet bytes=58 time=1780093359.874337280 ---
"Nj14zygote64 option[22]=-Xopaque-jni-ids:swapable 

--- packet bytes=56 time=1780093359.874347240 ---
"Nj[4zygote64 option[23]=-Xlockprofthreshold:500 

--- packet bytes=50 time=1780093359.874356960 ---
"Nj`4zygote64 option[24]=-Xcompiler-option 

--- packet bytes=66 time=1780093359.874366740 ---
"Nj<4zygote64 option[25]=--instruction-set-variant=generic 

--- packet bytes=50 time=1780093359.874376460 ---
"NjH4zygote64 option[26]=-Xcompiler-option 

--- packet bytes=67 time=1780093359.874386820 ---
"Nj4zygote64 option[27]=--instruction-set-features=default 

--- packet bytes=50 time=1780093359.874427640 ---
"Nj-4zygote64 option[28]=-Xcompiler-option 

--- packet bytes=59 time=1780093359.874439780 ---
"Njf4zygote64 option[29]=--generate-mini-debug-info 

--- packet bytes=56 time=1780093359.874450400 ---
"Nj4zygote64 option[30]=-Ximage-compiler-option 

--- packet bytes=46 time=1780093359.874460340 ---
"NjP4zygote64 option[31]=--runtime-arg 

--- packet bytes=56 time=1780093359.874470040 ---
"Nj4zygote64 option[32]=-Ximage-compiler-option 

--- packet bytes=40 time=1780093359.874479860 ---
"Nj,4zygote64 option[33]=-Xms64m 

--- packet bytes=56 time=1780093359.874489340 ---
"Nj`.4zygote64 option[34]=-Ximage-compiler-option 

--- packet bytes=46 time=1780093359.874499600 ---
"NjtV4zygote64 option[35]=--runtime-arg 

--- packet bytes=56 time=1780093359.874509040 ---
"NjD4zygote64 option[36]=-Ximage-compiler-option 

--- packet bytes=40 time=1780093359.874556960 ---
"Nj4zygote64 option[37]=-Xmx64m 

--- packet bytes=56 time=1780093359.874568880 ---
"Njp 4zygote64 option[38]=-Ximage-compiler-option 

--- packet bytes=86 time=1780093359.874578920 ---
"Nj? 4zygote64 option[39]=--dirty-image-objects=/system/etc/dirty-image-objects 

--- packet bytes=56 time=1780093359.874588920 ---
"Nji 4zygote64 option[40]=-Ximage-compiler-option 

--- packet bytes=66 time=1780093359.874598780 ---
"NjL 4zygote64 option[41]=--instruction-set-variant=generic 

--- packet bytes=56 time=1780093359.874608560 ---
"Nj 4zygote64 option[42]=-Ximage-compiler-option 

--- packet bytes=67 time=1780093359.874618340 ---
"Nj 4zygote64 option[43]=--instruction-set-features=default 

--- packet bytes=56 time=1780093359.874628180 ---
"Nj!4zygote64 option[44]=-Ximage-compiler-option 

--- packet bytes=59 time=1780093359.874637660 ---
"Nj6!4zygote64 option[45]=--generate-mini-debug-info 

--- packet bytes=52 time=1780093359.874647200 ---
"Nj`!4zygote64 option[46]=-Duser.locale=en-US 

--- packet bytes=56 time=1780093359.874656500 ---
"Nj!4zygote64 option[47]=--cpu-abilist=arm64-v8a 

--- packet bytes=69 time=1780093359.874665960 ---
"Nj!4zygote64 option[48]=-Xcore-platform-api-policy:just-warn 

--- packet bytes=169 time=1780093359.874676240 ---
"Nj!4zygote64 option[49]=-Xfingerprint:waydroid/lineage_waydroid_arm64_only/waydroid_arm64_only:13/TQ3A.230901.001/eng.aleast.20260403.072834:userdebug/test-keys 

--- packet bytes=56 time=1780093359.882671920 ---
"Nj4zygote64 ART APEX data files are untrusted. 

--- packet bytes=74 time=1780093359.882897840 ---
"NjH4zygote64 Core platform API reporting enabled, enforcing=false 

--- packet bytes=100 time=1780093360.179156700 ---
"Njp
zygote64 Time zone APEX ICU file found: /apex/com.android.tzdata/etc/icu/icu_tzdata.dat 

--- packet bytes=91 time=1780093360.179548380 ---
"Nja
zygote64 I18n APEX ICU file found: /apex/com.android.i18n/etc/icu/icudt70l.dat 

--- packet bytes=41 time=1780093360.201286200 ---
"Nj@oTENS 	200284993 

--- packet bytes=84 time=1780093360.201517480 ---
"NjDzygote64 fcntl(F_ADD_SEALS) failed: Invalid argument, no memfd support. 

--- packet bytes=82 time=1780093360.201594080 ---
"Njzygote64 Falling back to ashmem implementation for JIT zygote mapping 

--- packet bytes=183 time=1780093360.201897720 ---
"Nj\vashmem Unable to open ashmem device /dev/ashmem89186ff2-684d-4810-8e23-866a9bc61396 (error = No such file or directory) and /dev/ashmem(error = No such file or directory) 

--- packet bytes=113 time=1780093360.201989740 ---
"Nj	zygote64 Failed to create JIT Code Cache: Failed to create zygote mapping: No such file or directory 

--- packet bytes=60 time=1780093360.202030980 ---
"Nj
zygote64 Missing code cache, cannot create JIT. 

--- packet bytes=24 time=1780093360.266863540 ---
"Njx	u

--- packet bytes=33 time=1780093360.267055000 ---
"NjZygote begin preload 

--- packet bytes=54 time=1780093360.267179220 ---
"NjZygote Calling ZygoteHooks.beginPreload() 

--- packet bytes=64 time=1780093360.412437040 ---
"NjGZygote64Timing BeginPreload took to complete: 145ms 

--- packet bytes=41 time=1780093360.412777740 ---
"Nj -Zygote Preloading classes... 

--- packet bytes=50 time=1780093360.413405660 ---
"NjZygote ...preloaded 0 classes in 1ms. 

--- packet bytes=64 time=1780093360.413697100 ---
"NjNZygote64Timing PreloadClasses took to complete: 1ms 

--- packet bytes=117 time=1780093360.420131540 ---
"Njp	ApplicationLoaders Created zygote-cached class loader: /system/framework/android.hidl.base-V1.0-java.jar 

--- packet bytes=120 time=1780093360.424440120 ---
"Nj}KApplicationLoaders Created zygote-cached class loader: /system/framework/android.hidl.manager-V1.0-java.jar 

--- packet bytes=107 time=1780093360.428825620 ---
"NjZApplicationLoaders Created zygote-cached class loader: /system/framework/android.test.base.jar 

--- packet bytes=84 time=1780093360.428992960 ---
"NjZygote64Timing CacheNonBootClasspathClassLoaders took to complete: 15ms 

--- packet bytes=43 time=1780093360.501338980 ---
"NjZygote Preloading resources... 

--- packet bytes=140 time=1780093360.518636100 ---
"NjResources Preloaded drawable resource #0x108028e (android:drawable/dialog_background_material) that varies with configuration!! 

--- packet bytes=54 time=1780093360.553835700 ---
"Nj!Zygote ...preloaded 64 resources in 52ms. 

--- packet bytes=54 time=1780093360.564808040 ---
"Nj\!Zygote ...preloaded 41 resources in 11ms. 

--- packet bytes=51 time=1780093360.569132740 ---
"Njm!Zygote ...preloaded 8 resource in 4ms. 

--- packet bytes=68 time=1780093360.569307540 ---
"Nj,!Zygote64Timing PreloadResources took to complete: 140ms 

--- packet bytes=50 time=1780093360.587356900 ---
"NjPY#Zygote Preloading shared libraries... 

--- packet bytes=76 time=1780093360.591417840 ---
"NjW?#zygote64 Unable to find pattern file or unable to map it for am 

--- packet bytes=51 time=1780093360.593855720 ---
"Njd#Zygote Called ZygoteHooks.endPreload() 

--- packet bytes=61 time=1780093360.595026080 ---
"NjXv#Zygote Installed AndroidKeyStoreProvider in 1ms. 

--- packet bytes=51 time=1780093360.603752920 ---
"Njn#Zygote Warmed up JCA providers in 9ms. 

--- packet bytes=31 time=1780093360.603898140 ---
"Nj4#Zygote end preload 

--- packet bytes=24 time=1780093360.603941720 ---
"Nj?# 

--- packet bytes=65 time=1780093360.604012280 ---
"NjQ$Zygote64Timing ZygotePreload took to complete: 337ms 

--- packet bytes=170 time=1780093360.631664160 ---
"NjC%zygote64 Explicit concurrent copying GC freed 32762(1544KB) AllocSpace objects, 11(288KB) LOS objects, 95% free, 1274KB/25MB, paused 85us,26us total 27.269ms 

--- packet bytes=164 time=1780093360.652689400 ---
"Njx*&zygote64 Explicit concurrent copying GC freed 2275(125KB) AllocSpace objects, 0(0B) LOS objects, 95% free, 1180KB/25MB, paused 31us,26us total 19.133ms 

--- packet bytes=67 time=1780093360.652994420 ---
"Njx&Zygote64Timing PostZygoteInitGC took to complete: 49ms 

--- packet bytes=62 time=1780093360.653051320 ---
"NjX&Zygote64Timing ZygoteInit took to complete: 407ms 

--- packet bytes=65 time=1780093360.653133980 ---
"Nj(&Zygote Unable to fetch Zygote socket file descriptor 

--- packet bytes=68 time=1780093360.653178180 ---
"Nj&Zygote Unable to fetch USAP pool socket file descriptor 

--- packet bytes=46 time=1780093361.875556160 ---
"Nj%.4Zygote Forked child process 20008 

--- packet bytes=64 time=1780093361.875786140 ---
"Nj$34Zygote System server process 20008 has been created 

--- packet bytes=56 time=1780093361.877498880 ---
"Nj,L4Zygote Accepting command socket connections 

--- packet bytes=93 time=1780093361.978525360 ---
(Nj@kQ: zygote64 open() failed for /dev/cgroup_info/cgroup.rc: No such file or directory 

--- packet bytes=76 time=1780093361.978615640 ---
(Nj@T:libprocessgroup CgroupMap::LoadRcFile called for [20008] failed 

--- packet bytes=167 time=1780093361.982533960 ---
(NjJ:system_server Failed to upload odrefresh metrics: metrics file '/data/misc/odrefresh/odrefresh-metrics.txt' could not be opened: No such file or directory 

--- packet bytes=55 time=1780093362.001104500 ---
(NjSystemServerTiming InitBeforeStartServices 

--- packet bytes=40 time=1780093362.001692180 ---
(Nj;&;&

--- packet bytes=79 time=1780093362.001879620 ---
(NjtSystemServer persist.sys.timezone is not valid (); setting to GMT. 

--- packet bytes=60 time=1780093362.002043100 ---
(NjSystemServer Entered the Android system server! 

--- packet bytes=24 time=1780093362.002088040 ---
(Nj<&

--- packet bytes=72 time=1780093362.244017740 ---
(NjXSystemServerInitThreadPool Creating instance with 4 threads 

--- packet bytes=65 time=1780093362.244730700 ---
(NjTypeface Preloading /system/fonts/Roboto-Regular.ttf 

--- packet bytes=71 time=1780093362.245347820 ---
(NjPTypeface Preloading /system/fonts/RobotoStatic-Regular.ttf 

--- packet bytes=79 time=1780093362.596368840 ---
(Nj#SystemServerTiming InitBeforeStartServices took to complete: 595ms 

--- packet bytes=45 time=1780093362.596595020 ---
(Nj#SystemServerTiming StartServices 

--- packet bytes=54 time=1780093362.599120040 ---
(Nj\#SystemServerTiming startBootstrapServices 

--- packet bytes=45 time=1780093362.599201960 ---
(Nj#SystemServerTiming StartWatchdog 

--- packet bytes=82 time=1780093362.600258440 ---
7Nj#libprocessgroup Failed to find SCHED_SP_TOP_APP task profile: Success 

--- packet bytes=257 time=1780093362.601474280 ---
7Nj(I#AndroidRuntime *** FATAL EXCEPTION IN SYSTEM PROCESS: android.ui
java.lang.SecurityException: No permission to modify given thread 20023
	at android.os.Process.setThreadGroup(Native Method)
	at com.android.server.UiThread.run(UiThread.java:44)
 

--- packet bytes=581 time=1780093362.602931680 ---
7Njh#AndroidRuntime Error reporting crash
java.lang.NullPointerException: Attempt to invoke interface method 'void android.app.IActivityManager.handleApplicationCrash(android.os.IBinder, android.app.ApplicationErrorReport$ParcelableCrashInfo)' on a null object reference
	at com.android.internal.os.RuntimeInit$KillApplicationHandler.uncaughtException(RuntimeInit.java:156)
	at java.lang.ThreadGroup.uncaughtException(ThreadGroup.java:1073)
	at java.lang.ThreadGroup.uncaughtException(ThreadGroup.java:1068)
	at java.lang.Thread.dispatchUncaughtException(Thread.java:2306)
 

--- packet bytes=54 time=1780093362.603029700 ---
7NjD#Process Sending signal. PID: 20008 SIG: 9 

--- packet bytes=89 time=1780093362.688738120 ---
"Nj=)Zygote Zygote failed to write to system_server FD: No such file or directory 

--- packet bytes=65 time=1780093362.688837260 ---
"Njt)Zygote Process 20008 exited due to signal 9 (Killed) 

--- packet bytes=80 time=1780093362.688849900 ---
"Njf)Zygote Exit zygote because system server (pid 20008) has terminated 

--- dmesg focused ---
[12002.879692] binder: binder: WEBOS accept ioctl 0x40046210 no-op
[12002.879729] binder: binder_alloc_shim: binder_mmap enter filp=ffffffc08c50b800 vma=ffffffc08b6636e0 start=0x7e817b9000 end=0x7e818b7000 flags=0x200071
[12002.879743] binder: binder_alloc_shim: update_page_range enter allocate=1 start=ffffff8004780000 end=ffffff8004781000 vma=ffffffc08b6636e0
[12002.879748] binder: binder_alloc_shim: before __get_free_page GFP_KERNEL=0x24000c0
[12002.879754] binder: binder_alloc_shim: after __get_free_page addr=0xffffffc0876b7000
[12002.879758] binder: binder_alloc_shim: virt_to_page page=ffffffbdc21dadc0
[12002.879764] binder: binder_alloc_shim: before vm_insert_page user_page_addr=0x7e817b9000 page=ffffffbdc21dadc0
[12002.879774] binder: binder_alloc_shim: after vm_insert_page ret=0
[12003.113817] binder: binder_alloc_shim: update_page_range enter allocate=1 start=ffffff8002e01000 end=ffffff8002e01000 vma=          (null)
[12003.113953] binder: binder_alloc_shim: update_page_range enter allocate=1 start=ffffff8004781000 end=ffffff8004781000 vma=          (null)
[12003.113973] binder: binder_alloc_shim: update_page_range enter allocate=0 start=ffffff8002e01000 end=ffffff8002e00000 vma=          (null)
[12003.114016] binder: binder_alloc_shim: update_page_range enter allocate=0 start=ffffff8004781000 end=ffffff8004780000 vma=          (null)
[12003.118480] binder: binder_alloc_shim: update_page_range enter allocate=1 start=ffffff8002e01000 end=ffffff8002e01000 vma=          (null)
[12003.118707] binder: binder_alloc_shim: update_page_range enter allocate=1 start=ffffff8004781000 end=ffffff8004781000 vma=          (null)
[12003.118776] binder: binder_alloc_shim: update_page_range enter allocate=0 start=ffffff8002e01000 end=ffffff8002e00000 vma=          (null)
[12003.118832] binder: binder_alloc_shim: update_page_range enter allocate=0 start=ffffff8004781000 end=ffffff8004780000 vma=          (null)
[12003.121885] binder: binder_alloc_shim: update_page_range enter allocate=1 start=ffffff8002e01000 end=ffffff8002e01000 vma=          (null)
[12003.122049] binder: binder_alloc_shim: update_page_range enter allocate=1 start=ffffff8004781000 end=ffffff8004781000 vma=          (null)
[12003.122105] binder: binder_alloc_shim: update_page_range enter allocate=0 start=ffffff8002e01000 end=ffffff8002e00000 vma=          (null)
[12003.122149] binder: binder_alloc_shim: update_page_range enter allocate=0 start=ffffff8004781000 end=ffffff8004780000 vma=          (null)
[12003.122982] binder: binder_alloc_shim: update_page_range enter allocate=1 start=ffffff8002e01000 end=ffffff8002e01000 vma=          (null)
[12003.123131] binder: binder_alloc_shim: update_page_range enter allocate=1 start=ffffff8004781000 end=ffffff8004781000 vma=          (null)
[12003.123186] binder: binder_alloc_shim: update_page_range enter allocate=0 start=ffffff8002e01000 end=ffffff8002e00000 vma=          (null)
[12003.123227] binder: binder_alloc_shim: update_page_range enter allocate=0 start=ffffff8004781000 end=ffffff8004780000 vma=          (null)
[12003.123937] binder: binder_alloc_shim: update_page_range enter allocate=1 start=ffffff8002e01000 end=ffffff8002e01000 vma=          (null)
[12003.124069] binder: binder_alloc_shim: update_page_range enter allocate=1 start=ffffff8004781000 end=ffffff8004781000 vma=          (null)
[12003.124125] binder: binder_alloc_shim: update_page_range enter allocate=0 start=ffffff8002e01000 end=ffffff8002e00000 vma=          (null)
[12003.124165] binder: binder_alloc_shim: update_page_range enter allocate=0 start=ffffff8004781000 end=ffffff8004780000 vma=          (null)
[12003.124296] binder: binder_alloc_shim: update_page_range enter allocate=1 start=ffffff8002e01000 end=ffffff8002e01000 vma=          (null)
[12003.124355] binder: binder_alloc_shim: update_page_range enter allocate=1 start=ffffff8004781000 end=ffffff8004781000 vma=          (null)
[12003.124381] binder: binder_alloc_shim: update_page_range enter allocate=0 start=ffffff8002e01000 end=ffffff8002e00000 vma=          (null)
[12003.124405] binder: binder_alloc_shim: update_page_range enter allocate=0 start=ffffff8004781000 end=ffffff8004780000 vma=          (null)
[12003.125123] binder: binder_alloc_shim: update_page_range enter allocate=1 start=ffffff8002e01000 end=ffffff8002e01000 vma=          (null)
[12003.125256] binder: binder_alloc_shim: update_page_range enter allocate=1 start=ffffff8004781000 end=ffffff8004781000 vma=          (null)
[12003.125289] binder: binder_alloc_shim: update_page_range enter allocate=0 start=ffffff8002e01000 end=ffffff8002e00000 vma=          (null)
[12003.125318] binder: binder_alloc_shim: update_page_range enter allocate=0 start=ffffff8004781000 end=ffffff8004780000 vma=          (null)
[12003.483986] binder: binder_alloc_shim: update_page_range enter allocate=1 start=ffffff8002e01000 end=ffffff8002e01000 vma=          (null)
[12003.484140] binder: binder_alloc_shim: update_page_range enter allocate=1 start=ffffff8004781000 end=ffffff8004781000 vma=          (null)
[12003.484188] binder: binder_alloc_shim: update_page_range enter allocate=0 start=ffffff8004781000 end=ffffff8004780000 vma=          (null)
[12003.484214] binder: binder_alloc_shim: update_page_range enter allocate=0 start=ffffff8002e01000 end=ffffff8002e00000 vma=          (null)
[12014.621993] aud_imc      NOT (17409:17409) aud0                     1212: 11074.610122]           commod 0x60694560 ERR     aud_module_default_event.2150: null port
[12016.143344] aud_imc      NOT (17409:17409) aud0                     1212: 11076.131477]           commod 0x606ea818 ERR     aud_module_default_event.2150: null port
[12016.842329] media_event  NOT (06235:06314) gst_lx_adec_set_property 3317: <lxaudiodec> Set audio index(resource-info) to 0
[12016.845445] media_event  INF (06235:06314) gst_lx_audio_render_set_property 1363: <audio_sink> audio-port 0, mixer-port -1
[12016.986301] media_event  INF (06235:06314) gst_lx_audio_render_set_property 1419: <audio_sink> ease volume setting start
[12016.986332] media_event  INF (06235:06314) gst_lx_audio_render_set_property 1431: <audio_sink> audio ease volume value = 57
[12016.986344] media_event  INF (06235:06314) gst_lx_audio_render_set_property 1432: <audio_sink> audio ease volume duration = 0
[12016.986356] media_event  INF (06235:06314) gst_lx_audio_render_set_property 1433: <audio_sink> audio ease volume fadeType = Linear

AFTER_LOGDW_SYSTEMSERVER_DONE
