--- start logcat collector ---
logcat_pid=11105
--- start zygote/system_server ---
--- cleanup old zygotes/wrappers ---

--- sanity patches ---
storage abort call @ 0x1ca198, should be 1f 20 03 d5:  1f 20 03 d5
SetTaskProfiles call @ 0x1ca1b0, should be 20 00 80 52:  20 00 80 52
SetTaskProfiles tbz @ 0x1ca208, should be 1f 20 03 d5:  1f 20 03 d5

--- classpath ---
BOOTCLASSPATH length: 1624
SYSTEMSERVERCLASSPATH length: 463

--- start zygote + system_server ---

--- pids ---

--- android-ish scan ---
PID=11108 COMM=sh CMD=sh /tmp/try-zygote-start-system-server-v2.sh 
  Name:	sh
  State:	S (sleeping)
  Tgid:	11108
  Ngid:	0
  Pid:	11108
  PPid:	11102
  TracerPid:	0
  Uid:	0	0	0	0
PID=4114 COMM=WebAppMgr CMD=/usr/bin/WebAppMgr --type=zygote --disable-in-process-stack-traces --no-sandbox --no-sandbox --disable-quic 
  Name:	WebAppMgr
  State:	S (sleeping)
  Tgid:	4114
  Ngid:	0
  Pid:	4114
  PPid:	3021
  TracerPid:	0
  Uid:	505	505	505	505

--- sockets ---
srw-rw-rw-    1 root     root             0 May 30 00:06 usap_pool_primary
srw-rw-rw-    1 root     root             0 May 30 00:06 zygote

--- log tail ---
Zygote: Zygote failed to write to system_server FD: No such file or directory
Zygote: Process 11135 exited due to signal 9 (Killed)
Zygote: Exit zygote because system server (pid 11135) has terminated
--- collect ---
--- pids ---
wam       4114  3021  0 May29 ?        00:00:00 /usr/bin/WebAppMgr --type=zygote --disable-in-process-stack-traces --no-sandbox --no-sandbox --disable-quic
root      8657     1  0 00:01 ?        00:00:00 /system/bin/servicemanager
root      8658     1  0 00:01 ?        00:00:00 /system/bin/hwservicemanager
root      8659     1  0 00:01 ?        00:00:00 /vendor/bin/vndservicemanager
root     19897     1  0 May29 ?        00:00:00 /media/internal/android-usb/android-sidecar/bin/property_service_ack_shim /media/internal/android-usb/android-rootfs/dev/socket/property_service

--- zygote log ---
Zygote: Zygote failed to write to system_server FD: No such file or directory
Zygote: Process 11135 exited due to signal 9 (Killed)
Zygote: Exit zygote because system server (pid 11135) has terminated

--- logcat stderr ---
logcat: Failed to wait for logd.ready to become true. logd not running?

--- logcat fatal/exceptions ---

--- dmesg focused ---
[11043.016010] binder: binder: WEBOS accept ioctl 0x40046210 no-op
[11043.016045] binder: binder_alloc_shim: binder_mmap enter filp=ffffffc081836500 vma=ffffffc08a22ddc0 start=0x7e7e5d4000 end=0x7e7e6d2000 flags=0x200071
[11043.016192] binder: binder_alloc_shim: update_page_range enter allocate=1 start=ffffff8009d80000 end=ffffff8009d81000 vma=ffffffc08a22ddc0
[11043.016198] binder: binder_alloc_shim: before __get_free_page GFP_KERNEL=0x24000c0
[11043.016204] binder: binder_alloc_shim: after __get_free_page addr=0xffffffc081d64000
[11043.016208] binder: binder_alloc_shim: virt_to_page page=ffffffbdc2075900
[11043.016213] binder: binder_alloc_shim: before vm_insert_page user_page_addr=0x7e7e5d4000 page=ffffffbdc2075900
[11043.016224] binder: binder_alloc_shim: after vm_insert_page ret=0
[11043.220201] binder: binder_alloc_shim: update_page_range enter allocate=1 start=ffffff8002381000 end=ffffff8002381000 vma=          (null)
[11043.220306] binder: binder_alloc_shim: update_page_range enter allocate=1 start=ffffff8009d81000 end=ffffff8009d81000 vma=          (null)
[11043.220323] binder: binder_alloc_shim: update_page_range enter allocate=0 start=ffffff8002381000 end=ffffff8002380000 vma=          (null)
[11043.220361] binder: binder_alloc_shim: update_page_range enter allocate=0 start=ffffff8009d81000 end=ffffff8009d80000 vma=          (null)
[11043.222938] binder: binder_alloc_shim: update_page_range enter allocate=1 start=ffffff8002381000 end=ffffff8002381000 vma=          (null)
[11043.223124] binder: binder_alloc_shim: update_page_range enter allocate=1 start=ffffff8009d81000 end=ffffff8009d81000 vma=          (null)
[11043.223188] binder: binder_alloc_shim: update_page_range enter allocate=0 start=ffffff8002381000 end=ffffff8002380000 vma=          (null)
[11043.223242] binder: binder_alloc_shim: update_page_range enter allocate=0 start=ffffff8009d81000 end=ffffff8009d80000 vma=          (null)
[11043.225438] binder: binder_alloc_shim: update_page_range enter allocate=1 start=ffffff8002381000 end=ffffff8002381000 vma=          (null)
[11043.225613] binder: binder_alloc_shim: update_page_range enter allocate=1 start=ffffff8009d81000 end=ffffff8009d81000 vma=          (null)
[11043.225677] binder: binder_alloc_shim: update_page_range enter allocate=0 start=ffffff8002381000 end=ffffff8002380000 vma=          (null)
[11043.225720] binder: binder_alloc_shim: update_page_range enter allocate=0 start=ffffff8009d81000 end=ffffff8009d80000 vma=          (null)
[11043.226538] binder: binder_alloc_shim: update_page_range enter allocate=1 start=ffffff8002381000 end=ffffff8002381000 vma=          (null)
[11043.226700] binder: binder_alloc_shim: update_page_range enter allocate=1 start=ffffff8009d81000 end=ffffff8009d81000 vma=          (null)
[11043.226759] binder: binder_alloc_shim: update_page_range enter allocate=0 start=ffffff8002381000 end=ffffff8002380000 vma=          (null)
[11043.226799] binder: binder_alloc_shim: update_page_range enter allocate=0 start=ffffff8009d81000 end=ffffff8009d80000 vma=          (null)
[11043.227354] binder: binder_alloc_shim: update_page_range enter allocate=1 start=ffffff8002381000 end=ffffff8002381000 vma=          (null)
[11043.227489] binder: binder_alloc_shim: update_page_range enter allocate=1 start=ffffff8009d81000 end=ffffff8009d81000 vma=          (null)
[11043.227548] binder: binder_alloc_shim: update_page_range enter allocate=0 start=ffffff8002381000 end=ffffff8002380000 vma=          (null)
[11043.227619] binder: binder_alloc_shim: update_page_range enter allocate=0 start=ffffff8009d81000 end=ffffff8009d80000 vma=          (null)
[11043.227773] binder: binder_alloc_shim: update_page_range enter allocate=1 start=ffffff8002381000 end=ffffff8002381000 vma=          (null)
[11043.227852] binder: binder_alloc_shim: update_page_range enter allocate=1 start=ffffff8009d81000 end=ffffff8009d81000 vma=          (null)
[11043.227890] binder: binder_alloc_shim: update_page_range enter allocate=0 start=ffffff8002381000 end=ffffff8002380000 vma=          (null)
[11043.227917] binder: binder_alloc_shim: update_page_range enter allocate=0 start=ffffff8009d81000 end=ffffff8009d80000 vma=          (null)
[11043.228705] binder: binder_alloc_shim: update_page_range enter allocate=1 start=ffffff8002381000 end=ffffff8002381000 vma=          (null)
[11043.228860] binder: binder_alloc_shim: update_page_range enter allocate=1 start=ffffff8009d81000 end=ffffff8009d81000 vma=          (null)
[11043.228906] binder: binder_alloc_shim: update_page_range enter allocate=0 start=ffffff8002381000 end=ffffff8002380000 vma=          (null)
[11043.228943] binder: binder_alloc_shim: update_page_range enter allocate=0 start=ffffff8009d81000 end=ffffff8009d80000 vma=          (null)
[11043.526489] binder: binder_alloc_shim: update_page_range enter allocate=1 start=ffffff8002381000 end=ffffff8002381000 vma=          (null)
[11043.526655] binder: binder_alloc_shim: update_page_range enter allocate=1 start=ffffff8009d81000 end=ffffff8009d81000 vma=          (null)
[11043.526696] binder: binder_alloc_shim: update_page_range enter allocate=0 start=ffffff8009d81000 end=ffffff8009d80000 vma=          (null)
[11043.526719] binder: binder_alloc_shim: update_page_range enter allocate=0 start=ffffff8002381000 end=ffffff8002380000 vma=          (null)

--- raw logcat tail ---

AFTER_LOGCAT_SYSTEMSERVER_DONE
