--- hard cleanup old android zygotes/wrappers ---

--- sanity files ---
-rwxr-xr-x    1 root     root        782632 May 29 22:06 /media/internal/android-usb/android-sidecar/bin/ptrace_bt_wrap
-rwxr-xr-x    1 root     root        710584 May 29 21:24 /media/internal/android-usb/android-sidecar/zygote_socket_wrap
-rw-r--r--    1 root     root        156186 May 29 21:54 /media/internal/android-usb/android-rootfs/linkerconfig/ld.config.txt

--- sanity patches ---
abort call @ 0x1ca198:  1f 20 03 d5
task call  @ 0x1ca1b0:  20 00 80 52
task tbz   @ 0x1ca208:  1f 20 03 d5

--- classpath ---
BOOTCLASSPATH length: 1624
SYSTEMSERVERCLASSPATH length: 463

--- ptrace start-system-server zygote ---

--- important ---
1:libc: Unable to set property "sys.system_server.start_count" to "1": connection failed; errno=111 (Connection refused)
2:Zygote: Zygote failed to write to system_server FD: No such file or directory
3:Zygote: Process 18751 exited due to signal 9 (Killed)
4:Zygote: Exit zygote because system server (pid 18751) has terminated
29:=== CRASH pid=18751 sig=11 ===
30:pc=0x7ec10041a8 sp=0x7ff803b630 fp/x29=0x7ff803b670 lr/x30=0x7ec10041f8 pstate=0x60000000
63:--- owners ---
64:pc=0x7ec10041a8 map_off=0x41a8 file_off=0x2041a8 r-xp /media/internal/android-usb/android-rootfs/apex/com.android.art/lib64/libart.so
65:lr=0x7ec10041f8 map_off=0x41f8 file_off=0x2041f8 r-xp /media/internal/android-usb/android-rootfs/apex/com.android.art/lib64/libart.so
67:--- frame chain x29 ---
85:=== END CRASH ===
86:pid 18760 signaled sig=9
87:pid 18759 signaled sig=9
88:pid 18762 signaled sig=9
89:pid 18758 signaled sig=9
90:pid 18757 signaled sig=9
91:pid 18756 signaled sig=9
92:pid 18761 signaled sig=9
93:pid 18763 signaled sig=9
94:pid 18751 signaled sig=9
95:pid 18752 signaled sig=9
96:pid 18754 signaled sig=9
97:pid 18753 signaled sig=9
98:pid 18755 signaled sig=9
99:pid 18746 signaled sig=9

--- tail ---
libc: Unable to set property "sys.system_server.start_count" to "1": connection failed; errno=111 (Connection refused)
Zygote: Zygote failed to write to system_server FD: No such file or directory
Zygote: Process 18751 exited due to signal 9 (Killed)
Zygote: Exit zygote because system server (pid 18751) has terminated
ptrace event=4 pid=18746 newpid=18746
ptrace event=4 pid=18746 newpid=18746
ptrace event=3 pid=18746 newpid=18747
ptrace event=3 pid=18746 newpid=18748
ptrace event=3 pid=18746 newpid=18749
ptrace event=3 pid=18746 newpid=18750
pid 18748 exited rc=0
pid 18747 exited rc=0
pid 18749 exited rc=0
pid 18750 exited rc=0
ptrace event=1 pid=18746 newpid=18751
ptrace event=3 pid=18746 newpid=18752
ptrace event=3 pid=18746 newpid=18753
ptrace event=3 pid=18746 newpid=18754
ptrace event=3 pid=18746 newpid=18755
ptrace event=3 pid=18751 newpid=18756
ptrace event=3 pid=18751 newpid=18757
ptrace event=3 pid=18751 newpid=18758
ptrace event=3 pid=18751 newpid=18759
ptrace event=3 pid=18751 newpid=18760
ptrace event=3 pid=18751 newpid=18761
ptrace event=3 pid=18751 newpid=18762
ptrace event=3 pid=18751 newpid=18763

=== CRASH pid=18751 sig=11 ===
pc=0x7ec10041a8 sp=0x7ff803b630 fp/x29=0x7ff803b670 lr/x30=0x7ec10041f8 pstate=0x60000000
x0 =0x0000000070d8cff0
x1 =0x0000000000000000
x2 =0x0000000000000000
x3 =0x00214c616e000000
x4 =0x0000000080000000
x5 =0x0000001600000000
x6 =0x0000008016000000
x7 =0x6d604b35ff3a6e65
x8 =0x08fd5e5fa38439f8
x9 =0x08fd5e5fa38439f8
x10=0x0000000000000000
x11=0x0000000000000018
x12=0x000000000000000b
x13=0x0000000000000210
x14=0x0000000012c0f080
x15=0x000000000000000a
x16=0x0000000000000000
x17=0x0000007f73522ec0
x18=0x0000007f78046000
x19=0x0000007f772e5c00
x20=0x0000000000000000
x21=0x0000000000000000
x22=0x0000007ebebbe37c
x23=0x0000000000003072
x24=0x0000007ec1000880
x25=0x0000007ff803b658
x26=0x0000000070d8cff0
x27=0x0000007ff803b658
x28=0x0000007ff803b690
x29=0x0000007ff803b670
x30=0x0000007ec10041f8

--- owners ---
pc=0x7ec10041a8 map_off=0x41a8 file_off=0x2041a8 r-xp /media/internal/android-usb/android-rootfs/apex/com.android.art/lib64/libart.so
lr=0x7ec10041f8 map_off=0x41f8 file_off=0x2041f8 r-xp /media/internal/android-usb/android-rootfs/apex/com.android.art/lib64/libart.so

--- frame chain x29 ---
#0  fp=0x7ff803b670 ret=0x12c025d812c0c668 ret=0x12c025d812c0c668 owner=<none>
stop: next_fp=0xa

--- executable maps of interest ---
0x705f4000-0x70637000 off=0xe000 r-xp /media/internal/android-usb/android-rootfs/system/framework/arm64/boot-core-libart.oat
0x558c19d000-0x558c19e000 off=0x2000 r-xp /media/internal/android-usb/android-rootfs/system/bin/app_process64
0x7eae800000-0x7eaeb28000 off=0x200000 r-xp /media/internal/android-usb/android-rootfs/apex/com.android.art/lib64/libart-compiler.so
0x7eb281f000-0x7eb283c000 off=0x18000 r-xp /media/internal/android-usb/android-rootfs/apex/com.android.art/lib64/libopenjdk.so
0x7eb4666000-0x7eb466a000 off=0x4000 r-xp /media/internal/android-usb/android-rootfs/apex/com.android.art/lib64/libopenjdkjvm.so
0x7ec1000000-0x7ec1538000 off=0x200000 r-xp /media/internal/android-usb/android-rootfs/apex/com.android.art/lib64/libart.so
0x7ec2f05000-0x7ec2f09000 off=0x4000 r-xp /media/internal/android-usb/android-rootfs/system/lib64/libartpalette-system.so
0x7ec370b000-0x7ec372e000 off=0x1b000 r-xp /media/internal/android-usb/android-rootfs/apex/com.android.art/lib64/libartbase.so
0x7f55101000-0x7f55242000 off=0xbb000 r-xp /media/internal/android-usb/android-rootfs/system/lib64/libandroid_runtime.so
0x7f5918b000-0x7f5918c000 off=0x1000 r-xp /media/internal/android-usb/android-rootfs/system/lib64/libandroid_runtime_lazy.so
0x7f734e6000-0x7f7359a000 off=0x47000 r-xp /media/internal/android-usb/android-rootfs/apex/com.android.runtime/lib64/bionic/libc.so
0x7f77177000-0x7f77178000 off=0x2000 r-xp /media/internal/android-usb/android-rootfs/apex/com.android.art/lib64/libartpalette.so
0x7f78930000-0x7f78a14000 off=0x37000 r-xp /media/internal/android-usb/android-rootfs/apex/com.android.runtime/bin/linker64
=== END CRASH ===
pid 18760 signaled sig=9
pid 18759 signaled sig=9
pid 18762 signaled sig=9
pid 18758 signaled sig=9
pid 18757 signaled sig=9
pid 18756 signaled sig=9
pid 18761 signaled sig=9
pid 18763 signaled sig=9
pid 18751 signaled sig=9
pid 18752 signaled sig=9
pid 18754 signaled sig=9
pid 18753 signaled sig=9
pid 18755 signaled sig=9
pid 18746 signaled sig=9

--- remaining android-ish ---
PID=4114 COMM=WebAppMgr CMD=/usr/bin/WebAppMgr --type=zygote --disable-in-process-stack-traces --no-sandbox --no-sandbox --disable-quic 
