--- hard cleanup old android zygotes/wrappers ---

--- sanity files ---
-rwxr-xr-x    1 root     root        782632 May 29 22:06 /media/internal/android-usb/android-sidecar/bin/ptrace_bt_wrap
-rwxr-xr-x    1 root     root        710584 May 29 21:24 /media/internal/android-usb/android-sidecar/zygote_socket_wrap
-rw-r--r--    1 root     root        156186 May 29 21:54 /media/internal/android-usb/android-rootfs/linkerconfig/ld.config.txt

--- sanity patches ---
abort call @ 0x1ca198:  1f 20 03 d5
task call  @ 0x1ca1b0:  20 00 80 52
task tbz   @ 0x1ca208:  1f 20 03 d5

--- classpath ---
BOOTCLASSPATH length: 1624
SYSTEMSERVERCLASSPATH length: 463

--- ptrace start-system-server zygote ---

--- important ---
1:libc: Unable to set property "sys.system_server.start_count" to "1": connection failed; errno=111 (Connection refused)
2:Zygote: Zygote failed to write to system_server FD: No such file or directory
3:Zygote: Process 17032 exited due to signal 9 (Killed)
4:Zygote: Exit zygote because system server (pid 17032) has terminated
29:=== CRASH pid=17032 sig=11 ===
30:pc=0x7f11c041a8 sp=0x7fef493820 fp/x29=0x7fef493860 lr/x30=0x7f11c041f8 pstate=0x60000000
63:--- owners ---
64:pc=0x7f11c041a8 map_off=0x41a8 file_off=0x2041a8 r-xp /media/internal/android-usb/android-rootfs/apex/com.android.art/lib64/libart.so
65:lr=0x7f11c041f8 map_off=0x41f8 file_off=0x2041f8 r-xp /media/internal/android-usb/android-rootfs/apex/com.android.art/lib64/libart.so
67:--- frame chain x29 ---
85:=== END CRASH ===
86:pid 17043 signaled sig=9
87:pid 17042 signaled sig=9
88:pid 17041 signaled sig=9
89:pid 17040 signaled sig=9
90:pid 17039 signaled sig=9
91:pid 17038 signaled sig=9
92:pid 17037 signaled sig=9
93:pid 17044 signaled sig=9
94:pid 17032 signaled sig=9
95:pid 17035 signaled sig=9
96:pid 17034 signaled sig=9
97:pid 17033 signaled sig=9
98:pid 17036 signaled sig=9
99:pid 17027 signaled sig=9

--- tail ---
libc: Unable to set property "sys.system_server.start_count" to "1": connection failed; errno=111 (Connection refused)
Zygote: Zygote failed to write to system_server FD: No such file or directory
Zygote: Process 17032 exited due to signal 9 (Killed)
Zygote: Exit zygote because system server (pid 17032) has terminated
ptrace event=4 pid=17027 newpid=17027
ptrace event=4 pid=17027 newpid=17027
ptrace event=3 pid=17027 newpid=17028
ptrace event=3 pid=17027 newpid=17029
ptrace event=3 pid=17027 newpid=17030
ptrace event=3 pid=17027 newpid=17031
pid 17028 exited rc=0
pid 17029 exited rc=0
pid 17030 exited rc=0
pid 17031 exited rc=0
ptrace event=1 pid=17027 newpid=17032
ptrace event=3 pid=17027 newpid=17033
ptrace event=3 pid=17027 newpid=17034
ptrace event=3 pid=17027 newpid=17035
ptrace event=3 pid=17027 newpid=17036
ptrace event=3 pid=17032 newpid=17037
ptrace event=3 pid=17032 newpid=17038
ptrace event=3 pid=17032 newpid=17039
ptrace event=3 pid=17032 newpid=17040
ptrace event=3 pid=17032 newpid=17041
ptrace event=3 pid=17032 newpid=17042
ptrace event=3 pid=17032 newpid=17043
ptrace event=3 pid=17032 newpid=17044

=== CRASH pid=17032 sig=11 ===
pc=0x7f11c041a8 sp=0x7fef493820 fp/x29=0x7fef493860 lr/x30=0x7f11c041f8 pstate=0x60000000
x0 =0x0000000071d39ff0
x1 =0x0000000000000000
x2 =0x0000000000000000
x3 =0x00214c616e000000
x4 =0x0000000080000000
x5 =0x0000001600000000
x6 =0x0000008016000000
x7 =0x6d604b35ff3a6e65
x8 =0xa5633973e6b49ee0
x9 =0xa5633973e6b49ee0
x10=0x0000000000000000
x11=0x0000000000000018
x12=0x000000000000000b
x13=0x0000000000000210
x14=0x0000000012c0f080
x15=0x000000000000000a
x16=0x0000000000000000
x17=0x0000007f96cc4ec0
x18=0x0000007fb28ec000
x19=0x0000007fb226bc00
x20=0x0000000000000000
x21=0x0000000000000000
x22=0x0000007f0b3a737c
x23=0x0000000000003072
x24=0x0000007f11c00880
x25=0x0000007fef493848
x26=0x0000000071d39ff0
x27=0x0000007fef493848
x28=0x0000007fef493880
x29=0x0000007fef493860
x30=0x0000007f11c041f8

--- owners ---
pc=0x7f11c041a8 map_off=0x41a8 file_off=0x2041a8 r-xp /media/internal/android-usb/android-rootfs/apex/com.android.art/lib64/libart.so
lr=0x7f11c041f8 map_off=0x41f8 file_off=0x2041f8 r-xp /media/internal/android-usb/android-rootfs/apex/com.android.art/lib64/libart.so

--- frame chain x29 ---
#0  fp=0x7fef493860 ret=0x12c025d812c0c668 ret=0x12c025d812c0c668 owner=<none>
stop: next_fp=0xa

--- executable maps of interest ---
0x715a1000-0x715e4000 off=0xe000 r-xp /media/internal/android-usb/android-rootfs/system/framework/arm64/boot-core-libart.oat
0x5558655000-0x5558656000 off=0x2000 r-xp /media/internal/android-usb/android-rootfs/system/bin/app_process64
0x7efe200000-0x7efe528000 off=0x200000 r-xp /media/internal/android-usb/android-rootfs/apex/com.android.art/lib64/libart-compiler.so
0x7f01da5000-0x7f01da9000 off=0x4000 r-xp /media/internal/android-usb/android-rootfs/apex/com.android.art/lib64/libopenjdkjvm.so
0x7f01dd8000-0x7f01df5000 off=0x18000 r-xp /media/internal/android-usb/android-rootfs/apex/com.android.art/lib64/libopenjdk.so
0x7f0f95e000-0x7f0f981000 off=0x1b000 r-xp /media/internal/android-usb/android-rootfs/apex/com.android.art/lib64/libartbase.so
0x7f11c00000-0x7f12138000 off=0x200000 r-xp /media/internal/android-usb/android-rootfs/apex/com.android.art/lib64/libart.so
0x7f9610b000-0x7f9610f000 off=0x4000 r-xp /media/internal/android-usb/android-rootfs/system/lib64/libartpalette-system.so
0x7f96c88000-0x7f96d3c000 off=0x47000 r-xp /media/internal/android-usb/android-rootfs/apex/com.android.runtime/lib64/bionic/libc.so
0x7f990e0000-0x7f990e1000 off=0x1000 r-xp /media/internal/android-usb/android-rootfs/system/lib64/libandroid_runtime_lazy.so
0x7fa6113000-0x7fa6254000 off=0xbb000 r-xp /media/internal/android-usb/android-rootfs/system/lib64/libandroid_runtime.so
0x7fb2046000-0x7fb2047000 off=0x2000 r-xp /media/internal/android-usb/android-rootfs/apex/com.android.art/lib64/libartpalette.so
0x7fb38b6000-0x7fb399a000 off=0x37000 r-xp /media/internal/android-usb/android-rootfs/apex/com.android.runtime/bin/linker64
=== END CRASH ===
pid 17043 signaled sig=9
pid 17042 signaled sig=9
pid 17041 signaled sig=9
pid 17040 signaled sig=9
pid 17039 signaled sig=9
pid 17038 signaled sig=9
pid 17037 signaled sig=9
pid 17044 signaled sig=9
pid 17032 signaled sig=9
pid 17035 signaled sig=9
pid 17034 signaled sig=9
pid 17033 signaled sig=9
pid 17036 signaled sig=9
pid 17027 signaled sig=9

--- remaining android-ish ---
PID=4114 COMM=WebAppMgr CMD=/usr/bin/WebAppMgr --type=zygote --disable-in-process-stack-traces --no-sandbox --no-sandbox --disable-quic 
