--- pids ---
root     26568     1  0 00:37 ?        00:00:00 /system/bin/servicemanager
root     26569     1  0 00:37 ?        00:00:00 /system/bin/hwservicemanager
root     26570     1  0 00:37 ?        00:00:00 /vendor/bin/vndservicemanager
1000     26638 26628  1 00:37 ?        00:00:00 system_server

--- service list ---
Found 8 services:
0	device_identifiers: [android.os.IDeviceIdentifiersPolicyService]
1	file_integrity: [android.security.IFileIntegrityService]
2	manager: [android.os.IServiceManager]
3	platform_compat: [com.android.internal.compat.IPlatformCompat]
4	platform_compat_native: [com.android.internal.compat.IPlatformCompatNative]
5	powerstats: []
6	system_server_dumper: []
7	uri_grants: [android.app.IUriGrantsManager]
service_count=8

system_server_pid=26638

--- threads ---
TID=26638 COMM=system_server WCHAN=futex_wait_queue_me
TID=26643 COMM=Signal Catcher WCHAN=do_sigtimedwait
TID=26644 COMM=perfetto_hprof_ WCHAN=pipe_wait
TID=26645 COMM=ADB-JDWP Connec WCHAN=futex_wait_queue_me
TID=26646 COMM=HeapTaskDaemon WCHAN=futex_wait_queue_me
TID=26647 COMM=ReferenceQueueD WCHAN=futex_wait_queue_me
TID=26648 COMM=FinalizerDaemon WCHAN=futex_wait_queue_me
TID=26649 COMM=FinalizerWatchd WCHAN=futex_wait_queue_me
TID=26650 COMM=binder:26638_1 WCHAN=binder_thread_read
TID=26651 COMM=Thread-1 WCHAN=futex_wait_queue_me
TID=26652 COMM=android.fg WCHAN=SyS_epoll_wait
TID=26653 COMM=android.ui WCHAN=SyS_epoll_wait
TID=26654 COMM=android.io WCHAN=SyS_epoll_wait
TID=26655 COMM=android.display WCHAN=SyS_epoll_wait
TID=26656 COMM=android.anim WCHAN=SyS_epoll_wait
TID=26657 COMM=android.anim.lf WCHAN=SyS_epoll_wait
TID=26658 COMM=watchdog WCHAN=futex_wait_queue_me
TID=26659 COMM=system-server-i WCHAN=futex_wait_queue_me
TID=26660 COMM=android.bg WCHAN=SyS_epoll_wait
TID=27782 COMM=CriticalEventLo WCHAN=SyS_epoll_wait
TID=27793 COMM=binder:26638_2 WCHAN=binder_thread_read

CHECK_AFTER_POWERSTATS_CALLSITE_LIVE_DONE
