--- pids ---
root     27852     1  0 00:39 ?        00:00:00 /system/bin/incidentd
root     27948     1  0 00:41 ?        00:00:00 /system/bin/servicemanager
root     27949     1  0 00:41 ?        00:00:00 /system/bin/hwservicemanager
root     27950     1  0 00:41 ?        00:00:00 /vendor/bin/vndservicemanager
1000     28007 28001  1 00:42 ?        00:00:00 system_server

--- service list ---
Found 8 services:
0	device_identifiers: [android.os.IDeviceIdentifiersPolicyService]
1	file_integrity: [android.security.IFileIntegrityService]
2	manager: [android.os.IServiceManager]
3	platform_compat: [com.android.internal.compat.IPlatformCompat]
4	platform_compat_native: [com.android.internal.compat.IPlatformCompatNative]
5	powerstats: []
6	system_server_dumper: []
7	uri_grants: [android.app.IUriGrantsManager]
service_count=8

system_server_pid=28007

--- threads ---
TID=28007 COMM=system_server WCHAN=futex_wait_queue_me
TID=28012 COMM=Signal Catcher WCHAN=do_sigtimedwait
TID=28013 COMM=perfetto_hprof_ WCHAN=pipe_wait
TID=28014 COMM=ADB-JDWP Connec WCHAN=futex_wait_queue_me
TID=28015 COMM=HeapTaskDaemon WCHAN=futex_wait_queue_me
TID=28016 COMM=ReferenceQueueD WCHAN=futex_wait_queue_me
TID=28017 COMM=FinalizerDaemon WCHAN=futex_wait_queue_me
TID=28018 COMM=FinalizerWatchd WCHAN=futex_wait_queue_me
TID=28019 COMM=binder:28007_1 WCHAN=binder_thread_read
TID=28020 COMM=Thread-1 WCHAN=futex_wait_queue_me
TID=28021 COMM=android.fg WCHAN=SyS_epoll_wait
TID=28022 COMM=android.ui WCHAN=SyS_epoll_wait
TID=28023 COMM=android.io WCHAN=SyS_epoll_wait
TID=28024 COMM=android.display WCHAN=SyS_epoll_wait
TID=28025 COMM=android.anim WCHAN=SyS_epoll_wait
TID=28026 COMM=android.anim.lf WCHAN=SyS_epoll_wait
TID=28027 COMM=watchdog WCHAN=futex_wait_queue_me
TID=28028 COMM=system-server-i WCHAN=futex_wait_queue_me
TID=28029 COMM=android.bg WCHAN=SyS_epoll_wait
TID=29155 COMM=CriticalEventLo WCHAN=SyS_epoll_wait
TID=29166 COMM=binder:28007_2 WCHAN=binder_thread_read

CHECK_AFTER_ISTATS_LIVE_DONE
