system_server_pid=23891

--- pids ---
root     23831     1  0 00:28 ?        00:00:00 /system/bin/servicemanager
root     23832     1  0 00:28 ?        00:00:00 /system/bin/hwservicemanager
root     23833     1  0 00:28 ?        00:00:00 /vendor/bin/vndservicemanager
1000     23891 23885  2 00:28 ?        00:00:01 system_server

--- service list count ---
Found 7 services:
0	device_identifiers: [android.os.IDeviceIdentifiersPolicyService]
1	file_integrity: [android.security.IFileIntegrityService]
2	manager: [android.os.IServiceManager]
3	platform_compat: [com.android.internal.compat.IPlatformCompat]
4	platform_compat_native: [com.android.internal.compat.IPlatformCompatNative]
5	system_server_dumper: []
6	uri_grants: [android.app.IUriGrantsManager]
service_count=7

--- system_server status ---
Name:	system_server
State:	S (sleeping)
Tgid:	23891
Ngid:	0
Pid:	23891
PPid:	23885
TracerPid:	0
Uid:	1000	1000	1000	1000
Gid:	1000	1000	1000	1000
FDSize:	128
Groups:	1001 1002 1003 1004 1005 1006 1007 1008 1009 1010 1018 1021 1023 1024 1032 1065 3001 3002 3003 3005 3006 3007 3009 3010 3011 3012 
NStgid:	23891
NSpid:	23891
NSpgid:	23885
NSsid:	23849
VmPeak:	 6714352 kB
VmSize:	 6714352 kB
VmLck:	       0 kB
VmPin:	       0 kB
VmHWM:	   86660 kB
VmRSS:	   82572 kB
RssAnon:	   42012 kB
RssFile:	   40360 kB
RssShmem:	     200 kB
VmData:	 6317188 kB
VmStk:	    8192 kB
VmExe:	      12 kB
VmLib:	  112720 kB
VmPTE:	     948 kB
VmPMD:	      36 kB
VmSwap:	       0 kB
Threads:	21
SigQ:	0/5597
SigPnd:	0000000000000000
ShdPnd:	0000000000000000
SigBlk:	0000000080001204
SigIgn:	0000000000000007
SigCgt:	0000006e400084f8
CapInh:	0000001806897c20
CapPrm:	0000001806897c20
CapEff:	0000001806897c20
CapBnd:	0000000000000000
CapAmb:	0000000000000000
Cpus_allowed:	f
Cpus_allowed_list:	0-3
Mems_allowed:	1
Mems_allowed_list:	0
voluntary_ctxt_switches:	140
nonvoluntary_ctxt_switches:	2826

--- system_server threads wchan/stat ---
TID=23891 COMM=system_server WCHAN=futex_wait_queue_me STAT=23891 (system_server) S 23885 23885 23849 0 -1 1077952832 19273 0 4 0 75 18 0 0 18 -2 21 0 1235084 6875496448 20643 18446744073709551615 366582177792 366582189920 548737610144 548737600656 547001417680 0 4612 7 1073775864 1 0 0 17 0 0 0 1 0 0 366582190080 366582191352 367154548736 548737614709 548737614827 548737614827 548737617886 0
TID=23896 COMM=Signal Catcher WCHAN=do_sigtimedwait STAT=23896 (Signal Catcher) S 23885 23885 23849 0 -1 1077952576 60 0 0 0 0 0 0 0 0 -20 21 0 1235095 6875496448 20643 18446744073709551615 366582177792 366582189920 548737610144 544228752112 547001765352 0 4096 7 1073775864 1 0 0 -1 2 0 0 0 0 0 366582190080 366582191352 367154548736 548737614709 548737614827 548737614827 548737617886 0
TID=23897 COMM=perfetto_hprof_ WCHAN=pipe_wait STAT=23897 (perfetto_hprof_) S 23885 23885 23849 0 -1 4210752 7 0 0 0 0 0 0 0 0 -20 21 0 1235095 6875496448 20643 18446744073709551615 366582177792 366582189920 548737610144 544227711984 547001762056 0 4612 7 1073775864 1 0 0 -1 2 0 0 0 0 0 366582190080 366582191352 367154548736 548737614709 548737614827 548737614827 548737617886 0
TID=23898 COMM=ADB-JDWP Connec WCHAN=futex_wait_queue_me STAT=23898 (ADB-JDWP Connec) S 23885 23885 23849 0 -1 1077952576 18 0 0 0 0 0 0 0 0 -20 21 0 1235095 6875496448 20643 18446744073709551615 366582177792 366582189920 548737610144 544226670224 547001417680 0 4612 7 1073775864 1 0 0 -1 2 0 0 0 0 0 366582190080 366582191352 367154548736 548737614709 548737614827 548737614827 548737617886 0
TID=23899 COMM=HeapTaskDaemon WCHAN=futex_wait_queue_me STAT=23899 (HeapTaskDaemon) S 23885 23885 23849 0 -1 1077952576 1128 0 0 0 8 0 0 0 24 4 21 0 1235095 6875496448 20643 18446744073709551615 366582177792 366582189920 548737610144 544225630032 547001417680 0 4612 7 1073775864 1 0 0 -1 1 0 0 0 0 0 366582190080 366582191352 367154548736 548737614709 548737614827 548737614827 548737617886 0
TID=23900 COMM=ReferenceQueueD WCHAN=futex_wait_queue_me STAT=23900 (ReferenceQueueD) S 23885 23885 23849 0 -1 1077952576 12 0 0 0 0 0 0 0 24 4 21 0 1235095 6875496448 20643 18446744073709551615 366582177792 366582189920 548737610144 544224540368 547001417680 0 4612 7 1073775864 1 0 0 -1 2 0 0 0 0 0 366582190080 366582191352 367154548736 548737614709 548737614827 548737614827 548737617886 0
TID=23901 COMM=FinalizerDaemon WCHAN=futex_wait_queue_me STAT=23901 (FinalizerDaemon) S 23885 23885 23849 0 -1 1077952576 20 0 0 0 0 0 0 0 24 4 21 0 1235095 6875496448 20643 18446744073709551615 366582177792 366582189920 548737610144 542992320080 547001417680 0 4612 7 1073775864 1 0 0 -1 2 0 0 0 0 0 366582190080 366582191352 367154548736 548737614709 548737614827 548737614827 548737617886 0
TID=23902 COMM=FinalizerWatchd WCHAN=futex_wait_queue_me STAT=23902 (FinalizerWatchd) S 23885 23885 23849 0 -1 1077952576 3 0 0 0 0 0 0 0 24 4 21 0 1235095 6875496448 20643 18446744073709551615 366582177792 366582189920 548737610144 542929565376 547001417680 0 4612 7 1073775864 1 0 0 -1 2 0 0 0 0 0 366582190080 366582191352 367154548736 548737614709 548737614827 548737614827 548737617886 0
TID=23903 COMM=binder:23891_1 WCHAN=binder_thread_read STAT=23903 (binder:23891_1) S 23885 23885 23849 0 -1 4210752 55 0 0 0 0 0 0 0 20 0 21 0 1235097 6875496448 20643 18446744073709551615 366582177792 366582189920 548737610144 542805141856 547001762792 0 4612 7 1073775864 1 0 0 -1 2 0 0 0 0 0 366582190080 366582191352 367154548736 548737614709 548737614827 548737614827 548737617886 0
TID=23904 COMM=Thread-1 WCHAN=futex_wait_queue_me STAT=23904 (Thread-1) S 23885 23885 23849 0 -1 1077952576 36 0 0 0 0 0 0 0 20 0 21 0 1235127 6875496448 20643 18446744073709551615 366582177792 366582189920 548737610144 542662055456 547001417680 0 4612 7 1073775864 1 0 0 -1 1 0 0 0 0 0 366582190080 366582191352 367154548736 548737614709 548737614827 548737614827 548737617886 0
TID=23905 COMM=android.fg WCHAN=SyS_epoll_wait STAT=23905 (android.fg) S 23885 23885 23849 0 -1 4210752 22 0 0 0 0 0 0 0 20 0 21 0 1235205 6875496448 20643 18446744073709551615 366582177792 366582189920 548737610144 542586094800 547001766856 0 4612 7 1073775864 1 0 0 -1 0 0 0 0 0 0 366582190080 366582191352 367154548736 548737614709 548737614827 548737614827 548737617886 0
TID=23906 COMM=android.ui WCHAN=SyS_epoll_wait STAT=23906 (android.ui) S 23885 23885 23849 0 -1 4211008 13 0 0 0 0 0 0 0 18 -2 21 0 1235205 6875496448 20643 18446744073709551615 366582177792 366582189920 548737610144 542568228032 547001766856 0 4612 7 1073775864 1 0 0 -1 1 0 0 0 0 0 366582190080 366582191352 367154548736 548737614709 548737614827 548737614827 548737617886 0
TID=23907 COMM=android.io WCHAN=SyS_epoll_wait STAT=23907 (android.io) S 23885 23885 23849 0 -1 4210752 2 0 0 0 0 0 0 0 20 0 21 0 1235205 6875496448 20643 18446744073709551615 366582177792 366582189920 548737610144 542550361296 547001766856 0 4612 7 1073775864 1 0 0 -1 1 0 0 0 0 0 366582190080 366582191352 367154548736 548737614709 548737614827 548737614827 548737617886 0
TID=23908 COMM=android.display WCHAN=SyS_epoll_wait STAT=23908 (android.display) S 23885 23885 23849 0 -1 4211008 2 0 0 0 0 0 0 0 17 -3 21 0 1235205 6875496448 20643 18446744073709551615 366582177792 366582189920 548737610144 542532494544 547001766856 0 4612 7 1073775864 1 0 0 -1 1 0 0 0 0 0 366582190080 366582191352 367154548736 548737614709 548737614827 548737614827 548737617886 0
TID=23909 COMM=android.anim WCHAN=SyS_epoll_wait STAT=23909 (android.anim) S 23885 23885 23849 0 -1 4211008 2 0 0 0 0 0 0 0 16 -4 21 0 1235205 6875496448 20643 18446744073709551615 366582177792 366582189920 548737610144 542514627792 547001766856 0 4612 7 1073775864 1 0 0 -1 1 0 0 0 0 0 366582190080 366582191352 367154548736 548737614709 548737614827 548737614827 548737617886 0
TID=23910 COMM=android.anim.lf WCHAN=SyS_epoll_wait STAT=23910 (android.anim.lf) S 23885 23885 23849 0 -1 4211008 3 0 0 0 0 0 0 0 16 -4 21 0 1235206 6875496448 20643 18446744073709551615 366582177792 366582189920 548737610144 542496761040 547001766856 0 4612 7 1073775864 1 0 0 -1 1 0 0 0 0 0 366582190080 366582191352 367154548736 548737614709 548737614827 548737614827 548737617886 0
TID=23911 COMM=watchdog WCHAN=futex_wait_queue_me STAT=23911 (watchdog) S 23885 23885 23849 0 -1 1077952576 371 0 0 0 0 0 0 0 20 0 21 0 1235206 6875496448 20643 18446744073709551615 366582177792 366582189920 548737610144 542478893728 547001417680 0 4612 7 1073775864 1 0 0 -1 0 0 0 0 0 0 366582190080 366582191352 367154548736 548737614709 548737614827 548737614827 548737617886 0
TID=23912 COMM=system-server-i WCHAN=futex_wait_queue_me STAT=23912 (system-server-i) S 23885 23885 23849 0 -1 1077952832 960 0 0 0 9 0 0 0 18 -2 21 0 1235206 6875496448 20643 18446744073709551615 366582177792 366582189920 548737610144 542461027536 547001417680 0 4612 7 1073775864 1 0 0 -1 1 0 0 0 0 0 366582190080 366582191352 367154548736 548737614709 548737614827 548737614827 548737617886 0
TID=23913 COMM=android.bg WCHAN=SyS_epoll_wait STAT=23913 (android.bg) S 23885 23885 23849 0 -1 4210752 30 0 0 0 1 1 0 0 30 10 21 0 1235211 6875496448 20643 18446744073709551615 366582177792 366582189920 548737610144 542443160816 547001766856 0 4612 7 1073775864 1 0 0 -1 1 0 0 0 0 0 366582190080 366582191352 367154548736 548737614709 548737614827 548737614827 548737617886 0
TID=25041 COMM=CriticalEventLo WCHAN=SyS_epoll_wait STAT=25041 (CriticalEventLo) S 23885 23885 23849 0 -1 4210752 37 0 0 0 0 0 0 0 20 0 21 0 1238207 6875496448 20643 18446744073709551615 366582177792 366582189920 548737610144 542425294064 547001766856 0 4612 7 1073775864 1 0 0 -1 1 0 0 0 0 0 366582190080 366582191352 367154548736 548737614709 548737614827 548737614827 548737617886 0
TID=25057 COMM=binder:23891_2 WCHAN=binder_thread_read STAT=25057 (binder:23891_2) S 23885 23885 23849 0 -1 4210752 21 0 0 0 0 0 0 0 20 0 21 0 1240731 6875496448 20643 18446744073709551615 366582177792 366582189920 548737610144 542407428448 547001762792 0 4612 7 1073775864 1 0 0 -1 0 0 0 0 0 0 366582190080 366582191352 367154548736 548737614709 548737614827 548737614827 548737617886 0

--- native kernel stacks if available ---
=== TID=23891 COMM=system_server ===
[<ffffffc00008ed08>] __switch_to+0x90/0xa8
[<ffffffc000116890>] futex_wait_queue_me+0xc8/0x160
[<ffffffc000117410>] futex_wait+0x128/0x200
[<ffffffc000119490>] do_futex+0x508/0xaf8
[<ffffffc000119bac>] SyS_futex+0x12c/0x160
[<ffffffc00008de30>] el0_svc_naked+0x24/0x28
[<ffffffffffffffff>] 0xffffffffffffffff
=== TID=23896 COMM=Signal Catcher ===
[<ffffffc00008ed08>] __switch_to+0x90/0xa8
[<ffffffc0000b5158>] do_sigtimedwait+0x148/0x1d0
[<ffffffc0000b52b8>] SyS_rt_sigtimedwait+0xd8/0x118
[<ffffffc00008de30>] el0_svc_naked+0x24/0x28
[<ffffffffffffffff>] 0xffffffffffffffff
=== TID=23897 COMM=perfetto_hprof_ ===
[<ffffffc00008ed08>] __switch_to+0x90/0xa8
[<ffffffc0001ce76c>] pipe_wait+0x84/0xb0
[<ffffffc0001cee14>] pipe_read+0x1dc/0x2a8
[<ffffffc0001c5c38>] __vfs_read+0x98/0xc8
[<ffffffc0001c650c>] vfs_read+0x8c/0x158
[<ffffffc0001c7154>] SyS_read+0x44/0xa0
[<ffffffc00008de30>] el0_svc_naked+0x24/0x28
[<ffffffffffffffff>] 0xffffffffffffffff
=== TID=23898 COMM=ADB-JDWP Connec ===
[<ffffffc00008ed08>] __switch_to+0x90/0xa8
[<ffffffc000116890>] futex_wait_queue_me+0xc8/0x160
[<ffffffc000117410>] futex_wait+0x128/0x200
[<ffffffc000119490>] do_futex+0x508/0xaf8
[<ffffffc000119bac>] SyS_futex+0x12c/0x160
[<ffffffc00008de30>] el0_svc_naked+0x24/0x28
[<ffffffffffffffff>] 0xffffffffffffffff
=== TID=23899 COMM=HeapTaskDaemon ===
[<ffffffc00008ed08>] __switch_to+0x90/0xa8
[<ffffffc000116890>] futex_wait_queue_me+0xc8/0x160
[<ffffffc000117410>] futex_wait+0x128/0x200
[<ffffffc000119490>] do_futex+0x508/0xaf8
[<ffffffc000119bac>] SyS_futex+0x12c/0x160
[<ffffffc00008de30>] el0_svc_naked+0x24/0x28
[<ffffffffffffffff>] 0xffffffffffffffff
=== TID=23900 COMM=ReferenceQueueD ===
[<ffffffc00008ed08>] __switch_to+0x90/0xa8
[<ffffffc000116890>] futex_wait_queue_me+0xc8/0x160
[<ffffffc000117410>] futex_wait+0x128/0x200
[<ffffffc000119490>] do_futex+0x508/0xaf8
[<ffffffc000119bac>] SyS_futex+0x12c/0x160
[<ffffffc00008de30>] el0_svc_naked+0x24/0x28
[<ffffffffffffffff>] 0xffffffffffffffff
=== TID=23901 COMM=FinalizerDaemon ===
[<ffffffc00008ed08>] __switch_to+0x90/0xa8
[<ffffffc000116890>] futex_wait_queue_me+0xc8/0x160
[<ffffffc000117410>] futex_wait+0x128/0x200
[<ffffffc000119490>] do_futex+0x508/0xaf8
[<ffffffc000119bac>] SyS_futex+0x12c/0x160
[<ffffffc00008de30>] el0_svc_naked+0x24/0x28
[<ffffffffffffffff>] 0xffffffffffffffff
=== TID=23902 COMM=FinalizerWatchd ===
[<ffffffc00008ed08>] __switch_to+0x90/0xa8
[<ffffffc000116890>] futex_wait_queue_me+0xc8/0x160
[<ffffffc000117410>] futex_wait+0x128/0x200
[<ffffffc000119490>] do_futex+0x508/0xaf8
[<ffffffc000119bac>] SyS_futex+0x12c/0x160
[<ffffffc00008de30>] el0_svc_naked+0x24/0x28
[<ffffffffffffffff>] 0xffffffffffffffff
=== TID=23903 COMM=binder:23891_1 ===
[<ffffffc00008ed08>] __switch_to+0x90/0xa8
[<ffffffbffc385020>] binder_thread_read+0xe80/0x10a0 [binder]
[<ffffffbffc3881f0>] binder_ioctl_write_read.constprop.0+0x150/0x330 [binder]
[<ffffffbffc3884fc>] binder_ioctl+0x12c/0x738 [binder]
[<ffffffc0001d8514>] do_vfs_ioctl+0x36c/0x5a8
[<ffffffc0001d87c8>] SyS_ioctl+0x78/0x98
[<ffffffc00008de30>] el0_svc_naked+0x24/0x28
[<ffffffffffffffff>] 0xffffffffffffffff
=== TID=23904 COMM=Thread-1 ===
[<ffffffc00008ed08>] __switch_to+0x90/0xa8
[<ffffffc000116890>] futex_wait_queue_me+0xc8/0x160
[<ffffffc000117410>] futex_wait+0x128/0x200
[<ffffffc000119490>] do_futex+0x508/0xaf8
[<ffffffc000119bac>] SyS_futex+0x12c/0x160
[<ffffffc00008de30>] el0_svc_naked+0x24/0x28
[<ffffffffffffffff>] 0xffffffffffffffff
=== TID=23905 COMM=android.fg ===
[<ffffffc00008ed08>] __switch_to+0x90/0xa8
[<ffffffc00020e20c>] SyS_epoll_wait+0x33c/0x3d8
[<ffffffc00020e378>] SyS_epoll_pwait+0xd0/0x128
[<ffffffc00008de30>] el0_svc_naked+0x24/0x28
[<ffffffffffffffff>] 0xffffffffffffffff
=== TID=23906 COMM=android.ui ===
[<ffffffc00008ed08>] __switch_to+0x90/0xa8
[<ffffffc00020e20c>] SyS_epoll_wait+0x33c/0x3d8
[<ffffffc00020e378>] SyS_epoll_pwait+0xd0/0x128
[<ffffffc00008de30>] el0_svc_naked+0x24/0x28
[<ffffffffffffffff>] 0xffffffffffffffff
=== TID=23907 COMM=android.io ===
[<ffffffc00008ed08>] __switch_to+0x90/0xa8
[<ffffffc00020e20c>] SyS_epoll_wait+0x33c/0x3d8
[<ffffffc00020e378>] SyS_epoll_pwait+0xd0/0x128
[<ffffffc00008de30>] el0_svc_naked+0x24/0x28
[<ffffffffffffffff>] 0xffffffffffffffff
=== TID=23908 COMM=android.display ===
[<ffffffc00008ed08>] __switch_to+0x90/0xa8
[<ffffffc00020e20c>] SyS_epoll_wait+0x33c/0x3d8
[<ffffffc00020e378>] SyS_epoll_pwait+0xd0/0x128
[<ffffffc00008de30>] el0_svc_naked+0x24/0x28
[<ffffffffffffffff>] 0xffffffffffffffff
=== TID=23909 COMM=android.anim ===
[<ffffffc00008ed08>] __switch_to+0x90/0xa8
[<ffffffc00020e20c>] SyS_epoll_wait+0x33c/0x3d8
[<ffffffc00020e378>] SyS_epoll_pwait+0xd0/0x128
[<ffffffc00008de30>] el0_svc_naked+0x24/0x28
[<ffffffffffffffff>] 0xffffffffffffffff
=== TID=23910 COMM=android.anim.lf ===
[<ffffffc00008ed08>] __switch_to+0x90/0xa8
[<ffffffc00020e20c>] SyS_epoll_wait+0x33c/0x3d8
[<ffffffc00020e378>] SyS_epoll_pwait+0xd0/0x128
[<ffffffc00008de30>] el0_svc_naked+0x24/0x28
[<ffffffffffffffff>] 0xffffffffffffffff
=== TID=23911 COMM=watchdog ===
[<ffffffc00008ed08>] __switch_to+0x90/0xa8
[<ffffffc000116890>] futex_wait_queue_me+0xc8/0x160
[<ffffffc000117410>] futex_wait+0x128/0x200
[<ffffffc000119490>] do_futex+0x508/0xaf8
[<ffffffc000119bac>] SyS_futex+0x12c/0x160
[<ffffffc00008de30>] el0_svc_naked+0x24/0x28
[<ffffffffffffffff>] 0xffffffffffffffff
=== TID=23912 COMM=system-server-i ===
[<ffffffc00008ed08>] __switch_to+0x90/0xa8
[<ffffffc000116890>] futex_wait_queue_me+0xc8/0x160
[<ffffffc000117410>] futex_wait+0x128/0x200
[<ffffffc000119490>] do_futex+0x508/0xaf8
[<ffffffc000119bac>] SyS_futex+0x12c/0x160
[<ffffffc00008de30>] el0_svc_naked+0x24/0x28
[<ffffffffffffffff>] 0xffffffffffffffff
=== TID=23913 COMM=android.bg ===
[<ffffffc00008ed08>] __switch_to+0x90/0xa8
[<ffffffc00020e20c>] SyS_epoll_wait+0x33c/0x3d8
[<ffffffc00020e378>] SyS_epoll_pwait+0xd0/0x128
[<ffffffc00008de30>] el0_svc_naked+0x24/0x28
[<ffffffffffffffff>] 0xffffffffffffffff
=== TID=25041 COMM=CriticalEventLo ===
[<ffffffc00008ed08>] __switch_to+0x90/0xa8
[<ffffffc00020e20c>] SyS_epoll_wait+0x33c/0x3d8
[<ffffffc00020e378>] SyS_epoll_pwait+0xd0/0x128
[<ffffffc00008de30>] el0_svc_naked+0x24/0x28
[<ffffffffffffffff>] 0xffffffffffffffff
=== TID=25057 COMM=binder:23891_2 ===
[<ffffffc00008ed08>] __switch_to+0x90/0xa8
[<ffffffbffc385020>] binder_thread_read+0xe80/0x10a0 [binder]
[<ffffffbffc3881f0>] binder_ioctl_write_read.constprop.0+0x150/0x330 [binder]
[<ffffffbffc3884fc>] binder_ioctl+0x12c/0x738 [binder]
[<ffffffc0001d8514>] do_vfs_ioctl+0x36c/0x5a8
[<ffffffc0001d87c8>] SyS_ioctl+0x78/0x98
[<ffffffc00008de30>] el0_svc_naked+0x24/0x28
[<ffffffffffffffff>] 0xffffffffffffffff

CHECK_LIVE_SYSTEMSERVER_PROGRESS_DONE
