--- 0. current libandroid_runtime patches ---
FileDescriptorTable::ReopenOrDetach @ 0x1d4e80:  c0 03 5f d6
storage abort @ 0x1ca198:  1f 20 03 d5
SetTaskProfiles call @ 0x1ca1b0:  20 00 80 52

--- 1. binder nodes ---
crw-rw-rw-    1 root     root       10,  53 May 29 21:10 /dev/binder
crw-rw-rw-    1 root     root       10,  52 May 29 21:10 /dev/hwbinder
crw-rw-rw-    1 root     root       10,  51 May 29 21:10 /dev/vndbinder
  File: /dev/binder
  Size: 0         	Blocks: 0          IO Block: 4096   character special file
Device: 6h/6d	Inode: 83970       Links: 1     Device type: a,35
Access: (0666/crw-rw-rw-)  Uid: (    0/    root)   Gid: (    0/    root)
Access: 2026-05-29 21:10:22.000000000
Modify: 2026-05-29 21:10:22.000000000
Change: 2026-05-29 21:10:22.000000000

  File: /dev/hwbinder
  Size: 0         	Blocks: 0          IO Block: 4096   character special file
Device: 6h/6d	Inode: 83971       Links: 1     Device type: a,34
Access: (0666/crw-rw-rw-)  Uid: (    0/    root)   Gid: (    0/    root)
Access: 2026-05-29 21:10:22.000000000
Modify: 2026-05-29 21:10:22.000000000
Change: 2026-05-29 21:10:22.000000000

  File: /dev/vndbinder
  Size: 0         	Blocks: 0          IO Block: 4096   character special file
Device: 6h/6d	Inode: 83972       Links: 1     Device type: a,33
Access: (0666/crw-rw-rw-)  Uid: (    0/    root)   Gid: (    0/    root)
Access: 2026-05-29 21:10:22.000000000
Modify: 2026-05-29 21:10:22.000000000
Change: 2026-05-29 21:10:22.000000000


--- 2. binder module ---
binder                118784  3
/proc/misc: 51 vndbinder
/proc/misc: 52 hwbinder
/proc/misc: 53 binder

--- 3. service managers process/root/fds ---

### servicemanager
pids=5655
--- pid 5655 ---
/system/bin/servicemanager 
exe: /media/internal/android-usb/android-rootfs/system/bin/servicemanager
root: /media/internal/android-usb/android-rootfs
cwd: /media/internal/android-usb/android-rootfs
status:
Name:	servicemanager
State:	S (sleeping)
Pid:	5655
PPid:	1
TracerPid:	0
Uid:	0	0	0	0
Gid:	0	0	0	0
CapInh:	0000000000000000
CapPrm:	0000003fffffffff
CapEff:	0000003fffffffff
CapBnd:	0000003fffffffff
CapAmb:	0000000000000000
fds:
/proc/5655/fd/0 -> /dev/null
/proc/5655/fd/1 -> /media/internal/android-usb/android-sidecar/logs/servicemanager.log
/proc/5655/fd/2 -> /media/internal/android-usb/android-sidecar/logs/servicemanager.log
/proc/5655/fd/3 -> /media/internal/android-usb/android-rootfs/dev/binder
/proc/5655/fd/4 -> socket:[82876]

### hwservicemanager
pids=5657
--- pid 5657 ---
/system/bin/hwservicemanager 
exe: /media/internal/android-usb/android-rootfs/system/bin/hwservicemanager
root: /media/internal/android-usb/android-rootfs
cwd: /media/internal/android-usb/android-rootfs
status:
Name:	hwservicemanage
State:	S (sleeping)
Pid:	5657
PPid:	1
TracerPid:	0
Uid:	0	0	0	0
Gid:	0	0	0	0
CapInh:	0000000000000000
CapPrm:	0000003fffffffff
CapEff:	0000003fffffffff
CapBnd:	0000003fffffffff
CapAmb:	0000000000000000
fds:
/proc/5657/fd/0 -> /dev/null
/proc/5657/fd/1 -> /media/internal/android-usb/android-sidecar/logs/hwservicemanager.log
/proc/5657/fd/2 -> /media/internal/android-usb/android-sidecar/logs/hwservicemanager.log
/proc/5657/fd/3 -> /media/internal/android-usb/android-rootfs/dev/hwbinder
/proc/5657/fd/4 -> socket:[84072]

### vndservicemanager
pids=5653
--- pid 5653 ---
/vendor/bin/vndservicemanager 
exe: /media/internal/android-usb/android-rootfs/vendor/bin/vndservicemanager
root: /media/internal/android-usb/android-rootfs
cwd: /media/internal/android-usb/android-rootfs
status:
Name:	vndservicemanag
State:	S (sleeping)
Pid:	5653
PPid:	1
TracerPid:	0
Uid:	0	0	0	0
Gid:	0	0	0	0
CapInh:	0000000000000000
CapPrm:	0000003fffffffff
CapEff:	0000003fffffffff
CapBnd:	0000003fffffffff
CapAmb:	0000000000000000
fds:
/proc/5653/fd/0 -> /dev/null
/proc/5653/fd/1 -> /media/internal/android-usb/android-sidecar/logs/vndservicemanager.log
/proc/5653/fd/2 -> /media/internal/android-usb/android-sidecar/logs/vndservicemanager.log
/proc/5653/fd/3 -> /media/internal/android-usb/android-rootfs/dev/binder
/proc/5653/fd/4 -> socket:[83634]

--- 4. try binder client: /system/bin/service list ---
Found 1 services:
0	manager: [android.os.IServiceManager]
service_list_rc=0

--- 5. try binder client: cmd -l, may fail if system_server is not up ---
Currently running services:
  manager
cmd_l_rc=0

--- 6. tombstones before rerun ---

--- 7. recent kernel binder messages before rerun ---
[ 8229.790354] binder: 774011264:0 ioctl 40046210 7fe2400bd0 returned -22
[ 8229.790398] binder: binder_alloc_shim: binder_mmap enter filp=ffffffc0a5323600 vma=ffffffc02a80f4d0 start=0x7f05902000 end=0x7f05a00000 flags=0x200071
[ 8229.790417] binder: binder_alloc_shim: update_page_range enter allocate=1 start=ffffff8004680000 end=ffffff8004681000 vma=ffffffc02a80f4d0
[ 8229.790423] binder: binder_alloc_shim: before __get_free_page GFP_KERNEL=0x24000c0
[ 8229.790427] binder: binder_alloc_shim: after __get_free_page addr=0xffffffc03227c000
[ 8229.790431] binder: binder_alloc_shim: virt_to_page page=ffffffbdc0c89f00
[ 8229.790438] binder: binder_alloc_shim: before vm_insert_page user_page_addr=0x7f05902000 page=ffffffbdc0c89f00
[ 8229.790445] binder: binder_alloc_shim: after vm_insert_page ret=0
[ 8229.790660] binder: binder_alloc_shim: update_page_range enter allocate=1 start=ffffff800a681000 end=ffffff800a681000 vma=          (null)
[ 8229.791189] binder: binder_alloc_shim: update_page_range enter allocate=1 start=ffffff8004681000 end=ffffff8004681000 vma=          (null)
[ 8229.791216] binder: binder_alloc_shim: update_page_range enter allocate=0 start=ffffff800a681000 end=ffffff800a680000 vma=          (null)
[ 8229.791225] binder: binder_alloc_shim: update_page_range enter allocate=0 start=ffffff8004681000 end=ffffff8004680000 vma=          (null)
[ 8229.791393] binder: binder_alloc_shim: update_page_range enter allocate=1 start=ffffff800a681000 end=ffffff800a681000 vma=          (null)
[ 8229.800267] binder: binder_alloc_shim: update_page_range enter allocate=1 start=ffffff8004681000 end=ffffff8004681000 vma=          (null)
[ 8229.800405] binder: binder_alloc_shim: update_page_range enter allocate=0 start=ffffff800a681000 end=ffffff800a680000 vma=          (null)
[ 8229.802980] binder: binder_alloc_shim: update_page_range enter allocate=0 start=ffffff8004681000 end=ffffff8004680000 vma=          (null)
[ 8229.803903] binder: binder_alloc_shim: update_page_range enter allocate=1 start=ffffff800a681000 end=ffffff800a681000 vma=          (null)
[ 8229.804227] binder: binder_alloc_shim: update_page_range enter allocate=1 start=ffffff8004681000 end=ffffff8004681000 vma=          (null)
[ 8229.804314] binder: binder_alloc_shim: update_page_range enter allocate=0 start=ffffff800a681000 end=ffffff800a680000 vma=          (null)
[ 8229.804595] binder: binder_alloc_shim: update_page_range enter allocate=0 start=ffffff8004681000 end=ffffff8004680000 vma=          (null)
[ 8229.804644] binder: binder_alloc_shim: update_page_range enter allocate=1 start=ffffff800a681000 end=ffffff800a681000 vma=          (null)
[ 8229.804704] binder: binder_alloc_shim: update_page_range enter allocate=1 start=ffffff8004681000 end=ffffff8004681000 vma=          (null)
[ 8229.804733] binder: binder_alloc_shim: update_page_range enter allocate=0 start=ffffff800a681000 end=ffffff800a680000 vma=          (null)
[ 8229.804759] binder: binder_alloc_shim: update_page_range enter allocate=0 start=ffffff8004681000 end=ffffff8004680000 vma=          (null)
[ 8229.839379] binder: 774002432:0 ioctl 40046210 7fef3cf5f0 returned -22
[ 8229.839416] binder: binder_alloc_shim: binder_mmap enter filp=ffffffc08acd8200 vma=ffffffc0a081c790 start=0x7f14d02000 end=0x7f14e00000 flags=0x200071
[ 8229.839436] binder: binder_alloc_shim: update_page_range enter allocate=1 start=ffffff8004780000 end=ffffff8004781000 vma=ffffffc0a081c790
[ 8229.839441] binder: binder_alloc_shim: before __get_free_page GFP_KERNEL=0x24000c0
[ 8229.839447] binder: binder_alloc_shim: after __get_free_page addr=0xffffffc08bb30000
[ 8229.839451] binder: binder_alloc_shim: virt_to_page page=ffffffbdc22ecc00
[ 8229.839456] binder: binder_alloc_shim: before vm_insert_page user_page_addr=0x7f14d02000 page=ffffffbdc22ecc00
[ 8229.839464] binder: binder_alloc_shim: after vm_insert_page ret=0
[ 8229.839822] binder: binder_alloc_shim: update_page_range enter allocate=1 start=ffffff800a681000 end=ffffff800a681000 vma=          (null)
[ 8229.839909] binder: binder_alloc_shim: update_page_range enter allocate=1 start=ffffff8004781000 end=ffffff8004781000 vma=          (null)
[ 8229.839930] binder: binder_alloc_shim: update_page_range enter allocate=0 start=ffffff800a681000 end=ffffff800a680000 vma=          (null)
[ 8229.839939] binder: binder_alloc_shim: update_page_range enter allocate=0 start=ffffff8004781000 end=ffffff8004780000 vma=          (null)
[ 8229.840019] binder: binder_alloc_shim: update_page_range enter allocate=1 start=ffffff800a681000 end=ffffff800a681000 vma=          (null)
[ 8229.840104] binder: binder_alloc_shim: update_page_range enter allocate=1 start=ffffff8004781000 end=ffffff8004781000 vma=          (null)
[ 8229.840148] binder: binder_alloc_shim: update_page_range enter allocate=0 start=ffffff8004781000 end=ffffff8004780000 vma=          (null)
[ 8229.840156] binder: binder_alloc_shim: update_page_range enter allocate=0 start=ffffff800a681000 end=ffffff800a680000 vma=          (null)
[ 8229.840354] binder: binder_alloc_shim: update_page_range enter allocate=1 start=ffffff800a681000 end=ffffff800a681000 vma=          (null)
[ 8229.840417] binder: binder_alloc_shim: update_page_range enter allocate=1 start=ffffff8004781000 end=ffffff8004781000 vma=          (null)
[ 8229.840451] binder: binder_alloc_shim: update_page_range enter allocate=0 start=ffffff800a681000 end=ffffff800a680000 vma=          (null)
[ 8229.840463] binder: binder_alloc_shim: update_page_range enter allocate=0 start=ffffff8004781000 end=ffffff8004780000 vma=          (null)

BINDER_DEEPER_DONE
