--- hard cleanup old android zygotes/wrappers ---

--- sanity files ---
-rwxr-xr-x    1 root     root        782632 May 29 22:06 /media/internal/android-usb/android-sidecar/bin/ptrace_bt_wrap
-rwxr-xr-x    1 root     root        710584 May 29 21:24 /media/internal/android-usb/android-sidecar/zygote_socket_wrap
-rw-r--r--    1 root     root        156186 May 30 11:05 /media/internal/android-usb/android-rootfs/linkerconfig/ld.config.txt

--- sanity patches ---
abort call @ 0x1ca198:  1f 20 03 d5
task call  @ 0x1ca1b0:  20 00 80 52
task tbz   @ 0x1ca208:  1f 20 03 d5

--- classpath ---
BOOTCLASSPATH length: 1624
SYSTEMSERVERCLASSPATH length: 463

--- ptrace start-system-server zygote ---

--- important ---
2:WARNING: platform method missing - proto runtime falling back to safer methods: java.lang.NoSuchMethodException: sun.misc.Unsafe.copyMemory [class java.lang.Object, long, class java.lang.Object, long, long]
3:java.security.KeyStoreException: JKS not found
14:Caused by: java.security.NoSuchAlgorithmException: JKS KeyStore not available
30:=== CRASH pid=20440 sig=6 ===
31:pc=0x7f7a0baa00 sp=0x7ff319fef0 fp/x29=0x7ff319ff90 lr/x30=0x7f7a0ba9d4 pstate=0x0
64:--- owners ---
65:pc=0x7f7a0baa00 map_off=0x43a00 file_off=0x8aa00 r-xp /media/internal/android-usb/android-rootfs/apex/com.android.runtime/lib64/bionic/libc.so
66:lr=0x7f7a0ba9d4 map_off=0x439d4 file_off=0x8a9d4 r-xp /media/internal/android-usb/android-rootfs/apex/com.android.runtime/lib64/bionic/libc.so
68:--- frame chain x29 ---
69:#0  fp=0x7ff319ff90 ret=0x7ef700a740 ret=0x7ef700a740 map_off=0x40a740 file_off=0x60a740 r-xp /media/internal/android-usb/android-rootfs/apex/com.android.art/lib64/libart.so
70:#1  fp=0x7ff319ffe0 ret=0x7f79e99eac ret=0x7f79e99eac map_off=0x4eac file_off=0x16eac r-xp /media/internal/android-usb/android-rootfs/system/lib64/libbase.so
71:#2  fp=0x7ff31a0060 ret=0x7f79e99454 ret=0x7f79e99454 map_off=0x4454 file_off=0x16454 r-xp /media/internal/android-usb/android-rootfs/system/lib64/libbase.so
72:#3  fp=0x7ff31a00b0 ret=0x7ef6ebe390 ret=0x7ef6ebe390 map_off=0x2be390 file_off=0x4be390 r-xp /media/internal/android-usb/android-rootfs/apex/com.android.art/lib64/libart.so
73:#4  fp=0x7ff31a00f0 ret=0x7f9519c414 ret=0x7f9519c414 map_off=0x10c414 file_off=0x1c7414 r-xp /media/internal/android-usb/android-rootfs/system/lib64/libandroid_runtime.so
74:#5  fp=0x7ff31a0150 ret=0x7f951a886c ret=0x7f951a886c map_off=0x11886c file_off=0x1d386c r-xp /media/internal/android-usb/android-rootfs/system/lib64/libandroid_runtime.so
75:#6  fp=0x7ff31a0310 ret=0x7f951a971c ret=0x7f951a971c map_off=0x11971c file_off=0x1d471c r-xp /media/internal/android-usb/android-rootfs/system/lib64/libandroid_runtime.so
76:#7  fp=0x7ff31a03c0 ret=0x7f9519c5fc ret=0x7f9519c5fc map_off=0x10c5fc file_off=0x1c75fc r-xp /media/internal/android-usb/android-rootfs/system/lib64/libandroid_runtime.so
77:#8  fp=0x7ff31a0480 ret=0x7f9519e5a4 ret=0x7f9519e5a4 map_off=0x10e5a4 file_off=0x1c95a4 r-xp /media/internal/android-usb/android-rootfs/system/lib64/libandroid_runtime.so
78:#9  fp=0x7ff31a05d0 ret=0x7211510c ret=0x7211510c map_off=0x2410c file_off=0x1cd10c r-xp /media/internal/android-usb/android-rootfs/system/framework/arm64/boot-framework.oat
88:0x7ef74b7000-0x7ef74bb000 off=0x4000 r-xp /media/internal/android-usb/android-rootfs/system/lib64/libartpalette-systemlibc: Fatal signal 6 (SIGABRT), code -1 (SI_QUEUE) in tid 20440 (main), pid 20440 (main)
96:=== END CRASH ===
104:=== CRASH pid=20440 sig=6 ===
105:pc=0x7f7a0baa00 sp=0x7ff319fef0 fp/x29=0x7ff319ff90 lr/x30=0x7f7a0ba9d4 pstate=0x0
138:--- owners ---
139:pc=0x7f7a0baa00 map_off=0x43a00 file_off=0x8aa00 r-xp /media/internal/android-usb/android-rootfs/apex/com.android.runtime/lib64/bionic/libc.so
140:lr=0x7f7a0ba9d4 map_off=0x439d4 file_off=0x8a9d4 r-xp /media/internal/android-usb/android-rootfs/apex/com.android.runtime/lib64/bionic/libc.so
142:--- frame chain x29 ---
143:#0  fp=0x7ff319ff90 ret=0x7ef700a740 ret=0x7ef700a740 map_off=0x40a740 file_off=0x60a740 r-xp /media/internal/android-usb/android-rootfs/apex/com.android.art/lib64/libart.so
144:#1  fp=0x7ff319ffe0 ret=0x7f79e99eac ret=0x7f79e99eac map_off=0x4eac file_off=0x16eac r-xp /media/internal/android-usb/android-rootfs/system/lib64/libbase.so
145:#2  fp=0x7ff31a0060 ret=0x7f79e99454 ret=0x7f79e99454 map_off=0x4454 file_off=0x16454 r-xp /media/internal/android-usb/android-rootfs/system/lib64/libbase.so
146:#3  fp=0x7ff31a00b0 ret=0x7ef6ebe390 ret=0x7ef6ebe390 map_off=0x2be390 file_off=0x4be390 r-xp /media/internal/android-usb/android-rootfs/apex/com.android.art/lib64/libart.so
147:#4  fp=0x7ff31a00f0 ret=0x7f9519c414 ret=0x7f9519c414 map_off=0x10c414 file_off=0x1c7414 r-xp /media/internal/android-usb/android-rootfs/system/lib64/libandroid_runtime.so
148:#5  fp=0x7ff31a0150 ret=0x7f951a886c ret=0x7f951a886c map_off=0x11886c file_off=0x1d386c r-xp /media/internal/android-usb/android-rootfs/system/lib64/libandroid_runtime.so
149:#6  fp=0x7ff31a0310 ret=0x7f951a971c ret=0x7f951a971c map_off=0x11971c file_off=0x1d471c r-xp /media/internal/android-usb/android-rootfs/system/lib64/libandroid_runtime.so
150:#7  fp=0x7ff31a03c0 ret=0x7f9519c5fc ret=0x7f9519c5fc map_off=0x10c5fc file_off=0x1c75fc r-xp /media/internal/android-usb/android-rootfs/system/lib64/libandroid_runtime.so
151:#8  fp=0x7ff31a0480 ret=0x7f9519e5a4 ret=0x7f9519e5a4 map_off=0x10e5a4 file_off=0x1c95a4 r-xp /media/internal/android-usb/android-rootfs/system/lib64/libandroid_runtime.so
152:#9  fp=0x7ff31a05d0 ret=0x7211510c ret=0x7211510c map_off=0x2410c file_off=0x1cd10c r-xp /media/internal/android-usb/android-rootfs/system/framework/arm64/boot-framework.oat
169:=== END CRASH ===
171:pid 20440 signaled sig=6

--- tail ---
May 30, 2026 9:08:06 AM com.android.framework.protobuf.UnsafeUtil supportsUnsafeByteBufferOperations
WARNING: platform method missing - proto runtime falling back to safer methods: java.lang.NoSuchMethodException: sun.misc.Unsafe.copyMemory [class java.lang.Object, long, class java.lang.Object, long, long]
java.security.KeyStoreException: JKS not found
	at java.security.KeyStore.getInstance(KeyStore.java:904)
	at sun.security.util.AnchorCertificates$1.run(AnchorCertificates.java:57)
	at sun.security.util.AnchorCertificates$1.run(AnchorCertificates.java:50)
	at java.security.AccessController.doPrivileged(AccessController.java:43)
	at sun.security.util.AnchorCertificates.<clinit>(AnchorCertificates.java:50)
	at java.lang.Class.classForName(Native Method)
	at java.lang.Class.forName(Class.java:454)
	at com.android.internal.os.ZygoteInit.preloadClasses(ZygoteInit.java:301)
	at com.android.internal.os.ZygoteInit.preload(ZygoteInit.java:140)
	at com.android.internal.os.ZygoteInit.main(ZygoteInit.java:890)
Caused by: java.security.NoSuchAlgorithmException: JKS KeyStore not available
	at sun.security.jca.GetInstance.getInstance(GetInstance.java:159)
	at java.security.Security.getImpl(Security.java:628)
	at java.security.KeyStore.getInstance(KeyStore.java:901)
	... 9 more
ptrace event=4 pid=20440 newpid=20440
ptrace event=4 pid=20440 newpid=20440
ptrace event=3 pid=20440 newpid=20441
ptrace event=3 pid=20440 newpid=20442
ptrace event=3 pid=20440 newpid=20443
ptrace event=3 pid=20440 newpid=20444
pid 20444 exited rc=0
pid 20443 exited rc=0
pid 20442 exited rc=0
pid 20441 exited rc=0

=== CRASH pid=20440 sig=6 ===
pc=0x7f7a0baa00 sp=0x7ff319fef0 fp/x29=0x7ff319ff90 lr/x30=0x7f7a0ba9d4 pstate=0x0
x0 =0x0000000000000000
x1 =0x0000000000004fd8
x2 =0x0000000000000006
x3 =0x0000007ff319ff10
x4 =0x0000007f9eb0b000
x5 =0x0000007f9eb0b000
x6 =0x0000007f9eb0b000
x7 =0x0000000000000000
x8 =0x00000000000000f0
x9 =0x0000007f7a057a70
x10=0x0000000000000001
x11=0x0000007f7a0c8e18
x12=0x00151800000000e0
x13=0x0000000000000001
x14=0x0000000003b01958
x15=0x003b9aca00000000
x16=0x0000007f7a130a40
x17=0x0000007f7a10ac80
x18=0x0000007f9e8bc000
x19=0x0000000000004fd8
x20=0x0000000000004fd8
x21=0x00000000ffffffff
x22=0x0000007f9d84a000
x23=0x0000000000000016
x24=0x0000007ef7416000
x25=0x0000007ff31a0230
x26=0x0000007f9d54f720
x27=0x0000007f951e73f8
x28=0x0000007f951f1000
x29=0x0000007ff319ff90
x30=0x0000007f7a0ba9d4

--- owners ---
pc=0x7f7a0baa00 map_off=0x43a00 file_off=0x8aa00 r-xp /media/internal/android-usb/android-rootfs/apex/com.android.runtime/lib64/bionic/libc.so
lr=0x7f7a0ba9d4 map_off=0x439d4 file_off=0x8a9d4 r-xp /media/internal/android-usb/android-rootfs/apex/com.android.runtime/lib64/bionic/libc.so

--- frame chain x29 ---
#0  fp=0x7ff319ff90 ret=0x7ef700a740 ret=0x7ef700a740 map_off=0x40a740 file_off=0x60a740 r-xp /media/internal/android-usb/android-rootfs/apex/com.android.art/lib64/libart.so
#1  fp=0x7ff319ffe0 ret=0x7f79e99eac ret=0x7f79e99eac map_off=0x4eac file_off=0x16eac r-xp /media/internal/android-usb/android-rootfs/system/lib64/libbase.so
#2  fp=0x7ff31a0060 ret=0x7f79e99454 ret=0x7f79e99454 map_off=0x4454 file_off=0x16454 r-xp /media/internal/android-usb/android-rootfs/system/lib64/libbase.so
#3  fp=0x7ff31a00b0 ret=0x7ef6ebe390 ret=0x7ef6ebe390 map_off=0x2be390 file_off=0x4be390 r-xp /media/internal/android-usb/android-rootfs/apex/com.android.art/lib64/libart.so
#4  fp=0x7ff31a00f0 ret=0x7f9519c414 ret=0x7f9519c414 map_off=0x10c414 file_off=0x1c7414 r-xp /media/internal/android-usb/android-rootfs/system/lib64/libandroid_runtime.so
#5  fp=0x7ff31a0150 ret=0x7f951a886c ret=0x7f951a886c map_off=0x11886c file_off=0x1d386c r-xp /media/internal/android-usb/android-rootfs/system/lib64/libandroid_runtime.so
#6  fp=0x7ff31a0310 ret=0x7f951a971c ret=0x7f951a971c map_off=0x11971c file_off=0x1d471c r-xp /media/internal/android-usb/android-rootfs/system/lib64/libandroid_runtime.so
#7  fp=0x7ff31a03c0 ret=0x7f9519c5fc ret=0x7f9519c5fc map_off=0x10c5fc file_off=0x1c75fc r-xp /media/internal/android-usb/android-rootfs/system/lib64/libandroid_runtime.so
#8  fp=0x7ff31a0480 ret=0x7f9519e5a4 ret=0x7f9519e5a4 map_off=0x10e5a4 file_off=0x1c95a4 r-xp /media/internal/android-usb/android-rootfs/system/lib64/libandroid_runtime.so
#9  fp=0x7ff31a05d0 ret=0x7211510c ret=0x7211510c map_off=0x2410c file_off=0x1cd10c r-xp /media/internal/android-usb/android-rootfs/system/framework/arm64/boot-framework.oat
stop: next_fp=0x729d3350

--- executable maps of interest ---
0x70e97000-0x70eda000 off=0xe000 r-xp /media/internal/android-usb/android-rootfs/system/framework/arm64/boot-core-libart.oat
0x5581f04000-0x5581f05000 off=0x2000 r-xp /media/internal/android-usb/android-rootfs/system/bin/app_process64
0x7ee8400000-0x7ee8728000 off=0x200000 r-xp /media/internal/android-usb/android-rootfs/apex/com.android.art/lib64/libart-compiler.so
0x7eea384000-0x7eea388000 off=0x4000 r-xp /media/internal/android-usb/android-rootfs/apex/com.android.art/lib64/libopenjdkjvm.so
0x7eea3dd000-0x7eea3fa000 off=0x18000 r-xp /media/internal/android-usb/android-rootfs/apex/com.android.art/lib64/libopenjdk.so
0x7ef6c00000-0x7ef7138000 off=0x200000 r-xp /media/internal/android-usb/android-rootfs/apex/com.android.art/lib64/libart.so
0x7ef74b7000-0x7ef74bb000 off=0x4000 r-xp /media/internal/android-usb/android-rootfs/system/lib64/libartpalette-systemlibc: Fatal signal 6 (SIGABRT), code -1 (SI_QUEUE) in tid 20440 (main), pid 20440 (main)
.so
0x7f7a077000-0x7f7a12b000 off=0x47000 r-xp /media/internal/android-usb/android-rootfs/apex/com.android.runtime/lib64/bionic/libc.so
0x7f8a994000-0x7f8a995000 off=0x1000 r-xp /media/internal/android-usb/android-rootfs/system/lib64/libandroid_runtime_lazy.so
0x7f95090000-0x7f951d1000 off=0xbb000 r-xp /media/internal/android-usb/android-rootfs/system/lib64/libandroid_runtime.so
0x7f9d163000-0x7f9d186000 off=0x1b000 r-xp /media/internal/android-usb/android-rootfs/apex/com.android.art/lib64/libartbase.so
0x7f9d36b000-0x7f9d36c000 off=0x2000 r-xp /media/internal/android-usb/android-rootfs/apex/com.android.art/lib64/libartpalette.so
0x7f9eb44000-0x7f9ec28000 off=0x37000 r-xp /media/internal/android-usb/android-rootfs/apex/com.android.runtime/bin/linker64
=== END CRASH ===
ptrace event=3 pid=20440 newpid=20445
ptrace event=3 pid=20445 newpid=20446
ptrace event=4 pid=20446 newpid=20446
ptrace event=1 pid=20446 newpid=20447
pid 20447 exited rc=1
pid 20446 exited rc=0

=== CRASH pid=20440 sig=6 ===
pc=0x7f7a0baa00 sp=0x7ff319fef0 fp/x29=0x7ff319ff90 lr/x30=0x7f7a0ba9d4 pstate=0x0
x0 =0x0000000000000000
x1 =0x0000000000004fd8
x2 =0x0000000000000006
x3 =0x0000007ff319ff10
x4 =0x0000007f9eb0b000
x5 =0x0000007f9eb0b000
x6 =0x0000007f9eb0b000
x7 =0x0000000000000000
x8 =0x00000000000000f0
x9 =0x0000007f7a057a70
x10=0x0000000000000001
x11=0x0000007f7a0c8e18
x12=0x00151800000000e0
x13=0x0000000000000001
x14=0x0000000003b01958
x15=0x003b9aca00000000
x16=0x0000007f7a130a40
x17=0x0000007f7a10ac80
x18=0x0000007f9e8bc000
x19=0x0000000000004fd8
x20=0x0000000000004fd8
x21=0x00000000ffffffff
x22=0x0000007f9d84a000
x23=0x0000000000000016
x24=0x0000007ef7416000
x25=0x0000007ff31a0230
x26=0x0000007f9d54f720
x27=0x0000007f951e73f8
x28=0x0000007f951f1000
x29=0x0000007ff319ff90
x30=0x0000007f7a0ba9d4

--- owners ---
pc=0x7f7a0baa00 map_off=0x43a00 file_off=0x8aa00 r-xp /media/internal/android-usb/android-rootfs/apex/com.android.runtime/lib64/bionic/libc.so
lr=0x7f7a0ba9d4 map_off=0x439d4 file_off=0x8a9d4 r-xp /media/internal/android-usb/android-rootfs/apex/com.android.runtime/lib64/bionic/libc.so

--- frame chain x29 ---
#0  fp=0x7ff319ff90 ret=0x7ef700a740 ret=0x7ef700a740 map_off=0x40a740 file_off=0x60a740 r-xp /media/internal/android-usb/android-rootfs/apex/com.android.art/lib64/libart.so
#1  fp=0x7ff319ffe0 ret=0x7f79e99eac ret=0x7f79e99eac map_off=0x4eac file_off=0x16eac r-xp /media/internal/android-usb/android-rootfs/system/lib64/libbase.so
#2  fp=0x7ff31a0060 ret=0x7f79e99454 ret=0x7f79e99454 map_off=0x4454 file_off=0x16454 r-xp /media/internal/android-usb/android-rootfs/system/lib64/libbase.so
#3  fp=0x7ff31a00b0 ret=0x7ef6ebe390 ret=0x7ef6ebe390 map_off=0x2be390 file_off=0x4be390 r-xp /media/internal/android-usb/android-rootfs/apex/com.android.art/lib64/libart.so
#4  fp=0x7ff31a00f0 ret=0x7f9519c414 ret=0x7f9519c414 map_off=0x10c414 file_off=0x1c7414 r-xp /media/internal/android-usb/android-rootfs/system/lib64/libandroid_runtime.so
#5  fp=0x7ff31a0150 ret=0x7f951a886c ret=0x7f951a886c map_off=0x11886c file_off=0x1d386c r-xp /media/internal/android-usb/android-rootfs/system/lib64/libandroid_runtime.so
#6  fp=0x7ff31a0310 ret=0x7f951a971c ret=0x7f951a971c map_off=0x11971c file_off=0x1d471c r-xp /media/internal/android-usb/android-rootfs/system/lib64/libandroid_runtime.so
#7  fp=0x7ff31a03c0 ret=0x7f9519c5fc ret=0x7f9519c5fc map_off=0x10c5fc file_off=0x1c75fc r-xp /media/internal/android-usb/android-rootfs/system/lib64/libandroid_runtime.so
#8  fp=0x7ff31a0480 ret=0x7f9519e5a4 ret=0x7f9519e5a4 map_off=0x10e5a4 file_off=0x1c95a4 r-xp /media/internal/android-usb/android-rootfs/system/lib64/libandroid_runtime.so
#9  fp=0x7ff31a05d0 ret=0x7211510c ret=0x7211510c map_off=0x2410c file_off=0x1cd10c r-xp /media/internal/android-usb/android-rootfs/system/framework/arm64/boot-framework.oat
stop: next_fp=0x729d3350

--- executable maps of interest ---
0x70e97000-0x70eda000 off=0xe000 r-xp /media/internal/android-usb/android-rootfs/system/framework/arm64/boot-core-libart.oat
0x5581f04000-0x5581f05000 off=0x2000 r-xp /media/internal/android-usb/android-rootfs/system/bin/app_process64
0x7ee8400000-0x7ee8728000 off=0x200000 r-xp /media/internal/android-usb/android-rootfs/apex/com.android.art/lib64/libart-compiler.so
0x7eea384000-0x7eea388000 off=0x4000 r-xp /media/internal/android-usb/android-rootfs/apex/com.android.art/lib64/libopenjdkjvm.so
0x7eea3dd000-0x7eea3fa000 off=0x18000 r-xp /media/internal/android-usb/android-rootfs/apex/com.android.art/lib64/libopenjdk.so
0x7ef6c00000-0x7ef7138000 off=0x200000 r-xp /media/internal/android-usb/android-rootfs/apex/com.android.art/lib64/libart.so
0x7ef74b7000-0x7ef74bb000 off=0x4000 r-xp /media/internal/android-usb/android-rootfs/system/lib64/libartpalette-system.so
0x7f7a077000-0x7f7a12b000 off=0x47000 r-xp /media/internal/android-usb/android-rootfs/apex/com.android.runtime/lib64/bionic/libc.so
0x7f8a994000-0x7f8a995000 off=0x1000 r-xp /media/internal/android-usb/android-rootfs/system/lib64/libandroid_runtime_lazy.so
0x7f95090000-0x7f951d1000 off=0xbb000 r-xp /media/internal/android-usb/android-rootfs/system/lib64/libandroid_runtime.so
0x7f9d163000-0x7f9d186000 off=0x1b000 r-xp /media/internal/android-usb/android-rootfs/apex/com.android.art/lib64/libartbase.so
0x7f9d36b000-0x7f9d36c000 off=0x2000 r-xp /media/internal/android-usb/android-rootfs/apex/com.android.art/lib64/libartpalette.so
0x7f9eb44000-0x7f9ec28000 off=0x37000 r-xp /media/internal/android-usb/android-rootfs/apex/com.android.runtime/bin/linker64
=== END CRASH ===
pid 20445 exited rc=1
pid 20440 signaled sig=6

--- remaining android-ish ---
PID=3631 COMM=WebAppMgr CMD=/usr/bin/WebAppMgr --type=zygote --disable-in-process-stack-traces --no-sandbox --no-sandbox --disable-quic 
