--- hard cleanup old android zygotes/wrappers ---

--- sanity files ---
-rwxr-xr-x    1 root     root        782632 May 29 22:06 /media/internal/android-usb/android-sidecar/bin/ptrace_bt_wrap
-rwxr-xr-x    1 root     root        710584 May 29 21:24 /media/internal/android-usb/android-sidecar/zygote_socket_wrap
-rw-r--r--    1 root     root        156186 May 30 11:05 /media/internal/android-usb/android-rootfs/linkerconfig/ld.config.txt

--- sanity patches ---
abort call @ 0x1ca198:  1f 20 03 d5
task call  @ 0x1ca1b0:  20 00 80 52
task tbz   @ 0x1ca208:  1f 20 03 d5

--- classpath ---
BOOTCLASSPATH length: 1624
SYSTEMSERVERCLASSPATH length: 463

--- ptrace start-system-server zygote ---

--- important ---
2:WARNING: platform method missing - proto runtime falling back to safer methods: java.lang.NoSuchMethodException: sun.misc.Unsafe.copyMemory [class java.lang.Object, long, class java.lang.Object, long, long]
14:=== CRASH pid=25602 sig=6 ===
15:pc=0x7f6e118a00 sp=0x7fdf47df20 fp/x29=0x7fdf47dfc0 lr/x30=0x7f6e1189d4 pstate=0x0
48:--- owners ---
49:pc=0x7f6e118a00 map_off=0x43a00 file_off=0x8aa00 r-xp /media/internal/android-usb/android-rootfs/apex/com.android.runtime/lib64/bionic/libc.so
50:lr=0x7f6e1189d4 map_off=0x439d4 file_off=0x8a9d4 r-xp /media/internal/android-usb/android-rootfs/apex/com.android.runtime/lib64/bionic/libc.so
52:--- frame chain x29 ---
53:#0  fp=0x7fdf47dfc0 ret=0x7ee240a740 ret=0x7ee240a740 map_off=0x40a740 file_off=0x60a740 r-xp /media/internal/android-usb/android-rootfs/apex/com.android.art/lib64/libart.so
54:#1  fp=0x7fdf47e010 ret=0x7f641d6eac ret=0x7f641d6eac map_off=0x4eac file_off=0x16eac r-xp /media/internal/android-usb/android-rootfs/system/lib64/libbase.so
55:#2  fp=0x7fdf47e090 ret=0x7f641d6454 ret=0x7f641d6454 map_off=0x4454 file_off=0x16454 r-xp /media/internal/android-usb/android-rootfs/system/lib64/libbase.so
56:#3  fp=0x7fdf47e0e0 ret=0x7ee22be390 ret=0x7ee22be390 map_off=0x2be390 file_off=0x4be390 r-xp /media/internal/android-usb/android-rootfs/apex/com.android.art/lib64/libart.so
57:#4  fp=0x7fdf47e120 ret=0x7f77c2a414 ret=0x7f77c2a414 map_off=0x10c414 file_off=0x1c7414 r-xp /media/internal/android-usb/android-rootfs/system/lib64/libandroid_runtime.so
58:#5  fp=0x7fdf47e180 ret=0x7f77c3686c ret=0x7f77c3686c map_off=0x11886c file_off=0x1d386c r-xp /media/internal/android-usb/android-rootfs/system/lib64/libandroid_runtime.so
59:#6  fp=0x7fdf47e340 ret=0x7f77c3771c ret=0x7f77c3771c map_off=0x11971c file_off=0x1d471c r-xp /media/internal/android-usb/android-rootfs/system/lib64/libandroid_runtime.so
60:#7  fp=0x7fdf47e3f0 ret=0x7f77c2a5fc ret=0x7f77c2a5fc map_off=0x10c5fc file_off=0x1c75fc r-xp /media/internal/android-usb/android-rootfs/system/lib64/libandroid_runtime.so
61:#8  fp=0x7fdf47e4b0 ret=0x7f77c2c5a4 ret=0x7f77c2c5a4 map_off=0x10e5a4 file_off=0x1c95a4 r-xp /media/internal/android-usb/android-rootfs/system/lib64/libandroid_runtime.so
62:#9  fp=0x7fdf47e600 ret=0x71ac510c ret=0x71ac510c map_off=0x2410c file_off=0x1cd10c r-xp /media/internal/android-usb/android-rootfs/system/framework/arm64/boot-framework.oat
72:0x7ee2000000-0x7ee2538000 off=0x200000 r-xp /media/internal/android-usb/android-rootfs/apex/com.android.art/lib64/libartlibc: Fatal signal 6 (SIGABRT), code -1 (SI_QUEUE) in tid 25602 (main), pid 25602 (main)
80:=== END CRASH ===
89:=== CRASH pid=25602 sig=6 ===
90:pc=0x7f6e118a00 sp=0x7fdf47df20 fp/x29=0x7fdf47dfc0 lr/x30=0x7f6e1189d4 pstate=0x0
123:--- owners ---
124:pc=0x7f6e118a00 map_off=0x43a00 file_off=0x8aa00 r-xp /media/internal/android-usb/android-rootfs/apex/com.android.runtime/lib64/bionic/libc.so
125:lr=0x7f6e1189d4 map_off=0x439d4 file_off=0x8a9d4 r-xp /media/internal/android-usb/android-rootfs/apex/com.android.runtime/lib64/bionic/libc.so
127:--- frame chain x29 ---
128:#0  fp=0x7fdf47dfc0 ret=0x7ee240a740 ret=0x7ee240a740 map_off=0x40a740 file_off=0x60a740 r-xp /media/internal/android-usb/android-rootfs/apex/com.android.art/lib64/libart.so
129:#1  fp=0x7fdf47e010 ret=0x7f641d6eac ret=0x7f641d6eac map_off=0x4eac file_off=0x16eac r-xp /media/internal/android-usb/android-rootfs/system/lib64/libbase.so
130:#2  fp=0x7fdf47e090 ret=0x7f641d6454 ret=0x7f641d6454 map_off=0x4454 file_off=0x16454 r-xp /media/internal/android-usb/android-rootfs/system/lib64/libbase.so
131:#3  fp=0x7fdf47e0e0 ret=0x7ee22be390 ret=0x7ee22be390 map_off=0x2be390 file_off=0x4be390 r-xp /media/internal/android-usb/android-rootfs/apex/com.android.art/lib64/libart.so
132:#4  fp=0x7fdf47e120 ret=0x7f77c2a414 ret=0x7f77c2a414 map_off=0x10c414 file_off=0x1c7414 r-xp /media/internal/android-usb/android-rootfs/system/lib64/libandroid_runtime.so
133:#5  fp=0x7fdf47e180 ret=0x7f77c3686c ret=0x7f77c3686c map_off=0x11886c file_off=0x1d386c r-xp /media/internal/android-usb/android-rootfs/system/lib64/libandroid_runtime.so
134:#6  fp=0x7fdf47e340 ret=0x7f77c3771c ret=0x7f77c3771c map_off=0x11971c file_off=0x1d471c r-xp /media/internal/android-usb/android-rootfs/system/lib64/libandroid_runtime.so
135:#7  fp=0x7fdf47e3f0 ret=0x7f77c2a5fc ret=0x7f77c2a5fc map_off=0x10c5fc file_off=0x1c75fc r-xp /media/internal/android-usb/android-rootfs/system/lib64/libandroid_runtime.so
136:#8  fp=0x7fdf47e4b0 ret=0x7f77c2c5a4 ret=0x7f77c2c5a4 map_off=0x10e5a4 file_off=0x1c95a4 r-xp /media/internal/android-usb/android-rootfs/system/lib64/libandroid_runtime.so
137:#9  fp=0x7fdf47e600 ret=0x71ac510c ret=0x71ac510c map_off=0x2410c file_off=0x1cd10c r-xp /media/internal/android-usb/android-rootfs/system/framework/arm64/boot-framework.oat
154:=== END CRASH ===
155:pid 25602 signaled sig=6

--- tail ---
May 30, 2026 9:12:04 AM com.android.framework.protobuf.UnsafeUtil supportsUnsafeByteBufferOperations
WARNING: platform method missing - proto runtime falling back to safer methods: java.lang.NoSuchMethodException: sun.misc.Unsafe.copyMemory [class java.lang.Object, long, class java.lang.Object, long, long]
ptrace event=4 pid=25602 newpid=25602
ptrace event=4 pid=25602 newpid=25602
ptrace event=3 pid=25602 newpid=25603
ptrace event=3 pid=25602 newpid=25604
ptrace event=3 pid=25602 newpid=25605
ptrace event=3 pid=25602 newpid=25606
pid 25603 exited rc=0
pid 25604 exited rc=0
pid 25606 exited rc=0
pid 25605 exited rc=0

=== CRASH pid=25602 sig=6 ===
pc=0x7f6e118a00 sp=0x7fdf47df20 fp/x29=0x7fdf47dfc0 lr/x30=0x7f6e1189d4 pstate=0x0
x0 =0x0000000000000000
x1 =0x0000000000006402
x2 =0x0000000000000006
x3 =0x0000007fdf47df40
x4 =0x0000007f8cbfa000
x5 =0x0000007f8cbfa000
x6 =0x0000007f8cbfa000
x7 =0x0000000000000000
x8 =0x00000000000000f0
x9 =0x0000007f6e0b5a70
x10=0x0000000000000001
x11=0x0000007f6e126e18
x12=0x00151800000000e0
x13=0x0000000000000001
x14=0x0000000003a75ac0
x15=0x003b9aca00000000
x16=0x0000007f6e18ea40
x17=0x0000007f6e168c80
x18=0x0000007f8bcb0000
x19=0x0000000000006402
x20=0x0000000000006402
x21=0x00000000ffffffff
x22=0x0000007f8b939000
x23=0x0000000000000016
x24=0x0000007ee2816000
x25=0x0000007fdf47e260
x26=0x0000007f8b63e660
x27=0x0000007f77c753f8
x28=0x0000007f77c7f000
x29=0x0000007fdf47dfc0
x30=0x0000007f6e1189d4

--- owners ---
pc=0x7f6e118a00 map_off=0x43a00 file_off=0x8aa00 r-xp /media/internal/android-usb/android-rootfs/apex/com.android.runtime/lib64/bionic/libc.so
lr=0x7f6e1189d4 map_off=0x439d4 file_off=0x8a9d4 r-xp /media/internal/android-usb/android-rootfs/apex/com.android.runtime/lib64/bionic/libc.so

--- frame chain x29 ---
#0  fp=0x7fdf47dfc0 ret=0x7ee240a740 ret=0x7ee240a740 map_off=0x40a740 file_off=0x60a740 r-xp /media/internal/android-usb/android-rootfs/apex/com.android.art/lib64/libart.so
#1  fp=0x7fdf47e010 ret=0x7f641d6eac ret=0x7f641d6eac map_off=0x4eac file_off=0x16eac r-xp /media/internal/android-usb/android-rootfs/system/lib64/libbase.so
#2  fp=0x7fdf47e090 ret=0x7f641d6454 ret=0x7f641d6454 map_off=0x4454 file_off=0x16454 r-xp /media/internal/android-usb/android-rootfs/system/lib64/libbase.so
#3  fp=0x7fdf47e0e0 ret=0x7ee22be390 ret=0x7ee22be390 map_off=0x2be390 file_off=0x4be390 r-xp /media/internal/android-usb/android-rootfs/apex/com.android.art/lib64/libart.so
#4  fp=0x7fdf47e120 ret=0x7f77c2a414 ret=0x7f77c2a414 map_off=0x10c414 file_off=0x1c7414 r-xp /media/internal/android-usb/android-rootfs/system/lib64/libandroid_runtime.so
#5  fp=0x7fdf47e180 ret=0x7f77c3686c ret=0x7f77c3686c map_off=0x11886c file_off=0x1d386c r-xp /media/internal/android-usb/android-rootfs/system/lib64/libandroid_runtime.so
#6  fp=0x7fdf47e340 ret=0x7f77c3771c ret=0x7f77c3771c map_off=0x11971c file_off=0x1d471c r-xp /media/internal/android-usb/android-rootfs/system/lib64/libandroid_runtime.so
#7  fp=0x7fdf47e3f0 ret=0x7f77c2a5fc ret=0x7f77c2a5fc map_off=0x10c5fc file_off=0x1c75fc r-xp /media/internal/android-usb/android-rootfs/system/lib64/libandroid_runtime.so
#8  fp=0x7fdf47e4b0 ret=0x7f77c2c5a4 ret=0x7f77c2c5a4 map_off=0x10e5a4 file_off=0x1c95a4 r-xp /media/internal/android-usb/android-rootfs/system/lib64/libandroid_runtime.so
#9  fp=0x7fdf47e600 ret=0x71ac510c ret=0x71ac510c map_off=0x2410c file_off=0x1cd10c r-xp /media/internal/android-usb/android-rootfs/system/framework/arm64/boot-framework.oat
stop: next_fp=0x72381c30

--- executable maps of interest ---
0x70847000-0x7088a000 off=0xe000 r-xp /media/internal/android-usb/android-rootfs/system/framework/arm64/boot-core-libart.oat
0x5565858000-0x5565859000 off=0x2000 r-xp /media/internal/android-usb/android-rootfs/system/bin/app_process64
0x7ed6600000-0x7ed6928000 off=0x200000 r-xp /media/internal/android-usb/android-rootfs/apex/com.android.art/lib64/libart-compiler.so
0x7ed7bda000-0x7ed7bf7000 off=0x18000 r-xp /media/internal/android-usb/android-rootfs/apex/com.android.art/lib64/libopenjdk.so
0x7ed7c1f000-0x7ed7c23000 off=0x4000 r-xp /media/internal/android-usb/android-rootfs/apex/com.android.art/lib64/libopenjdkjvm.so
0x7ee1dd6000-0x7ee1dda000 off=0x4000 r-xp /media/internal/android-usb/android-rootfs/system/lib64/libartpalette-system.so
0x7ee2000000-0x7ee2538000 off=0x200000 r-xp /media/internal/android-usb/android-rootfs/apex/com.android.art/lib64/libartlibc: Fatal signal 6 (SIGABRT), code -1 (SI_QUEUE) in tid 25602 (main), pid 25602 (main)
.so
0x7ee296d000-0x7ee296e000 off=0x2000 r-xp /media/internal/android-usb/android-rootfs/apex/com.android.art/lib64/libartpalette.so
0x7ee29b6000-0x7ee29d9000 off=0x1b000 r-xp /media/internal/android-usb/android-rootfs/apex/com.android.art/lib64/libartbase.so
0x7f6e0d5000-0x7f6e189000 off=0x47000 r-xp /media/internal/android-usb/android-rootfs/apex/com.android.runtime/lib64/bionic/libc.so
0x7f755b8000-0x7f755b9000 off=0x1000 r-xp /media/internal/android-usb/android-rootfs/system/lib64/libandroid_runtime_lazy.so
0x7f77b1e000-0x7f77c5f000 off=0xbb000 r-xp /media/internal/android-usb/android-rootfs/system/lib64/libandroid_runtime.so
0x7f8cc33000-0x7f8cd17000 off=0x37000 r-xp /media/internal/android-usb/android-rootfs/apex/com.android.runtime/bin/linker64
=== END CRASH ===
ptrace event=3 pid=25602 newpid=25607
ptrace event=3 pid=25607 newpid=25608
ptrace event=4 pid=25608 newpid=25608
ptrace event=1 pid=25608 newpid=25609
pid 25609 exited rc=1
pid 25608 exited rc=0
pid 25607 exited rc=1

=== CRASH pid=25602 sig=6 ===
pc=0x7f6e118a00 sp=0x7fdf47df20 fp/x29=0x7fdf47dfc0 lr/x30=0x7f6e1189d4 pstate=0x0
x0 =0x0000000000000000
x1 =0x0000000000006402
x2 =0x0000000000000006
x3 =0x0000007fdf47df40
x4 =0x0000007f8cbfa000
x5 =0x0000007f8cbfa000
x6 =0x0000007f8cbfa000
x7 =0x0000000000000000
x8 =0x00000000000000f0
x9 =0x0000007f6e0b5a70
x10=0x0000000000000001
x11=0x0000007f6e126e18
x12=0x00151800000000e0
x13=0x0000000000000001
x14=0x0000000003a75ac0
x15=0x003b9aca00000000
x16=0x0000007f6e18ea40
x17=0x0000007f6e168c80
x18=0x0000007f8bcb0000
x19=0x0000000000006402
x20=0x0000000000006402
x21=0x00000000ffffffff
x22=0x0000007f8b939000
x23=0x0000000000000016
x24=0x0000007ee2816000
x25=0x0000007fdf47e260
x26=0x0000007f8b63e660
x27=0x0000007f77c753f8
x28=0x0000007f77c7f000
x29=0x0000007fdf47dfc0
x30=0x0000007f6e1189d4

--- owners ---
pc=0x7f6e118a00 map_off=0x43a00 file_off=0x8aa00 r-xp /media/internal/android-usb/android-rootfs/apex/com.android.runtime/lib64/bionic/libc.so
lr=0x7f6e1189d4 map_off=0x439d4 file_off=0x8a9d4 r-xp /media/internal/android-usb/android-rootfs/apex/com.android.runtime/lib64/bionic/libc.so

--- frame chain x29 ---
#0  fp=0x7fdf47dfc0 ret=0x7ee240a740 ret=0x7ee240a740 map_off=0x40a740 file_off=0x60a740 r-xp /media/internal/android-usb/android-rootfs/apex/com.android.art/lib64/libart.so
#1  fp=0x7fdf47e010 ret=0x7f641d6eac ret=0x7f641d6eac map_off=0x4eac file_off=0x16eac r-xp /media/internal/android-usb/android-rootfs/system/lib64/libbase.so
#2  fp=0x7fdf47e090 ret=0x7f641d6454 ret=0x7f641d6454 map_off=0x4454 file_off=0x16454 r-xp /media/internal/android-usb/android-rootfs/system/lib64/libbase.so
#3  fp=0x7fdf47e0e0 ret=0x7ee22be390 ret=0x7ee22be390 map_off=0x2be390 file_off=0x4be390 r-xp /media/internal/android-usb/android-rootfs/apex/com.android.art/lib64/libart.so
#4  fp=0x7fdf47e120 ret=0x7f77c2a414 ret=0x7f77c2a414 map_off=0x10c414 file_off=0x1c7414 r-xp /media/internal/android-usb/android-rootfs/system/lib64/libandroid_runtime.so
#5  fp=0x7fdf47e180 ret=0x7f77c3686c ret=0x7f77c3686c map_off=0x11886c file_off=0x1d386c r-xp /media/internal/android-usb/android-rootfs/system/lib64/libandroid_runtime.so
#6  fp=0x7fdf47e340 ret=0x7f77c3771c ret=0x7f77c3771c map_off=0x11971c file_off=0x1d471c r-xp /media/internal/android-usb/android-rootfs/system/lib64/libandroid_runtime.so
#7  fp=0x7fdf47e3f0 ret=0x7f77c2a5fc ret=0x7f77c2a5fc map_off=0x10c5fc file_off=0x1c75fc r-xp /media/internal/android-usb/android-rootfs/system/lib64/libandroid_runtime.so
#8  fp=0x7fdf47e4b0 ret=0x7f77c2c5a4 ret=0x7f77c2c5a4 map_off=0x10e5a4 file_off=0x1c95a4 r-xp /media/internal/android-usb/android-rootfs/system/lib64/libandroid_runtime.so
#9  fp=0x7fdf47e600 ret=0x71ac510c ret=0x71ac510c map_off=0x2410c file_off=0x1cd10c r-xp /media/internal/android-usb/android-rootfs/system/framework/arm64/boot-framework.oat
stop: next_fp=0x72381c30

--- executable maps of interest ---
0x70847000-0x7088a000 off=0xe000 r-xp /media/internal/android-usb/android-rootfs/system/framework/arm64/boot-core-libart.oat
0x5565858000-0x5565859000 off=0x2000 r-xp /media/internal/android-usb/android-rootfs/system/bin/app_process64
0x7ed6600000-0x7ed6928000 off=0x200000 r-xp /media/internal/android-usb/android-rootfs/apex/com.android.art/lib64/libart-compiler.so
0x7ed7bda000-0x7ed7bf7000 off=0x18000 r-xp /media/internal/android-usb/android-rootfs/apex/com.android.art/lib64/libopenjdk.so
0x7ed7c1f000-0x7ed7c23000 off=0x4000 r-xp /media/internal/android-usb/android-rootfs/apex/com.android.art/lib64/libopenjdkjvm.so
0x7ee1dd6000-0x7ee1dda000 off=0x4000 r-xp /media/internal/android-usb/android-rootfs/system/lib64/libartpalette-system.so
0x7ee2000000-0x7ee2538000 off=0x200000 r-xp /media/internal/android-usb/android-rootfs/apex/com.android.art/lib64/libart.so
0x7ee296d000-0x7ee296e000 off=0x2000 r-xp /media/internal/android-usb/android-rootfs/apex/com.android.art/lib64/libartpalette.so
0x7ee29b6000-0x7ee29d9000 off=0x1b000 r-xp /media/internal/android-usb/android-rootfs/apex/com.android.art/lib64/libartbase.so
0x7f6e0d5000-0x7f6e189000 off=0x47000 r-xp /media/internal/android-usb/android-rootfs/apex/com.android.runtime/lib64/bionic/libc.so
0x7f755b8000-0x7f755b9000 off=0x1000 r-xp /media/internal/android-usb/android-rootfs/system/lib64/libandroid_runtime_lazy.so
0x7f77b1e000-0x7f77c5f000 off=0xbb000 r-xp /media/internal/android-usb/android-rootfs/system/lib64/libandroid_runtime.so
0x7f8cc33000-0x7f8cd17000 off=0x37000 r-xp /media/internal/android-usb/android-rootfs/apex/com.android.runtime/bin/linker64
=== END CRASH ===
pid 25602 signaled sig=6

--- remaining android-ish ---
PID=3631 COMM=WebAppMgr CMD=/usr/bin/WebAppMgr --type=zygote --disable-in-process-stack-traces --no-sandbox --no-sandbox --disable-quic 
