--- property sockets / files ---
total 0
drwxr-xr-x    2 root     root           160 May 29 23:26 .
drwxr-xr-x   18 root     root          6160 May 29 23:12 ..
srw-rw-rw-    1 root     root             0 May 29 21:44 property_service
srw-rw-rw-    1 root     root             0 May 29 21:59 tombstoned_crash
srw-rw-rw-    1 root     root             0 May 29 21:59 tombstoned_intercept
srw-rw-rw-    1 root     root             0 May 29 21:59 tombstoned_java_trace
srw-rw-rw-    1 root     root             0 May 29 23:26 usap_pool_primary
srw-rw-rw-    1 root     root             0 May 29 23:26 zygote
total 0
drwxr-xr-x    2 root     root           160 May 29 23:26 .
drwxr-xr-x   18 root     root          6160 May 29 23:12 ..
srw-rw-rw-    1 root     root             0 May 29 21:44 property_service
srw-rw-rw-    1 root     root             0 May 29 21:59 tombstoned_crash
srw-rw-rw-    1 root     root             0 May 29 21:59 tombstoned_intercept
srw-rw-rw-    1 root     root             0 May 29 21:59 tombstoned_java_trace
srw-rw-rw-    1 root     root             0 May 29 23:26 usap_pool_primary
srw-rw-rw-    1 root     root             0 May 29 23:26 zygote
total 1152
drwx--x--x    2 root     root          5360 May 29 21:44 .
drwxr-xr-x   18 root     root          6160 May 29 23:12 ..
-r--r--r--    1 root     root        131072 May 29 21:44 properties_serial
-r--r--r--    1 root     root         74296 May 29 21:44 property_info
-r--r--r--    1 root     root        131072 May 29 21:44 u:object_r:aac_drc_prop:s0
-r--r--r--    1 root     root        131072 May 29 21:44 u:object_r:aaudio_config_prop:s0
-r--r--r--    1 root     root        131072 May 29 21:44 u:object_r:ab_update_gki_prop:s0
-r--r--r--    1 root     root        131072 May 29 21:44 u:object_r:adaptive_haptics_prop:s0
-r--r--r--    1 root     root        131072 May 29 21:44 u:object_r:adbd_config_prop:s0
-r--r--r--    1 root     root        131072 May 29 21:44 u:object_r:adbd_prop:s0
-r--r--r--    1 root     root        131072 May 29 21:44 u:object_r:apexd_config_prop:s0
-r--r--r--    1 root     root        131072 May 29 21:44 u:object_r:apexd_payload_metadata_prop:s0
-r--r--r--    1 root     root        131072 May 29 21:44 u:object_r:apexd_prop:s0
-r--r--r--    1 root     root        131072 May 29 21:44 u:object_r:apexd_select_prop:s0
-r--r--r--    1 root     root        131072 May 29 21:44 u:object_r:apk_verity_prop:s0
-r--r--r--    1 root     root        131072 May 29 21:44 u:object_r:arm64_memtag_prop:s0
-r--r--r--    1 root     root        131072 May 29 21:44 u:object_r:audio_config_prop:s0
-r--r--r--    1 root     root        131072 May 29 21:44 u:object_r:audio_prop:s0
-r--r--r--    1 root     root        131072 May 29 21:44 u:object_r:binder_cache_bluetooth_server_prop:s0
-r--r--r--    1 root     root        131072 May 29 21:44 u:object_r:binder_cache_system_server_prop:s0
-r--r--r--    1 root     root        131072 May 29 21:44 u:object_r:binder_cache_telephony_server_prop:s0
-r--r--r--    1 root     root        131072 May 29 21:44 u:object_r:bluetooth_a2dp_offload_prop:s0
-r--r--r--    1 root     root        131072 May 29 21:44 u:object_r:bluetooth_audio_hal_prop:s0
-r--r--r--    1 root     root        131072 May 29 21:44 u:object_r:bluetooth_config_prop:s0
-r--r--r--    1 root     root        131072 May 29 21:44 u:object_r:bluetooth_prop:s0
-r--r--r--    1 root     root        131072 May 29 21:44 u:object_r:boot_status_prop:s0
-r--r--r--    1 root     root        131072 May 29 21:44 u:object_r:bootanim_config_prop:s0
-r--r--r--    1 root     root        131072 May 29 21:44 u:object_r:bootanim_system_prop:s0
-r--r--r--    1 root     root        131072 May 29 21:44 u:object_r:bootloader_boot_reason_prop:s0
-r--r--r--    1 root     root        131072 May 29 21:44 u:object_r:bootloader_prop:s0
-r--r--r--    1 root     root        131072 May 29 21:44 u:object_r:boottime_prop:s0
-r--r--r--    1 root     root        131072 May 29 21:44 u:object_r:boottime_public_prop:s0
-r--r--r--    1 root     root        131072 May 29 21:44 u:object_r:bpf_progs_loaded_prop:s0
-r--r--r--    1 root     root        131072 May 29 21:44 u:object_r:bq_config_prop:s0
-r--r--r--    1 root     root        131072 May 29 21:44 u:object_r:build_bootimage_prop:s0
-r--r--r--    1 root     root        131072 May 29 21:44 u:object_r:build_config_prop:s0
-r--r--r--    1 root     root        131072 May 29 21:44 u:object_r:build_odm_prop:s0
-r--r--r--    1 root     root        131072 May 29 21:44 u:object_r:build_prop:s0
-r--r--r--    1 root     root        131072 May 29 21:44 u:object_r:build_vendor_prop:s0
-r--r--r--    1 root     root        131072 May 29 21:44 u:object_r:camera2_extensions_prop:s0
-r--r--r--    1 root     root        131072 May 29 21:44 u:object_r:camera_calibration_prop:s0
-r--r--r--    1 root     root        131072 May 29 21:44 u:object_r:camera_config_prop:s0
-r--r--r--    1 root     root        131072 May 29 21:44 u:object_r:camerax_extensions_prop:s0
-r--r--r--    1 root     root        131072 May 29 21:44 u:object_r:charger_config_prop:s0
-r--r--r--    1 root     root        131072 May 29 21:44 u:object_r:charger_prop:s0
-r--r--r--    1 root     root        131072 May 29 21:44 u:object_r:charger_status_prop:s0
-r--r--r--    1 root     root        131072 May 29 21:44 u:object_r:codec2_config_prop:s0
-r--r--r--    1 root     root        131072 May 29 21:44 u:object_r:cold_boot_done_prop:s0
-r--r--r--    1 root     root        131072 May 29 21:44 u:object_r:config_prop:s0
-r--r--r--    1 root     root        131072 May 29 21:44 u:object_r:cppreopt_prop:s0
-r--r--r--    1 root     root        131072 May 29 21:44 u:object_r:cpu_variant_prop:s0
-r--r--r--    1 root     root        131072 May 29 21:44 u:object_r:ctl_adbd_prop:s0
-r--r--r--    1 root     root        131072 May 29 21:44 u:object_r:ctl_apexd_prop:s0
-r--r--r--    1 root     root        131072 May 29 21:44 u:object_r:ctl_bootanim_prop:s0
-r--r--r--    1 root     root        131072 May 29 21:44 u:object_r:ctl_bugreport_prop:s0
-r--r--r--    1 root     root        131072 May 29 21:44 u:object_r:ctl_console_prop:s0
-r--r--r--    1 root     root        131072 May 29 21:44 u:object_r:ctl_default_prop:s0
-r--r--r--    1 root     root        131072 May 29 21:44 u:object_r:ctl_dumpstate_prop:s0
-r--r--r--    1 root     root        131072 May 29 21:44 u:object_r:ctl_fuse_prop:s0
-r--r--r--    1 root     root        131072 May 29 21:44 u:object_r:ctl_gsid_prop:s0
-r--r--r--    1 root     root        131072 May 29 21:44 u:object_r:ctl_interface_restart_prop:s0
-r--r--r--    1 root     root        131072 May 29 21:44 u:object_r:ctl_interface_start_prop:s0
-r--r--r--    1 root     root        131072 May 29 21:44 u:object_r:ctl_interface_stop_prop:s0
-r--r--r--    1 root     root        131072 May 29 21:44 u:object_r:ctl_mdnsd_prop:s0
-r--r--r--    1 root     root        131072 May 29 21:44 u:object_r:ctl_mediatranscoding_prop:s0
-r--r--r--    1 root     root        131072 May 29 21:44 u:object_r:ctl_odsign_prop:s0
-r--r--r--    1 root     root        131072 May 29 21:44 u:object_r:ctl_restart_prop:s0
-r--r--r--    1 root     root        131072 May 29 21:44 u:object_r:ctl_rildaemon_prop:s0
-r--r--r--    1 root     root        131072 May 29 21:44 u:object_r:ctl_sigstop_prop:s0
-r--r--r--    1 root     root        131072 May 29 21:44 u:object_r:ctl_snapuserd_prop:s0
-r--r--r--    1 root     root        131072 May 29 21:44 u:object_r:ctl_start_prop:s0
-r--r--r--    1 root     root        131072 May 29 21:44 u:object_r:ctl_stop_prop:s0
-r--r--r--    1 root     root        131072 May 29 21:44 u:object_r:dalvik_config_prop:s0
-r--r--r--    1 root     root        131072 May 29 21:44 u:object_r:dalvik_prop:s0
-r--r--r--    1 root     root        131072 May 29 21:44 u:object_r:dalvik_runtime_prop:s0
-r--r--r--    1 root     root        131072 May 29 21:44 u:object_r:dck_prop:s0
-r--r--r--    1 root     root        131072 May 29 21:44 u:object_r:debug_prop:s0
-r--r--r--    1 root     root        131072 May 29 21:44 u:object_r:debugfs_restriction_prop:s0
-r--r--r--    1 root     root        131072 May 29 21:44 u:object_r:debuggerd_prop:s0
-r--r--r--    1 root     root        131072 May 29 21:44 u:object_r:default_prop:s0
-r--r--r--    1 root     root        131072 May 29 21:44 u:object_r:device_config_activity_manager_native_boot_prop:s0
-r--r--r--    1 root     root        131072 May 29 21:44 u:object_r:device_config_boot_count_prop:s0
-r--r--r--    1 root     root        131072 May 29 21:44 u:object_r:device_config_configuration_prop:s0
-r--r--r--    1 root     root        131072 May 29 21:44 u:object_r:device_config_connectivity_prop:s0
-r--r--r--    1 root     root        131072 May 29 21:44 u:object_r:device_config_input_native_boot_prop:s0
-r--r--r--    1 root     root        131072 May 29 21:44 u:object_r:device_config_lmkd_native_prop:s0
-r--r--r--    1 root     root        131072 May 29 21:44 u:object_r:device_config_media_native_prop:s0
-r--r--r--    1 root     root        131072 May 29 21:44 u:object_r:device_config_mglru_native_prop:s0
-r--r--r--    1 root     root        131072 May 29 21:44 u:object_r:device_config_netd_native_prop:s0
-r--r--r--    1 root     root        131072 May 29 21:44 u:object_r:device_config_nnapi_native_prop:s0
-r--r--r--    1 root     root        131072 May 29 21:44 u:object_r:device_config_profcollect_native_boot_prop:s0
-r--r--r--    1 root     root        131072 May 29 21:44 u:object_r:device_config_reset_performed_prop:s0
-r--r--r--    1 root     root        131072 May 29 21:44 u:object_r:device_config_runtime_native_boot_prop:s0
-r--r--r--    1 root     root        131072 May 29 21:44 u:object_r:device_config_runtime_native_prop:s0
-r--r--r--    1 root     root        131072 May 29 21:44 u:object_r:device_config_statsd_native_boot_prop:s0
-r--r--r--    1 root     root        131072 May 29 21:44 u:object_r:device_config_statsd_native_prop:s0
-r--r--r--    1 root     root        131072 May 29 21:44 u:object_r:device_config_storage_native_boot_prop:s0
-r--r--r--    1 root     root        131072 May 29 21:44 u:object_r:device_config_surface_flinger_native_boot_prop:s0
-r--r--r--    1 root     root        131072 May 29 21:44 u:object_r:device_config_swcodec_native_prop:s0
-r--r--r--    1 root     root        131072 May 29 21:44 u:object_r:device_config_sys_traced_prop:s0
-r--r--r--    1 root     root        131072 May 29 21:44 u:object_r:device_config_vendor_system_native_boot_prop:s0
-r--r--r--    1 root     root        131072 May 29 21:44 u:object_r:device_config_vendor_system_native_prop:s0
-r--r--r--    1 root     root        131072 May 29 21:44 u:object_r:device_config_virtualization_framework_native_prop:s0
-r--r--r--    1 root     root        131072 May 29 21:44 u:object_r:device_config_window_manager_native_boot_prop:s0
-r--r--r--    1 root     root        131072 May 29 21:44 u:object_r:device_logging_prop:s0
-r--r--r--    1 root     root        131072 May 29 21:44 u:object_r:dhcp_prop:s0
-r--r--r--    1 root     root        131072 May 29 21:44 u:object_r:dmesgd_start_prop:s0
-r--r--r--    1 root     root        131072 May 29 21:44 u:object_r:drm_service_config_prop:s0
-r--r--r--    1 root     root        131072 May 29 21:44 u:object_r:dumpstate_options_prop:s0
-r--r--r--    1 root     root        131072 May 29 21:44 u:object_r:dumpstate_prop:s0
-r--r--r--    1 root     root        131072 May 29 21:44 u:object_r:dynamic_system_prop:s0
-r--r--r--    1 root     root        131072 May 29 21:44 u:object_r:exported3_system_prop:s0
-r--r--r--    1 root     root        131072 May 29 21:44 u:object_r:exported_bluetooth_prop:s0
-r--r--r--    1 root     root        131072 May 29 21:44 u:object_r:exported_config_prop:s0
-r--r--r--    1 root     root        131072 May 29 21:44 u:object_r:exported_default_prop:s0
-r--r--r--    1 root     root        131072 May 29 21:44 u:object_r:exported_dumpstate_prop:s0
-r--r--r--    1 root     root        131072 May 29 21:44 u:object_r:exported_overlay_prop:s0
-r--r--r--    1 root     root        131072 May 29 21:44 u:object_r:exported_pm_prop:s0
-r--r--r--    1 root     root        131072 May 29 21:44 u:object_r:exported_system_prop:s0
-r--r--r--    1 root     root        131072 May 29 21:44 u:object_r:fastbootd_protocol_prop:s0
-r--r--r--    1 root     root        131072 May 29 21:44 u:object_r:ffs_config_prop:s0
-r--r--r--    1 root     root        131072 May 29 21:44 u:object_r:ffs_control_prop:s0
-r--r--r--    1 root     root        131072 May 29 21:44 u:object_r:fingerprint_prop:s0
-r--r--r--    1 root     root        131072 May 29 21:44 u:object_r:firstboot_prop:s0
-r--r--r--    1 root     root        131072 May 29 21:44 u:object_r:framework_status_prop:s0
-r--r--r--    1 root     root        131072 May 29 21:44 u:object_r:framework_watchdog_config_prop:s0
-r--r--r--    1 root     root        131072 May 29 21:44 u:object_r:gesture_prop:s0
-r--r--r--    1 root     root        131072 May 29 21:44 u:object_r:graphics_config_prop:s0
-r--r--r--    1 root     root        131072 May 29 21:44 u:object_r:gsid_prop:s0
-r--r--r--    1 root     root        131072 May 29 21:44 u:object_r:gwp_asan_prop:s0
-r--r--r--    1 root     root        131072 May 29 21:44 u:object_r:hal_dumpstate_config_prop:s0
-r--r--r--    1 root     root        131072 May 29 21:44 u:object_r:hal_instrumentation_prop:s0
-r--r--r--    1 root     root        131072 May 29 21:44 u:object_r:hdmi_config_prop:s0
-r--r--r--    1 root     root        131072 May 29 21:44 u:object_r:heapprofd_enabled_prop:s0
-r--r--r--    1 root     root        131072 May 29 21:44 u:object_r:heapprofd_prop:s0
-r--r--r--    1 root     root        131072 May 29 21:44 u:object_r:hw_timeout_multiplier_prop:s0
-r--r--r--    1 root     root        131072 May 29 21:44 u:object_r:hwservicemanager_prop:s0
-r--r--r--    1 root     root        131072 May 29 21:44 u:object_r:hypervisor_prop:s0
-r--r--r--    1 root     root        131072 May 29 21:44 u:object_r:incremental_prop:s0
-r--r--r--    1 root     root        131072 May 29 21:44 u:object_r:init_perf_lsm_hooks_prop:s0
-r--r--r--    1 root     root        131072 May 29 21:44 u:object_r:init_service_status_private_prop:s0
-r--r--r--    1 root     root        131072 May 29 21:44 u:object_r:init_service_status_prop:s0
-r--r--r--    1 root     root        131072 May 29 21:44 u:object_r:init_svc_debug_prop:s0
-r--r--r--    1 root     root        131072 May 29 21:44 u:object_r:keyguard_config_prop:s0
-r--r--r--    1 root     root        131072 May 29 21:44 u:object_r:keystore_crash_prop:s0
-r--r--r--    1 root     root        131072 May 29 21:44 u:object_r:keystore_listen_prop:s0
-r--r--r--    1 root     root        131072 May 29 21:44 u:object_r:last_boot_reason_prop:s0
-r--r--r--    1 root     root        131072 May 29 21:44 u:object_r:libc_debug_prop:s0
-r--r--r--    1 root     root        131072 May 29 21:44 u:object_r:llkd_prop:s0
-r--r--r--    1 root     root        131072 May 29 21:44 u:object_r:lmkd_config_prop:s0
-r--r--r--    1 root     root        131072 May 29 21:44 u:object_r:lmkd_prop:s0
-r--r--r--    1 root     root        131072 May 29 21:44 u:object_r:localization_prop:s0
-r--r--r--    1 root     root        131072 May 29 21:44 u:object_r:log_prop:s0
-r--r--r--    1 root     root        131072 May 29 21:44 u:object_r:log_tag_prop:s0
-r--r--r--    1 root     root        131072 May 29 21:44 u:object_r:logd_prop:s0
-r--r--r--    1 root     root        131072 May 29 21:44 u:object_r:logpersistd_logging_prop:s0
-r--r--r--    1 root     root        131072 May 29 21:44 u:object_r:lower_kptr_restrict_prop:s0
-r--r--r--    1 root     root        131072 May 29 21:44 u:object_r:lowpan_prop:s0
-r--r--r--    1 root     root        131072 May 29 21:44 u:object_r:lpdumpd_prop:s0
-r--r--r--    1 root     root        131072 May 29 21:44 u:object_r:media_config_prop:s0
-r--r--r--    1 root     root        131072 May 29 21:44 u:object_r:media_variant_prop:s0
-r--r--r--    1 root     root        131072 May 29 21:44 u:object_r:mediadrm_config_prop:s0
-r--r--r--    1 root     root        131072 May 29 21:44 u:object_r:mm_events_config_prop:s0
-r--r--r--    1 root     root        131072 May 29 21:44 u:object_r:mmc_prop:s0
-r--r--r--    1 root     root        131072 May 29 21:44 u:object_r:mock_ota_prop:s0
-r--r--r--    1 root     root        131072 May 29 21:44 u:object_r:module_sdkextensions_prop:s0
-r--r--r--    1 root     root        131072 May 29 21:44 u:object_r:net_464xlat_fromvendor_prop:s0
-r--r--r--    1 root     root        131072 May 29 21:44 u:object_r:net_connectivity_prop:s0
-r--r--r--    1 root     root        131072 May 29 21:44 u:object_r:net_dns_prop:s0
-r--r--r--    1 root     root        131072 May 29 21:44 u:object_r:net_radio_prop:s0
-r--r--r--    1 root     root        131072 May 29 21:44 u:object_r:netd_stable_secret_prop:s0
-r--r--r--    1 root     root        131072 May 29 21:44 u:object_r:nfc_prop:s0
-r--r--r--    1 root     root        131072 May 29 21:44 u:object_r:nnapi_ext_deny_product_prop:s0
-r--r--r--    1 root     root        131072 May 29 21:44 u:object_r:odsign_prop:s0
-r--r--r--    1 root     root        131072 May 29 21:44 u:object_r:oem_unlock_prop:s0
-r--r--r--    1 root     root        131072 May 29 21:44 u:object_r:ota_prop:s0
-r--r--r--    1 root     root        131072 May 29 21:44 u:object_r:overlay_prop:s0
-r--r--r--    1 root     root        131072 May 29 21:44 u:object_r:packagemanager_config_prop:s0
-r--r--r--    1 root     root        131072 May 29 21:44 u:object_r:pan_result_prop:s0
-r--r--r--    1 root     root        131072 May 29 21:44 u:object_r:perf_drop_caches_prop:s0
-r--r--r--    1 root     root        131072 May 29 21:44 u:object_r:persist_debug_prop:s0
-r--r--r--    1 root     root        131072 May 29 21:44 u:object_r:persist_vendor_debug_wifi_prop:s0
-r--r--r--    1 root     root        131072 May 29 21:44 u:object_r:persist_wm_debug_prop:s0
-r--r--r--    1 root     root        131072 May 29 21:44 u:object_r:persistent_properties_ready_prop:s0
-r--r--r--    1 root     root        131072 May 29 21:44 u:object_r:pm_prop:s0
-r--r--r--    1 root     root        131072 May 29 21:44 u:object_r:power_debug_prop:s0
-r--r--r--    1 root     root        131072 May 29 21:44 u:object_r:powerctl_prop:s0
-r--r--r--    1 root     root        131072 May 29 21:44 u:object_r:profcollectd_node_id_prop:s0
-r--r--r--    1 root     root        131072 May 29 21:44 u:object_r:property_service_version_prop:s0
-r--r--r--    1 root     root        131072 May 29 21:44 u:object_r:provisioned_prop:s0
-r--r--r--    1 root     root        131072 May 29 21:44 u:object_r:qemu_hw_prop:s0
-r--r--r--    1 root     root        131072 May 29 21:44 u:object_r:qemu_sf_lcd_density_prop:s0
-r--r--r--    1 root     root        131072 May 29 21:44 u:object_r:radio_cdma_ecm_prop:s0
-r--r--r--    1 root     root        131072 May 29 21:44 u:object_r:radio_control_prop:s0
-r--r--r--    1 root     root        131072 May 29 21:44 u:object_r:radio_prop:s0
-r--r--r--    1 root     root        131072 May 29 21:44 u:object_r:rebootescrow_hal_prop:s0
-r--r--r--    1 root     root        131072 May 29 21:44 u:object_r:recovery_config_prop:s0
-r--r--r--    1 root     root        131072 May 29 21:44 u:object_r:remote_prov_prop:s0
-r--r--r--    1 root     root        131072 May 29 21:44 u:object_r:restorecon_prop:s0
-r--r--r--    1 root     root        131072 May 29 21:44 u:object_r:retaildemo_prop:s0
-r--r--r--    1 root     root        131072 May 29 21:44 u:object_r:rollback_test_prop:s0
-r--r--r--    1 root     root        131072 May 29 21:44 u:object_r:safemode_prop:s0
-r--r--r--    1 root     root        131072 May 29 21:44 u:object_r:sendbug_config_prop:s0
-r--r--r--    1 root     root        131072 May 29 21:44 u:object_r:serialno_prop:s0
-r--r--r--    1 root     root        131072 May 29 21:44 u:object_r:setupwizard_prop:s0
-r--r--r--    1 root     root        131072 May 29 21:44 u:object_r:shell_prop:s0
-r--r--r--    1 root     root        131072 May 29 21:44 u:object_r:smart_idle_maint_enabled_prop:s0
-r--r--r--    1 root     root        131072 May 29 21:44 u:object_r:snapuserd_prop:s0
-r--r--r--    1 root     root        131072 May 29 21:44 u:object_r:soc_prop:s0
-r--r--r--    1 root     root        131072 May 29 21:44 u:object_r:socket_hook_prop:s0
-r--r--r--    1 root     root        131072 May 29 21:44 u:object_r:sqlite_log_prop:s0
-r--r--r--    1 root     root        131072 May 29 21:44 u:object_r:storage_config_prop:s0
-r--r--r--    1 root     root        131072 May 29 21:44 u:object_r:storagemanager_config_prop:s0
-r--r--r--    1 root     root        131072 May 29 21:44 u:object_r:surfaceflinger_color_prop:s0
-r--r--r--    1 root     root        131072 May 29 21:44 u:object_r:surfaceflinger_display_prop:s0
-r--r--r--    1 root     root        131072 May 29 21:44 u:object_r:surfaceflinger_prop:s0
-r--r--r--    1 root     root        131072 May 29 21:44 u:object_r:suspend_prop:s0
-r--r--r--    1 root     root        131072 May 29 21:44 u:object_r:system_adbd_prop:s0
-r--r--r--    1 root     root        131072 May 29 21:44 u:object_r:system_boot_reason_prop:s0
-r--r--r--    1 root     root        131072 May 29 21:44 u:object_r:system_jvmti_agent_prop:s0
-r--r--r--    1 root     root        131072 May 29 21:44 u:object_r:system_lmk_prop:s0
-r--r--r--    1 root     root        131072 May 29 21:44 u:object_r:system_prop:s0
-r--r--r--    1 root     root        131072 May 29 21:44 u:object_r:system_trace_prop:s0
-r--r--r--    1 root     root        131072 May 29 21:44 u:object_r:system_user_mode_emulation_prop:s0
-r--r--r--    1 root     root        131072 May 29 21:44 u:object_r:systemsound_config_prop:s0
-r--r--r--    1 root     root        131072 May 29 21:44 u:object_r:telephony_config_prop:s0
-r--r--r--    1 root     root        131072 May 29 21:44 u:object_r:telephony_status_prop:s0
-r--r--r--    1 root     root        131072 May 29 21:44 u:object_r:test_boot_reason_prop:s0
-r--r--r--    1 root     root        131072 May 29 21:44 u:object_r:test_harness_prop:s0
-r--r--r--    1 root     root        131072 May 29 21:44 u:object_r:theme_prop:s0
-r--r--r--    1 root     root        131072 May 29 21:44 u:object_r:time_prop:s0
-r--r--r--    1 root     root        131072 May 29 21:44 u:object_r:tombstone_config_prop:s0
-r--r--r--    1 root     root        131072 May 29 21:44 u:object_r:traced_enabled_prop:s0
-r--r--r--    1 root     root        131072 May 29 21:44 u:object_r:traced_lazy_prop:s0
-r--r--r--    1 root     root        131072 May 29 21:44 u:object_r:traced_oome_heap_session_count_prop:s0
-r--r--r--    1 root     root        131072 May 29 21:44 u:object_r:traced_perf_enabled_prop:s0
-r--r--r--    1 root     root        131072 May 29 21:44 u:object_r:usb_config_prop:s0
-r--r--r--    1 root     root        131072 May 29 21:44 u:object_r:usb_control_prop:s0
-r--r--r--    1 root     root        131072 May 29 21:44 u:object_r:usb_prop:s0
-r--r--r--    1 root     root        131072 May 29 21:44 u:object_r:use_memfd_prop:s0
-r--r--r--    1 root     root        131072 May 29 21:44 u:object_r:userdebug_or_eng_prop:s0
-r--r--r--    1 root     root        131072 May 29 21:44 u:object_r:userspace_reboot_config_prop:s0
-r--r--r--    1 root     root        131072 May 29 21:44 u:object_r:userspace_reboot_exported_prop:s0
-r--r--r--    1 root     root        131072 May 29 21:44 u:object_r:userspace_reboot_log_prop:s0
-r--r--r--    1 root     root        131072 May 29 21:44 u:object_r:userspace_reboot_test_prop:s0
-r--r--r--    1 root     root        131072 May 29 21:44 u:object_r:vehicle_hal_prop:s0
-r--r--r--    1 root     root        131072 May 29 21:44 u:object_r:vendor_default_prop:s0
-r--r--r--    1 root     root        131072 May 29 21:44 u:object_r:vendor_fm_radio_app_prop:s0
-r--r--r--    1 root     root        131072 May 29 21:44 u:object_r:vendor_security_patch_level_prop:s0
-r--r--r--    1 root     root        131072 May 29 21:44 u:object_r:vendor_socket_hook_prop:s0
-r--r--r--    1 root     root        131072 May 29 21:44 u:object_r:verity_status_prop:s0
-r--r--r--    1 root     root        131072 May 29 21:44 u:object_r:virtual_ab_prop:s0
-r--r--r--    1 root     root        131072 May 29 21:44 u:object_r:virtualizationservice_prop:s0
-r--r--r--    1 root     root        131072 May 29 21:44 u:object_r:vndk_prop:s0
-r--r--r--    1 root     root        131072 May 29 21:44 u:object_r:vold_config_prop:s0
-r--r--r--    1 root     root        131072 May 29 21:44 u:object_r:vold_post_fs_data_prop:s0
-r--r--r--    1 root     root        131072 May 29 21:44 u:object_r:vold_prop:s0
-r--r--r--    1 root     root        131072 May 29 21:44 u:object_r:vold_status_prop:s0
-r--r--r--    1 root     root        131072 May 29 21:44 u:object_r:vts_config_prop:s0
-r--r--r--    1 root     root        131072 May 29 21:44 u:object_r:vts_status_prop:s0
-r--r--r--    1 root     root        131072 May 29 21:44 u:object_r:wifi_config_prop:s0
-r--r--r--    1 root     root        131072 May 29 21:44 u:object_r:wifi_hal_prop:s0
-r--r--r--    1 root     root        131072 May 29 21:44 u:object_r:wifi_log_prop:s0
-r--r--r--    1 root     root        131072 May 29 21:44 u:object_r:wifi_prop:s0
-r--r--r--    1 root     root        131072 May 29 21:44 u:object_r:zram_config_prop:s0
-r--r--r--    1 root     root        131072 May 29 21:44 u:object_r:zram_control_prop:s0
-r--r--r--    1 root     root        131072 May 29 21:44 u:object_r:zygote_config_prop:s0
-r--r--r--    1 root     root        131072 May 29 21:44 u:object_r:zygote_wrap_prop:s0
total 1152
drwx--x--x    2 root     root          5360 May 29 21:44 .
drwxr-xr-x   18 root     root          6160 May 29 23:12 ..
-r--r--r--    1 root     root        131072 May 29 21:44 properties_serial
-r--r--r--    1 root     root         74296 May 29 21:44 property_info
-r--r--r--    1 root     root        131072 May 29 21:44 u:object_r:aac_drc_prop:s0
-r--r--r--    1 root     root        131072 May 29 21:44 u:object_r:aaudio_config_prop:s0
-r--r--r--    1 root     root        131072 May 29 21:44 u:object_r:ab_update_gki_prop:s0
-r--r--r--    1 root     root        131072 May 29 21:44 u:object_r:adaptive_haptics_prop:s0
-r--r--r--    1 root     root        131072 May 29 21:44 u:object_r:adbd_config_prop:s0
-r--r--r--    1 root     root        131072 May 29 21:44 u:object_r:adbd_prop:s0
-r--r--r--    1 root     root        131072 May 29 21:44 u:object_r:apexd_config_prop:s0
-r--r--r--    1 root     root        131072 May 29 21:44 u:object_r:apexd_payload_metadata_prop:s0
-r--r--r--    1 root     root        131072 May 29 21:44 u:object_r:apexd_prop:s0
-r--r--r--    1 root     root        131072 May 29 21:44 u:object_r:apexd_select_prop:s0
-r--r--r--    1 root     root        131072 May 29 21:44 u:object_r:apk_verity_prop:s0
-r--r--r--    1 root     root        131072 May 29 21:44 u:object_r:arm64_memtag_prop:s0
-r--r--r--    1 root     root        131072 May 29 21:44 u:object_r:audio_config_prop:s0
-r--r--r--    1 root     root        131072 May 29 21:44 u:object_r:audio_prop:s0
-r--r--r--    1 root     root        131072 May 29 21:44 u:object_r:binder_cache_bluetooth_server_prop:s0
-r--r--r--    1 root     root        131072 May 29 21:44 u:object_r:binder_cache_system_server_prop:s0
-r--r--r--    1 root     root        131072 May 29 21:44 u:object_r:binder_cache_telephony_server_prop:s0
-r--r--r--    1 root     root        131072 May 29 21:44 u:object_r:bluetooth_a2dp_offload_prop:s0
-r--r--r--    1 root     root        131072 May 29 21:44 u:object_r:bluetooth_audio_hal_prop:s0
-r--r--r--    1 root     root        131072 May 29 21:44 u:object_r:bluetooth_config_prop:s0
-r--r--r--    1 root     root        131072 May 29 21:44 u:object_r:bluetooth_prop:s0
-r--r--r--    1 root     root        131072 May 29 21:44 u:object_r:boot_status_prop:s0
-r--r--r--    1 root     root        131072 May 29 21:44 u:object_r:bootanim_config_prop:s0
-r--r--r--    1 root     root        131072 May 29 21:44 u:object_r:bootanim_system_prop:s0
-r--r--r--    1 root     root        131072 May 29 21:44 u:object_r:bootloader_boot_reason_prop:s0
-r--r--r--    1 root     root        131072 May 29 21:44 u:object_r:bootloader_prop:s0
-r--r--r--    1 root     root        131072 May 29 21:44 u:object_r:boottime_prop:s0
-r--r--r--    1 root     root        131072 May 29 21:44 u:object_r:boottime_public_prop:s0
-r--r--r--    1 root     root        131072 May 29 21:44 u:object_r:bpf_progs_loaded_prop:s0
-r--r--r--    1 root     root        131072 May 29 21:44 u:object_r:bq_config_prop:s0
-r--r--r--    1 root     root        131072 May 29 21:44 u:object_r:build_bootimage_prop:s0
-r--r--r--    1 root     root        131072 May 29 21:44 u:object_r:build_config_prop:s0
-r--r--r--    1 root     root        131072 May 29 21:44 u:object_r:build_odm_prop:s0
-r--r--r--    1 root     root        131072 May 29 21:44 u:object_r:build_prop:s0
-r--r--r--    1 root     root        131072 May 29 21:44 u:object_r:build_vendor_prop:s0
-r--r--r--    1 root     root        131072 May 29 21:44 u:object_r:camera2_extensions_prop:s0
-r--r--r--    1 root     root        131072 May 29 21:44 u:object_r:camera_calibration_prop:s0
-r--r--r--    1 root     root        131072 May 29 21:44 u:object_r:camera_config_prop:s0
-r--r--r--    1 root     root        131072 May 29 21:44 u:object_r:camerax_extensions_prop:s0
-r--r--r--    1 root     root        131072 May 29 21:44 u:object_r:charger_config_prop:s0
-r--r--r--    1 root     root        131072 May 29 21:44 u:object_r:charger_prop:s0
-r--r--r--    1 root     root        131072 May 29 21:44 u:object_r:charger_status_prop:s0
-r--r--r--    1 root     root        131072 May 29 21:44 u:object_r:codec2_config_prop:s0
-r--r--r--    1 root     root        131072 May 29 21:44 u:object_r:cold_boot_done_prop:s0
-r--r--r--    1 root     root        131072 May 29 21:44 u:object_r:config_prop:s0
-r--r--r--    1 root     root        131072 May 29 21:44 u:object_r:cppreopt_prop:s0
-r--r--r--    1 root     root        131072 May 29 21:44 u:object_r:cpu_variant_prop:s0
-r--r--r--    1 root     root        131072 May 29 21:44 u:object_r:ctl_adbd_prop:s0
-r--r--r--    1 root     root        131072 May 29 21:44 u:object_r:ctl_apexd_prop:s0
-r--r--r--    1 root     root        131072 May 29 21:44 u:object_r:ctl_bootanim_prop:s0
-r--r--r--    1 root     root        131072 May 29 21:44 u:object_r:ctl_bugreport_prop:s0
-r--r--r--    1 root     root        131072 May 29 21:44 u:object_r:ctl_console_prop:s0
-r--r--r--    1 root     root        131072 May 29 21:44 u:object_r:ctl_default_prop:s0
-r--r--r--    1 root     root        131072 May 29 21:44 u:object_r:ctl_dumpstate_prop:s0
-r--r--r--    1 root     root        131072 May 29 21:44 u:object_r:ctl_fuse_prop:s0
-r--r--r--    1 root     root        131072 May 29 21:44 u:object_r:ctl_gsid_prop:s0
-r--r--r--    1 root     root        131072 May 29 21:44 u:object_r:ctl_interface_restart_prop:s0
-r--r--r--    1 root     root        131072 May 29 21:44 u:object_r:ctl_interface_start_prop:s0
-r--r--r--    1 root     root        131072 May 29 21:44 u:object_r:ctl_interface_stop_prop:s0
-r--r--r--    1 root     root        131072 May 29 21:44 u:object_r:ctl_mdnsd_prop:s0
-r--r--r--    1 root     root        131072 May 29 21:44 u:object_r:ctl_mediatranscoding_prop:s0
-r--r--r--    1 root     root        131072 May 29 21:44 u:object_r:ctl_odsign_prop:s0
-r--r--r--    1 root     root        131072 May 29 21:44 u:object_r:ctl_restart_prop:s0
-r--r--r--    1 root     root        131072 May 29 21:44 u:object_r:ctl_rildaemon_prop:s0
-r--r--r--    1 root     root        131072 May 29 21:44 u:object_r:ctl_sigstop_prop:s0
-r--r--r--    1 root     root        131072 May 29 21:44 u:object_r:ctl_snapuserd_prop:s0
-r--r--r--    1 root     root        131072 May 29 21:44 u:object_r:ctl_start_prop:s0
-r--r--r--    1 root     root        131072 May 29 21:44 u:object_r:ctl_stop_prop:s0
-r--r--r--    1 root     root        131072 May 29 21:44 u:object_r:dalvik_config_prop:s0
-r--r--r--    1 root     root        131072 May 29 21:44 u:object_r:dalvik_prop:s0
-r--r--r--    1 root     root        131072 May 29 21:44 u:object_r:dalvik_runtime_prop:s0
-r--r--r--    1 root     root        131072 May 29 21:44 u:object_r:dck_prop:s0
-r--r--r--    1 root     root        131072 May 29 21:44 u:object_r:debug_prop:s0
-r--r--r--    1 root     root        131072 May 29 21:44 u:object_r:debugfs_restriction_prop:s0
-r--r--r--    1 root     root        131072 May 29 21:44 u:object_r:debuggerd_prop:s0
-r--r--r--    1 root     root        131072 May 29 21:44 u:object_r:default_prop:s0
-r--r--r--    1 root     root        131072 May 29 21:44 u:object_r:device_config_activity_manager_native_boot_prop:s0
-r--r--r--    1 root     root        131072 May 29 21:44 u:object_r:device_config_boot_count_prop:s0
-r--r--r--    1 root     root        131072 May 29 21:44 u:object_r:device_config_configuration_prop:s0
-r--r--r--    1 root     root        131072 May 29 21:44 u:object_r:device_config_connectivity_prop:s0
-r--r--r--    1 root     root        131072 May 29 21:44 u:object_r:device_config_input_native_boot_prop:s0
-r--r--r--    1 root     root        131072 May 29 21:44 u:object_r:device_config_lmkd_native_prop:s0
-r--r--r--    1 root     root        131072 May 29 21:44 u:object_r:device_config_media_native_prop:s0
-r--r--r--    1 root     root        131072 May 29 21:44 u:object_r:device_config_mglru_native_prop:s0
-r--r--r--    1 root     root        131072 May 29 21:44 u:object_r:device_config_netd_native_prop:s0
-r--r--r--    1 root     root        131072 May 29 21:44 u:object_r:device_config_nnapi_native_prop:s0
-r--r--r--    1 root     root        131072 May 29 21:44 u:object_r:device_config_profcollect_native_boot_prop:s0
-r--r--r--    1 root     root        131072 May 29 21:44 u:object_r:device_config_reset_performed_prop:s0
-r--r--r--    1 root     root        131072 May 29 21:44 u:object_r:device_config_runtime_native_boot_prop:s0
-r--r--r--    1 root     root        131072 May 29 21:44 u:object_r:device_config_runtime_native_prop:s0
-r--r--r--    1 root     root        131072 May 29 21:44 u:object_r:device_config_statsd_native_boot_prop:s0
-r--r--r--    1 root     root        131072 May 29 21:44 u:object_r:device_config_statsd_native_prop:s0
-r--r--r--    1 root     root        131072 May 29 21:44 u:object_r:device_config_storage_native_boot_prop:s0
-r--r--r--    1 root     root        131072 May 29 21:44 u:object_r:device_config_surface_flinger_native_boot_prop:s0
-r--r--r--    1 root     root        131072 May 29 21:44 u:object_r:device_config_swcodec_native_prop:s0
-r--r--r--    1 root     root        131072 May 29 21:44 u:object_r:device_config_sys_traced_prop:s0
-r--r--r--    1 root     root        131072 May 29 21:44 u:object_r:device_config_vendor_system_native_boot_prop:s0
-r--r--r--    1 root     root        131072 May 29 21:44 u:object_r:device_config_vendor_system_native_prop:s0
-r--r--r--    1 root     root        131072 May 29 21:44 u:object_r:device_config_virtualization_framework_native_prop:s0
-r--r--r--    1 root     root        131072 May 29 21:44 u:object_r:device_config_window_manager_native_boot_prop:s0
-r--r--r--    1 root     root        131072 May 29 21:44 u:object_r:device_logging_prop:s0
-r--r--r--    1 root     root        131072 May 29 21:44 u:object_r:dhcp_prop:s0
-r--r--r--    1 root     root        131072 May 29 21:44 u:object_r:dmesgd_start_prop:s0
-r--r--r--    1 root     root        131072 May 29 21:44 u:object_r:drm_service_config_prop:s0
-r--r--r--    1 root     root        131072 May 29 21:44 u:object_r:dumpstate_options_prop:s0
-r--r--r--    1 root     root        131072 May 29 21:44 u:object_r:dumpstate_prop:s0
-r--r--r--    1 root     root        131072 May 29 21:44 u:object_r:dynamic_system_prop:s0
-r--r--r--    1 root     root        131072 May 29 21:44 u:object_r:exported3_system_prop:s0
-r--r--r--    1 root     root        131072 May 29 21:44 u:object_r:exported_bluetooth_prop:s0
-r--r--r--    1 root     root        131072 May 29 21:44 u:object_r:exported_config_prop:s0
-r--r--r--    1 root     root        131072 May 29 21:44 u:object_r:exported_default_prop:s0
-r--r--r--    1 root     root        131072 May 29 21:44 u:object_r:exported_dumpstate_prop:s0
-r--r--r--    1 root     root        131072 May 29 21:44 u:object_r:exported_overlay_prop:s0
-r--r--r--    1 root     root        131072 May 29 21:44 u:object_r:exported_pm_prop:s0
-r--r--r--    1 root     root        131072 May 29 21:44 u:object_r:exported_system_prop:s0
-r--r--r--    1 root     root        131072 May 29 21:44 u:object_r:fastbootd_protocol_prop:s0
-r--r--r--    1 root     root        131072 May 29 21:44 u:object_r:ffs_config_prop:s0
-r--r--r--    1 root     root        131072 May 29 21:44 u:object_r:ffs_control_prop:s0
-r--r--r--    1 root     root        131072 May 29 21:44 u:object_r:fingerprint_prop:s0
-r--r--r--    1 root     root        131072 May 29 21:44 u:object_r:firstboot_prop:s0
-r--r--r--    1 root     root        131072 May 29 21:44 u:object_r:framework_status_prop:s0
-r--r--r--    1 root     root        131072 May 29 21:44 u:object_r:framework_watchdog_config_prop:s0
-r--r--r--    1 root     root        131072 May 29 21:44 u:object_r:gesture_prop:s0
-r--r--r--    1 root     root        131072 May 29 21:44 u:object_r:graphics_config_prop:s0
-r--r--r--    1 root     root        131072 May 29 21:44 u:object_r:gsid_prop:s0
-r--r--r--    1 root     root        131072 May 29 21:44 u:object_r:gwp_asan_prop:s0
-r--r--r--    1 root     root        131072 May 29 21:44 u:object_r:hal_dumpstate_config_prop:s0
-r--r--r--    1 root     root        131072 May 29 21:44 u:object_r:hal_instrumentation_prop:s0
-r--r--r--    1 root     root        131072 May 29 21:44 u:object_r:hdmi_config_prop:s0
-r--r--r--    1 root     root        131072 May 29 21:44 u:object_r:heapprofd_enabled_prop:s0
-r--r--r--    1 root     root        131072 May 29 21:44 u:object_r:heapprofd_prop:s0
-r--r--r--    1 root     root        131072 May 29 21:44 u:object_r:hw_timeout_multiplier_prop:s0
-r--r--r--    1 root     root        131072 May 29 21:44 u:object_r:hwservicemanager_prop:s0
-r--r--r--    1 root     root        131072 May 29 21:44 u:object_r:hypervisor_prop:s0
-r--r--r--    1 root     root        131072 May 29 21:44 u:object_r:incremental_prop:s0
-r--r--r--    1 root     root        131072 May 29 21:44 u:object_r:init_perf_lsm_hooks_prop:s0
-r--r--r--    1 root     root        131072 May 29 21:44 u:object_r:init_service_status_private_prop:s0
-r--r--r--    1 root     root        131072 May 29 21:44 u:object_r:init_service_status_prop:s0
-r--r--r--    1 root     root        131072 May 29 21:44 u:object_r:init_svc_debug_prop:s0
-r--r--r--    1 root     root        131072 May 29 21:44 u:object_r:keyguard_config_prop:s0
-r--r--r--    1 root     root        131072 May 29 21:44 u:object_r:keystore_crash_prop:s0
-r--r--r--    1 root     root        131072 May 29 21:44 u:object_r:keystore_listen_prop:s0
-r--r--r--    1 root     root        131072 May 29 21:44 u:object_r:last_boot_reason_prop:s0
-r--r--r--    1 root     root        131072 May 29 21:44 u:object_r:libc_debug_prop:s0
-r--r--r--    1 root     root        131072 May 29 21:44 u:object_r:llkd_prop:s0
-r--r--r--    1 root     root        131072 May 29 21:44 u:object_r:lmkd_config_prop:s0
-r--r--r--    1 root     root        131072 May 29 21:44 u:object_r:lmkd_prop:s0
-r--r--r--    1 root     root        131072 May 29 21:44 u:object_r:localization_prop:s0
-r--r--r--    1 root     root        131072 May 29 21:44 u:object_r:log_prop:s0
-r--r--r--    1 root     root        131072 May 29 21:44 u:object_r:log_tag_prop:s0
-r--r--r--    1 root     root        131072 May 29 21:44 u:object_r:logd_prop:s0
-r--r--r--    1 root     root        131072 May 29 21:44 u:object_r:logpersistd_logging_prop:s0
-r--r--r--    1 root     root        131072 May 29 21:44 u:object_r:lower_kptr_restrict_prop:s0
-r--r--r--    1 root     root        131072 May 29 21:44 u:object_r:lowpan_prop:s0
-r--r--r--    1 root     root        131072 May 29 21:44 u:object_r:lpdumpd_prop:s0
-r--r--r--    1 root     root        131072 May 29 21:44 u:object_r:media_config_prop:s0
-r--r--r--    1 root     root        131072 May 29 21:44 u:object_r:media_variant_prop:s0
-r--r--r--    1 root     root        131072 May 29 21:44 u:object_r:mediadrm_config_prop:s0
-r--r--r--    1 root     root        131072 May 29 21:44 u:object_r:mm_events_config_prop:s0
-r--r--r--    1 root     root        131072 May 29 21:44 u:object_r:mmc_prop:s0
-r--r--r--    1 root     root        131072 May 29 21:44 u:object_r:mock_ota_prop:s0
-r--r--r--    1 root     root        131072 May 29 21:44 u:object_r:module_sdkextensions_prop:s0
-r--r--r--    1 root     root        131072 May 29 21:44 u:object_r:net_464xlat_fromvendor_prop:s0
-r--r--r--    1 root     root        131072 May 29 21:44 u:object_r:net_connectivity_prop:s0
-r--r--r--    1 root     root        131072 May 29 21:44 u:object_r:net_dns_prop:s0
-r--r--r--    1 root     root        131072 May 29 21:44 u:object_r:net_radio_prop:s0
-r--r--r--    1 root     root        131072 May 29 21:44 u:object_r:netd_stable_secret_prop:s0
-r--r--r--    1 root     root        131072 May 29 21:44 u:object_r:nfc_prop:s0
-r--r--r--    1 root     root        131072 May 29 21:44 u:object_r:nnapi_ext_deny_product_prop:s0
-r--r--r--    1 root     root        131072 May 29 21:44 u:object_r:odsign_prop:s0
-r--r--r--    1 root     root        131072 May 29 21:44 u:object_r:oem_unlock_prop:s0
-r--r--r--    1 root     root        131072 May 29 21:44 u:object_r:ota_prop:s0
-r--r--r--    1 root     root        131072 May 29 21:44 u:object_r:overlay_prop:s0
-r--r--r--    1 root     root        131072 May 29 21:44 u:object_r:packagemanager_config_prop:s0
-r--r--r--    1 root     root        131072 May 29 21:44 u:object_r:pan_result_prop:s0
-r--r--r--    1 root     root        131072 May 29 21:44 u:object_r:perf_drop_caches_prop:s0
-r--r--r--    1 root     root        131072 May 29 21:44 u:object_r:persist_debug_prop:s0
-r--r--r--    1 root     root        131072 May 29 21:44 u:object_r:persist_vendor_debug_wifi_prop:s0
-r--r--r--    1 root     root        131072 May 29 21:44 u:object_r:persist_wm_debug_prop:s0
-r--r--r--    1 root     root        131072 May 29 21:44 u:object_r:persistent_properties_ready_prop:s0
-r--r--r--    1 root     root        131072 May 29 21:44 u:object_r:pm_prop:s0
-r--r--r--    1 root     root        131072 May 29 21:44 u:object_r:power_debug_prop:s0
-r--r--r--    1 root     root        131072 May 29 21:44 u:object_r:powerctl_prop:s0
-r--r--r--    1 root     root        131072 May 29 21:44 u:object_r:profcollectd_node_id_prop:s0
-r--r--r--    1 root     root        131072 May 29 21:44 u:object_r:property_service_version_prop:s0
-r--r--r--    1 root     root        131072 May 29 21:44 u:object_r:provisioned_prop:s0
-r--r--r--    1 root     root        131072 May 29 21:44 u:object_r:qemu_hw_prop:s0
-r--r--r--    1 root     root        131072 May 29 21:44 u:object_r:qemu_sf_lcd_density_prop:s0
-r--r--r--    1 root     root        131072 May 29 21:44 u:object_r:radio_cdma_ecm_prop:s0
-r--r--r--    1 root     root        131072 May 29 21:44 u:object_r:radio_control_prop:s0
-r--r--r--    1 root     root        131072 May 29 21:44 u:object_r:radio_prop:s0
-r--r--r--    1 root     root        131072 May 29 21:44 u:object_r:rebootescrow_hal_prop:s0
-r--r--r--    1 root     root        131072 May 29 21:44 u:object_r:recovery_config_prop:s0
-r--r--r--    1 root     root        131072 May 29 21:44 u:object_r:remote_prov_prop:s0
-r--r--r--    1 root     root        131072 May 29 21:44 u:object_r:restorecon_prop:s0
-r--r--r--    1 root     root        131072 May 29 21:44 u:object_r:retaildemo_prop:s0
-r--r--r--    1 root     root        131072 May 29 21:44 u:object_r:rollback_test_prop:s0
-r--r--r--    1 root     root        131072 May 29 21:44 u:object_r:safemode_prop:s0
-r--r--r--    1 root     root        131072 May 29 21:44 u:object_r:sendbug_config_prop:s0
-r--r--r--    1 root     root        131072 May 29 21:44 u:object_r:serialno_prop:s0
-r--r--r--    1 root     root        131072 May 29 21:44 u:object_r:setupwizard_prop:s0
-r--r--r--    1 root     root        131072 May 29 21:44 u:object_r:shell_prop:s0
-r--r--r--    1 root     root        131072 May 29 21:44 u:object_r:smart_idle_maint_enabled_prop:s0
-r--r--r--    1 root     root        131072 May 29 21:44 u:object_r:snapuserd_prop:s0
-r--r--r--    1 root     root        131072 May 29 21:44 u:object_r:soc_prop:s0
-r--r--r--    1 root     root        131072 May 29 21:44 u:object_r:socket_hook_prop:s0
-r--r--r--    1 root     root        131072 May 29 21:44 u:object_r:sqlite_log_prop:s0
-r--r--r--    1 root     root        131072 May 29 21:44 u:object_r:storage_config_prop:s0
-r--r--r--    1 root     root        131072 May 29 21:44 u:object_r:storagemanager_config_prop:s0
-r--r--r--    1 root     root        131072 May 29 21:44 u:object_r:surfaceflinger_color_prop:s0
-r--r--r--    1 root     root        131072 May 29 21:44 u:object_r:surfaceflinger_display_prop:s0
-r--r--r--    1 root     root        131072 May 29 21:44 u:object_r:surfaceflinger_prop:s0
-r--r--r--    1 root     root        131072 May 29 21:44 u:object_r:suspend_prop:s0
-r--r--r--    1 root     root        131072 May 29 21:44 u:object_r:system_adbd_prop:s0
-r--r--r--    1 root     root        131072 May 29 21:44 u:object_r:system_boot_reason_prop:s0
-r--r--r--    1 root     root        131072 May 29 21:44 u:object_r:system_jvmti_agent_prop:s0
-r--r--r--    1 root     root        131072 May 29 21:44 u:object_r:system_lmk_prop:s0
-r--r--r--    1 root     root        131072 May 29 21:44 u:object_r:system_prop:s0
-r--r--r--    1 root     root        131072 May 29 21:44 u:object_r:system_trace_prop:s0
-r--r--r--    1 root     root        131072 May 29 21:44 u:object_r:system_user_mode_emulation_prop:s0
-r--r--r--    1 root     root        131072 May 29 21:44 u:object_r:systemsound_config_prop:s0
-r--r--r--    1 root     root        131072 May 29 21:44 u:object_r:telephony_config_prop:s0
-r--r--r--    1 root     root        131072 May 29 21:44 u:object_r:telephony_status_prop:s0
-r--r--r--    1 root     root        131072 May 29 21:44 u:object_r:test_boot_reason_prop:s0
-r--r--r--    1 root     root        131072 May 29 21:44 u:object_r:test_harness_prop:s0
-r--r--r--    1 root     root        131072 May 29 21:44 u:object_r:theme_prop:s0
-r--r--r--    1 root     root        131072 May 29 21:44 u:object_r:time_prop:s0
-r--r--r--    1 root     root        131072 May 29 21:44 u:object_r:tombstone_config_prop:s0
-r--r--r--    1 root     root        131072 May 29 21:44 u:object_r:traced_enabled_prop:s0
-r--r--r--    1 root     root        131072 May 29 21:44 u:object_r:traced_lazy_prop:s0
-r--r--r--    1 root     root        131072 May 29 21:44 u:object_r:traced_oome_heap_session_count_prop:s0
-r--r--r--    1 root     root        131072 May 29 21:44 u:object_r:traced_perf_enabled_prop:s0
-r--r--r--    1 root     root        131072 May 29 21:44 u:object_r:usb_config_prop:s0
-r--r--r--    1 root     root        131072 May 29 21:44 u:object_r:usb_control_prop:s0
-r--r--r--    1 root     root        131072 May 29 21:44 u:object_r:usb_prop:s0
-r--r--r--    1 root     root        131072 May 29 21:44 u:object_r:use_memfd_prop:s0
-r--r--r--    1 root     root        131072 May 29 21:44 u:object_r:userdebug_or_eng_prop:s0
-r--r--r--    1 root     root        131072 May 29 21:44 u:object_r:userspace_reboot_config_prop:s0
-r--r--r--    1 root     root        131072 May 29 21:44 u:object_r:userspace_reboot_exported_prop:s0
-r--r--r--    1 root     root        131072 May 29 21:44 u:object_r:userspace_reboot_log_prop:s0
-r--r--r--    1 root     root        131072 May 29 21:44 u:object_r:userspace_reboot_test_prop:s0
-r--r--r--    1 root     root        131072 May 29 21:44 u:object_r:vehicle_hal_prop:s0
-r--r--r--    1 root     root        131072 May 29 21:44 u:object_r:vendor_default_prop:s0
-r--r--r--    1 root     root        131072 May 29 21:44 u:object_r:vendor_fm_radio_app_prop:s0
-r--r--r--    1 root     root        131072 May 29 21:44 u:object_r:vendor_security_patch_level_prop:s0
-r--r--r--    1 root     root        131072 May 29 21:44 u:object_r:vendor_socket_hook_prop:s0
-r--r--r--    1 root     root        131072 May 29 21:44 u:object_r:verity_status_prop:s0
-r--r--r--    1 root     root        131072 May 29 21:44 u:object_r:virtual_ab_prop:s0
-r--r--r--    1 root     root        131072 May 29 21:44 u:object_r:virtualizationservice_prop:s0
-r--r--r--    1 root     root        131072 May 29 21:44 u:object_r:vndk_prop:s0
-r--r--r--    1 root     root        131072 May 29 21:44 u:object_r:vold_config_prop:s0
-r--r--r--    1 root     root        131072 May 29 21:44 u:object_r:vold_post_fs_data_prop:s0
-r--r--r--    1 root     root        131072 May 29 21:44 u:object_r:vold_prop:s0
-r--r--r--    1 root     root        131072 May 29 21:44 u:object_r:vold_status_prop:s0
-r--r--r--    1 root     root        131072 May 29 21:44 u:object_r:vts_config_prop:s0
-r--r--r--    1 root     root        131072 May 29 21:44 u:object_r:vts_status_prop:s0
-r--r--r--    1 root     root        131072 May 29 21:44 u:object_r:wifi_config_prop:s0
-r--r--r--    1 root     root        131072 May 29 21:44 u:object_r:wifi_hal_prop:s0
-r--r--r--    1 root     root        131072 May 29 21:44 u:object_r:wifi_log_prop:s0
-r--r--r--    1 root     root        131072 May 29 21:44 u:object_r:wifi_prop:s0
-r--r--r--    1 root     root        131072 May 29 21:44 u:object_r:zram_config_prop:s0
-r--r--r--    1 root     root        131072 May 29 21:44 u:object_r:zram_control_prop:s0
-r--r--r--    1 root     root        131072 May 29 21:44 u:object_r:zygote_config_prop:s0
-r--r--r--    1 root     root        131072 May 29 21:44 u:object_r:zygote_wrap_prop:s0

--- android init/property/service processes ---
root         1     0  0 21:02 ?        00:00:20 /sbin/init portProtection criu_enabled cmdEnd
root      2180  2104  0 21:03 ?        00:00:14 /usr/bin/com.webos.app.inputcommon {"event":"launch","reason":"boot","appId":"com.webos.app.hdmi1","interfaceVersion":2,"parameters":{"boot":true,"signals":{"core-boot-done":true,"init-boot-done":true,"snapshot-resume-done":true,"minimal-boot-done":true,"boot-done":true,"data-migration-start":false,"rest-boot-done":true,"datastore-init-start":true},"locale":{"localeInfo":{"locales":{"UI":"es-ES","TV":"en-GB","FMT":"en-GB","NLP":"en-GB","STT":"es-ES","AUD":"es-ES","AUD2":"en-GB"},"clock":"locale","keyboards":["en","es"],"timezone":""},"country":"ESP","smartServiceCountryCode3":"ESP"},"hotelMode":{"keyManagement":"off","enableLimitedInputSrcChange":"on","autoBrowserUrl":"","enableFunctionStatus":"","enableAuxSetting_rgb":"on","enableHIDDevice":true,"enableOsdDisplay":"on","enableAuxSetting_hdmi1":"on","enableProgramChange":"on","powerOnDefaultVolume":"0","powerOnStatus":"lst","enableAuxSetting_hdmi2":"on","enableMrcu":"on","enableAuxSetting_hdmi4":"on","swUpdateEnable":"on","enterStationMenu":"on","powerOnDefaultAv":"off","enableAutoBrowser":"off","enableChannelUpdate":"Auto","maximumVolume":"100","enableStartVolume":"off","enablePowerOnDefault":"off","powerOnDefaultProgramme":"2","powerOnAspectRatio":"disable","enableLocalKey":"normal","autoBrowser":"com.webos.app.browser","auxSettings":"av1","password":"1105","enableKeylock":"off","enableFullscreen":"off","blankOnRadioProgram":"off","noActivityPowerOffHours":"off","enableHotelMode":"off","enableSetIdMenu":"off","auxSettingsEnabled":"off","enablePowerOnDefaultVolume":"off","swUpdateNotice":"off","displayRadioName":"off","powerOnDefaultTuneMode":"physical","powerOnDefaultInput":"off","powerOnDefaultMinor":"0","enableAuxSetting_comp1":"on","enableAuxSetting_comp2":"on","enableAuxSetting_comp3":"on","enableIrRemote":"normal","powerOnDefaultMajor":"2","avSettings":{},"minimumVolume":"0","enableMenuKey":"on","enableInputSourceChange":"false","radioProgramCount":"1","radioProgramStart":"1","enableAuxSetting_av2":"on","enableAuxSetting_av1":"on","enableOsdVisibility":"on","enableAuxSetting_av3":"on","enableSystemProviderMode":"off","enableAuxSetting_hdmi3":"on","enableLimitedMode":"off"}},"interfaceMethod":"registerApp","@system_native_app":true}
wam       4114  3021  0 21:02 ?        00:00:00 /usr/bin/WebAppMgr --type=zygote --disable-in-process-stack-traces --no-sandbox --no-sandbox --disable-quic
root      5653     1  0 21:13 ?        00:00:00 /vendor/bin/vndservicemanager
root      5655     1  0 21:13 ?        00:00:00 /system/bin/servicemanager
root      5657     1  0 21:13 ?        00:00:00 /system/bin/hwservicemanager
root      8499     1  0 21:44 ?        00:00:00 /media/internal/android-usb/android-sidecar/bin/property_service_ack_shim /media/internal/android-usb/android-rootfs/dev/socket/property_service

--- try getprop inside rootfs ---
[af.thread.throttle]: [false]
[audio.deep_buffer.media]: [true]
[dalvik.vm.appimageformat]: [lz4]
[dalvik.vm.dex2oat-Xms]: [64m]
[dalvik.vm.dex2oat-Xmx]: [512m]
[dalvik.vm.dex2oat-max-image-block-size]: [524288]
[dalvik.vm.dex2oat-minidebuginfo]: [true]
[dalvik.vm.dex2oat-resolve-startup-strings]: [true]
[dalvik.vm.dex2oat64.enabled]: [true]
[dalvik.vm.dexopt.secondary]: [true]
[dalvik.vm.dexopt.thermal-cutoff]: [2]
[dalvik.vm.heapgrowthlimit]: [192m]
[dalvik.vm.heapmaxfree]: [16m]
[dalvik.vm.heapminfree]: [8m]
[dalvik.vm.heapsize]: [512m]
[dalvik.vm.heapstartsize]: [8m]
[dalvik.vm.heaptargetutilization]: [0.6]
[dalvik.vm.image-dex2oat-Xms]: [64m]
[dalvik.vm.image-dex2oat-Xmx]: [64m]
[dalvik.vm.isa.arm64.features]: [default]
[dalvik.vm.isa.arm64.variant]: [generic]
[dalvik.vm.lockprof.threshold]: [500]
[dalvik.vm.madvise.artfile.size]: [4294967295]
[dalvik.vm.madvise.odexfile.size]: [104857600]
[dalvik.vm.madvise.vdexfile.size]: [104857600]
[dalvik.vm.minidebuginfo]: [true]
[dalvik.vm.systemuicompilerfilter]: [speed]
[dalvik.vm.usejit]: [true]
[dalvik.vm.usejitprofiles]: [true]
[debug.atrace.tags.enableflags]: [0]
[debug.sf.disable_backpressure]: [1]
[debug.sf.latch_unsignaled]: [1]
[log.tag.stats_log]: [I]
[media.recorder.show_manufacturer_and_model]: [true]
[net.bt.name]: [Android]
[persist.debug.dalvik.vm.core_platform_api_policy]: [just-warn]
[persist.sys.dalvik.vm.lib.2]: [libart.so]
[persist.sys.disable_rescue]: [true]
[persist.sys.strictmode.disable]: [true]
[persist.sys.usb.config]: [adb]
[persist.traced.enable]: [1]
[pm.dexopt.ab-ota]: [speed-profile]
[pm.dexopt.bg-dexopt]: [speed-profile]
[pm.dexopt.boot-after-ota]: [verify]
[pm.dexopt.cmdline]: [verify]
[pm.dexopt.first-boot]: [verify]
[pm.dexopt.inactive]: [verify]
[pm.dexopt.install]: [speed-profile]
[pm.dexopt.install-bulk]: [speed-profile]
[pm.dexopt.install-bulk-downgraded]: [verify]
[pm.dexopt.install-bulk-secondary]: [verify]
[pm.dexopt.install-bulk-secondary-downgraded]: [extract]
[pm.dexopt.install-fast]: [skip]
[pm.dexopt.post-boot]: [extract]
[pm.dexopt.shared]: [speed]
[ro.actionable_compatible_property.enabled]: [true]
[ro.adb.secure]: [0]
[ro.allow.mock.location]: [0]
[ro.baseband]: [unknown]
[ro.bionic.2nd_arch]: []
[ro.bionic.2nd_cpu_variant]: []
[ro.bionic.arch]: [arm64]
[ro.bionic.cpu_variant]: [generic]
[ro.board.platform]: [waydroid]
[ro.bootloader]: [unknown]
[ro.bootmode]: [unknown]
[ro.build.date]: [Fri Apr  3 07:27:27 CEST 2026]
[ro.build.date.utc]: [1775194047]
[ro.build.description]: [lineage_waydroid_arm64_only-userdebug 13 TQ3A.230901.001 eng.aleast.20260403.072834 test-keys]
[ro.build.display.id]: [lineage_waydroid_arm64_only-userdebug 13 TQ3A.230901.001 eng.aleast.20260403.072834 test-keys]
[ro.build.fingerprint]: [waydroid/lineage_waydroid_arm64_only/waydroid_arm64_only:13/TQ3A.230901.001/eng.aleast.20260403.072834:userdebug/test-keys]
[ro.build.flavor]: [lineage_waydroid_arm64_only-userdebug]
[ro.build.host]: [zero]
[ro.build.id]: [TQ3A.230901.001]
[ro.build.product]: [waydroid_arm64_only]
[ro.build.system_root_image]: [true]
[ro.build.tags]: [test-keys]
[ro.build.type]: [userdebug]
[ro.build.user]: [aleasto]
[ro.build.version.all_codenames]: [REL]
getprop_rc=0

--- try setprop inside rootfs ---
libc: Unable to set property "debug.webos_android.test" to "1": connection failed; errno=111 (Connection refused)
Failed to set property 'debug.webos_android.test' to '1'.
See dmesg for error reason.
setprop_rc=1

--- data dirs / permissions ---
drwxr-xr-x    8 root     root          4096 May 29 02:45 /media/internal/android-usb/android-rootfs/data
drwxrwx--x    3 root     root          4096 May 28 21:34 /media/internal/android-usb/android-rootfs/data/dalvik-cache
drwxrwx--x    3 root     root          4096 May 28 22:24 /media/internal/android-usb/android-rootfs/data/misc
drwx------    3 root     root          4096 May 28 21:45 /media/internal/android-usb/android-rootfs/data/system

--- art/dalvik props from default prop files ---

--- recent kernel/art/property logs ---
[ 8229.800267] binder: binder_alloc_shim: update_page_range enter allocate=1 start=ffffff8004681000 end=ffffff8004681000 vma=          (null)
[ 8229.800405] binder: binder_alloc_shim: update_page_range enter allocate=0 start=ffffff800a681000 end=ffffff800a680000 vma=          (null)
[ 8229.802980] binder: binder_alloc_shim: update_page_range enter allocate=0 start=ffffff8004681000 end=ffffff8004680000 vma=          (null)
[ 8229.803903] binder: binder_alloc_shim: update_page_range enter allocate=1 start=ffffff800a681000 end=ffffff800a681000 vma=          (null)
[ 8229.804227] binder: binder_alloc_shim: update_page_range enter allocate=1 start=ffffff8004681000 end=ffffff8004681000 vma=          (null)
[ 8229.804314] binder: binder_alloc_shim: update_page_range enter allocate=0 start=ffffff800a681000 end=ffffff800a680000 vma=          (null)
[ 8229.804595] binder: binder_alloc_shim: update_page_range enter allocate=0 start=ffffff8004681000 end=ffffff8004680000 vma=          (null)
[ 8229.804644] binder: binder_alloc_shim: update_page_range enter allocate=1 start=ffffff800a681000 end=ffffff800a681000 vma=          (null)
[ 8229.804704] binder: binder_alloc_shim: update_page_range enter allocate=1 start=ffffff8004681000 end=ffffff8004681000 vma=          (null)
[ 8229.804733] binder: binder_alloc_shim: update_page_range enter allocate=0 start=ffffff800a681000 end=ffffff800a680000 vma=          (null)
[ 8229.804759] binder: binder_alloc_shim: update_page_range enter allocate=0 start=ffffff8004681000 end=ffffff8004680000 vma=          (null)
[ 8229.839379] binder: 774002432:0 ioctl 40046210 7fef3cf5f0 returned -22
[ 8229.839416] binder: binder_alloc_shim: binder_mmap enter filp=ffffffc08acd8200 vma=ffffffc0a081c790 start=0x7f14d02000 end=0x7f14e00000 flags=0x200071
[ 8229.839436] binder: binder_alloc_shim: update_page_range enter allocate=1 start=ffffff8004780000 end=ffffff8004781000 vma=ffffffc0a081c790
[ 8229.839441] binder: binder_alloc_shim: before __get_free_page GFP_KERNEL=0x24000c0
[ 8229.839447] binder: binder_alloc_shim: after __get_free_page addr=0xffffffc08bb30000
[ 8229.839451] binder: binder_alloc_shim: virt_to_page page=ffffffbdc22ecc00
[ 8229.839456] binder: binder_alloc_shim: before vm_insert_page user_page_addr=0x7f14d02000 page=ffffffbdc22ecc00
[ 8229.839464] binder: binder_alloc_shim: after vm_insert_page ret=0
[ 8229.839822] binder: binder_alloc_shim: update_page_range enter allocate=1 start=ffffff800a681000 end=ffffff800a681000 vma=          (null)
[ 8229.839909] binder: binder_alloc_shim: update_page_range enter allocate=1 start=ffffff8004781000 end=ffffff8004781000 vma=          (null)
[ 8229.839930] binder: binder_alloc_shim: update_page_range enter allocate=0 start=ffffff800a681000 end=ffffff800a680000 vma=          (null)
[ 8229.839939] binder: binder_alloc_shim: update_page_range enter allocate=0 start=ffffff8004781000 end=ffffff8004780000 vma=          (null)
[ 8229.840019] binder: binder_alloc_shim: update_page_range enter allocate=1 start=ffffff800a681000 end=ffffff800a681000 vma=          (null)
[ 8229.840104] binder: binder_alloc_shim: update_page_range enter allocate=1 start=ffffff8004781000 end=ffffff8004781000 vma=          (null)
[ 8229.840148] binder: binder_alloc_shim: update_page_range enter allocate=0 start=ffffff8004781000 end=ffffff8004780000 vma=          (null)
[ 8229.840156] binder: binder_alloc_shim: update_page_range enter allocate=0 start=ffffff800a681000 end=ffffff800a680000 vma=          (null)
[ 8229.840354] binder: binder_alloc_shim: update_page_range enter allocate=1 start=ffffff800a681000 end=ffffff800a681000 vma=          (null)
[ 8229.840417] binder: binder_alloc_shim: update_page_range enter allocate=1 start=ffffff8004781000 end=ffffff8004781000 vma=          (null)
[ 8229.840451] binder: binder_alloc_shim: update_page_range enter allocate=0 start=ffffff800a681000 end=ffffff800a680000 vma=          (null)
[ 8229.840463] binder: binder_alloc_shim: update_page_range enter allocate=0 start=ffffff8004781000 end=ffffff8004780000 vma=          (null)
[ 8230.905909] aud_imc      NOT (23240:23240) aud0                     1212: 7290.894033]           commod 0x606e71b0 ERR     aud_module_default_event.2150: null port
[ 8231.281470] lxao         NOT (06235:04727) lxao_callback_task        612: signal flush_done
[ 8231.284995] lxao         NOT (06235:04727) lxao_callback_task        612: signal flush_done
[ 8231.300560] lxao         NOT (06235:04727) lxao_callback_task        612: signal flush_done
[ 8231.308088] de           INF (02398:02398) DE_REG_O20_SetWinPortSrc 1907: Src map (NONE(0)/VGA(1)/YPBPR(2)/ATV(3)/CVD(4)/SCART(5)/HDMI(6)/MVI(7)/CPU(8))
[ 8231.834147] media_event  NOT (06235:06314) gst_lx_adec_set_property 3317: <lxaudiodec> Set audio index(resource-info) to 0
[ 8231.836448] media_event  NOT (06235:06314) _gst_lx_adec_start       2473: <lxaudiodec> start
[ 8231.836875] media_event  INF (06235:06314) gst_lx_audio_render_set_property 1363: <audio_sink> audio-port 0, mixer-port -1
[ 8231.837211] media_event  NOT (06235:06314) gst_lx_audio_render_start 2146: <audio_sink> trace
[ 8231.837994] media_event  INF (06235:06314) gst_lx_videosink_start   1818: <lxvideosink7> lxvo_open(): 0xe7a39c00
[ 8231.843597] media_event  NOT (06235:04726) gst_lx_adec_downstream_event 3119: <lxaudiodec> got event(stream-start)
[ 8231.843625] media_event  NOT (06235:04726) gst_lx_adec_downstream_event 3130: <lxaudiodec> new stream-start ID: 388085b388ed2b17f3611ebcedd5f4ff
[ 8231.844502] media_event  INF (06235:07809) gst_lx_audio_render_event 1842: <audio_sink> Received Event = GST_EVENT_STREAM_START
[ 8231.845128] media_event  INF (06235:07805) gst_lx_videodec_pad_event_segment 3432: <lxvideodec7> segment: start 0:00:00.000000000, rate=1.000000
[ 8231.845184] de           INF (02398:02398) DE_REG_O20_SetWinPortSrc 1907: Src map (NONE(0)/VGA(1)/YPBPR(2)/ATV(3)/CVD(4)/SCART(5)/HDMI(6)/MVI(7)/CPU(8))
[ 8231.884729] lxadec       NOT (06235:04726) lxadec_decoder_start     4014: Decoder state is LXADEC_DECODER_STATE_START
[ 8231.885015] lxadec       NOT (06235:04726) _lxadec_task_start       1045: task create success
[ 8231.887016] lxadec       NOT (06235:04726) lxadec_start              451: start
[ 8231.887474] media_event  INF (06235:07809) gst_lx_audio_render_event 1789: <audio_sink> time segment start=0:00:00.000000000, offset=0:00:00.000000000, stop=99:99:99.999999999, rate=1.000000, applied_rate=1.000000, flags=0x00, time=0:00:00.000000000, base=0:00:00.000000000, position 0:00:00.000000000, duration 99:99:99.999999999
[ 8231.907659] media_event  INF (06235:07807) gst_lx_videosink_preroll 1335: <lxvideosink7> preroll start
[ 8231.915550] media_event  INF (06235:06314) gst_lx_audio_render_set_property 1419: <audio_sink> ease volume setting start
[ 8231.915581] media_event  INF (06235:06314) gst_lx_audio_render_set_property 1431: <audio_sink> audio ease volume value = 46
[ 8231.915592] media_event  INF (06235:06314) gst_lx_audio_render_set_property 1432: <audio_sink> audio ease volume duration = 0
[ 8231.915601] media_event  INF (06235:06314) gst_lx_audio_render_set_property 1433: <audio_sink> audio ease volume fadeType = Linear
[ 8231.957175] aud_imc      NOT (07722:07722) aud1                     1233: 7291.945277] _OutctrlCmd_Start.319: [OUT_SPK(0x66)]ERROR : OutCtrl-Start : state is already running
[ 8231.957205] aud_imc      NOT (07722:07722) aud1                     1233: 7291.945333] _SeCmd_Start.521: [SE_0(98)]ERROR SE-Start : already state is running 
[ 8231.959033] aud_imc      NOT (07722:07722) aud1                     1233: 7291.947144]      mod_aisound 0x604c0300 ERR            _AisoundCmd_Start. 633: [AISOUND(175)]ERROR AISOUND-Start : already state is running 
[ 8232.236255] media_event  INF (06235:06314) gst_lx_audio_render_update_clock  561: <audio_sink> basetime 0:00:00.000488889 = base 0:00:00.000488889 - latency 0:00:00.475000000 + render_delay 0:00:00.475000000, start 0:00:00.000000000
[ 8232.237849] media_event  INF (06235:06314) gst_lx_videosink_update_clock 1948: <lxvideosink7> basetime 0:00:00.002100000 = now 2:01:32.226011111 - base_time 2:01:32.223911111 - latency 0:00:00.475000000 + render_delay 0:00:00.475000000, start_pts 0:00:00.000000000
[ 8232.579885] aud_imc      NOT (07722:07722) aud1                     1233: 7292.568000]       mod_pcmren 0x604c0300 NOT                pr_read_input.1082: PCMREN_P0: gen_mute process signal..
[ 8604.990143] binder: -1527481984:0 ioctl 40046210 7fc2017720 returned -22
[ 8604.990196] binder: binder_alloc_shim: binder_mmap enter filp=ffffffc09f638c00 vma=ffffffc02a714d10 start=0x7eedbfa000 end=0x7eedcf8000 flags=0x200071
[ 8604.990215] binder: binder_alloc_shim: update_page_range enter allocate=1 start=ffffff800bb00000 end=ffffff800bb01000 vma=ffffffc02a714d10
[ 8604.990221] binder: binder_alloc_shim: before __get_free_page GFP_KERNEL=0x24000c0
[ 8604.990226] binder: binder_alloc_shim: after __get_free_page addr=0xffffffc081d4f000
[ 8604.990230] binder: binder_alloc_shim: virt_to_page page=ffffffbdc20753c0
[ 8604.990236] binder: binder_alloc_shim: before vm_insert_page user_page_addr=0x7eedbfa000 page=ffffffbdc20753c0
[ 8604.990244] binder: binder_alloc_shim: after vm_insert_page ret=0
[ 8604.995579] binder: binder_alloc_shim: update_page_range enter allocate=1 start=ffffff800a681000 end=ffffff800a681000 vma=          (null)
[ 8604.995670] binder: binder_alloc_shim: update_page_range enter allocate=1 start=ffffff800bb01000 end=ffffff800bb01000 vma=          (null)
[ 8604.995690] binder: binder_alloc_shim: update_page_range enter allocate=0 start=ffffff800a681000 end=ffffff800a680000 vma=          (null)
[ 8604.995706] binder: binder_alloc_shim: update_page_range enter allocate=0 start=ffffff800bb01000 end=ffffff800bb00000 vma=          (null)
[ 8604.999174] binder: binder_alloc_shim: update_page_range enter allocate=1 start=ffffff800a681000 end=ffffff800a681000 vma=          (null)
[ 8604.999395] binder: binder_alloc_shim: update_page_range enter allocate=1 start=ffffff800bb01000 end=ffffff800bb01000 vma=          (null)
[ 8604.999457] binder: binder_alloc_shim: update_page_range enter allocate=0 start=ffffff800bb01000 end=ffffff800bb00000 vma=          (null)
[ 8604.999473] binder: binder_alloc_shim: update_page_range enter allocate=0 start=ffffff800a681000 end=ffffff800a680000 vma=          (null)
[ 8611.552204] media_event  NOT (06235:06314) gst_lx_adec_downstream_event 2861: <lxaudiodec> got event(flush-start)
[ 8611.552243] media_event  INF (06235:06314) gst_lx_audio_render_event 1742: <audio_sink> Received GST_EVENT_FLUSH_START event
[ 8611.553767] lxadec       NOT (06235:06314) lxadec_flush             1747: flush Start
[ 8611.557838] lxao         NOT (06235:07810) lxao_callback_task        612: signal flush_done
[ 8611.558408] media_event  INF (06235:06314) gst_lx_videodec_pad_event 3639: <lxvideodec7> flush-start
[ 8611.562767] media_event  INF (06235:06314) gst_lx_videodec_pad_event 3657: <lxvideodec7> flush-start done
[ 8611.564475] media_event  INF (06235:06314) gst_lx_audio_render_set_property 1419: <audio_sink> ease volume setting start
[ 8611.564501] media_event  INF (06235:06314) gst_lx_audio_render_set_property 1431: <audio_sink> audio ease volume value = 46
[ 8611.564512] media_event  INF (06235:06314) gst_lx_audio_render_set_property 1432: <audio_sink> audio ease volume duration = 0
[ 8611.564522] media_event  INF (06235:06314) gst_lx_audio_render_set_property 1433: <audio_sink> audio ease volume fadeType = Linear
[ 8612.325744] lxao         NOT (06235:07810) lxao_callback_task        612: signal flush_done
[ 8612.329082] lxao         NOT (06235:07810) lxao_callback_task        612: signal flush_done
[ 8612.335754] de           INF (02398:02398) DE_REG_O20_SetWinPortSrc 1907: Src map (NONE(0)/VGA(1)/YPBPR(2)/ATV(3)/CVD(4)/SCART(5)/HDMI(6)/MVI(7)/CPU(8))
[ 8612.354635] lxao         NOT (06235:07810) lxao_callback_task        612: signal flush_done
[ 8613.335891] media_event  NOT (06235:06314) gst_lx_adec_set_property 3317: <lxaudiodec> Set audio index(resource-info) to 0
[ 8613.340036] media_event  NOT (06235:06314) _gst_lx_adec_start       2473: <lxaudiodec> start
[ 8613.340462] media_event  INF (06235:06314) gst_lx_audio_render_set_property 1363: <audio_sink> audio-port 0, mixer-port -1
[ 8613.340805] media_event  NOT (06235:06314) gst_lx_audio_render_start 2146: <audio_sink> trace
[ 8613.344085] media_event  INF (06235:06314) gst_lx_videosink_start   1818: <lxvideosink8> lxvo_open(): 0xddd09430
[ 8613.348580] media_event  NOT (06235:07809) gst_lx_adec_downstream_event 3119: <lxaudiodec> got event(stream-start)
[ 8613.348610] media_event  NOT (06235:07809) gst_lx_adec_downstream_event 3130: <lxaudiodec> new stream-start ID: 0b54242a843148de091f53077f329816
[ 8613.349266] media_event  INF (06235:16155) gst_lx_videodec_pad_event_segment 3432: <lxvideodec8> segment: start 0:00:00.000000000, rate=1.000000
[ 8613.349917] media_event  INF (06235:16163) gst_lx_audio_render_event 1842: <audio_sink> Received Event = GST_EVENT_STREAM_START
[ 8613.354008] lxadec       NOT (06235:07809) lxadec_decoder_start     4014: Decoder state is LXADEC_DECODER_STATE_START
[ 8613.354221] lxadec       NOT (06235:07809) _lxadec_task_start       1045: task create success
[ 8613.354234] lxadec       NOT (06235:07809) lxadec_start              451: start
[ 8613.354937] media_event  INF (06235:16163) gst_lx_audio_render_event 1789: <audio_sink> time segment start=0:00:00.000000000, offset=0:00:00.000000000, stop=99:99:99.999999999, rate=1.000000, applied_rate=1.000000, flags=0x00, time=0:00:00.000000000, base=0:00:00.000000000, position 0:00:00.000000000, duration 99:99:99.999999999
[ 8613.358353] de           INF (02398:02398) DE_REG_O20_SetWinPortSrc 1907: Src map (NONE(0)/VGA(1)/YPBPR(2)/ATV(3)/CVD(4)/SCART(5)/HDMI(6)/MVI(7)/CPU(8))
[ 8613.410509] media_event  INF (06235:16158) gst_lx_videosink_preroll 1335: <lxvideosink8> preroll start
[ 8613.430213] media_event  INF (06235:06314) gst_lx_audio_render_set_property 1419: <audio_sink> ease volume setting start
[ 8613.430249] media_event  INF (06235:06314) gst_lx_audio_render_set_property 1431: <audio_sink> audio ease volume value = 73
[ 8613.430260] media_event  INF (06235:06314) gst_lx_audio_render_set_property 1432: <audio_sink> audio ease volume duration = 0
[ 8613.430270] media_event  INF (06235:06314) gst_lx_audio_render_set_property 1433: <audio_sink> audio ease volume fadeType = Linear
[ 8613.457414] aud_imc      NOT (15277:15277) aud1                     1233: 7673.445511] _OutctrlCmd_Start.319: [OUT_SPK(0x66)]ERROR : OutCtrl-Start : state is already running
[ 8613.457444] aud_imc      NOT (15277:15277) aud1                     1233: 7673.445555] _SeCmd_Start.521: [SE_0(98)]ERROR SE-Start : already state is running 
[ 8613.457481] aud_imc      NOT (15277:15277) aud1                     1233: 7673.445611]      mod_aisound 0x604c0300 ERR            _AisoundCmd_Start. 633: [AISOUND(175)]ERROR AISOUND-Start : already state is running 
[ 8613.741651] media_event  INF (06235:06314) gst_lx_audio_render_update_clock  561: <audio_sink> basetime 0:00:00.000500000 = base 0:00:00.000500000 - latency 0:00:00.475000000 + render_delay 0:00:00.475000000, start 0:00:00.000000000
[ 8613.743852] media_event  INF (06235:06314) gst_lx_videosink_update_clock 1948: <lxvideosink8> basetime 0:00:00.002700000 = now 2:07:53.732000000 - base_time 2:07:53.729300000 - latency 0:00:00.475000000 + render_delay 0:00:00.475000000, start_pts 0:00:00.000000000
[ 8614.083895] aud_imc      NOT (15277:15277) aud1                     1233: 7674.072011]       mod_pcmren 0x604c0300 NOT                pr_read_input.1082: PCMREN_P0: gen_mute process signal..
[ 8620.456191] binder: -2122191360:0 ioctl 40046210 7fef493820 returned -22
[ 8620.456243] binder: binder_alloc_shim: binder_mmap enter filp=ffffffc0861a4200 vma=ffffffc0861d3e70 start=0x7ea6bf7000 end=0x7ea6cf5000 flags=0x200071
[ 8620.456274] binder: binder_alloc_shim: update_page_range enter allocate=1 start=ffffff8001880000 end=ffffff8001881000 vma=ffffffc0861d3e70
[ 8620.456279] binder: binder_alloc_shim: before __get_free_page GFP_KERNEL=0x24000c0
[ 8620.456285] binder: binder_alloc_shim: after __get_free_page addr=0xffffffc08a151000
[ 8620.456289] binder: binder_alloc_shim: virt_to_page page=ffffffbdc2285440
[ 8620.456295] binder: binder_alloc_shim: before vm_insert_page user_page_addr=0x7ea6bf7000 page=ffffffbdc2285440
[ 8620.456304] binder: binder_alloc_shim: after vm_insert_page ret=0
[ 8620.472578] binder: binder_alloc_shim: update_page_range enter allocate=1 start=ffffff800a681000 end=ffffff800a681000 vma=          (null)
[ 8620.472671] binder: binder_alloc_shim: update_page_range enter allocate=1 start=ffffff8001881000 end=ffffff8001881000 vma=          (null)
[ 8620.472691] binder: binder_alloc_shim: update_page_range enter allocate=0 start=ffffff800a681000 end=ffffff800a680000 vma=          (null)
[ 8620.472708] binder: binder_alloc_shim: update_page_range enter allocate=0 start=ffffff8001881000 end=ffffff8001880000 vma=          (null)
[ 8620.475592] binder: binder_alloc_shim: update_page_range enter allocate=1 start=ffffff800a681000 end=ffffff800a681000 vma=          (null)
[ 8620.475876] binder: binder_alloc_shim: update_page_range enter allocate=1 start=ffffff8001881000 end=ffffff8001881000 vma=          (null)
[ 8620.475929] binder: binder_alloc_shim: update_page_range enter allocate=0 start=ffffff8001881000 end=ffffff8001880000 vma=          (null)
[ 8620.475940] binder: binder_alloc_shim: update_page_range enter allocate=0 start=ffffff800a681000 end=ffffff800a680000 vma=          (null)

DIAG_PROPERTY_ART_ENV_DONE
