--- kernel binder symbols/options ---
Linux LGwebOSTV 4.4.84-229.1.kavir.2 #1 SMP PREEMPT Mon Jan 17 08:08:42 UTC 2022 aarch64 GNU/Linux
binder                118784  3

--- binder device stats ---
crw-rw-rw-    1 root     root       10,  53 May 29 21:10 /dev/binder
crw-rw-rw-    1 root     root       10,  52 May 29 21:10 /dev/hwbinder
crw-rw-rw-    1 root     root       10,  51 May 29 21:10 /dev/vndbinder
 51 vndbinder
 52 hwbinder
 53 binder

--- binder debug, if any ---

### /sys/kernel/debug/binder/state
binder state:
proc 0
  thread 0: l 02
  node 2: u0000000000000000 c0000000000000000 hs 1 hw 1 ls 1 lw 1 is 0 iw 0
proc 0
  thread 0: l 02
proc 177176800
  thread 0: l 02
  node 1: u0000000000000000 c0000000000000000 hs 1 hw 1 ls 1 lw 1 is 0 iw 0

### /sys/kernel/debug/binder/stats
binder stats:
BC_TRANSACTION: 61
BC_REPLY: 61
BC_FREE_BUFFER: 122
BC_INCREFS: 19
BC_ACQUIRE: 19
BC_RELEASE: 8
BC_DECREFS: 8
BC_INCREFS_DONE: 8
BC_ACQUIRE_DONE: 8
BC_ENTER_LOOPER: 13
BC_REQUEST_DEATH_NOTIFICATION: 6
BC_CLEAR_DEATH_NOTIFICATION: 6
BC_DEAD_BINDER_DONE: 6
BR_TRANSACTION: 61
BR_REPLY: 61
BR_TRANSACTION_COMPLETE: 122
BR_INCREFS: 8
BR_ACQUIRE: 8
BR_RELEASE: 2
BR_DECREFS: 2
BR_DEAD_BINDER: 6
BR_CLEAR_DEATH_NOTIFICATION_DONE: 6
proc: active 3 total 24
thread: active 3 total 24
node: active 2 total 10
ref: active 0 total 19
death: active 0 total 6
transaction: active 0 total 122
transaction_complete: active 0 total 122
proc 0
  threads: 1
  requested threads: 0+0/0
  ready threads 0
  free async space 520192
  nodes: 1
  refs: 0 s 0 w 0
  buffers: 0
  pending transactions: 0
  BC_ENTER_LOOPER: 1
proc 0
  threads: 1
  requested threads: 0+0/0
  ready threads 0
  free async space 520192
  nodes: 0
  refs: 0 s 0 w 0
  buffers: 0
  pending transactions: 0
  BC_ENTER_LOOPER: 1
proc 177176800
  threads: 1
  requested threads: 0+0/0
  ready threads 0
  free async space 520192
  nodes: 1
  refs: 0 s 0 w 0
  buffers: 0
  pending transactions: 0
  BC_REPLY: 61
  BC_FREE_BUFFER: 61
  BC_INCREFS: 6
  BC_ACQUIRE: 6
  BC_RELEASE: 6
  BC_DECREFS: 6
  BC_INCREFS_DONE: 2
  BC_ACQUIRE_DONE: 2
  BC_ENTER_LOOPER: 1
  BC_REQUEST_DEATH_NOTIFICATION: 6
  BC_CLEAR_DEATH_NOTIFICATION: 6
  BC_DEAD_BINDER_DONE: 6
  BR_TRANSACTION: 61
  BR_TRANSACTION_COMPLETE: 61
  BR_INCREFS: 2
  BR_ACQUIRE: 2
  BR_RELEASE: 2
  BR_DECREFS: 2
  BR_DEAD_BINDER: 6
  BR_CLEAR_DEATH_NOTIFICATION_DONE: 6

### /sys/kernel/debug/binder/proc

--- service list test ---
Found 1 services:
0	manager: [android.os.IServiceManager]
service_list_rc=0

DIAG_BINDER_IOCTL_40046210_DONE
