--- hard cleanup old android zygotes/wrappers ---

--- sanity files ---
-rwxr-xr-x    1 root     root        782632 May 29 22:06 /media/internal/android-usb/android-sidecar/bin/ptrace_bt_wrap
-rwxr-xr-x    1 root     root        710584 May 29 21:24 /media/internal/android-usb/android-sidecar/zygote_socket_wrap
-rw-r--r--    1 root     root             0 May 30 10:52 /media/internal/android-usb/android-rootfs/linkerconfig/ld.config.txt

--- sanity patches ---
abort call @ 0x1ca198:  1f 20 03 d5
task call  @ 0x1ca1b0:  20 00 80 52
task tbz   @ 0x1ca208:  1f 20 03 d5

--- classpath ---
BOOTCLASSPATH length: 1624
SYSTEMSERVERCLASSPATH length: 463

--- ptrace start-system-server zygote ---

--- important ---

--- tail ---
CANNOT LINK EXECUTABLE "/system/bin/app_process64": library "libnativeloader.so" not found: needed by main executable
linker: CANNOT LINK EXECUTABLE "/system/bin/app_process64": library "libnativeloader.so" not found: needed by main executable

ptrace event=4 pid=14627 newpid=14627
ptrace event=4 pid=14627 newpid=14627
pid 14627 exited rc=1

--- remaining android-ish ---
PID=3631 COMM=WebAppMgr CMD=/usr/bin/WebAppMgr --type=zygote --disable-in-process-stack-traces --no-sandbox --no-sandbox --disable-quic 
