--- clear old tombstone listing marker ---
Fri May 29 23:23:17 CEST 2026

--- run zygote/system_server once ---
sh: can't open '/media/internal/android-usb/android-sidecar/try-zygote-start-system-server-v2.sh': No such file or directory

--- android log files under rootfs ---

--- tombstones ---

NO_TOMBSTONE_FOUND

--- pmsg/logcat-ish files ---

--- kernel recent ---
[ 7994.534689] de           INF (02398:02398) DE_REG_O20_SetWinPortSrc 1907: Src map (NONE(0)/VGA(1)/YPBPR(2)/ATV(3)/CVD(4)/SCART(5)/HDMI(6)/MVI(7)/CPU(8))
[ 7995.093167] media_event  NOT (06235:06314) _gst_lx_adec_start       2473: <lxaudiodec> start
[ 7995.093939] media_event  NOT (06235:06314) gst_lx_audio_render_start 2146: <audio_sink> trace
[ 7995.094598] media_event  INF (06235:06314) gst_lx_videosink_start   1818: <lxvideosink6> lxvo_open(): 0xddd54c88
[ 7995.102387] media_event  NOT (06235:29003) gst_lx_adec_downstream_event 3119: <lxaudiodec> got event(stream-start)
[ 7995.102417] media_event  NOT (06235:29003) gst_lx_adec_downstream_event 3130: <lxaudiodec> new stream-start ID: 42622582039a3cc13379f3ab06cd8583
[ 7995.103501] media_event  INF (06235:04726) gst_lx_audio_render_event 1842: <audio_sink> Received Event = GST_EVENT_STREAM_START
[ 7995.105469] de           INF (02398:02398) DE_REG_O20_SetWinPortSrc 1907: Src map (NONE(0)/VGA(1)/YPBPR(2)/ATV(3)/CVD(4)/SCART(5)/HDMI(6)/MVI(7)/CPU(8))
[ 7995.111433] lxadec       NOT (06235:29003) lxadec_decoder_start     4014: Decoder state is LXADEC_DECODER_STATE_START
[ 7995.111664] lxadec       NOT (06235:29003) _lxadec_task_start       1045: task create success
[ 7995.111678] lxadec       NOT (06235:29003) lxadec_start              451: start
[ 7995.112425] media_event  INF (06235:04726) gst_lx_audio_render_event 1789: <audio_sink> time segment start=0:00:00.000000000, offset=0:00:00.000000000, stop=99:99:99.999999999, rate=1.000000, applied_rate=1.000000, flags=0x00, time=0:00:00.000000000, base=0:00:00.000000000, position 0:00:00.000000000, duration 99:99:99.999999999
[ 7995.113876] media_event  INF (06235:04722) gst_lx_videodec_pad_event_segment 3432: <lxvideodec6> segment: start 0:00:00.000000000, rate=1.000000
[ 7995.182857] media_event  INF (06235:04724) gst_lx_videosink_preroll 1335: <lxvideosink6> preroll start
[ 7995.303987] aud_imc      NOT (12344:12344) aud1                     1233: 7055.292088] _OutctrlCmd_Start.319: [OUT_SPK(0x66)]ERROR : OutCtrl-Start : state is already running
[ 7995.304022] aud_imc      NOT (12344:12344) aud1                     1233: 7055.292144] _SeCmd_Start.521: [SE_0(98)]ERROR SE-Start : already state is running 
[ 7995.304424] aud_imc      NOT (12344:12344) aud1                     1233: 7055.292555]      mod_aisound 0x604c0300 ERR            _AisoundCmd_Start. 633: [AISOUND(175)]ERROR AISOUND-Start : already state is running 
[ 7995.332998] media_event  INF (06235:06314) gst_lx_audio_render_set_property 1419: <audio_sink> ease volume setting start
[ 7995.503714] media_event  INF (06235:06314) gst_lx_audio_render_update_clock  561: <audio_sink> basetime 0:00:00.000488889 = base 0:00:00.000488889 - latency 0:00:00.475000000 + render_delay 0:00:00.475000000, start 0:00:00.000000000
[ 7995.505038] media_event  INF (06235:06314) gst_lx_videosink_update_clock 1948: <lxvideosink6> basetime 0:00:00.001811111 = now 1:57:35.493188888 - base_time 1:57:35.491377777 - latency 0:00:00.475000000 + render_delay 0:00:00.475000000, start_pts 0:00:00.000000000
[ 8229.790354] binder: 774011264:0 ioctl 40046210 7fe2400bd0 returned -22
[ 8229.790398] binder: binder_alloc_shim: binder_mmap enter filp=ffffffc0a5323600 vma=ffffffc02a80f4d0 start=0x7f05902000 end=0x7f05a00000 flags=0x200071
[ 8229.790417] binder: binder_alloc_shim: update_page_range enter allocate=1 start=ffffff8004680000 end=ffffff8004681000 vma=ffffffc02a80f4d0
[ 8229.790423] binder: binder_alloc_shim: before __get_free_page GFP_KERNEL=0x24000c0
[ 8229.790427] binder: binder_alloc_shim: after __get_free_page addr=0xffffffc03227c000
[ 8229.790431] binder: binder_alloc_shim: virt_to_page page=ffffffbdc0c89f00
[ 8229.790438] binder: binder_alloc_shim: before vm_insert_page user_page_addr=0x7f05902000 page=ffffffbdc0c89f00
[ 8229.790445] binder: binder_alloc_shim: after vm_insert_page ret=0
[ 8229.790660] binder: binder_alloc_shim: update_page_range enter allocate=1 start=ffffff800a681000 end=ffffff800a681000 vma=          (null)
[ 8229.791189] binder: binder_alloc_shim: update_page_range enter allocate=1 start=ffffff8004681000 end=ffffff8004681000 vma=          (null)
[ 8229.791216] binder: binder_alloc_shim: update_page_range enter allocate=0 start=ffffff800a681000 end=ffffff800a680000 vma=          (null)
[ 8229.791225] binder: binder_alloc_shim: update_page_range enter allocate=0 start=ffffff8004681000 end=ffffff8004680000 vma=          (null)
[ 8229.791393] binder: binder_alloc_shim: update_page_range enter allocate=1 start=ffffff800a681000 end=ffffff800a681000 vma=          (null)
[ 8229.800267] binder: binder_alloc_shim: update_page_range enter allocate=1 start=ffffff8004681000 end=ffffff8004681000 vma=          (null)
[ 8229.800405] binder: binder_alloc_shim: update_page_range enter allocate=0 start=ffffff800a681000 end=ffffff800a680000 vma=          (null)
[ 8229.802980] binder: binder_alloc_shim: update_page_range enter allocate=0 start=ffffff8004681000 end=ffffff8004680000 vma=          (null)
[ 8229.803903] binder: binder_alloc_shim: update_page_range enter allocate=1 start=ffffff800a681000 end=ffffff800a681000 vma=          (null)
[ 8229.804227] binder: binder_alloc_shim: update_page_range enter allocate=1 start=ffffff8004681000 end=ffffff8004681000 vma=          (null)
[ 8229.804314] binder: binder_alloc_shim: update_page_range enter allocate=0 start=ffffff800a681000 end=ffffff800a680000 vma=          (null)
[ 8229.804595] binder: binder_alloc_shim: update_page_range enter allocate=0 start=ffffff8004681000 end=ffffff8004680000 vma=          (null)
[ 8229.804644] binder: binder_alloc_shim: update_page_range enter allocate=1 start=ffffff800a681000 end=ffffff800a681000 vma=          (null)
[ 8229.804704] binder: binder_alloc_shim: update_page_range enter allocate=1 start=ffffff8004681000 end=ffffff8004681000 vma=          (null)
[ 8229.804733] binder: binder_alloc_shim: update_page_range enter allocate=0 start=ffffff800a681000 end=ffffff800a680000 vma=          (null)
[ 8229.804759] binder: binder_alloc_shim: update_page_range enter allocate=0 start=ffffff8004681000 end=ffffff8004680000 vma=          (null)
[ 8229.839379] binder: 774002432:0 ioctl 40046210 7fef3cf5f0 returned -22
[ 8229.839416] binder: binder_alloc_shim: binder_mmap enter filp=ffffffc08acd8200 vma=ffffffc0a081c790 start=0x7f14d02000 end=0x7f14e00000 flags=0x200071
[ 8229.839436] binder: binder_alloc_shim: update_page_range enter allocate=1 start=ffffff8004780000 end=ffffff8004781000 vma=ffffffc0a081c790
[ 8229.839441] binder: binder_alloc_shim: before __get_free_page GFP_KERNEL=0x24000c0
[ 8229.839447] binder: binder_alloc_shim: after __get_free_page addr=0xffffffc08bb30000
[ 8229.839451] binder: binder_alloc_shim: virt_to_page page=ffffffbdc22ecc00
[ 8229.839456] binder: binder_alloc_shim: before vm_insert_page user_page_addr=0x7f14d02000 page=ffffffbdc22ecc00
[ 8229.839464] binder: binder_alloc_shim: after vm_insert_page ret=0
[ 8229.839822] binder: binder_alloc_shim: update_page_range enter allocate=1 start=ffffff800a681000 end=ffffff800a681000 vma=          (null)
[ 8229.839909] binder: binder_alloc_shim: update_page_range enter allocate=1 start=ffffff8004781000 end=ffffff8004781000 vma=          (null)
[ 8229.839930] binder: binder_alloc_shim: update_page_range enter allocate=0 start=ffffff800a681000 end=ffffff800a680000 vma=          (null)
[ 8229.839939] binder: binder_alloc_shim: update_page_range enter allocate=0 start=ffffff8004781000 end=ffffff8004780000 vma=          (null)
[ 8229.840019] binder: binder_alloc_shim: update_page_range enter allocate=1 start=ffffff800a681000 end=ffffff800a681000 vma=          (null)
[ 8229.840104] binder: binder_alloc_shim: update_page_range enter allocate=1 start=ffffff8004781000 end=ffffff8004781000 vma=          (null)
[ 8229.840148] binder: binder_alloc_shim: update_page_range enter allocate=0 start=ffffff8004781000 end=ffffff8004780000 vma=          (null)
[ 8229.840156] binder: binder_alloc_shim: update_page_range enter allocate=0 start=ffffff800a681000 end=ffffff800a680000 vma=          (null)
[ 8229.840354] binder: binder_alloc_shim: update_page_range enter allocate=1 start=ffffff800a681000 end=ffffff800a681000 vma=          (null)
[ 8229.840417] binder: binder_alloc_shim: update_page_range enter allocate=1 start=ffffff8004781000 end=ffffff8004781000 vma=          (null)
[ 8229.840451] binder: binder_alloc_shim: update_page_range enter allocate=0 start=ffffff800a681000 end=ffffff800a680000 vma=          (null)
[ 8229.840463] binder: binder_alloc_shim: update_page_range enter allocate=0 start=ffffff8004781000 end=ffffff8004780000 vma=          (null)
[ 8231.308088] de           INF (02398:02398) DE_REG_O20_SetWinPortSrc 1907: Src map (NONE(0)/VGA(1)/YPBPR(2)/ATV(3)/CVD(4)/SCART(5)/HDMI(6)/MVI(7)/CPU(8))
[ 8231.836448] media_event  NOT (06235:06314) _gst_lx_adec_start       2473: <lxaudiodec> start
[ 8231.837211] media_event  NOT (06235:06314) gst_lx_audio_render_start 2146: <audio_sink> trace
[ 8231.837994] media_event  INF (06235:06314) gst_lx_videosink_start   1818: <lxvideosink7> lxvo_open(): 0xe7a39c00
[ 8231.843597] media_event  NOT (06235:04726) gst_lx_adec_downstream_event 3119: <lxaudiodec> got event(stream-start)
[ 8231.843625] media_event  NOT (06235:04726) gst_lx_adec_downstream_event 3130: <lxaudiodec> new stream-start ID: 388085b388ed2b17f3611ebcedd5f4ff
[ 8231.844502] media_event  INF (06235:07809) gst_lx_audio_render_event 1842: <audio_sink> Received Event = GST_EVENT_STREAM_START
[ 8231.845128] media_event  INF (06235:07805) gst_lx_videodec_pad_event_segment 3432: <lxvideodec7> segment: start 0:00:00.000000000, rate=1.000000
[ 8231.845184] de           INF (02398:02398) DE_REG_O20_SetWinPortSrc 1907: Src map (NONE(0)/VGA(1)/YPBPR(2)/ATV(3)/CVD(4)/SCART(5)/HDMI(6)/MVI(7)/CPU(8))
[ 8231.884729] lxadec       NOT (06235:04726) lxadec_decoder_start     4014: Decoder state is LXADEC_DECODER_STATE_START
[ 8231.885015] lxadec       NOT (06235:04726) _lxadec_task_start       1045: task create success
[ 8231.887016] lxadec       NOT (06235:04726) lxadec_start              451: start
[ 8231.887474] media_event  INF (06235:07809) gst_lx_audio_render_event 1789: <audio_sink> time segment start=0:00:00.000000000, offset=0:00:00.000000000, stop=99:99:99.999999999, rate=1.000000, applied_rate=1.000000, flags=0x00, time=0:00:00.000000000, base=0:00:00.000000000, position 0:00:00.000000000, duration 99:99:99.999999999
[ 8231.907659] media_event  INF (06235:07807) gst_lx_videosink_preroll 1335: <lxvideosink7> preroll start
[ 8231.915550] media_event  INF (06235:06314) gst_lx_audio_render_set_property 1419: <audio_sink> ease volume setting start
[ 8231.957175] aud_imc      NOT (07722:07722) aud1                     1233: 7291.945277] _OutctrlCmd_Start.319: [OUT_SPK(0x66)]ERROR : OutCtrl-Start : state is already running
[ 8231.957205] aud_imc      NOT (07722:07722) aud1                     1233: 7291.945333] _SeCmd_Start.521: [SE_0(98)]ERROR SE-Start : already state is running 
[ 8231.959033] aud_imc      NOT (07722:07722) aud1                     1233: 7291.947144]      mod_aisound 0x604c0300 ERR            _AisoundCmd_Start. 633: [AISOUND(175)]ERROR AISOUND-Start : already state is running 
[ 8232.236255] media_event  INF (06235:06314) gst_lx_audio_render_update_clock  561: <audio_sink> basetime 0:00:00.000488889 = base 0:00:00.000488889 - latency 0:00:00.475000000 + render_delay 0:00:00.475000000, start 0:00:00.000000000
[ 8232.237849] media_event  INF (06235:06314) gst_lx_videosink_update_clock 1948: <lxvideosink7> basetime 0:00:00.002100000 = now 2:01:32.226011111 - base_time 2:01:32.223911111 - latency 0:00:00.475000000 + render_delay 0:00:00.475000000, start_pts 0:00:00.000000000

DIAG_ABORT_MESSAGE_AFTER_SECCOMP_DONE
