--- libbinder around 0x89b80..0x89c20 ---

zygote-symbols-post-binder/libbinder.so.real:     file format elf64-littleaarch64


Disassembly of section .text:

0000000000089b80 <android::ProcessState::isDriverFeatureEnabled(android::ProcessState::DriverFeature)@@LIBBINDER+0xc0>:
   89b80:	910e5484 	add	x4, x4, #0x395
   89b84:	528000c0 	mov	w0, #0x6                   	// #6
   89b88:	94007d56 	bl	a90e0 <__android_log_print@plt>
   89b8c:	2a1f03e0 	mov	w0, wzr
   89b90:	f9401688 	ldr	x8, [x20, #40]
   89b94:	f94007e9 	ldr	x9, [sp, #8]
   89b98:	eb09011f 	cmp	x8, x9
   89b9c:	540000a1 	b.ne	89bb0 <android::ProcessState::isDriverFeatureEnabled(android::ProcessState::DriverFeature)@@LIBBINDER+0xf0>  // b.any
   89ba0:	a9424ff4 	ldp	x20, x19, [sp, #32]
   89ba4:	a9417bfd 	ldp	x29, x30, [sp, #16]
   89ba8:	9100c3ff 	add	sp, sp, #0x30
   89bac:	d65f03c0 	ret
   89bb0:	94007d10 	bl	a8ff0 <__stack_chk_fail@plt>

0000000000089bb4 <android::ProcessState::enableOnewaySpamDetection(bool)@@LIBBINDER>:
   89bb4:	d100c3ff 	sub	sp, sp, #0x30
   89bb8:	a9017bfd 	stp	x29, x30, [sp, #16]
   89bbc:	910043fd 	add	x29, sp, #0x10
   89bc0:	a9024ff4 	stp	x20, x19, [sp, #32]
   89bc4:	d53bd054 	mrs	x20, tpidr_el0
   89bc8:	910013e2 	add	x2, sp, #0x4
   89bcc:	f9401688 	ldr	x8, [x20, #40]
   89bd0:	f90007e8 	str	x8, [sp, #8]
   89bd4:	12000028 	and	w8, w1, #0x1
   89bd8:	528c4201 	mov	w1, #0x6210                	// #25104
   89bdc:	b9401000 	ldr	w0, [x0, #16]
   89be0:	72a80081 	movk	w1, #0x4004, lsl #16
   89be4:	b90007e8 	str	w8, [sp, #4]
   89be8:	94008042 	bl	a9cf0 <ioctl@plt>
   89bec:	3100041f 	cmn	w0, #0x1
   89bf0:	54000060 	b.eq	89bfc <android::ProcessState::enableOnewaySpamDetection(bool)@@LIBBINDER+0x48>  // b.none
   89bf4:	2a1f03e0 	mov	w0, wzr
   89bf8:	1400000f 	b	89c34 <android::ProcessState::enableOnewaySpamDetection(bool)@@LIBBINDER+0x80>
   89bfc:	94007d21 	bl	a9080 <__errno@plt>
   89c00:	aa0003f3 	mov	x19, x0
   89c04:	b9400000 	ldr	w0, [x0]
   89c08:	94007f96 	bl	a9a60 <strerror@plt>
   89c0c:	d0fffd81 	adrp	x1, 3b000 <android::SimpleBestFitAllocator::kMemoryAlign@@LIBBINDER-0x46a4>
   89c10:	d0fffd82 	adrp	x2, 3b000 <android::SimpleBestFitAllocator::kMemoryAlign@@LIBBINDER-0x46a4>
   89c14:	aa0003e3 	mov	x3, x0
   89c18:	910d4821 	add	x1, x1, #0x352
   89c1c:	913e8842 	add	x2, x2, #0xfa2
   89c20:	52800080 	mov	w0, #0x4                   	// #4
   89c24:	94007d2f 	bl	a90e0 <__android_log_print@plt>
   89c28:	b9400268 	ldr	w8, [x19]
   89c2c:	6b0803e0 	negs	w0, w8
   89c30:	54000126 	b.vs	89c54 <android::ProcessState::enableOnewaySpamDetection(bool)@@LIBBINDER+0xa0>
   89c34:	f9401688 	ldr	x8, [x20, #40]
   89c38:	f94007e9 	ldr	x9, [sp, #8]
   89c3c:	eb09011f 	cmp	x8, x9

--- bytes around call ---
 e8 07 00 f9 28 00 00 12 01 42 8c 52 00 10 40 b9
 81 00 a8 72 e8 07 00 b9 42 80 00 94 1f 04 00 31
 60 00 00 54 e0 03 1f 2a

DUMP_LIBBINDER_SPAM_SITE_DONE
