--- refresh libbinder from TV ---

--- search ioctl constant 0x40046210 in libbinder ---
raw little-endian hits: []
wide-imm candidate 0x5d294 0x72a80081 imm16 0x4004
wide-imm candidate 0x5df88 0x72a80081 imm16 0x4004
wide-imm candidate 0x5ed1c 0x72a80081 imm16 0x4004
wide-imm candidate 0x5edc4 0x72a80081 imm16 0x4004
wide-imm candidate 0x5ee20 0x72a80081 imm16 0x4004
wide-imm candidate 0x5eed0 0x72a80081 imm16 0x4004
wide-imm candidate 0x894d0 0x72a80081 imm16 0x4004
wide-imm candidate 0x89a04 0x72a80081 imm16 0x4004
wide-imm candidate 0x89bd8 0x528c4201 imm16 0x6210
wide-imm candidate 0x89be0 0x72a80081 imm16 0x4004
wide-imm candidate 0x8a228 0x72a80081 imm16 0x4004
wide-imm candidate 0x8a230 0x72a80095 imm16 0x4004

--- disassemble all ioctl@plt callers approx ---
11958-   5d278:	528000a0 	mov	w0, #0x5                   	// #5
11959-   5d27c:	94012f99 	bl	a90e0 <__android_log_print@plt>
11960-   5d280:	f9400268 	ldr	x8, [x19]
11961-   5d284:	b9401100 	ldr	w0, [x8, #16]
11962-   5d288:	37f800a0 	tbnz	w0, #31, 5d29c <android::IPCThreadState::threadDestructor(void*)@@LIBBINDER+0x88>
11963-   5d28c:	528c4101 	mov	w1, #0x6208                	// #25096
11964-   5d290:	2a1f03e2 	mov	w2, wzr
11965-   5d294:	72a80081 	movk	w1, #0x4004, lsl #16
11966:   5d298:	94013296 	bl	a9cf0 <ioctl@plt>
11967-   5d29c:	aa1303e0 	mov	x0, x19
11968-   5d2a0:	94013298 	bl	a9d00 <android::IPCThreadState::~IPCThreadState()@plt>
11969-   5d2a4:	aa1303e0 	mov	x0, x19
11970-   5d2a8:	a9414ff4 	ldp	x20, x19, [sp, #16]
11971-   5d2ac:	a8c27bfd 	ldp	x29, x30, [sp], #32
11972-   5d2b0:	14012fb8 	b	a9190 <operator delete(void*)@plt>
11973-   5d2b4:	d65f03c0 	ret
11974-
11975-000000000005d2b8 <android::IPCThreadState::selfOrNull()@@LIBBINDER>:
11976-   5d2b8:	a9bf7bfd 	stp	x29, x30, [sp, #-16]!
11977-   5d2bc:	910003fd 	mov	x29, sp
11978-   5d2c0:	d00002e8 	adrp	x8, bb000 <construction vtable for std::__1::basic_ostream<char, std::__1::char_traits<char> >-in-std::__1::basic_ostringstream<char, std::__1::char_traits<char>, std::__1::allocator<char> >@@LIBBINDER+0x2af8>
--
12385-   5d83c:	b9401120 	ldr	w0, [x9, #16]
12386-   5d840:	7100001f 	cmp	w0, #0x0
12387-   5d844:	1a88b2f6 	csel	w22, w23, w8, lt	// lt = tstop
12388-   5d848:	310012df 	cmn	w22, #0x4
12389-   5d84c:	54000181 	b.ne	5d87c <android::IPCThreadState::talkWithDriver(bool)@@LIBBINDER+0x138>  // b.any
12390-   5d850:	528c4021 	mov	w1, #0x6201                	// #25089
12391-   5d854:	910063e2 	add	x2, sp, #0x18
12392-   5d858:	72b80601 	movk	w1, #0xc030, lsl #16
12393:   5d85c:	94013125 	bl	a9cf0 <ioctl@plt>
12394-   5d860:	36fffea0 	tbz	w0, #31, 5d834 <android::IPCThreadState::talkWithDriver(bool)@@LIBBINDER+0xf0>
12395-   5d864:	94012e07 	bl	a9080 <__errno@plt>
12396-   5d868:	b9400008 	ldr	w8, [x0]
12397-   5d86c:	6b0803e8 	negs	w8, w8
12398-   5d870:	54fffe47 	b.vc	5d838 <android::IPCThreadState::talkWithDriver(bool)@@LIBBINDER+0xf4>
12399-   5d874:	528001a0 	mov	w0, #0xd                   	// #13
12400-   5d878:	94012db6 	bl	a8f50 <abort@plt>
12401-   5d87c:	37f80596 	tbnz	w22, #31, 5d92c <android::IPCThreadState::talkWithDriver(bool)@@LIBBINDER+0x1e8>
12402-   5d880:	f94013f7 	ldr	x23, [sp, #32]
12403-   5d884:	b4000457 	cbz	x23, 5d90c <android::IPCThreadState::talkWithDriver(bool)@@LIBBINDER+0x1c8>
12404-   5d888:	aa1503e0 	mov	x0, x21
12405-   5d88c:	94012e85 	bl	a92a0 <android::Parcel::dataSize() const@plt>
--
15221-   60364:	f800c3ff 	stur	xzr, [sp, #12]
15222-   60368:	b9000be0 	str	w0, [sp, #8]
15223-   6036c:	940123e9 	bl	a9310 <android::IPCThreadState::self()@plt>
15224-   60370:	f9400008 	ldr	x8, [x0]
15225-   60374:	528c41e1 	mov	w1, #0x620f                	// #25103
15226-   60378:	910023e2 	add	x2, sp, #0x8
15227-   6037c:	72b80181 	movk	w1, #0xc00c, lsl #16
15228-   60380:	b9401100 	ldr	w0, [x8, #16]
15229:   60384:	9401265b 	bl	a9cf0 <ioctl@plt>
15230-   60388:	37f80060 	tbnz	w0, #31, 60394 <android::IPCThreadState::getProcessFreezeInfo(int, unsigned int*, unsigned int*)@@LIBBINDER+0x58>
15231-   6038c:	2a1f03e0 	mov	w0, wzr
15232-   60390:	14000005 	b	603a4 <android::IPCThreadState::getProcessFreezeInfo(int, unsigned int*, unsigned int*)@@LIBBINDER+0x68>
15233-   60394:	9401233b 	bl	a9080 <__errno@plt>
15234-   60398:	b9400008 	ldr	w8, [x0]
15235-   6039c:	6b0803e0 	negs	w0, w8
15236-   603a0:	540001a6 	b.vs	603d4 <android::IPCThreadState::getProcessFreezeInfo(int, unsigned int*, unsigned int*)@@LIBBINDER+0x98>
15237-   603a4:	2941a7e8 	ldp	w8, w9, [sp, #12]
15238-   603a8:	b9000288 	str	w8, [x20]
15239-   603ac:	b9000269 	str	w9, [x19]
15240-   603b0:	f94016a8 	ldr	x8, [x21, #40]
15241-   603b4:	f85f83a9 	ldur	x9, [x29, #-8]
--
15262-   60400:	290127e0 	stp	w0, w9, [sp, #8]
15263-   60404:	b90013e2 	str	w2, [sp, #16]
15264-   60408:	940123c2 	bl	a9310 <android::IPCThreadState::self()@plt>
15265-   6040c:	f9400008 	ldr	x8, [x0]
15266-   60410:	528c41c1 	mov	w1, #0x620e                	// #25102
15267-   60414:	910023e2 	add	x2, sp, #0x8
15268-   60418:	72a80181 	movk	w1, #0x400c, lsl #16
15269-   6041c:	b9401100 	ldr	w0, [x8, #16]
15270:   60420:	94012634 	bl	a9cf0 <ioctl@plt>
15271-   60424:	37f80060 	tbnz	w0, #31, 60430 <android::IPCThreadState::freeze(int, bool, unsigned int)@@LIBBINDER+0x50>
15272-   60428:	2a1f03e0 	mov	w0, wzr
15273-   6042c:	14000005 	b	60440 <android::IPCThreadState::freeze(int, bool, unsigned int)@@LIBBINDER+0x60>
15274-   60430:	94012314 	bl	a9080 <__errno@plt>
15275-   60434:	b9400008 	ldr	w8, [x0]
15276-   60438:	6b0803e0 	negs	w0, w8
15277-   6043c:	54000126 	b.vs	60460 <android::IPCThreadState::freeze(int, bool, unsigned int)@@LIBBINDER+0x80>
15278-   60440:	f9401668 	ldr	x8, [x19, #40]
15279-   60444:	f85f83a9 	ldur	x9, [x29, #-8]
15280-   60448:	eb09011f 	cmp	x8, x9
15281-   6044c:	540000e1 	b.ne	60468 <android::IPCThreadState::freeze(int, bool, unsigned int)@@LIBBINDER+0x88>  // b.any
15282-   60450:	a9427bfd 	ldp	x29, x30, [sp, #32]
--
58563-   8947c:	6b0003ff 	cmp	wzr, w0
58564-   89480:	54000646 	b.vs	89548 <android::ProcessState::becomeContextManager()@@LIBBINDER+0xfc>
58565-   89484:	528c41a1 	mov	w1, #0x620d                	// #25101
58566-   89488:	b9401280 	ldr	w0, [x20, #16]
58567-   8948c:	910043e2 	add	x2, sp, #0x10
58568-   89490:	72a80301 	movk	w1, #0x4018, lsl #16
58569-   89494:	a9017fff 	stp	xzr, xzr, [sp, #16]
58570-   89498:	f90013ff 	str	xzr, [sp, #32]
58571:   8949c:	94008215 	bl	a9cf0 <ioctl@plt>
58572-   894a0:	34000380 	cbz	w0, 89510 <android::ProcessState::becomeContextManager()@@LIBBINDER+0xc4>
58573-   894a4:	d0fffd81 	adrp	x1, 3b000 <android::SimpleBestFitAllocator::kMemoryAlign@@LIBBINDER-0x46a4>
58574-   894a8:	5288aa80 	mov	w0, #0x4554                	// #17748
58575-   894ac:	91233421 	add	x1, x1, #0x8cd
58576-   894b0:	72aa69c0 	movk	w0, #0x534e, lsl #16
58577-   894b4:	12800002 	mov	w2, #0xffffffff            	// #-1
58578-   894b8:	aa1f03e3 	mov	x3, xzr
58579-   894bc:	2a1f03e4 	mov	w4, wzr
58580-   894c0:	9400819c 	bl	a9b30 <__android_log_error_write@plt>
58581-   894c4:	528c40e1 	mov	w1, #0x6207                	// #25095
58582-   894c8:	b9401280 	ldr	w0, [x20, #16]
58583-   894cc:	910033e2 	add	x2, sp, #0xc
58584-   894d0:	72a80081 	movk	w1, #0x4004, lsl #16
58585-   894d4:	b9000fff 	str	wzr, [sp, #12]
58586:   894d8:	94008206 	bl	a9cf0 <ioctl@plt>
58587-   894dc:	3100041f 	cmn	w0, #0x1
58588-   894e0:	54000181 	b.ne	89510 <android::ProcessState::becomeContextManager()@@LIBBINDER+0xc4>  // b.any
58589-   894e4:	94007ee7 	bl	a9080 <__errno@plt>
58590-   894e8:	b9400000 	ldr	w0, [x0]
58591-   894ec:	9400815d 	bl	a9a60 <strerror@plt>
58592-   894f0:	d0fffd81 	adrp	x1, 3b000 <android::SimpleBestFitAllocator::kMemoryAlign@@LIBBINDER-0x46a4>
58593-   894f4:	b0fffd82 	adrp	x2, 3a000 <android::SimpleBestFitAllocator::kMemoryAlign@@LIBBINDER-0x56a4>
58594-   894f8:	aa0003e3 	mov	x3, x0
58595-   894fc:	910d4821 	add	x1, x1, #0x352
58596-   89500:	910b8042 	add	x2, x2, #0x2e0
58597-   89504:	528000c0 	mov	w0, #0x6                   	// #6
58598-   89508:	94007ef6 	bl	a90e0 <__android_log_print@plt>
--
58632-   89588:	9a8903f7 	csel	x23, xzr, x9, eq	// eq = none
58633-   8958c:	f81f83a8 	stur	x8, [x29, #-8]
58634-   89590:	a9007fff 	stp	xzr, xzr, [sp]
58635-   89594:	f9000bff 	str	xzr, [sp, #16]
58636-   89598:	528c4161 	mov	w1, #0x620b                	// #25099
58637-   8959c:	b9401260 	ldr	w0, [x19, #16]
58638-   895a0:	910003e2 	mov	x2, sp
58639-   895a4:	72b80301 	movk	w1, #0xc018, lsl #16
58640:   895a8:	940081d2 	bl	a9cf0 <ioctl@plt>
58641-   895ac:	37f802c0 	tbnz	w0, #31, 89604 <android::ProcessState::getKernelReferences(unsigned long, unsigned long*)@@LIBBINDER+0xb0>
58642-   895b0:	f94003e8 	ldr	x8, [sp]
58643-   895b4:	b40002a8 	cbz	x8, 89608 <android::ProcessState::getKernelReferences(unsigned long, unsigned long*)@@LIBBINDER+0xb4>
58644-   895b8:	b4000174 	cbz	x20, 895e4 <android::ProcessState::getKernelReferences(unsigned long, unsigned long*)@@LIBBINDER+0x90>
58645-   895bc:	eb17029f 	cmp	x20, x23
58646-   895c0:	54000042 	b.cs	895c8 <android::ProcessState::getKernelReferences(unsigned long, unsigned long*)@@LIBBINDER+0x74>  // b.hs, b.nlast
58647-   895c4:	f8008688 	str	x8, [x20], #8
58648-   895c8:	b10006a8 	adds	x8, x21, #0x1
58649-   895cc:	54000342 	b.cs	89634 <android::ProcessState::getKernelReferences(unsigned long, unsigned long*)@@LIBBINDER+0xe0>  // b.hs, b.nlast
58650-   895d0:	eb17029f 	cmp	x20, x23
58651-   895d4:	540000e2 	b.cs	895f0 <android::ProcessState::getKernelReferences(unsigned long, unsigned long*)@@LIBBINDER+0x9c>  // b.hs, b.nlast
58652-   895d8:	f94007e9 	ldr	x9, [sp, #8]
--
58696-   89680:	b90017ff 	str	wzr, [sp, #20]
58697-   89684:	9400800f 	bl	a96c0 <android::BpBinder::binderHandle() const@plt>
58698-   89688:	b9401268 	ldr	w8, [x19, #16]
58699-   8968c:	528c4181 	mov	w1, #0x620c                	// #25100
58700-   89690:	b90003e0 	str	w0, [sp]
58701-   89694:	910003e2 	mov	x2, sp
58702-   89698:	72b80301 	movk	w1, #0xc018, lsl #16
58703-   8969c:	2a0803e0 	mov	w0, w8
58704:   896a0:	94008194 	bl	a9cf0 <ioctl@plt>
58705-   896a4:	340000c0 	cbz	w0, 896bc <android::ProcessState::getStrongRefCountForNode(android::sp<android::BpBinder> const&)@@LIBBINDER+0x7c>
58706-   896a8:	d0000193 	adrp	x19, bb000 <construction vtable for std::__1::basic_ostream<char, std::__1::char_traits<char> >-in-std::__1::basic_ostringstream<char, std::__1::char_traits<char>, std::__1::allocator<char> >@@LIBBINDER+0x2af8>
58707-   896ac:	39740268 	ldrb	w8, [x19, #3328]
58708-   896b0:	360000a8 	tbz	w8, #0, 896c4 <android::ProcessState::getStrongRefCountForNode(android::sp<android::BpBinder> const&)@@LIBBINDER+0x84>
58709-   896b4:	92800000 	mov	x0, #0xffffffffffffffff    	// #-1
58710-   896b8:	1400000c 	b	896e8 <android::ProcessState::getStrongRefCountForNode(android::sp<android::BpBinder> const&)@@LIBBINDER+0xa8>
58711-   896bc:	b94007e0 	ldr	w0, [sp, #4]
58712-   896c0:	1400000a 	b	896e8 <android::ProcessState::getStrongRefCountForNode(android::sp<android::BpBinder> const&)@@LIBBINDER+0xa8>
58713-   896c4:	d0fffd81 	adrp	x1, 3b000 <android::SimpleBestFitAllocator::kMemoryAlign@@LIBBINDER-0x46a4>
58714-   896c8:	f0fffd82 	adrp	x2, 3c000 <android::SimpleBestFitAllocator::kMemoryAlign@@LIBBINDER-0x36a4>
58715-   896cc:	910d4821 	add	x1, x1, #0x352
58716-   896d0:	910d7c42 	add	x2, x2, #0x35f
--
58924-   899e8:	34000088 	cbz	w8, 899f8 <android::ProcessState::setThreadPoolMaxThreadCount(unsigned long)@@LIBBINDER+0x3c>
58925-   899ec:	f9404688 	ldr	x8, [x20, #136]
58926-   899f0:	eb01011f 	cmp	x8, x1
58927-   899f4:	54000488 	b.hi	89a84 <android::ProcessState::setThreadPoolMaxThreadCount(unsigned long)@@LIBBINDER+0xc8>  // b.pmore
58928-   899f8:	528c40a1 	mov	w1, #0x6205                	// #25093
58929-   899fc:	b9401280 	ldr	w0, [x20, #16]
58930-   89a00:	910003e2 	mov	x2, sp
58931-   89a04:	72a80081 	movk	w1, #0x4004, lsl #16
58932:   89a08:	940080ba 	bl	a9cf0 <ioctl@plt>
58933-   89a0c:	3100041f 	cmn	w0, #0x1
58934-   89a10:	540000a0 	b.eq	89a24 <android::ProcessState::setThreadPoolMaxThreadCount(unsigned long)@@LIBBINDER+0x68>  // b.none
58935-   89a14:	f94003e8 	ldr	x8, [sp]
58936-   89a18:	2a1f03f3 	mov	w19, wzr
58937-   89a1c:	f9004688 	str	x8, [x20, #136]
58938-   89a20:	1400000f 	b	89a5c <android::ProcessState::setThreadPoolMaxThreadCount(unsigned long)@@LIBBINDER+0xa0>
58939-   89a24:	94007d97 	bl	a9080 <__errno@plt>
58940-   89a28:	b9400008 	ldr	w8, [x0]
58941-   89a2c:	6b0803f3 	negs	w19, w8
58942-   89a30:	54000386 	b.vs	89aa0 <android::ProcessState::setThreadPoolMaxThreadCount(unsigned long)@@LIBBINDER+0xe4>
58943-   89a34:	6b1303e0 	negs	w0, w19
58944-   89a38:	54000346 	b.vs	89aa0 <android::ProcessState::setThreadPoolMaxThreadCount(unsigned long)@@LIBBINDER+0xe4>
--
59050-   89bc8:	910013e2 	add	x2, sp, #0x4
59051-   89bcc:	f9401688 	ldr	x8, [x20, #40]
59052-   89bd0:	f90007e8 	str	x8, [sp, #8]
59053-   89bd4:	12000028 	and	w8, w1, #0x1
59054-   89bd8:	528c4201 	mov	w1, #0x6210                	// #25104
59055-   89bdc:	b9401000 	ldr	w0, [x0, #16]
59056-   89be0:	72a80081 	movk	w1, #0x4004, lsl #16
59057-   89be4:	b90007e8 	str	w8, [sp, #4]
59058:   89be8:	94008042 	bl	a9cf0 <ioctl@plt>
59059-   89bec:	3100041f 	cmn	w0, #0x1
59060-   89bf0:	54000060 	b.eq	89bfc <android::ProcessState::enableOnewaySpamDetection(bool)@@LIBBINDER+0x48>  // b.none
59061-   89bf4:	2a1f03e0 	mov	w0, wzr
59062-   89bf8:	1400000f 	b	89c34 <android::ProcessState::enableOnewaySpamDetection(bool)@@LIBBINDER+0x80>
59063-   89bfc:	94007d21 	bl	a9080 <__errno@plt>
59064-   89c00:	aa0003f3 	mov	x19, x0
59065-   89c04:	b9400000 	ldr	w0, [x0]
59066-   89c08:	94007f96 	bl	a9a60 <strerror@plt>
59067-   89c0c:	d0fffd81 	adrp	x1, 3b000 <android::SimpleBestFitAllocator::kMemoryAlign@@LIBBINDER-0x46a4>
59068-   89c10:	d0fffd82 	adrp	x2, 3b000 <android::SimpleBestFitAllocator::kMemoryAlign@@LIBBINDER-0x46a4>
59069-   89c14:	aa0003e3 	mov	x3, x0
59070-   89c18:	910d4821 	add	x1, x1, #0x352
--
59442-   8a1d8:	f81f03a8 	stur	x8, [x29, #-16]
59443-   8a1dc:	9400812d 	bl	aa690 <__open_2@plt>
59444-   8a1e0:	37f80620 	tbnz	w0, #31, 8a2a4 <android::ProcessState::ProcessState(char const*)@@LIBBINDER+0x55c>
59445-   8a1e4:	528c4121 	mov	w1, #0x6209                	// #25097
59446-   8a1e8:	910093e2 	add	x2, sp, #0x24
59447-   8a1ec:	72b80081 	movk	w1, #0xc004, lsl #16
59448-   8a1f0:	2a0003f4 	mov	w20, w0
59449-   8a1f4:	b90027ff 	str	wzr, [sp, #36]
59450:   8a1f8:	94007ebe 	bl	a9cf0 <ioctl@plt>
59451-   8a1fc:	3100041f 	cmn	w0, #0x1
59452-   8a200:	54001300 	b.eq	8a460 <android::ProcessState::ProcessState(char const*)@@LIBBINDER+0x718>  // b.none
59453-   8a204:	2a0003f5 	mov	w21, w0
59454-   8a208:	35001dc0 	cbnz	w0, 8a5c0 <android::ProcessState::ProcessState(char const*)@@LIBBINDER+0x878>
59455-   8a20c:	b94027e8 	ldr	w8, [sp, #36]
59456-   8a210:	7100211f 	cmp	w8, #0x8
59457-   8a214:	54001d61 	b.ne	8a5c0 <android::ProcessState::ProcessState(char const*)@@LIBBINDER+0x878>  // b.any
59458-   8a218:	528c40a1 	mov	w1, #0x6205                	// #25093
59459-   8a21c:	528001e8 	mov	w8, #0xf                   	// #15
59460-   8a220:	910103e2 	add	x2, sp, #0x40
59461-   8a224:	2a1403e0 	mov	w0, w20
59462-   8a228:	72a80081 	movk	w1, #0x4004, lsl #16
59463-   8a22c:	528c40b5 	mov	w21, #0x6205                	// #25093
59464-   8a230:	72a80095 	movk	w21, #0x4004, lsl #16
59465-   8a234:	f90023e8 	str	x8, [sp, #64]
59466:   8a238:	94007eae 	bl	a9cf0 <ioctl@plt>
59467-   8a23c:	3100041f 	cmn	w0, #0x1
59468-   8a240:	54000161 	b.ne	8a26c <android::ProcessState::ProcessState(char const*)@@LIBBINDER+0x524>  // b.any
59469-   8a244:	94007b8f 	bl	a9080 <__errno@plt>
59470-   8a248:	b9400000 	ldr	w0, [x0]
59471-   8a24c:	94007e05 	bl	a9a60 <strerror@plt>
59472-   8a250:	b0fffd81 	adrp	x1, 3b000 <android::SimpleBestFitAllocator::kMemoryAlign@@LIBBINDER-0x46a4>
59473-   8a254:	f0fffd82 	adrp	x2, 3d000 <android::SimpleBestFitAllocator::kMemoryAlign@@LIBBINDER-0x26a4>
59474-   8a258:	aa0003e3 	mov	x3, x0
59475-   8a25c:	910d4821 	add	x1, x1, #0x352
59476-   8a260:	9126ac42 	add	x2, x2, #0x9ab
59477-   8a264:	528000c0 	mov	w0, #0x6                   	// #6
59478-   8a268:	94007b9e 	bl	a90e0 <__android_log_print@plt>
59479-   8a26c:	52800028 	mov	w8, #0x1                   	// #1
59480-   8a270:	11002ea1 	add	w1, w21, #0xb
59481-   8a274:	d10103a2 	sub	x2, x29, #0x40
59482-   8a278:	2a1403e0 	mov	w0, w20
59483-   8a27c:	b81c03a8 	stur	w8, [x29, #-64]
59484:   8a280:	94007e9c 	bl	a9cf0 <ioctl@plt>
59485-   8a284:	3100041f 	cmn	w0, #0x1
59486-   8a288:	54000081 	b.ne	8a298 <android::ProcessState::ProcessState(char const*)@@LIBBINDER+0x550>  // b.any
59487-   8a28c:	2a1f03e0 	mov	w0, wzr
59488-   8a290:	94008528 	bl	ab730 <android::ProcessState::isDriverFeatureEnabled(android::ProcessState::DriverFeature)@plt>
59489-   8a294:	370029e0 	tbnz	w0, #0, 8a7d0 <android::ProcessState::ProcessState(char const*)@@LIBBINDER+0xa88>
59490-   8a298:	b9000274 	str	w20, [x19]
59491-   8a29c:	b900227f 	str	wzr, [x19, #32]
59492-   8a2a0:	14000140 	b	8a7a0 <android::ProcessState::ProcessState(char const*)@@LIBBINDER+0xa58>
59493-   8a2a4:	f9000ff9 	str	x25, [sp, #24]
59494-   8a2a8:	94007b76 	bl	a9080 <__errno@plt>
59495-   8a2ac:	d0000179 	adrp	x25, b8000 <VTT for android::BpPermissionController@@LIBBINDER+0x18>
59496-   8a2b0:	d0000168 	adrp	x8, b8000 <VTT for android::BpPermissionController@@LIBBINDER+0x18>
--
93155-   a9cdc:	d61f0220 	br	x17
93156-
93157-00000000000a9ce0 <android::IPCThreadState::talkWithDriver(bool)@plt>:
93158-   a9ce0:	90000090 	adrp	x16, b9000 <std::__1::basic_ostream<char, std::__1::char_traits<char> >::sentry::sentry(std::__1::basic_ostream<char, std::__1::char_traits<char> >&)@Base>
93159-   a9ce4:	f941e211 	ldr	x17, [x16, #960]
93160-   a9ce8:	910f0210 	add	x16, x16, #0x3c0
93161-   a9cec:	d61f0220 	br	x17
93162-
93163:00000000000a9cf0 <ioctl@plt>:
93164-   a9cf0:	90000090 	adrp	x16, b9000 <std::__1::basic_ostream<char, std::__1::char_traits<char> >::sentry::sentry(std::__1::basic_ostream<char, std::__1::char_traits<char> >&)@Base>
93165-   a9cf4:	f941e611 	ldr	x17, [x16, #968]
93166-   a9cf8:	910f2210 	add	x16, x16, #0x3c8
93167-   a9cfc:	d61f0220 	br	x17
93168-
93169-00000000000a9d00 <android::IPCThreadState::~IPCThreadState()@plt>:
93170-   a9d00:	90000090 	adrp	x16, b9000 <std::__1::basic_ostream<char, std::__1::char_traits<char> >::sentry::sentry(std::__1::basic_ostream<char, std::__1::char_traits<char> >&)@Base>
93171-   a9d04:	f941ea11 	ldr	x17, [x16, #976]
93172-   a9d08:	910f4210 	add	x16, x16, #0x3d0
93173-   a9d0c:	d61f0220 	br	x17
93174-
93175-00000000000a9d10 <android::IPCThreadState::selfOrNull()@plt>:

FIND_BINDER_SPAM_IOCTL_DONE
