
================ probe-5d0a4 ================
probe-5d0a4: ALIVE
--- log ---
--- dmesg ---

================ probe-5d0b4 ================
probe-5d0b4: ALIVE
--- log ---
--- dmesg ---

================ probe-5d0d4 ================
probe-5d0d4: ALIVE
--- log ---
--- dmesg ---

================ probe-5d140 ================
probe-5d140: ALIVE
--- log ---
--- dmesg ---

================ probe-5d144 ================
probe-5d144: ALIVE
--- log ---
--- dmesg ---

================ probe-5d1b4 ================
probe-5d1b4: ALIVE
--- log ---
--- dmesg ---

================ probe-5d1c8 ================
probe-5d1c8: ALIVE
--- log ---
--- dmesg ---

================ probe-5d1cc ================
probe-5d1cc: EXITED
--- log ---
libc: Fatal signal 11 (SIGSEGV), code 1 (SEGV_MAPERR), fault addr 0x0 in tid 7358 (probe-5d1cc), pid 7358 (probe-5d1cc)
--- dmesg ---

================ probe-5d220 ================
probe-5d220: EXITED
--- log ---
libc: Fatal signal 11 (SIGSEGV), code 1 (SEGV_MAPERR), fault addr 0x0 in tid 7373 (probe-5d220), pid 7373 (probe-5d220)
--- dmesg ---

================ probe-5d224 ================
probe-5d224: EXITED
--- log ---
libc: Fatal signal 11 (SIGSEGV), code 1 (SEGV_MAPERR), fault addr 0x0 in tid 7388 (probe-5d224), pid 7388 (probe-5d224)
--- dmesg ---

================ probe-5d340 ================
probe-5d340: EXITED
--- log ---
libc: Fatal signal 11 (SIGSEGV), code 1 (SEGV_MAPERR), fault addr 0x0 in tid 7403 (probe-5d340), pid 7403 (probe-5d340)
--- dmesg ---

================ probe-5d344 ================
probe-5d344: EXITED
--- log ---
libc: Fatal signal 11 (SIGSEGV), code 1 (SEGV_MAPERR), fault addr 0x0 in tid 7418 (probe-5d344), pid 7418 (probe-5d344)
--- dmesg ---

================ probe-5d5d8 ================
probe-5d5d8: EXITED
--- log ---
libc: Fatal signal 11 (SIGSEGV), code 1 (SEGV_MAPERR), fault addr 0x0 in tid 7433 (probe-5d5d8), pid 7433 (probe-5d5d8)
--- dmesg ---

================ probe-5d5fc ================
probe-5d5fc: EXITED
--- log ---
libc: Fatal signal 11 (SIGSEGV), code 1 (SEGV_MAPERR), fault addr 0x0 in tid 7448 (probe-5d5fc), pid 7448 (probe-5d5fc)
--- dmesg ---

================ probe-5d610 ================
probe-5d610: EXITED
--- log ---
libc: Fatal signal 11 (SIGSEGV), code 1 (SEGV_MAPERR), fault addr 0x0 in tid 7463 (probe-5d610), pid 7463 (probe-5d610)
--- dmesg ---
