--- find libbinder copies on TV ---
/media/internal/android-usb/android-rootfs/apex/com.android.vndk.v33/lib64/libbinder.so
/media/internal/android-usb/android-rootfs/apex/com.android.vndk.current/lib64/libbinder.so
/media/internal/android-usb/android-rootfs/system/apex/com.android.vndk.current/lib64/libbinder.so
/media/internal/android-usb/android-rootfs/system/system_ext/apex/com.android.vndk.v29/lib64/libbinder.so
/media/internal/android-usb/android-rootfs/system/system_ext/apex/com.android.vndk.v30/lib64/libbinder.so
/media/internal/android-usb/android-rootfs/system/system_ext/apex/com.android.vndk.v28/lib64/libbinder.so
/media/internal/android-usb/android-rootfs/system/lib64/libbinder.so
/media/internal/android-usb/android-rootfs/system/lib64/libbinder_ndk.so
/media/internal/android-usb/android-rootfs/system/lib64/libbinder_rpc_unstable.so

--- pull copies ---
[1] /media/internal/android-usb/android-rootfs/apex/com.android.vndk.v33/lib64/libbinder.so
[2] /media/internal/android-usb/android-rootfs/apex/com.android.vndk.current/lib64/libbinder.so
[3] /media/internal/android-usb/android-rootfs/system/apex/com.android.vndk.current/lib64/libbinder.so
[4] /media/internal/android-usb/android-rootfs/system/system_ext/apex/com.android.vndk.v29/lib64/libbinder.so
[5] /media/internal/android-usb/android-rootfs/system/system_ext/apex/com.android.vndk.v30/lib64/libbinder.so
[6] /media/internal/android-usb/android-rootfs/system/system_ext/apex/com.android.vndk.v28/lib64/libbinder.so
[7] /media/internal/android-usb/android-rootfs/system/lib64/libbinder.so
[8] /media/internal/android-usb/android-rootfs/system/lib64/libbinder_ndk.so
[9] /media/internal/android-usb/android-rootfs/system/lib64/libbinder_rpc_unstable.so

--- patch candidates ---

### /media/internal/android-usb/android-rootfs/apex/com.android.vndk.v33/lib64/libbinder.so
ioctl@plt call count: 13
spam ioctl candidates: [('0x8659c', '0x8659c')]
patch /media/internal/android-usb/android-rootfs/apex/com.android.vndk.v33/lib64/libbinder.so: vaddr=0x8659c fileoff=0x8659c before=31780094 -> mov w0,#0

### /media/internal/android-usb/android-rootfs/apex/com.android.vndk.current/lib64/libbinder.so
ioctl@plt call count: 13
spam ioctl candidates: [('0x8659c', '0x8659c')]
patch /media/internal/android-usb/android-rootfs/apex/com.android.vndk.current/lib64/libbinder.so: vaddr=0x8659c fileoff=0x8659c before=31780094 -> mov w0,#0

### /media/internal/android-usb/android-rootfs/system/apex/com.android.vndk.current/lib64/libbinder.so
ioctl@plt call count: 13
spam ioctl candidates: [('0x8659c', '0x8659c')]
patch /media/internal/android-usb/android-rootfs/system/apex/com.android.vndk.current/lib64/libbinder.so: vaddr=0x8659c fileoff=0x8659c before=31780094 -> mov w0,#0

### /media/internal/android-usb/android-rootfs/system/system_ext/apex/com.android.vndk.v29/lib64/libbinder.so
ioctl@plt call count: 9
spam ioctl candidates: []

### /media/internal/android-usb/android-rootfs/system/system_ext/apex/com.android.vndk.v30/lib64/libbinder.so
ioctl@plt call count: 11
spam ioctl candidates: []

### /media/internal/android-usb/android-rootfs/system/system_ext/apex/com.android.vndk.v28/lib64/libbinder.so
ioctl@plt call count: 7
spam ioctl candidates: []

### /media/internal/android-usb/android-rootfs/system/lib64/libbinder.so
ioctl@plt call count: 12
spam ioctl candidates: []

### /media/internal/android-usb/android-rootfs/system/lib64/libbinder_ndk.so
ioctl@plt call count: 0
spam ioctl candidates: []

### /media/internal/android-usb/android-rootfs/system/lib64/libbinder_rpc_unstable.so
ioctl@plt call count: 0
spam ioctl candidates: []

--- push patched copies and bind mount ---

remote original: /media/internal/android-usb/android-rootfs/apex/com.android.vndk.v33/lib64/libbinder.so
remote patch:    /media/internal/android-usb/android-sidecar/overrides-libbinder-spam/_media_internal_android-usb_android-rootfs_apex_com.android.vndk.v33_lib64_libbinder.so
--- unmount old bind if any: /media/internal/android-usb/android-rootfs/apex/com.android.vndk.v33/lib64/libbinder.so ---
--- bind patched copy ---
--- verify grep mount ---
/dev/sda1 on /media/internal/android-usb/android-rootfs/apex/com.android.vndk.v33/lib64/libbinder.so type ext4 (rw,relatime,data=ordered)

remote original: /media/internal/android-usb/android-rootfs/apex/com.android.vndk.current/lib64/libbinder.so
remote patch:    /media/internal/android-usb/android-sidecar/overrides-libbinder-spam/_media_internal_android-usb_android-rootfs_apex_com.android.vndk.current_lib64_libbinder.so
--- unmount old bind if any: /media/internal/android-usb/android-rootfs/apex/com.android.vndk.current/lib64/libbinder.so ---
--- bind patched copy ---
--- verify grep mount ---
/dev/sda1 on /media/internal/android-usb/android-rootfs/apex/com.android.vndk.current/lib64/libbinder.so type ext4 (rw,relatime,data=ordered)

remote original: /media/internal/android-usb/android-rootfs/system/apex/com.android.vndk.current/lib64/libbinder.so
remote patch:    /media/internal/android-usb/android-sidecar/overrides-libbinder-spam/_media_internal_android-usb_android-rootfs_system_apex_com.android.vndk.current_lib64_libbinder.so
--- unmount old bind if any: /media/internal/android-usb/android-rootfs/system/apex/com.android.vndk.current/lib64/libbinder.so ---
--- bind patched copy ---
--- verify grep mount ---
/dev/sda1 on /media/internal/android-usb/android-rootfs/system/apex/com.android.vndk.current/lib64/libbinder.so type ext4 (rw,relatime,data=ordered)

--- verify patched bytes on TV ---

### /media/internal/android-usb/android-rootfs/apex/com.android.vndk.v33/lib64/libbinder.so
0x89be8:  9a 71 00 94
0x8a238:  a9 83 5f f8

### /media/internal/android-usb/android-rootfs/apex/com.android.vndk.current/lib64/libbinder.so
0x89be8:  9a 71 00 94
0x8a238:  a9 83 5f f8

### /media/internal/android-usb/android-rootfs/system/apex/com.android.vndk.current/lib64/libbinder.so
0x89be8:  9a 71 00 94
0x8a238:  a9 83 5f f8

### /media/internal/android-usb/android-rootfs/system/system_ext/apex/com.android.vndk.v29/lib64/libbinder.so

### /media/internal/android-usb/android-rootfs/system/system_ext/apex/com.android.vndk.v30/lib64/libbinder.so

### /media/internal/android-usb/android-rootfs/system/system_ext/apex/com.android.vndk.v28/lib64/libbinder.so

### /media/internal/android-usb/android-rootfs/system/lib64/libbinder.so
0x89be8:  00 00 80 52
0x8a238:  ae 7e 00 94

### /media/internal/android-usb/android-rootfs/system/lib64/libbinder_ndk.so

### /media/internal/android-usb/android-rootfs/system/lib64/libbinder_rpc_unstable.so

PATCH_ALL_LIBBINDER_SPAM_IOCTL_DONE
