--- kill managers ---
--- start system servicemanager only on /dev/binder ---
--- start hwservicemanager ---
--- start vndservicemanager ---
--- pids ---
root      6604  6596  0 01:18 ?        00:00:00 /system/bin/servicemanager
root      6606  6596  1 01:18 ?        00:00:00 /system/bin/hwservicemanager
root      6608  6596  1 01:18 ?        00:00:00 /vendor/bin/vndservicemanager

--- servicemanager maps: libbinder source ---
servicemanager_pid=6604
7f8cc7d000-7f8cccf000 r--p 00000000 07:03 2354                           /media/internal/android-usb/android-rootfs/system/lib64/libbinder.so
7f8cccf000-7f8cd2a000 r-xp 00052000 07:03 2354                           /media/internal/android-usb/android-rootfs/system/lib64/libbinder.so
7f8cd2a000-7f8cd38000 r--p 000ad000 07:03 2354                           /media/internal/android-usb/android-rootfs/system/lib64/libbinder.so
7f8cd38000-7f8cd39000 rw-p 000ba000 07:03 2354                           /media/internal/android-usb/android-rootfs/system/lib64/libbinder.so
7f8fe4f000-7f8fe50000 r--p 00000000 07:03 2714                           /media/internal/android-usb/android-rootfs/system/lib64/libvndksupport.so
7f8fe50000-7f8fe51000 r-xp 00001000 07:03 2714                           /media/internal/android-usb/android-rootfs/system/lib64/libvndksupport.so
7f8fe51000-7f8fe52000 r--p 00002000 07:03 2714                           /media/internal/android-usb/android-rootfs/system/lib64/libvndksupport.so
7f8fe52000-7f8fe53000 rw-p 00002000 07:03 2714                           /media/internal/android-usb/android-rootfs/system/lib64/libvndksupport.so
7f8ffdc000-7f8ffe2000 r--p 00000000 07:03 2503                           /media/internal/android-usb/android-rootfs/system/lib64/libhidl-gen-utils.so
7f8ffe2000-7f8ffe9000 r-xp 00006000 07:03 2503                           /media/internal/android-usb/android-rootfs/system/lib64/libhidl-gen-utils.so
7f8ffe9000-7f8ffea000 r--p 0000d000 07:03 2503                           /media/internal/android-usb/android-rootfs/system/lib64/libhidl-gen-utils.so
7f933fe000-7f9341e000 r--s 00000000 00:06 389300                         /media/internal/android-usb/android-rootfs/dev/__properties__/u:object_r:vndk_prop:s0

--- service list smoke ---
Found 1 services:
0	manager: [android.os.IServiceManager]

--- manager stderr ---
### servicemanager
### hwservicemanager
SELinux: Loaded service_contexts from:
    /system/etc/selinux/plat_hwservice_contexts
    /vendor/etc/selinux/vendor_hwservice_contexts
### vndservicemanager
RESTART_MANAGERS_SYSTEM_BINDER_CLEAN_DONE
