--- kill managers ---
--- start system servicemanager only on /dev/binder ---
--- start hwservicemanager ---
--- start vndservicemanager ---
--- pids ---
root      4452  4448  0 01:01 ?        00:00:00 /system/bin/servicemanager
root      4455  4448  1 01:01 ?        00:00:00 /system/bin/hwservicemanager
root      4457  4448  1 01:01 ?        00:00:00 /vendor/bin/vndservicemanager

--- servicemanager maps: libbinder source ---
servicemanager_pid=4452
7f9f8d9000-7f9f8df000 r--p 00000000 07:03 2503                           /media/internal/android-usb/android-rootfs/system/lib64/libhidl-gen-utils.so
7f9f8df000-7f9f8e6000 r-xp 00006000 07:03 2503                           /media/internal/android-usb/android-rootfs/system/lib64/libhidl-gen-utils.so
7f9f8e6000-7f9f8e7000 r--p 0000d000 07:03 2503                           /media/internal/android-usb/android-rootfs/system/lib64/libhidl-gen-utils.so
7f9fa50000-7f9fa51000 r--p 00000000 07:03 2714                           /media/internal/android-usb/android-rootfs/system/lib64/libvndksupport.so
7f9fa51000-7f9fa52000 r-xp 00001000 07:03 2714                           /media/internal/android-usb/android-rootfs/system/lib64/libvndksupport.so
7f9fa52000-7f9fa53000 r--p 00002000 07:03 2714                           /media/internal/android-usb/android-rootfs/system/lib64/libvndksupport.so
7f9fa53000-7f9fa54000 rw-p 00002000 07:03 2714                           /media/internal/android-usb/android-rootfs/system/lib64/libvndksupport.so
7f9fb44000-7f9fb96000 r--p 00000000 07:03 2354                           /media/internal/android-usb/android-rootfs/system/lib64/libbinder.so
7f9fb96000-7f9fbf1000 r-xp 00052000 07:03 2354                           /media/internal/android-usb/android-rootfs/system/lib64/libbinder.so
7f9fbf1000-7f9fbff000 r--p 000ad000 07:03 2354                           /media/internal/android-usb/android-rootfs/system/lib64/libbinder.so
7f9fbff000-7f9fc00000 rw-p 000ba000 07:03 2354                           /media/internal/android-usb/android-rootfs/system/lib64/libbinder.so
7f9ff5f000-7f9ff7f000 r--s 00000000 00:06 389300                         /media/internal/android-usb/android-rootfs/dev/__properties__/u:object_r:vndk_prop:s0

--- service list smoke ---
Found 1 services:
0	manager: [android.os.IServiceManager]

--- manager stderr ---
### servicemanager
### hwservicemanager
SELinux: Loaded service_contexts from:
    /system/etc/selinux/plat_hwservice_contexts
    /vendor/etc/selinux/vendor_hwservice_contexts
### vndservicemanager
RESTART_MANAGERS_SYSTEM_BINDER_CLEAN_DONE
