--- kill managers ---
--- start system servicemanager only on /dev/binder ---
--- start hwservicemanager ---
--- start vndservicemanager ---
--- pids ---
root      6530  6526  0 01:16 ?        00:00:00 /system/bin/servicemanager
root      6535  6526  1 01:16 ?        00:00:00 /system/bin/hwservicemanager
root      6537  6526  1 01:16 ?        00:00:00 /vendor/bin/vndservicemanager

--- servicemanager maps: libbinder source ---
servicemanager_pid=6530
7fb02c4000-7fb02ca000 r--p 00000000 07:03 2503                           /media/internal/android-usb/android-rootfs/system/lib64/libhidl-gen-utils.so
7fb02ca000-7fb02d1000 r-xp 00006000 07:03 2503                           /media/internal/android-usb/android-rootfs/system/lib64/libhidl-gen-utils.so
7fb02d1000-7fb02d2000 r--p 0000d000 07:03 2503                           /media/internal/android-usb/android-rootfs/system/lib64/libhidl-gen-utils.so
7fb1482000-7fb1483000 r--p 00000000 07:03 2714                           /media/internal/android-usb/android-rootfs/system/lib64/libvndksupport.so
7fb1483000-7fb1484000 r-xp 00001000 07:03 2714                           /media/internal/android-usb/android-rootfs/system/lib64/libvndksupport.so
7fb1484000-7fb1485000 r--p 00002000 07:03 2714                           /media/internal/android-usb/android-rootfs/system/lib64/libvndksupport.so
7fb1485000-7fb1486000 rw-p 00002000 07:03 2714                           /media/internal/android-usb/android-rootfs/system/lib64/libvndksupport.so
7fb1543000-7fb1595000 r--p 00000000 07:03 2354                           /media/internal/android-usb/android-rootfs/system/lib64/libbinder.so
7fb1595000-7fb15f0000 r-xp 00052000 07:03 2354                           /media/internal/android-usb/android-rootfs/system/lib64/libbinder.so
7fb15f0000-7fb15fe000 r--p 000ad000 07:03 2354                           /media/internal/android-usb/android-rootfs/system/lib64/libbinder.so
7fb15fe000-7fb15ff000 rw-p 000ba000 07:03 2354                           /media/internal/android-usb/android-rootfs/system/lib64/libbinder.so
7fb1866000-7fb1886000 r--s 00000000 00:06 389300                         /media/internal/android-usb/android-rootfs/dev/__properties__/u:object_r:vndk_prop:s0

--- service list smoke ---
Found 1 services:
0	manager: [android.os.IServiceManager]

--- manager stderr ---
### servicemanager
### hwservicemanager
SELinux: Loaded service_contexts from:
    /system/etc/selinux/plat_hwservice_contexts
    /vendor/etc/selinux/vendor_hwservice_contexts
### vndservicemanager
RESTART_MANAGERS_SYSTEM_BINDER_CLEAN_DONE
