--- kill managers ---
--- start system servicemanager only on /dev/binder ---
--- start hwservicemanager ---
--- start vndservicemanager ---
--- pids ---
root      7035  7031  0 01:24 ?        00:00:00 /system/bin/servicemanager
root      7037  7031  1 01:24 ?        00:00:00 /system/bin/hwservicemanager
root      7039  7031  1 01:24 ?        00:00:00 /vendor/bin/vndservicemanager

--- servicemanager maps: libbinder source ---
servicemanager_pid=7035
7f8f183000-7f8f189000 r--p 00000000 07:03 2503                           /media/internal/android-usb/android-rootfs/system/lib64/libhidl-gen-utils.so
7f8f189000-7f8f190000 r-xp 00006000 07:03 2503                           /media/internal/android-usb/android-rootfs/system/lib64/libhidl-gen-utils.so
7f8f190000-7f8f191000 r--p 0000d000 07:03 2503                           /media/internal/android-usb/android-rootfs/system/lib64/libhidl-gen-utils.so
7f9050c000-7f9055e000 r--p 00000000 07:03 2354                           /media/internal/android-usb/android-rootfs/system/lib64/libbinder.so
7f9055e000-7f905b9000 r-xp 00052000 07:03 2354                           /media/internal/android-usb/android-rootfs/system/lib64/libbinder.so
7f905b9000-7f905c7000 r--p 000ad000 07:03 2354                           /media/internal/android-usb/android-rootfs/system/lib64/libbinder.so
7f905c7000-7f905c8000 rw-p 000ba000 07:03 2354                           /media/internal/android-usb/android-rootfs/system/lib64/libbinder.so
7f90d62000-7f90d63000 r--p 00000000 07:03 2714                           /media/internal/android-usb/android-rootfs/system/lib64/libvndksupport.so
7f90d63000-7f90d64000 r-xp 00001000 07:03 2714                           /media/internal/android-usb/android-rootfs/system/lib64/libvndksupport.so
7f90d64000-7f90d65000 r--p 00002000 07:03 2714                           /media/internal/android-usb/android-rootfs/system/lib64/libvndksupport.so
7f90d65000-7f90d66000 rw-p 00002000 07:03 2714                           /media/internal/android-usb/android-rootfs/system/lib64/libvndksupport.so
7f914bf000-7f914df000 r--s 00000000 00:06 389300                         /media/internal/android-usb/android-rootfs/dev/__properties__/u:object_r:vndk_prop:s0

--- service list smoke ---
Found 1 services:
0	manager: [android.os.IServiceManager]

--- manager stderr ---
### servicemanager
### hwservicemanager
SELinux: Loaded service_contexts from:
    /system/etc/selinux/plat_hwservice_contexts
    /vendor/etc/selinux/vendor_hwservice_contexts
### vndservicemanager
RESTART_MANAGERS_SYSTEM_BINDER_CLEAN_DONE
