--- kill managers ---
--- verify no libbinder bind mounts ---
--- start SYSTEM servicemanager forced to system libbinder ---
--- start hwservicemanager normal system side ---
--- start vendor servicemanager normal vendor side ---
--- managers ---
root     18721 18712  1 00:20 ?        00:00:00 /system/bin/servicemanager
root     18722 18712  1 00:20 ?        00:00:00 /system/bin/hwservicemanager
root     18723 18712  1 00:20 ?        00:00:00 /vendor/bin/vndservicemanager

--- libbinder maps ---

=== PID 18721 ===
/system/bin/servicemanager 
7f822fa000-7f8234c000 r--p 00000000 07:03 2354                           /media/internal/android-usb/android-rootfs/system/lib64/libbinder.so
7f8234c000-7f823a7000 r-xp 00052000 07:03 2354                           /media/internal/android-usb/android-rootfs/system/lib64/libbinder.so
7f823a7000-7f823b5000 r--p 000ad000 07:03 2354                           /media/internal/android-usb/android-rootfs/system/lib64/libbinder.so
7f823b5000-7f823b6000 rw-p 000ba000 07:03 2354                           /media/internal/android-usb/android-rootfs/system/lib64/libbinder.so
7f85aa5000-7f85aae000 r--p 00000000 07:03 2438                           /media/internal/android-usb/android-rootfs/system/lib64/libcutils.so
7f85aae000-7f85ab9000 r-xp 00009000 07:03 2438                           /media/internal/android-usb/android-rootfs/system/lib64/libcutils.so
7f85ab9000-7f85abb000 r--p 00014000 07:03 2438                           /media/internal/android-usb/android-rootfs/system/lib64/libcutils.so
7f85abb000-7f85abc000 rw-p 00015000 07:03 2438                           /media/internal/android-usb/android-rootfs/system/lib64/libcutils.so
7f85c00000-7f85c0e000 r--p 00000000 07:03 2707                           /media/internal/android-usb/android-rootfs/system/lib64/libutils.so
7f85c0e000-7f85c1b000 r-xp 0000e000 07:03 2707                           /media/internal/android-usb/android-rootfs/system/lib64/libutils.so
7f85c1b000-7f85c1c000 r--p 0001b000 07:03 2707                           /media/internal/android-usb/android-rootfs/system/lib64/libutils.so
7f85c1c000-7f85c1d000 rw-p 0001b000 07:03 2707                           /media/internal/android-usb/android-rootfs/system/lib64/libutils.so

=== PID 18722 ===
/system/bin/hwservicemanager 
7f8afc7000-7f8afd0000 r--p 00000000 07:03 2438                           /media/internal/android-usb/android-rootfs/system/lib64/libcutils.so
7f8afd0000-7f8afdb000 r-xp 00009000 07:03 2438                           /media/internal/android-usb/android-rootfs/system/lib64/libcutils.so
7f8afdb000-7f8afdd000 r--p 00014000 07:03 2438                           /media/internal/android-usb/android-rootfs/system/lib64/libcutils.so
7f8afdd000-7f8afde000 rw-p 00015000 07:03 2438                           /media/internal/android-usb/android-rootfs/system/lib64/libcutils.so
7f8c475000-7f8c4c7000 r--p 00000000 07:03 2354                           /media/internal/android-usb/android-rootfs/system/lib64/libbinder.so
7f8c4c7000-7f8c522000 r-xp 00052000 07:03 2354                           /media/internal/android-usb/android-rootfs/system/lib64/libbinder.so
7f8c522000-7f8c530000 r--p 000ad000 07:03 2354                           /media/internal/android-usb/android-rootfs/system/lib64/libbinder.so
7f8c530000-7f8c531000 rw-p 000ba000 07:03 2354                           /media/internal/android-usb/android-rootfs/system/lib64/libbinder.so
7f8c5cc000-7f8c5da000 r--p 00000000 07:03 2707                           /media/internal/android-usb/android-rootfs/system/lib64/libutils.so
7f8c5da000-7f8c5e7000 r-xp 0000e000 07:03 2707                           /media/internal/android-usb/android-rootfs/system/lib64/libutils.so
7f8c5e7000-7f8c5e8000 r--p 0001b000 07:03 2707                           /media/internal/android-usb/android-rootfs/system/lib64/libutils.so
7f8c5e8000-7f8c5e9000 rw-p 0001b000 07:03 2707                           /media/internal/android-usb/android-rootfs/system/lib64/libutils.so

=== PID 18723 ===
/vendor/bin/vndservicemanager 
7f6f3cc000-7f6f3da000 r--p 00000000 07:03 791                            /media/internal/android-usb/android-rootfs/apex/com.android.vndk.v33/lib64/libutils.so
7f6f3da000-7f6f3e7000 r-xp 0000e000 07:03 791                            /media/internal/android-usb/android-rootfs/apex/com.android.vndk.v33/lib64/libutils.so
7f6f3e7000-7f6f3e8000 r--p 0001b000 07:03 791                            /media/internal/android-usb/android-rootfs/apex/com.android.vndk.v33/lib64/libutils.so
7f6f3e8000-7f6f3e9000 rw-p 0001b000 07:03 791                            /media/internal/android-usb/android-rootfs/apex/com.android.vndk.v33/lib64/libutils.so
7f70146000-7f70195000 r--p 00000000 07:03 726                            /media/internal/android-usb/android-rootfs/apex/com.android.vndk.v33/lib64/libbinder.so
7f70195000-7f701ed000 r-xp 0004f000 07:03 726                            /media/internal/android-usb/android-rootfs/apex/com.android.vndk.v33/lib64/libbinder.so
7f701ed000-7f701fa000 r--p 000a7000 07:03 726                            /media/internal/android-usb/android-rootfs/apex/com.android.vndk.v33/lib64/libbinder.so
7f701fa000-7f701fb000 rw-p 000b3000 07:03 726                            /media/internal/android-usb/android-rootfs/apex/com.android.vndk.v33/lib64/libbinder.so
7f73d91000-7f73d9a000 r--p 00000000 07:03 739                            /media/internal/android-usb/android-rootfs/apex/com.android.vndk.v33/lib64/libcutils.so
7f73d9a000-7f73da5000 r-xp 00009000 07:03 739                            /media/internal/android-usb/android-rootfs/apex/com.android.vndk.v33/lib64/libcutils.so
7f73da5000-7f73da7000 r--p 00014000 07:03 739                            /media/internal/android-usb/android-rootfs/apex/com.android.vndk.v33/lib64/libcutils.so
7f73da7000-7f73da8000 rw-p 00015000 07:03 739                            /media/internal/android-usb/android-rootfs/apex/com.android.vndk.v33/lib64/libcutils.so

--- stderr ---
ERROR: ld.so: object '/system/lib64/libbinder.so' from LD_PRELOAD cannot be preloaded (cannot open shared object file): ignored.
ERROR: ld.so: object '/system/lib64/libbinder.so' from LD_PRELOAD cannot be preloaded (cannot open shared object file): ignored.
SELinux: Loaded service_contexts from:
    /system/etc/selinux/plat_hwservice_contexts
    /vendor/etc/selinux/vendor_hwservice_contexts

--- service list smoke ---
ERROR: ld.so: object '/system/lib64/libbinder.so' from LD_PRELOAD cannot be preloaded (cannot open shared object file): ignored.
Found 1 services:
0	manager: [android.os.IServiceManager]
service_list_rc=0

RESTART_MANAGERS_FORCE_SYSTEM_SERVICEMANAGER_DONE
