--- binaries ---
-rwxr-xr-x    1 root     2000        291304 Apr  3 07:38 /media/internal/android-usb/android-rootfs/system/bin/incidentd

--- start statsd if present ---

--- start incidentd if present ---

--- pids ---
root     26568     1  0 00:37 ?        00:00:00 /system/bin/servicemanager
root     26569     1  0 00:37 ?        00:00:00 /system/bin/hwservicemanager
root     26570     1  0 00:37 ?        00:00:00 /vendor/bin/vndservicemanager
1000     26638 26628  0 00:37 ?        00:00:00 system_server
root     27852 27848  0 00:39 ?        00:00:00 /system/bin/incidentd

--- service list after native daemons ---
Found 9 services:
0	device_identifiers: [android.os.IDeviceIdentifiersPolicyService]
1	file_integrity: [android.security.IFileIntegrityService]
2	incident: [android.os.IIncidentManager]
3	manager: [android.os.IServiceManager]
4	platform_compat: [com.android.internal.compat.IPlatformCompat]
5	platform_compat_native: [com.android.internal.compat.IPlatformCompatNative]
6	powerstats: []
7	system_server_dumper: []
8	uri_grants: [android.app.IUriGrantsManager]
service_count=9

--- daemon stderr ---
### statsd.err
### incidentd.err

START_STATSD_INCIDENTD_LIVE_DONE
