--- libbinder around 0xa4318 ---

zygote-symbols-post-binder/libbinder.so.real:     file format elf64-littleaarch64


Disassembly of section .text:

00000000000a4200 <android::base::LogMessage::~LogMessage()@@LIBBINDER+0x4c>:
   a4200:	aa1f03e1 	mov	x1, xzr
   a4204:	1a893100 	csel	w0, w8, w9, cc	// cc = lo, ul, last
   a4208:	52800082 	mov	w2, #0x4                   	// #4
   a420c:	94002041 	bl	ac310 <__android_log_is_loggable@plt>
   a4210:	350000c0 	cbnz	w0, a4228 <android::base::LogMessage::~LogMessage()@@LIBBINDER+0x74>
   a4214:	14000045 	b	a4328 <android::base::LogMessage::~LogMessage()@@LIBBINDER+0x174>
   a4218:	f00000a8 	adrp	x8, bb000 <construction vtable for std::__1::basic_ostream<char, std::__1::char_traits<char> >-in-std::__1::basic_ostringstream<char, std::__1::char_traits<char>, std::__1::allocator<char> >@@LIBBINDER+0x2af8>
   a421c:	b94ae908 	ldr	w8, [x8, #2792]
   a4220:	6b14011f 	cmp	w8, w20
   a4224:	5400082c 	b.gt	a4328 <android::base::LogMessage::~LogMessage()@@LIBBINDER+0x174>
   a4228:	f9400260 	ldr	x0, [x19]
   a422c:	b9412008 	ldr	w8, [x0, #288]
   a4230:	3100051f 	cmn	w8, #0x1
   a4234:	54000200 	b.eq	a4274 <android::base::LogMessage::~LogMessage()@@LIBBINDER+0xc0>  // b.none
   a4238:	b0fffcc1 	adrp	x1, 3d000 <android::SimpleBestFitAllocator::kMemoryAlign@@LIBBINDER-0x26a4>
   a423c:	52800042 	mov	w2, #0x2                   	// #2
   a4240:	91037821 	add	x1, x1, #0xde
   a4244:	9400142b 	bl	a92f0 <std::__1::basic_ostream<char, std::__1::char_traits<char> >& std::__1::__put_character_sequence<char, std::__1::char_traits<char> >(std::__1::basic_ostream<char, std::__1::char_traits<char> >&, char const*, unsigned long)@plt>
   a4248:	f9400268 	ldr	x8, [x19]
   a424c:	aa0003f4 	mov	x20, x0
   a4250:	b9412100 	ldr	w0, [x8, #288]
   a4254:	94001603 	bl	a9a60 <strerror@plt>
   a4258:	aa0003f5 	mov	x21, x0
   a425c:	940015c1 	bl	a9960 <strlen@plt>
   a4260:	aa0003e2 	mov	x2, x0
   a4264:	aa1403e0 	mov	x0, x20
   a4268:	aa1503e1 	mov	x1, x21
   a426c:	94001421 	bl	a92f0 <std::__1::basic_ostream<char, std::__1::char_traits<char> >& std::__1::__put_character_sequence<char, std::__1::char_traits<char> >(std::__1::basic_ostream<char, std::__1::char_traits<char> >&, char const*, unsigned long)@plt>
   a4270:	f9400260 	ldr	x0, [x19]
   a4274:	91002000 	add	x0, x0, #0x8
   a4278:	910023e8 	add	x8, sp, #0x8
   a427c:	a900ffff 	stp	xzr, xzr, [sp, #8]
   a4280:	910023f4 	add	x20, sp, #0x8
   a4284:	f9000fff 	str	xzr, [sp, #24]
   a4288:	94001792 	bl	aa0d0 <std::__1::basic_stringbuf<char, std::__1::char_traits<char>, std::__1::allocator<char> >::str() const@plt>
   a428c:	f9400268 	ldr	x8, [x19]
   a4290:	b9411502 	ldr	w2, [x8, #276]
   a4294:	7100185f 	cmp	w2, #0x6
   a4298:	54000121 	b.ne	a42bc <android::base::LogMessage::~LogMessage()@@LIBBINDER+0x108>  // b.any
   a429c:	394023e8 	ldrb	w8, [sp, #8]
   a42a0:	b240028a 	orr	x10, x20, #0x1
   a42a4:	f9400fe9 	ldr	x9, [sp, #24]
   a42a8:	7200011f 	tst	w8, #0x1
   a42ac:	9a890140 	csel	x0, x10, x9, eq	// eq = none
   a42b0:	94002000 	bl	ac2b0 <android_set_abort_message@plt>
   a42b4:	f9400268 	ldr	x8, [x19]
   a42b8:	b9411502 	ldr	w2, [x8, #276]
   a42bc:	394023e9 	ldrb	w9, [sp, #8]
   a42c0:	b2400294 	orr	x20, x20, #0x1
   a42c4:	f9400fea 	ldr	x10, [sp, #24]
   a42c8:	f9408500 	ldr	x0, [x8, #264]
   a42cc:	7200013f 	tst	w9, #0x1
   a42d0:	b9411101 	ldr	w1, [x8, #272]
   a42d4:	f9408d03 	ldr	x3, [x8, #280]
   a42d8:	9a8a0284 	csel	x4, x20, x10, eq	// eq = none
   a42dc:	94002019 	bl	ac340 <android::base::LogMessage::LogLine(char const*, unsigned int, android::base::LogSeverity, char const*, char const*)@plt>
   a42e0:	f9400268 	ldr	x8, [x19]
   a42e4:	b9411508 	ldr	w8, [x8, #276]
   a42e8:	7100191f 	cmp	w8, #0x6
   a42ec:	54000161 	b.ne	a4318 <android::base::LogMessage::~LogMessage()@@LIBBINDER+0x164>  // b.any
   a42f0:	528003c0 	mov	w0, #0x1e                  	// #30
   a42f4:	2a1f03e1 	mov	w1, wzr
   a42f8:	2a1f03e2 	mov	w2, wzr
   a42fc:	9400118c 	bl	a892c <android::base::GetThreadId()@@LIBBINDER+0xabc>
   a4300:	34000600 	cbz	w0, a43c0 <android::base::LogMessage::~LogMessage()@@LIBBINDER+0x20c>
   a4304:	394023e8 	ldrb	w8, [sp, #8]
   a4308:	f9400fe9 	ldr	x9, [sp, #24]
   a430c:	7200011f 	tst	w8, #0x1
   a4310:	9a890280 	csel	x0, x20, x9, eq	// eq = none
   a4314:	9400200f 	bl	ac350 <__android_log_call_aborter@plt>
   a4318:	394023e8 	ldrb	w8, [sp, #8]
   a431c:	36000068 	tbz	w8, #0, a4328 <android::base::LogMessage::~LogMessage()@@LIBBINDER+0x174>
   a4320:	f9400fe0 	ldr	x0, [sp, #24]
   a4324:	9400139b 	bl	a9190 <operator delete(void*)@plt>
   a4328:	f9400274 	ldr	x20, [x19]
   a432c:	f900027f 	str	xzr, [x19]
   a4330:	b4000374 	cbz	x20, a439c <android::base::LogMessage::~LogMessage()@@LIBBINDER+0x1e8>
   a4334:	900000a8 	adrp	x8, b8000 <VTT for android::BpPermissionController@@LIBBINDER+0x18>
   a4338:	900000a9 	adrp	x9, b8000 <VTT for android::BpPermissionController@@LIBBINDER+0x18>
   a433c:	aa1403f3 	mov	x19, x20
   a4340:	f9465508 	ldr	x8, [x8, #3240]
   a4344:	f944d529 	ldr	x9, [x9, #2472]
   a4348:	3941228b 	ldrb	w11, [x20, #72]
   a434c:	9100610a 	add	x10, x8, #0x18
   a4350:	91010108 	add	x8, x8, #0x40
   a4354:	91004129 	add	x9, x9, #0x10
   a4358:	f900028a 	str	x10, [x20]
   a435c:	f9003a88 	str	x8, [x20, #112]
   a4360:	f8008e69 	str	x9, [x19, #8]!
   a4364:	3600006b 	tbz	w11, #0, a4370 <android::base::LogMessage::~LogMessage()@@LIBBINDER+0x1bc>
   a4368:	f9402e80 	ldr	x0, [x20, #88]
   a436c:	94001389 	bl	a9190 <operator delete(void*)@plt>
   a4370:	aa1303e0 	mov	x0, x19
   a4374:	9400175b 	bl	aa0e0 <std::__1::basic_streambuf<char, std::__1::char_traits<char> >::~basic_streambuf()@plt>
   a4378:	900000a8 	adrp	x8, b8000 <VTT for android::BpPermissionController@@LIBBINDER+0x18>
   a437c:	aa1403e0 	mov	x0, x20
   a4380:	f9465908 	ldr	x8, [x8, #3248]
   a4384:	91002101 	add	x1, x8, #0x8
   a4388:	94001ff6 	bl	ac360 <std::__1::basic_ostream<char, std::__1::char_traits<char> >::~basic_ostream()@plt>
   a438c:	9101c280 	add	x0, x20, #0x70
   a4390:	9400175c 	bl	aa100 <std::__1::basic_ios<char, std::__1::char_traits<char> >::~basic_ios()@plt>
   a4394:	aa1403e0 	mov	x0, x20
   a4398:	9400137e 	bl	a9190 <operator delete(void*)@plt>
   a439c:	f94016c8 	ldr	x8, [x22, #40]
   a43a0:	f85f83a9 	ldur	x9, [x29, #-8]
   a43a4:	eb09011f 	cmp	x8, x9
   a43a8:	540005a1 	b.ne	a445c <android::base::LogMessage::~LogMessage()@@LIBBINDER+0x2a8>  // b.any
   a43ac:	a9454ff4 	ldp	x20, x19, [sp, #80]
   a43b0:	a94457f6 	ldp	x22, x21, [sp, #64]
   a43b4:	a9437bfd 	ldp	x29, x30, [sp, #48]
   a43b8:	910183ff 	add	sp, sp, #0x60
   a43bc:	d65f03c0 	ret
   a43c0:	f00000a8 	adrp	x8, bb000 <construction vtable for std::__1::basic_ostream<char, std::__1::char_traits<char> >-in-std::__1::basic_ostringstream<char, std::__1::char_traits<char>, std::__1::allocator<char> >@@LIBBINDER+0x2af8>
   a43c4:	f00000b5 	adrp	x21, bb000 <construction vtable for std::__1::basic_ostream<char, std::__1::char_traits<char> >-in-std::__1::basic_ostringstream<char, std::__1::char_traits<char>, std::__1::allocator<char> >@@LIBBINDER+0x2af8>
   a43c8:	91384108 	add	x8, x8, #0xe10
   a43cc:	08dffd08 	ldarb	w8, [x8]
   a43d0:	36000208 	tbz	w8, #0, a4410 <android::base::LogMessage::~LogMessage()@@LIBBINDER+0x25c>
   a43d4:	394023e9 	ldrb	w9, [sp, #8]
   a43d8:	f94706a8 	ldr	x8, [x21, #3592]
   a43dc:	f9400fea 	ldr	x10, [sp, #24]
   a43e0:	7200013f 	tst	w9, #0x1
   a43e4:	f9401100 	ldr	x0, [x8, #32]
   a43e8:	9a8a0289 	csel	x9, x20, x10, eq	// eq = none
   a43ec:	f81f03a9 	stur	x9, [x29, #-16]
   a43f0:	b4000340 	cbz	x0, a4458 <android::base::LogMessage::~LogMessage()@@LIBBINDER+0x2a4>
   a43f4:	f9400008 	ldr	x8, [x0]
   a43f8:	d10043a1 	sub	x1, x29, #0x10
   a43fc:	f9401908 	ldr	x8, [x8, #48]
   a4400:	d63f0100 	blr	x8
   a4404:	394023e8 	ldrb	w8, [sp, #8]
   a4408:	3707f8c8 	tbnz	w8, #0, a4320 <android::base::LogMessage::~LogMessage()@@LIBBINDER+0x16c>
   a440c:	17ffffc7 	b	a4328 <android::base::LogMessage::~LogMessage()@@LIBBINDER+0x174>
   a4410:	f00000a0 	adrp	x0, bb000 <construction vtable for std::__1::basic_ostream<char, std::__1::char_traits<char> >-in-std::__1::basic_ostringstream<char, std::__1::char_traits<char>, std::__1::allocator<char> >@@LIBBINDER+0x2af8>
   a4414:	91384000 	add	x0, x0, #0xe10
   a4418:	94001382 	bl	a9220 <__cxa_guard_acquire@plt>
   a441c:	34fffdc0 	cbz	w0, a43d4 <android::base::LogMessage::~LogMessage()@@LIBBINDER+0x220>
   a4420:	52800600 	mov	w0, #0x30                  	// #48
   a4424:	9400134f 	bl	a9160 <operator new(unsigned long)@plt>
   a4428:	900000a8 	adrp	x8, b8000 <VTT for android::BpPermissionController@@LIBBINDER+0x18>
   a442c:	900000a9 	adrp	x9, b8000 <VTT for android::BpPermissionController@@LIBBINDER+0x18>
   a4430:	f9464508 	ldr	x8, [x8, #3208]
   a4434:	f9463d29 	ldr	x9, [x9, #3192]
   a4438:	f9001000 	str	x0, [x0, #32]
   a443c:	f90706a0 	str	x0, [x21, #3592]
   a4440:	91004108 	add	x8, x8, #0x10
   a4444:	a9002408 	stp	x8, x9, [x0]
   a4448:	f00000a0 	adrp	x0, bb000 <construction vtable for std::__1::basic_ostream<char, std::__1::char_traits<char> >-in-std::__1::basic_ostringstream<char, std::__1::char_traits<char>, std::__1::allocator<char> >@@LIBBINDER+0x2af8>
   a444c:	91384000 	add	x0, x0, #0xe10
   a4450:	94001380 	bl	a9250 <__cxa_guard_release@plt>
   a4454:	17ffffe0 	b	a43d4 <android::base::LogMessage::~LogMessage()@@LIBBINDER+0x220>
   a4458:	97fec0e0 	bl	547d8 <std::__1::basic_ostream<char, std::__1::char_traits<char> >& std::__1::__put_character_sequence<char, std::__1::char_traits<char> >(std::__1::basic_ostream<char, std::__1::char_traits<char> >&, char const*, unsigned long)@@LIBBINDER+0x3bc>
   a445c:	940012e5 	bl	a8ff0 <__stack_chk_fail@plt>

00000000000a4460 <android::base::LogMessage::LogLine(char const*, unsigned int, android::base::LogSeverity, char const*, char const*)@@LIBBINDER>:
   a4460:	d10303ff 	sub	sp, sp, #0xc0
   a4464:	a9067bfd 	stp	x29, x30, [sp, #96]
   a4468:	910183fd 	add	x29, sp, #0x60
   a446c:	a9076ffc 	stp	x28, x27, [sp, #112]
   a4470:	a90867fa 	stp	x26, x25, [sp, #128]
   a4474:	a9095ff8 	stp	x24, x23, [sp, #144]
   a4478:	a90a57f6 	stp	x22, x21, [sp, #160]
   a447c:	a90b4ff4 	stp	x20, x19, [sp, #176]
   a4480:	d53bd059 	mrs	x25, tpidr_el0
   a4484:	2a0203f6 	mov	w22, w2
   a4488:	2a0103f4 	mov	w20, w1
   a448c:	f9401728 	ldr	x8, [x25, #40]
   a4490:	aa0003f5 	mov	x21, x0
   a4494:	528003c0 	mov	w0, #0x1e                  	// #30
   a4498:	2a1f03e1 	mov	w1, wzr
   a449c:	2a1f03e2 	mov	w2, wzr
   a44a0:	aa0403f3 	mov	x19, x4
   a44a4:	aa0303f7 	mov	x23, x3
   a44a8:	f81f83a8 	stur	x8, [x29, #-8]
   a44ac:	94001120 	bl	a892c <android::base::GetThreadId()@@LIBBINDER+0xabc>
   a44b0:	340001e0 	cbz	w0, a44ec <android::base::LogMessage::LogLine(char const*, unsigned int, android::base::LogSeverity, char const*, char const*)@@LIBBINDER+0x8c>
   a44b4:	11000ac8 	add	w8, w22, #0x2
   a44b8:	710016df 	cmp	w22, #0x5
   a44bc:	528000ea 	mov	w10, #0x7                   	// #7
   a44c0:	52800609 	mov	w9, #0x30                  	// #48
   a44c4:	12b0000b 	mov	w11, #0x7fffffff            	// #2147483647
   a44c8:	1a8a3108 	csel	w8, w8, w10, cc	// cc = lo, ul, last
   a44cc:	910023e0 	add	x0, sp, #0x8
   a44d0:	a901d7f7 	stp	x23, x21, [sp, #24]
   a44d4:	f90007e9 	str	x9, [sp, #8]
   a44d8:	290223eb 	stp	w11, w8, [sp, #16]
   a44dc:	a902cfff 	stp	xzr, x19, [sp, #40]
   a44e0:	b9002bf4 	str	w20, [sp, #40]
   a44e4:	94001fa3 	bl	ac370 <__android_log_write_log_message@plt>
   a44e8:	14000066 	b	a4680 <android::base::LogMessage::LogLine(char const*, unsigned int, android::base::LogSeverity, char const*, char const*)@@LIBBINDER+0x220>
   a44ec:	b4000317 	cbz	x23, a454c <android::base::LogMessage::LogLine(char const*, unsigned int, android::base::LogSeverity, char const*, char const*)@@LIBBINDER+0xec>
   a44f0:	f00000a8 	adrp	x8, bb000 <construction vtable for std::__1::basic_ostream<char, std::__1::char_traits<char> >-in-std::__1::basic_ostringstream<char, std::__1::char_traits<char>, std::__1::allocator<char> >@@LIBBINDER+0x2af8>
   a44f4:	f00000b8 	adrp	x24, bb000 <construction vtable for std::__1::basic_ostream<char, std::__1::char_traits<char> >-in-std::__1::basic_ostringstream<char, std::__1::char_traits<char>, std::__1::allocator<char> >@@LIBBINDER+0x2af8>
   a44f8:	91380108 	add	x8, x8, #0xe00
   a44fc:	08dffd08 	ldarb	w8, [x8]
   a4500:	36000da8 	tbz	w8, #0, a46b4 <android::base::LogMessage::LogLine(char const*, unsigned int, android::base::LogSeverity, char const*, char const*)@@LIBBINDER+0x254>
   a4504:	f946ff08 	ldr	x8, [x24, #3576]
   a4508:	293e7fb6 	stp	w22, wzr, [x29, #-16]
   a450c:	f90007f7 	str	x23, [sp, #8]
   a4510:	f81e83b5 	stur	x21, [x29, #-24]
   a4514:	f9401100 	ldr	x0, [x8, #32]
   a4518:	b81e43b4 	stur	w20, [x29, #-28]
   a451c:	f81d83b3 	stur	x19, [x29, #-40]
   a4520:	b4000c80 	cbz	x0, a46b0 <android::base::LogMessage::LogLine(char const*, unsigned int, android::base::LogSeverity, char const*, char const*)@@LIBBINDER+0x250>
   a4524:	f9400008 	ldr	x8, [x0]
   a4528:	d10033a1 	sub	x1, x29, #0xc
   a452c:	d10043a2 	sub	x2, x29, #0x10
   a4530:	910023e3 	add	x3, sp, #0x8
   a4534:	d10063a4 	sub	x4, x29, #0x18
   a4538:	d10073a5 	sub	x5, x29, #0x1c
   a453c:	f9401908 	ldr	x8, [x8, #48]
   a4540:	d100a3a6 	sub	x6, x29, #0x28
   a4544:	d63f0100 	blr	x8
   a4548:	1400004e 	b	a4680 <android::base::LogMessage::LogLine(char const*, unsigned int, android::base::LogSeverity, char const*, char const*)@@LIBBINDER+0x220>
   a454c:	f00000a8 	adrp	x8, bb000 <construction vtable for std::__1::basic_ostream<char, std::__1::char_traits<char> >-in-std::__1::basic_ostringstream<char, std::__1::char_traits<char>, std::__1::allocator<char> >@@LIBBINDER+0x2af8>

--- nearest libbinder symbols ---


--- libandroid_runtime around 0x1d9af0 ---

zygote-symbols-post-binder/libandroid_runtime.so.real:     file format elf64-littleaarch64


Disassembly of section .text:

00000000001d9900 <_install_setuidgid_filter(unsigned int, unsigned int)@@Base+0x450>:
  1d9900:	94005ff4 	bl	1f18d0 <__stack_chk_fail@plt>
  1d9904:	d10103ff 	sub	sp, sp, #0x40
  1d9908:	a9017bfd 	stp	x29, x30, [sp, #16]
  1d990c:	910043fd 	add	x29, sp, #0x10
  1d9910:	a90257f6 	stp	x22, x21, [sp, #32]
  1d9914:	a9034ff4 	stp	x20, x19, [sp, #48]
  1d9918:	d53bd055 	mrs	x21, tpidr_el0
  1d991c:	aa2003ea 	mvn	x10, x0
  1d9920:	f94016a8 	ldr	x8, [x21, #40]
  1d9924:	f90007e8 	str	x8, [sp, #8]
  1d9928:	a9402428 	ldp	x8, x9, [x1]
  1d992c:	cb080129 	sub	x9, x9, x8
  1d9930:	8b890d53 	add	x19, x10, x9, asr #3
  1d9934:	f104027f 	cmp	x19, #0x100
  1d9938:	54000142 	b.cs	1d9960 <_install_setuidgid_filter(unsigned int, unsigned int)@@Base+0x4b0>  // b.hs, b.nlast
  1d993c:	5280050a 	mov	w10, #0x28                  	// #40
  1d9940:	8b000d08 	add	x8, x8, x0, lsl #3
  1d9944:	528002a9 	mov	w9, #0x15                  	// #21
  1d9948:	72a8000a 	movk	w10, #0x4000, lsl #16
  1d994c:	39000913 	strb	w19, [x8, #2]
  1d9950:	79000109 	strh	w9, [x8]
  1d9954:	39000d1f 	strb	wzr, [x8, #3]
  1d9958:	b900050a 	str	w10, [x8, #4]
  1d995c:	14000005 	b	1d9970 <_install_setuidgid_filter(unsigned int, unsigned int)@@Base+0x4c0>
  1d9960:	528000c0 	mov	w0, #0x6                   	// #6
  1d9964:	aa1f03e1 	mov	x1, xzr
  1d9968:	94006016 	bl	1f19c0 <android::base::ShouldLog(android::base::LogSeverity, char const*)@plt>
  1d996c:	37000180 	tbnz	w0, #0, 1d999c <_install_setuidgid_filter(unsigned int, unsigned int)@@Base+0x4ec>
  1d9970:	f94016a8 	ldr	x8, [x21, #40]
  1d9974:	f104027f 	cmp	x19, #0x100
  1d9978:	f94007e9 	ldr	x9, [sp, #8]
  1d997c:	1a9f27e0 	cset	w0, cc	// cc = lo, ul, last
  1d9980:	eb09011f 	cmp	x8, x9
  1d9984:	540003a1 	b.ne	1d99f8 <_install_setuidgid_filter(unsigned int, unsigned int)@@Base+0x548>  // b.any
  1d9988:	a9434ff4 	ldp	x20, x19, [sp, #48]
  1d998c:	a94257f6 	ldp	x22, x21, [sp, #32]
  1d9990:	a9417bfd 	ldp	x29, x30, [sp, #16]
  1d9994:	910103ff 	add	sp, sp, #0x40
  1d9998:	d65f03c0 	ret
  1d999c:	9400600d 	bl	1f19d0 <__errno@plt>
  1d99a0:	f0fff561 	adrp	x1, 88000 <android::meminfo::SysMemInfo::kMemTotal@@Base-0xec6>
  1d99a4:	aa0003f4 	mov	x20, x0
  1d99a8:	b9400016 	ldr	w22, [x0]
  1d99ac:	91259421 	add	x1, x1, #0x965
  1d99b0:	910003e0 	mov	x0, sp
  1d99b4:	52800d42 	mov	w2, #0x6a                  	// #106
  1d99b8:	528000c3 	mov	w3, #0x6                   	// #6
  1d99bc:	aa1f03e4 	mov	x4, xzr
  1d99c0:	12800005 	mov	w5, #0xffffffff            	// #-1
  1d99c4:	94006007 	bl	1f19e0 <android::base::LogMessage::LogMessage(char const*, unsigned int, android::base::LogSeverity, char const*, int)@plt>
  1d99c8:	910003e0 	mov	x0, sp
  1d99cc:	94006009 	bl	1f19f0 <android::base::LogMessage::stream()@plt>
  1d99d0:	90fff501 	adrp	x1, 79000 <android::meminfo::SysMemInfo::kMemTotal@@Base-0xfec6>
  1d99d4:	52800622 	mov	w2, #0x31                  	// #49
  1d99d8:	913d0821 	add	x1, x1, #0xf42
  1d99dc:	94006009 	bl	1f1a00 <std::__1::basic_ostream<char, std::__1::char_traits<char> >& std::__1::__put_character_sequence<char, std::__1::char_traits<char> >(std::__1::basic_ostream<char, std::__1::char_traits<char> >&, char const*, unsigned long)@plt>
  1d99e0:	aa1303e1 	mov	x1, x19
  1d99e4:	940075ef 	bl	1f71a0 <std::__1::basic_ostream<char, std::__1::char_traits<char> >::operator<<(unsigned long)@plt>
  1d99e8:	910003e0 	mov	x0, sp
  1d99ec:	94006009 	bl	1f1a10 <android::base::LogMessage::~LogMessage()@plt>
  1d99f0:	b9000296 	str	w22, [x20]
  1d99f4:	17ffffdf 	b	1d9970 <_install_setuidgid_filter(unsigned int, unsigned int)@@Base+0x4c0>
  1d99f8:	94005fb6 	bl	1f18d0 <__stack_chk_fail@plt>
  1d99fc:	d10183ff 	sub	sp, sp, #0x60
  1d9a00:	a9027bfd 	stp	x29, x30, [sp, #32]
  1d9a04:	910083fd 	add	x29, sp, #0x20
  1d9a08:	f9001bf7 	str	x23, [sp, #48]
  1d9a0c:	a90457f6 	stp	x22, x21, [sp, #64]
  1d9a10:	a9054ff4 	stp	x20, x19, [sp, #80]
  1d9a14:	d53bd057 	mrs	x23, tpidr_el0
  1d9a18:	aa0003f3 	mov	x19, x0
  1d9a1c:	f94016e8 	ldr	x8, [x23, #40]
  1d9a20:	910023e2 	add	x2, sp, #0x8
  1d9a24:	52800041 	mov	w1, #0x2                   	// #2
  1d9a28:	f81f83a8 	stur	x8, [x29, #-8]
  1d9a2c:	b9400808 	ldr	w8, [x0, #8]
  1d9a30:	f9400009 	ldr	x9, [x0]
  1d9a34:	528002c0 	mov	w0, #0x16                  	// #22
  1d9a38:	4b090108 	sub	w8, w8, w9
  1d9a3c:	a900a7ff 	stp	xzr, x9, [sp, #8]
  1d9a40:	53037d08 	lsr	w8, w8, #3
  1d9a44:	790013e8 	strh	w8, [sp, #8]
  1d9a48:	94008572 	bl	1fb010 <prctl@plt>
  1d9a4c:	2a0003f4 	mov	w20, w0
  1d9a50:	36f800a0 	tbz	w0, #31, 1d9a64 <_install_setuidgid_filter(unsigned int, unsigned int)@@Base+0x5b4>
  1d9a54:	528000c0 	mov	w0, #0x6                   	// #6
  1d9a58:	aa1f03e1 	mov	x1, xzr
  1d9a5c:	94005fd9 	bl	1f19c0 <android::base::ShouldLog(android::base::LogSeverity, char const*)@plt>
  1d9a60:	370001a0 	tbnz	w0, #0, 1d9a94 <_install_setuidgid_filter(unsigned int, unsigned int)@@Base+0x5e4>
  1d9a64:	f94016e8 	ldr	x8, [x23, #40]
  1d9a68:	f85f83a9 	ldur	x9, [x29, #-8]
  1d9a6c:	eb09011f 	cmp	x8, x9
  1d9a70:	54000441 	b.ne	1d9af8 <_install_setuidgid_filter(unsigned int, unsigned int)@@Base+0x648>  // b.any
  1d9a74:	2a3403e8 	mvn	w8, w20
  1d9a78:	f9401bf7 	ldr	x23, [sp, #48]
  1d9a7c:	a9454ff4 	ldp	x20, x19, [sp, #80]
  1d9a80:	531f7d00 	lsr	w0, w8, #31
  1d9a84:	a94457f6 	ldp	x22, x21, [sp, #64]
  1d9a88:	a9427bfd 	ldp	x29, x30, [sp, #32]
  1d9a8c:	910183ff 	add	sp, sp, #0x60
  1d9a90:	d65f03c0 	ret
  1d9a94:	94005fcf 	bl	1f19d0 <__errno@plt>
  1d9a98:	b9400016 	ldr	w22, [x0]
  1d9a9c:	f0fff561 	adrp	x1, 88000 <android::meminfo::SysMemInfo::kMemTotal@@Base-0xec6>
  1d9aa0:	aa0003f5 	mov	x21, x0
  1d9aa4:	91259421 	add	x1, x1, #0x965
  1d9aa8:	910003e0 	mov	x0, sp
  1d9aac:	52801662 	mov	w2, #0xb3                  	// #179
  1d9ab0:	528000c3 	mov	w3, #0x6                   	// #6
  1d9ab4:	aa1f03e4 	mov	x4, xzr
  1d9ab8:	2a1603e5 	mov	w5, w22
  1d9abc:	94005fc9 	bl	1f19e0 <android::base::LogMessage::LogMessage(char const*, unsigned int, android::base::LogSeverity, char const*, int)@plt>
  1d9ac0:	910003e0 	mov	x0, sp
  1d9ac4:	94005fcb 	bl	1f19f0 <android::base::LogMessage::stream()@plt>
  1d9ac8:	b0fff561 	adrp	x1, 86000 <android::meminfo::SysMemInfo::kMemTotal@@Base-0x2ec6>
  1d9acc:	528004a2 	mov	w2, #0x25                  	// #37
  1d9ad0:	9123cc21 	add	x1, x1, #0x8f3
  1d9ad4:	94005fcb 	bl	1f1a00 <std::__1::basic_ostream<char, std::__1::char_traits<char> >& std::__1::__put_character_sequence<char, std::__1::char_traits<char> >(std::__1::basic_ostream<char, std::__1::char_traits<char> >&, char const*, unsigned long)@plt>
  1d9ad8:	a9402269 	ldp	x9, x8, [x19]
  1d9adc:	cb090108 	sub	x8, x8, x9
  1d9ae0:	9343fd01 	asr	x1, x8, #3
  1d9ae4:	940075af 	bl	1f71a0 <std::__1::basic_ostream<char, std::__1::char_traits<char> >::operator<<(unsigned long)@plt>
  1d9ae8:	910003e0 	mov	x0, sp
  1d9aec:	94005fc9 	bl	1f1a10 <android::base::LogMessage::~LogMessage()@plt>
  1d9af0:	b90002b6 	str	w22, [x21]
  1d9af4:	17ffffdc 	b	1d9a64 <_install_setuidgid_filter(unsigned int, unsigned int)@@Base+0x5b4>
  1d9af8:	94005f76 	bl	1f18d0 <__stack_chk_fail@plt>

00000000001d9afc <_set_seccomp_filter(FilterType)@@Base>:
  1d9afc:	d101c3ff 	sub	sp, sp, #0x70
  1d9b00:	a9037bfd 	stp	x29, x30, [sp, #48]
  1d9b04:	9100c3fd 	add	x29, sp, #0x30
  1d9b08:	a9045ff8 	stp	x24, x23, [sp, #64]
  1d9b0c:	a90557f6 	stp	x22, x21, [sp, #80]
  1d9b10:	a9064ff4 	stp	x20, x19, [sp, #96]
  1d9b14:	d53bd056 	mrs	x22, tpidr_el0
  1d9b18:	f94016c8 	ldr	x8, [x22, #40]
  1d9b1c:	7100081f 	cmp	w0, #0x2
  1d9b20:	f81f83a8 	stur	x8, [x29, #-8]
  1d9b24:	a900ffff 	stp	xzr, xzr, [sp, #8]
  1d9b28:	f9000fff 	str	xzr, [sp, #24]
  1d9b2c:	540002c0 	b.eq	1d9b84 <_set_seccomp_filter(FilterType)@@Base+0x88>  // b.none
  1d9b30:	7100041f 	cmp	w0, #0x1
  1d9b34:	54000160 	b.eq	1d9b60 <_set_seccomp_filter(FilterType)@@Base+0x64>  // b.none
  1d9b38:	35000380 	cbnz	w0, 1d9ba8 <_set_seccomp_filter(FilterType)@@Base+0xac>
  1d9b3c:	f0000208 	adrp	x8, 21c000 <gVibratorClass@@Base+0x2e8>
  1d9b40:	f0000209 	adrp	x9, 21c000 <gVibratorClass@@Base+0x2e8>
  1d9b44:	d00001d3 	adrp	x19, 213000 <vtable for android::gui::WindowInfo@@Base+0x4a8>
  1d9b48:	d00001d4 	adrp	x20, 213000 <vtable for android::gui::WindowInfo@@Base+0x4a8>
  1d9b4c:	f9451673 	ldr	x19, [x19, #2600]
  1d9b50:	f9457918 	ldr	x24, [x8, #2800]
  1d9b54:	f9457d37 	ldr	x23, [x9, #2808]
  1d9b58:	f9451a94 	ldr	x20, [x20, #2608]
  1d9b5c:	14000017 	b	1d9bb8 <_set_seccomp_filter(FilterType)@@Base+0xbc>
  1d9b60:	f0000208 	adrp	x8, 21c000 <gVibratorClass@@Base+0x2e8>
  1d9b64:	f0000209 	adrp	x9, 21c000 <gVibratorClass@@Base+0x2e8>
  1d9b68:	d00001d3 	adrp	x19, 213000 <vtable for android::gui::WindowInfo@@Base+0x4a8>
  1d9b6c:	d00001d4 	adrp	x20, 213000 <vtable for android::gui::WindowInfo@@Base+0x4a8>
  1d9b70:	f9451e73 	ldr	x19, [x19, #2616]
  1d9b74:	f9458118 	ldr	x24, [x8, #2816]
  1d9b78:	f9458537 	ldr	x23, [x9, #2824]
  1d9b7c:	f9452294 	ldr	x20, [x20, #2624]
  1d9b80:	1400000e 	b	1d9bb8 <_set_seccomp_filter(FilterType)@@Base+0xbc>
  1d9b84:	f0000208 	adrp	x8, 21c000 <gVibratorClass@@Base+0x2e8>
  1d9b88:	f0000209 	adrp	x9, 21c000 <gVibratorClass@@Base+0x2e8>
  1d9b8c:	d00001d3 	adrp	x19, 213000 <vtable for android::gui::WindowInfo@@Base+0x4a8>
  1d9b90:	d00001d4 	adrp	x20, 213000 <vtable for android::gui::WindowInfo@@Base+0x4a8>
  1d9b94:	f9452673 	ldr	x19, [x19, #2632]
  1d9b98:	f9458918 	ldr	x24, [x8, #2832]
  1d9b9c:	f9458d37 	ldr	x23, [x9, #2840]
  1d9ba0:	f9452a94 	ldr	x20, [x20, #2640]
  1d9ba4:	14000005 	b	1d9bb8 <_set_seccomp_filter(FilterType)@@Base+0xbc>
  1d9ba8:	aa1f03f4 	mov	x20, xzr
  1d9bac:	aa1f03f3 	mov	x19, xzr
  1d9bb0:	aa1f03f8 	mov	x24, xzr
  1d9bb4:	aa1f03f7 	mov	x23, xzr
  1d9bb8:	910023e0 	add	x0, sp, #0x8
  1d9bbc:	97fffe70 	bl	1d957c <_install_setuidgid_filter(unsigned int, unsigned int)@@Base+0xcc>
  1d9bc0:	a94127e8 	ldp	x8, x9, [sp, #16]
  1d9bc4:	5280040a 	mov	w10, #0x20                  	// #32
  1d9bc8:	aa0003f5 	mov	x21, x0
  1d9bcc:	f81f03aa 	stur	x10, [x29, #-16]
  1d9bd0:	eb09011f 	cmp	x8, x9
  1d9bd4:	54000102 	b.cs	1d9bf4 <_set_seccomp_filter(FilterType)@@Base+0xf8>  // b.hs, b.nlast
  1d9bd8:	f85f03a9 	ldur	x9, [x29, #-16]
  1d9bdc:	f9000109 	str	x9, [x8]
  1d9be0:	f9400be8 	ldr	x8, [sp, #16]
  1d9be4:	91002108 	add	x8, x8, #0x8
  1d9be8:	f9000be8 	str	x8, [sp, #16]
  1d9bec:	b5000318 	cbnz	x24, 1d9c4c <_set_seccomp_filter(FilterType)@@Base+0x150>
  1d9bf0:	14000005 	b	1d9c04 <_set_seccomp_filter(FilterType)@@Base+0x108>
  1d9bf4:	910023e0 	add	x0, sp, #0x8
  1d9bf8:	d10043a1 	sub	x1, x29, #0x10
  1d9bfc:	9400862d 	bl	1fb4b0 <void std::__1::vector<sock_filter, std::__1::allocator<sock_filter> >::__push_back_slow_path<sock_filter>(sock_filter&&)@plt>
  1d9c00:	b5000278 	cbnz	x24, 1d9c4c <_set_seccomp_filter(FilterType)@@Base+0x150>
  1d9c04:	a94127e8 	ldp	x8, x9, [sp, #16]
  1d9c08:	d28000ca 	mov	x10, #0x6                   	// #6
  1d9c0c:	f2e0006a 	movk	x10, #0x3, lsl #48
  1d9c10:	eb09011f 	cmp	x8, x9
  1d9c14:	f81f03aa 	stur	x10, [x29, #-16]
  1d9c18:	540002c2 	b.cs	1d9c70 <_set_seccomp_filter(FilterType)@@Base+0x174>  // b.hs, b.nlast
  1d9c1c:	f85f03a9 	ldur	x9, [x29, #-16]
  1d9c20:	f9000109 	str	x9, [x8]
  1d9c24:	f9400be8 	ldr	x8, [sp, #16]
  1d9c28:	91002108 	add	x8, x8, #0x8
  1d9c2c:	f9000be8 	str	x8, [sp, #16]
  1d9c30:	14000013 	b	1d9c7c <_set_seccomp_filter(FilterType)@@Base+0x180>
  1d9c34:	910023e0 	add	x0, sp, #0x8
  1d9c38:	aa1403e1 	mov	x1, x20
  1d9c3c:	94008625 	bl	1fb4d0 <void std::__1::vector<sock_filter, std::__1::allocator<sock_filter> >::__push_back_slow_path<sock_filter const&>(sock_filter const&)@plt>
  1d9c40:	f1000718 	subs	x24, x24, #0x1
  1d9c44:	91002294 	add	x20, x20, #0x8
  1d9c48:	54fffde0 	b.eq	1d9c04 <_set_seccomp_filter(FilterType)@@Base+0x108>  // b.none
  1d9c4c:	a94127e8 	ldp	x8, x9, [sp, #16]
  1d9c50:	eb09011f 	cmp	x8, x9
  1d9c54:	54ffff00 	b.eq	1d9c34 <_set_seccomp_filter(FilterType)@@Base+0x138>  // b.none
  1d9c58:	f9400289 	ldr	x9, [x20]
  1d9c5c:	f9000109 	str	x9, [x8]
  1d9c60:	f9400be8 	ldr	x8, [sp, #16]
  1d9c64:	91002108 	add	x8, x8, #0x8
  1d9c68:	f9000be8 	str	x8, [sp, #16]
  1d9c6c:	17fffff5 	b	1d9c40 <_set_seccomp_filter(FilterType)@@Base+0x144>
  1d9c70:	910023e0 	add	x0, sp, #0x8
  1d9c74:	d10043a1 	sub	x1, x29, #0x10
  1d9c78:	9400860e 	bl	1fb4b0 <void std::__1::vector<sock_filter, std::__1::allocator<sock_filter> >::__push_back_slow_path<sock_filter>(sock_filter&&)@plt>
  1d9c7c:	910023e1 	add	x1, sp, #0x8
  1d9c80:	aa1503e0 	mov	x0, x21
  1d9c84:	97ffff20 	bl	1d9904 <_install_setuidgid_filter(unsigned int, unsigned int)@@Base+0x454>
  1d9c88:	360001a0 	tbz	w0, #0, 1d9cbc <_set_seccomp_filter(FilterType)@@Base+0x1c0>
  1d9c8c:	a94127e8 	ldp	x8, x9, [sp, #16]
  1d9c90:	5280040a 	mov	w10, #0x20                  	// #32
  1d9c94:	f81f03aa 	stur	x10, [x29, #-16]
  1d9c98:	eb09011f 	cmp	x8, x9
  1d9c9c:	54000182 	b.cs	1d9ccc <_set_seccomp_filter(FilterType)@@Base+0x1d0>  // b.hs, b.nlast
  1d9ca0:	f85f03a9 	ldur	x9, [x29, #-16]
  1d9ca4:	f9000109 	str	x9, [x8]
  1d9ca8:	f9400be8 	ldr	x8, [sp, #16]
  1d9cac:	91002108 	add	x8, x8, #0x8
  1d9cb0:	f9000be8 	str	x8, [sp, #16]
  1d9cb4:	b5000397 	cbnz	x23, 1d9d24 <_set_seccomp_filter(FilterType)@@Base+0x228>
  1d9cb8:	14000009 	b	1d9cdc <_set_seccomp_filter(FilterType)@@Base+0x1e0>
  1d9cbc:	2a1f03f3 	mov	w19, wzr
  1d9cc0:	f94007e0 	ldr	x0, [sp, #8]
  1d9cc4:	b5000520 	cbnz	x0, 1d9d68 <_set_seccomp_filter(FilterType)@@Base+0x26c>
  1d9cc8:	1400002a 	b	1d9d70 <_set_seccomp_filter(FilterType)@@Base+0x274>
  1d9ccc:	910023e0 	add	x0, sp, #0x8
  1d9cd0:	d10043a1 	sub	x1, x29, #0x10
  1d9cd4:	940085f7 	bl	1fb4b0 <void std::__1::vector<sock_filter, std::__1::allocator<sock_filter> >::__push_back_slow_path<sock_filter>(sock_filter&&)@plt>
  1d9cd8:	b5000277 	cbnz	x23, 1d9d24 <_set_seccomp_filter(FilterType)@@Base+0x228>
  1d9cdc:	a94127e8 	ldp	x8, x9, [sp, #16]
  1d9ce0:	d28000ca 	mov	x10, #0x6                   	// #6
  1d9ce4:	f2e0006a 	movk	x10, #0x3, lsl #48
  1d9ce8:	eb09011f 	cmp	x8, x9
  1d9cec:	f81f03aa 	stur	x10, [x29, #-16]
  1d9cf0:	540002c2 	b.cs	1d9d48 <_set_seccomp_filter(FilterType)@@Base+0x24c>  // b.hs, b.nlast
  1d9cf4:	f85f03a9 	ldur	x9, [x29, #-16]
  1d9cf8:	f9000109 	str	x9, [x8]
  1d9cfc:	f9400be8 	ldr	x8, [sp, #16]
  1d9d00:	91002108 	add	x8, x8, #0x8
  1d9d04:	f9000be8 	str	x8, [sp, #16]
  1d9d08:	14000013 	b	1d9d54 <_set_seccomp_filter(FilterType)@@Base+0x258>
  1d9d0c:	910023e0 	add	x0, sp, #0x8
  1d9d10:	aa1303e1 	mov	x1, x19
  1d9d14:	940085ef 	bl	1fb4d0 <void std::__1::vector<sock_filter, std::__1::allocator<sock_filter> >::__push_back_slow_path<sock_filter const&>(sock_filter const&)@plt>
  1d9d18:	f10006f7 	subs	x23, x23, #0x1
  1d9d1c:	91002273 	add	x19, x19, #0x8
  1d9d20:	54fffde0 	b.eq	1d9cdc <_set_seccomp_filter(FilterType)@@Base+0x1e0>  // b.none
  1d9d24:	a94127e8 	ldp	x8, x9, [sp, #16]
  1d9d28:	eb09011f 	cmp	x8, x9
  1d9d2c:	54ffff00 	b.eq	1d9d0c <_set_seccomp_filter(FilterType)@@Base+0x210>  // b.none
  1d9d30:	f9400269 	ldr	x9, [x19]
  1d9d34:	f9000109 	str	x9, [x8]
  1d9d38:	f9400be8 	ldr	x8, [sp, #16]
  1d9d3c:	91002108 	add	x8, x8, #0x8
  1d9d40:	f9000be8 	str	x8, [sp, #16]
  1d9d44:	17fffff5 	b	1d9d18 <_set_seccomp_filter(FilterType)@@Base+0x21c>
  1d9d48:	910023e0 	add	x0, sp, #0x8
  1d9d4c:	d10043a1 	sub	x1, x29, #0x10
  1d9d50:	940085d8 	bl	1fb4b0 <void std::__1::vector<sock_filter, std::__1::allocator<sock_filter> >::__push_back_slow_path<sock_filter>(sock_filter&&)@plt>
  1d9d54:	910023e0 	add	x0, sp, #0x8
  1d9d58:	97ffff29 	bl	1d99fc <_install_setuidgid_filter(unsigned int, unsigned int)@@Base+0x54c>
  1d9d5c:	2a0003f3 	mov	w19, w0
  1d9d60:	f94007e0 	ldr	x0, [sp, #8]
  1d9d64:	b4000060 	cbz	x0, 1d9d70 <_set_seccomp_filter(FilterType)@@Base+0x274>
  1d9d68:	f9000be0 	str	x0, [sp, #16]
  1d9d6c:	94005f49 	bl	1f1a90 <operator delete(void*)@plt>
  1d9d70:	f94016c8 	ldr	x8, [x22, #40]
  1d9d74:	f85f83a9 	ldur	x9, [x29, #-8]
  1d9d78:	eb09011f 	cmp	x8, x9
  1d9d7c:	54000101 	b.ne	1d9d9c <_set_seccomp_filter(FilterType)@@Base+0x2a0>  // b.any
  1d9d80:	12000260 	and	w0, w19, #0x1
  1d9d84:	a9464ff4 	ldp	x20, x19, [sp, #96]
  1d9d88:	a94557f6 	ldp	x22, x21, [sp, #80]
  1d9d8c:	a9445ff8 	ldp	x24, x23, [sp, #64]
  1d9d90:	a9437bfd 	ldp	x29, x30, [sp, #48]
  1d9d94:	9101c3ff 	add	sp, sp, #0x70
  1d9d98:	d65f03c0 	ret
  1d9d9c:	94005ecd 	bl	1f18d0 <__stack_chk_fail@plt>

00000000001d9da0 <set_app_seccomp_filter()@@Base>:
  1d9da0:	2a1f03e0 	mov	w0, wzr
  1d9da4:	140085c7 	b	1fb4c0 <_set_seccomp_filter(FilterType)@plt>

00000000001d9da8 <set_app_zygote_seccomp_filter()@@Base>:
  1d9da8:	52800020 	mov	w0, #0x1                   	// #1
  1d9dac:	140085c5 	b	1fb4c0 <_set_seccomp_filter(FilterType)@plt>

00000000001d9db0 <set_system_seccomp_filter()@@Base>:
  1d9db0:	52800040 	mov	w0, #0x2                   	// #2
  1d9db4:	140085c3 	b	1fb4c0 <_set_seccomp_filter(FilterType)@plt>

00000000001d9db8 <install_setuidgid_seccomp_filter(unsigned int, unsigned int)@@Base>:
  1d9db8:	140085ba 	b	1fb4a0 <_install_setuidgid_filter(unsigned int, unsigned int)@plt>

00000000001d9dbc <void std::__1::vector<sock_filter, std::__1::allocator<sock_filter> >::__push_back_slow_path<sock_filter>(sock_filter&&)@@Base>:
  1d9dbc:	a9bb7bfd 	stp	x29, x30, [sp, #-80]!
  1d9dc0:	f9000bf9 	str	x25, [sp, #16]
  1d9dc4:	910003fd 	mov	x29, sp
  1d9dc8:	a9025ff8 	stp	x24, x23, [sp, #32]
  1d9dcc:	a90357f6 	stp	x22, x21, [sp, #48]
  1d9dd0:	a9044ff4 	stp	x20, x19, [sp, #64]
  1d9dd4:	a9402014 	ldp	x20, x8, [x0]
  1d9dd8:	aa0003f3 	mov	x19, x0
  1d9ddc:	cb140115 	sub	x21, x8, x20
  1d9de0:	9343feb8 	asr	x24, x21, #3
  1d9de4:	91000708 	add	x8, x24, #0x1
  1d9de8:	d37dfd09 	lsr	x9, x8, #61
  1d9dec:	b50005a9 	cbnz	x9, 1d9ea0 <void std::__1::vector<sock_filter, std::__1::allocator<sock_filter> >::__push_back_slow_path<sock_filter>(sock_filter&&)@@Base+0xe4>
  1d9df0:	f9400a69 	ldr	x9, [x19, #16]
  1d9df4:	b27defeb 	mov	x11, #0x7ffffffffffffff8    	// #9223372036854775800
  1d9df8:	aa0103f6 	mov	x22, x1
  1d9dfc:	cb140129 	sub	x9, x9, x20
  1d9e00:	9342fd2a 	asr	x10, x9, #2
  1d9e04:	eb08015f 	cmp	x10, x8
  1d9e08:	9a8a3108 	csel	x8, x8, x10, cc	// cc = lo, ul, last
  1d9e0c:	eb0b013f 	cmp	x9, x11
  1d9e10:	92fc0009 	mov	x9, #0x1fffffffffffffff    	// #2305843009213693951
  1d9e14:	9a893119 	csel	x25, x8, x9, cc	// cc = lo, ul, last
  1d9e18:	b40000f9 	cbz	x25, 1d9e34 <void std::__1::vector<sock_filter, std::__1::allocator<sock_filter> >::__push_back_slow_path<sock_filter>(sock_filter&&)@@Base+0x78>
  1d9e1c:	d37dff28 	lsr	x8, x25, #61
  1d9e20:	b5000448 	cbnz	x8, 1d9ea8 <void std::__1::vector<sock_filter, std::__1::allocator<sock_filter> >::__push_back_slow_path<sock_filter>(sock_filter&&)@@Base+0xec>
  1d9e24:	d37df320 	lsl	x0, x25, #3
  1d9e28:	94005f16 	bl	1f1a80 <operator new(unsigned long)@plt>
  1d9e2c:	aa0003f7 	mov	x23, x0
  1d9e30:	14000002 	b	1d9e38 <void std::__1::vector<sock_filter, std::__1::allocator<sock_filter> >::__push_back_slow_path<sock_filter>(sock_filter&&)@@Base+0x7c>
  1d9e34:	aa1f03f7 	mov	x23, xzr
  1d9e38:	8b180ef8 	add	x24, x23, x24, lsl #3
  1d9e3c:	f94002c8 	ldr	x8, [x22]
  1d9e40:	8b190ef6 	add	x22, x23, x25, lsl #3
  1d9e44:	f10006bf 	cmp	x21, #0x1
  1d9e48:	f8008708 	str	x8, [x24], #8
  1d9e4c:	540000ab 	b.lt	1d9e60 <void std::__1::vector<sock_filter, std::__1::allocator<sock_filter> >::__push_back_slow_path<sock_filter>(sock_filter&&)@@Base+0xa4>  // b.tstop
  1d9e50:	aa1703e0 	mov	x0, x23
  1d9e54:	aa1403e1 	mov	x1, x20
  1d9e58:	aa1503e2 	mov	x2, x21
  1d9e5c:	94005ea9 	bl	1f1900 <memcpy@plt>
  1d9e60:	a9006277 	stp	x23, x24, [x19]
  1d9e64:	f9000a76 	str	x22, [x19, #16]
  1d9e68:	b4000114 	cbz	x20, 1d9e88 <void std::__1::vector<sock_filter, std::__1::allocator<sock_filter> >::__push_back_slow_path<sock_filter>(sock_filter&&)@@Base+0xcc>
  1d9e6c:	aa1403e0 	mov	x0, x20
  1d9e70:	f9400bf9 	ldr	x25, [sp, #16]
  1d9e74:	a9444ff4 	ldp	x20, x19, [sp, #64]
  1d9e78:	a94357f6 	ldp	x22, x21, [sp, #48]
  1d9e7c:	a9425ff8 	ldp	x24, x23, [sp, #32]

--- libandroid_runtime around 0x1ccc88 ---

zygote-symbols-post-binder/libandroid_runtime.so.real:     file format elf64-littleaarch64


Disassembly of section .text:

00000000001ccb80 <std::__1::enable_if<__is_forward_iterator<std::__1::__wrap_iter<int*> >::value&&is_constructible<int, std::__1::iterator_traits<std::__1::__wrap_iter<int*> >::reference>::value, std::__1::__wrap_iter<int*> >::type std::__1::vector<int, std::__1::allocator<int> >::insert<std::__1::__wrap_iter<int*> >(std::__1::__wrap_iter<int const*>, std::__1::__wrap_iter<int*>, std::__1::__wrap_iter<int*>)@@Base+0x1978>:
  1ccb80:	34000aa8 	cbz	w8, 1cccd4 <std::__1::enable_if<__is_forward_iterator<std::__1::__wrap_iter<int*> >::value&&is_constructible<int, std::__1::iterator_traits<std::__1::__wrap_iter<int*> >::reference>::value, std::__1::__wrap_iter<int*> >::type std::__1::vector<int, std::__1::allocator<int> >::insert<std::__1::__wrap_iter<int*> >(std::__1::__wrap_iter<int const*>, std::__1::__wrap_iter<int*>, std::__1::__wrap_iter<int*>)@@Base+0x1acc>
  1ccb84:	394503e8 	ldrb	w8, [sp, #320]
  1ccb88:	910503ea 	add	x10, sp, #0x140
  1ccb8c:	f940abe9 	ldr	x9, [sp, #336]
  1ccb90:	b240014a 	orr	x10, x10, #0x1
  1ccb94:	7200011f 	tst	w8, #0x1
  1ccb98:	9a890141 	csel	x1, x10, x9, eq	// eq = none
  1ccb9c:	9400b951 	bl	1fb0e0 <PreInitializeNativeBridge@plt>
  1ccba0:	b9405fe8 	ldr	w8, [sp, #92]
  1ccba4:	36000408 	tbz	w8, #0, 1ccc24 <std::__1::enable_if<__is_forward_iterator<std::__1::__wrap_iter<int*> >::value&&is_constructible<int, std::__1::iterator_traits<std::__1::__wrap_iter<int*> >::reference>::value, std::__1::__wrap_iter<int*> >::type std::__1::vector<int, std::__1::allocator<int> >::insert<std::__1::__wrap_iter<int*> >(std::__1::__wrap_iter<int const*>, std::__1::__wrap_iter<int*>, std::__1::__wrap_iter<int*>)@@Base+0x1a1c>
  1ccba8:	90000294 	adrp	x20, 21c000 <gVibratorClass@@Base+0x2e8>
  1ccbac:	90000288 	adrp	x8, 21c000 <gVibratorClass@@Base+0x2e8>
  1ccbb0:	aa1303e0 	mov	x0, x19
  1ccbb4:	f9443e81 	ldr	x1, [x20, #2168]
  1ccbb8:	f9444102 	ldr	x2, [x8, #2176]
  1ccbbc:	97fd7e22 	bl	12c444 <android::android_view_KeyEvent_fromNative(_JNIEnv*, android::KeyEvent const*)@@Base+0x1b4>
  1ccbc0:	f9400268 	ldr	x8, [x19]
  1ccbc4:	aa1303e0 	mov	x0, x19
  1ccbc8:	f9439108 	ldr	x8, [x8, #1824]
  1ccbcc:	d63f0100 	blr	x8
  1ccbd0:	72001c1f 	tst	w0, #0xff
  1ccbd4:	540000a0 	b.eq	1ccbe8 <std::__1::enable_if<__is_forward_iterator<std::__1::__wrap_iter<int*> >::value&&is_constructible<int, std::__1::iterator_traits<std::__1::__wrap_iter<int*> >::reference>::value, std::__1::__wrap_iter<int*> >::type std::__1::vector<int, std::__1::allocator<int> >::insert<std::__1::__wrap_iter<int*> >(std::__1::__wrap_iter<int const*>, std::__1::__wrap_iter<int*>, std::__1::__wrap_iter<int*>)@@Base+0x19e0>  // b.none
  1ccbd8:	f9400268 	ldr	x8, [x19]
  1ccbdc:	aa1303e0 	mov	x0, x19
  1ccbe0:	f9404508 	ldr	x8, [x8, #136]
  1ccbe4:	d63f0100 	blr	x8
  1ccbe8:	90000288 	adrp	x8, 21c000 <gVibratorClass@@Base+0x2e8>
  1ccbec:	f9443e81 	ldr	x1, [x20, #2168]
  1ccbf0:	aa1303e0 	mov	x0, x19
  1ccbf4:	f9444502 	ldr	x2, [x8, #2184]
  1ccbf8:	97fbbf98 	bl	bca58 <android::register_android_os_SystemProperties(_JNIEnv*)@@Base+0x135c>
  1ccbfc:	f9400268 	ldr	x8, [x19]
  1ccc00:	aa1303e0 	mov	x0, x19
  1ccc04:	f9439108 	ldr	x8, [x8, #1824]
  1ccc08:	d63f0100 	blr	x8
  1ccc0c:	72001c1f 	tst	w0, #0xff
  1ccc10:	540000a0 	b.eq	1ccc24 <std::__1::enable_if<__is_forward_iterator<std::__1::__wrap_iter<int*> >::value&&is_constructible<int, std::__1::iterator_traits<std::__1::__wrap_iter<int*> >::reference>::value, std::__1::__wrap_iter<int*> >::type std::__1::vector<int, std::__1::allocator<int> >::insert<std::__1::__wrap_iter<int*> >(std::__1::__wrap_iter<int const*>, std::__1::__wrap_iter<int*>, std::__1::__wrap_iter<int*>)@@Base+0x1a1c>  // b.none
  1ccc14:	f9400268 	ldr	x8, [x19]
  1ccc18:	aa1303e0 	mov	x0, x19
  1ccc1c:	f9404508 	ldr	x8, [x8, #136]
  1ccc20:	d63f0100 	blr	x8
  1ccc24:	2a1503e0 	mov	w0, w21
  1ccc28:	2a1503e1 	mov	w1, w21
  1ccc2c:	2a1503e2 	mov	w2, w21
  1ccc30:	9400b930 	bl	1fb0f0 <setresgid@plt>
  1ccc34:	3100041f 	cmn	w0, #0x1
  1ccc38:	540057a0 	b.eq	1cd72c <std::__1::enable_if<__is_forward_iterator<std::__1::__wrap_iter<int*> >::value&&is_constructible<int, std::__1::iterator_traits<std::__1::__wrap_iter<int*> >::reference>::value, std::__1::__wrap_iter<int*> >::type std::__1::vector<int, std::__1::allocator<int> >::insert<std::__1::__wrap_iter<int*> >(std::__1::__wrap_iter<int const*>, std::__1::__wrap_iter<int*>, std::__1::__wrap_iter<int*>)@@Base+0x2524>  // b.none
  1ccc3c:	d0000268 	adrp	x8, 21a000 <vtable for android::gui::WindowInfo@@Base+0x74a8>
  1ccc40:	394263b4 	ldrb	w20, [x29, #152]
  1ccc44:	53047f18 	lsr	w24, w24, #4
  1ccc48:	396f8108 	ldrb	w8, [x8, #3040]
  1ccc4c:	340000e8 	cbz	w8, 1ccc68 <std::__1::enable_if<__is_forward_iterator<std::__1::__wrap_iter<int*> >::value&&is_constructible<int, std::__1::iterator_traits<std::__1::__wrap_iter<int*> >::reference>::value, std::__1::__wrap_iter<int*> >::type std::__1::vector<int, std::__1::allocator<int> >::insert<std::__1::__wrap_iter<int*> >(std::__1::__wrap_iter<int const*>, std::__1::__wrap_iter<int*>, std::__1::__wrap_iter<int*>)@@Base+0x1a60>
  1ccc50:	7109c71f 	cmp	w24, #0x271
  1ccc54:	54000183 	b.cc	1ccc84 <std::__1::enable_if<__is_forward_iterator<std::__1::__wrap_iter<int*> >::value&&is_constructible<int, std::__1::iterator_traits<std::__1::__wrap_iter<int*> >::reference>::value, std::__1::__wrap_iter<int*> >::type std::__1::vector<int, std::__1::allocator<int> >::insert<std::__1::__wrap_iter<int*> >(std::__1::__wrap_iter<int const*>, std::__1::__wrap_iter<int*>, std::__1::__wrap_iter<int*>)@@Base+0x1a7c>  // b.lo, b.ul, b.last
  1ccc58:	b9406be8 	ldr	w8, [sp, #104]
  1ccc5c:	360003e8 	tbz	w8, #0, 1cccd8 <std::__1::enable_if<__is_forward_iterator<std::__1::__wrap_iter<int*> >::value&&is_constructible<int, std::__1::iterator_traits<std::__1::__wrap_iter<int*> >::reference>::value, std::__1::__wrap_iter<int*> >::type std::__1::vector<int, std::__1::allocator<int> >::insert<std::__1::__wrap_iter<int*> >(std::__1::__wrap_iter<int const*>, std::__1::__wrap_iter<int*>, std::__1::__wrap_iter<int*>)@@Base+0x1ad0>
  1ccc60:	9400b928 	bl	1fb100 <set_app_zygote_seccomp_filter()@plt>
  1ccc64:	1400001e 	b	1cccdc <std::__1::enable_if<__is_forward_iterator<std::__1::__wrap_iter<int*> >::value&&is_constructible<int, std::__1::iterator_traits<std::__1::__wrap_iter<int*> >::reference>::value, std::__1::__wrap_iter<int*> >::type std::__1::vector<int, std::__1::allocator<int> >::insert<std::__1::__wrap_iter<int*> >(std::__1::__wrap_iter<int const*>, std::__1::__wrap_iter<int*>, std::__1::__wrap_iter<int*>)@@Base+0x1ad4>
  1ccc68:	b0fff5c1 	adrp	x1, 85000 <android::meminfo::SysMemInfo::kMemTotal@@Base-0x3ec6>
  1ccc6c:	f0fff542 	adrp	x2, 77000 <android::meminfo::SysMemInfo::kMemTotal@@Base-0x11ec6>
  1ccc70:	911acc21 	add	x1, x1, #0x6b3
  1ccc74:	912c0442 	add	x2, x2, #0xb01
  1ccc78:	52800080 	mov	w0, #0x4                   	// #4
  1ccc7c:	94009349 	bl	1f19a0 <__android_log_print@plt>
  1ccc80:	14000017 	b	1cccdc <std::__1::enable_if<__is_forward_iterator<std::__1::__wrap_iter<int*> >::value&&is_constructible<int, std::__1::iterator_traits<std::__1::__wrap_iter<int*> >::reference>::value, std::__1::__wrap_iter<int*> >::type std::__1::vector<int, std::__1::allocator<int> >::insert<std::__1::__wrap_iter<int*> >(std::__1::__wrap_iter<int const*>, std::__1::__wrap_iter<int*>, std::__1::__wrap_iter<int*>)@@Base+0x1ad4>
  1ccc84:	9400b923 	bl	1fb110 <set_system_seccomp_filter()@plt>
  1ccc88:	14000015 	b	1cccdc <std::__1::enable_if<__is_forward_iterator<std::__1::__wrap_iter<int*> >::value&&is_constructible<int, std::__1::iterator_traits<std::__1::__wrap_iter<int*> >::reference>::value, std::__1::__wrap_iter<int*> >::type std::__1::vector<int, std::__1::allocator<int> >::insert<std::__1::__wrap_iter<int*> >(std::__1::__wrap_iter<int const*>, std::__1::__wrap_iter<int*>, std::__1::__wrap_iter<int*>)@@Base+0x1ad4>
  1ccc8c:	9400a029 	bl	1f4d30 <getpid@plt>
  1ccc90:	2a0003e1 	mov	w1, w0
  1ccc94:	2a1803e0 	mov	w0, w24
  1ccc98:	2a1f03e2 	mov	w2, wzr
  1ccc9c:	9400ae39 	bl	1f8580 <createProcessGroup@plt>
  1ccca0:	34ffc8a0 	cbz	w0, 1cc5b4 <std::__1::enable_if<__is_forward_iterator<std::__1::__wrap_iter<int*> >::value&&is_constructible<int, std::__1::iterator_traits<std::__1::__wrap_iter<int*> >::reference>::value, std::__1::__wrap_iter<int*> >::type std::__1::vector<int, std::__1::allocator<int> >::insert<std::__1::__wrap_iter<int*> >(std::__1::__wrap_iter<int const*>, std::__1::__wrap_iter<int*>, std::__1::__wrap_iter<int*>)@@Base+0x13ac>
  1ccca4:	3100781f 	cmn	w0, #0x1e
  1ccca8:	54004f61 	b.ne	1cd694 <std::__1::enable_if<__is_forward_iterator<std::__1::__wrap_iter<int*> >::value&&is_constructible<int, std::__1::iterator_traits<std::__1::__wrap_iter<int*> >::reference>::value, std::__1::__wrap_iter<int*> >::type std::__1::vector<int, std::__1::allocator<int> >::insert<std::__1::__wrap_iter<int*> >(std::__1::__wrap_iter<int const*>, std::__1::__wrap_iter<int*>, std::__1::__wrap_iter<int*>)@@Base+0x248c>  // b.any
  1cccac:	b0fff5c1 	adrp	x1, 85000 <android::meminfo::SysMemInfo::kMemTotal@@Base-0x3ec6>
  1cccb0:	90fff5a2 	adrp	x2, 80000 <android::meminfo::SysMemInfo::kMemTotal@@Base-0x8ec6>
  1cccb4:	911acc21 	add	x1, x1, #0x6b3
  1cccb8:	91269042 	add	x2, x2, #0x9a4
  1cccbc:	528000a0 	mov	w0, #0x5                   	// #5
  1cccc0:	94009338 	bl	1f19a0 <__android_log_print@plt>
  1cccc4:	17fffe3c 	b	1cc5b4 <std::__1::enable_if<__is_forward_iterator<std::__1::__wrap_iter<int*> >::value&&is_constructible<int, std::__1::iterator_traits<std::__1::__wrap_iter<int*> >::reference>::value, std::__1::__wrap_iter<int*> >::type std::__1::vector<int, std::__1::allocator<int> >::insert<std::__1::__wrap_iter<int*> >(std::__1::__wrap_iter<int const*>, std::__1::__wrap_iter<int*>, std::__1::__wrap_iter<int*>)@@Base+0x13ac>
  1cccc8:	aa1f03e0 	mov	x0, xzr
  1ccccc:	394563e8 	ldrb	w8, [sp, #344]
  1cccd0:	35fff5a8 	cbnz	w8, 1ccb84 <std::__1::enable_if<__is_forward_iterator<std::__1::__wrap_iter<int*> >::value&&is_constructible<int, std::__1::iterator_traits<std::__1::__wrap_iter<int*> >::reference>::value, std::__1::__wrap_iter<int*> >::type std::__1::vector<int, std::__1::allocator<int> >::insert<std::__1::__wrap_iter<int*> >(std::__1::__wrap_iter<int const*>, std::__1::__wrap_iter<int*>, std::__1::__wrap_iter<int*>)@@Base+0x197c>
  1cccd4:	97fbd292 	bl	c171c <android::register_android_content_StringBlock(_JNIEnv*)@@Base+0x7dc>
  1cccd8:	9400b912 	bl	1fb120 <set_app_seccomp_filter()@plt>
  1cccdc:	52800500 	mov	w0, #0x28                  	// #40
  1ccce0:	94009368 	bl	1f1a80 <operator new(unsigned long)@plt>
  1ccce4:	ad4407e0 	ldp	q0, q1, [sp, #128]
  1ccce8:	7200029f 	tst	w20, #0x1
  1cccec:	528000a9 	mov	w9, #0x5                   	// #5
  1cccf0:	aa0003f5 	mov	x21, x0
  1cccf4:	91004368 	add	x8, x27, #0x10
  1cccf8:	5a9f1136 	csinv	w22, w9, wzr, ne	// ne = any
  1cccfc:	3c808000 	stur	q0, [x0, #8]
  1ccd00:	f9000008 	str	x8, [x0]
  1ccd04:	3c818001 	stur	q1, [x0, #24]
  1ccd08:	360006b4 	tbz	w20, #0, 1ccddc <std::__1::enable_if<__is_forward_iterator<std::__1::__wrap_iter<int*> >::value&&is_constructible<int, std::__1::iterator_traits<std::__1::__wrap_iter<int*> >::reference>::value, std::__1::__wrap_iter<int*> >::type std::__1::vector<int, std::__1::allocator<int> >::insert<std::__1::__wrap_iter<int*> >(std::__1::__wrap_iter<int const*>, std::__1::__wrap_iter<int*>, std::__1::__wrap_iter<int*>)@@Base+0x1bd4>
  1ccd0c:	9400ae25 	bl	1f85a0 <cpusets_enabled@plt>
  1ccd10:	36000660 	tbz	w0, #0, 1ccddc <std::__1::enable_if<__is_forward_iterator<std::__1::__wrap_iter<int*> >::value&&is_constructible<int, std::__1::iterator_traits<std::__1::__wrap_iter<int*> >::reference>::value, std::__1::__wrap_iter<int*> >::type std::__1::vector<int, std::__1::allocator<int> >::insert<std::__1::__wrap_iter<int*> >(std::__1::__wrap_iter<int const*>, std::__1::__wrap_iter<int*>, std::__1::__wrap_iter<int*>)@@Base+0x1bd4>
  1ccd14:	2a1f03e0 	mov	w0, wzr
  1ccd18:	2a1603e1 	mov	w1, w22
  1ccd1c:	9400b905 	bl	1fb130 <set_cpuset_policy@plt>
  1ccd20:	2a0003f7 	mov	w23, w0
  1ccd24:	4b0003f9 	neg	w25, w0
  1ccd28:	9400932a 	bl	1f19d0 <__errno@plt>
  1ccd2c:	b9000019 	str	w25, [x0]
  1ccd30:	34000577 	cbz	w23, 1ccddc <std::__1::enable_if<__is_forward_iterator<std::__1::__wrap_iter<int*> >::value&&is_constructible<int, std::__1::iterator_traits<std::__1::__wrap_iter<int*> >::reference>::value, std::__1::__wrap_iter<int*> >::type std::__1::vector<int, std::__1::allocator<int> >::insert<std::__1::__wrap_iter<int*> >(std::__1::__wrap_iter<int const*>, std::__1::__wrap_iter<int*>, std::__1::__wrap_iter<int*>)@@Base+0x1bd4>
  1ccd34:	aa0003f4 	mov	x20, x0
  1ccd38:	f0fff4e0 	adrp	x0, 6b000 <android::meminfo::SysMemInfo::kMemTotal@@Base-0x1dec6>
  1ccd3c:	f0fff4e1 	adrp	x1, 6b000 <android::meminfo::SysMemInfo::kMemTotal@@Base-0x1dec6>
  1ccd40:	91074c00 	add	x0, x0, #0x1d3
  1ccd44:	91076c21 	add	x1, x1, #0x1db
  1ccd48:	910683e8 	add	x8, sp, #0x1a0
  1ccd4c:	52805a02 	mov	w2, #0x2d0                 	// #720
  1ccd50:	940099a0 	bl	1f33d0 <android::base::StringPrintf(char const*, ...)@plt>
  1ccd54:	b9400280 	ldr	w0, [x20]
  1ccd58:	940095ba 	bl	1f2440 <strerror@plt>
  1ccd5c:	aa0003e2 	mov	x2, x0
  1ccd60:	b0fff5a0 	adrp	x0, 81000 <android::meminfo::SysMemInfo::kMemTotal@@Base-0x7ec6>
  1ccd64:	91292800 	add	x0, x0, #0xa4a
  1ccd68:	910423e8 	add	x8, sp, #0x108
  1ccd6c:	2a1603e1 	mov	w1, w22
  1ccd70:	910423f4 	add	x20, sp, #0x108
  1ccd74:	94009997 	bl	1f33d0 <android::base::StringPrintf(char const*, ...)@plt>
  1ccd78:	a95127ea 	ldp	x10, x9, [sp, #272]
  1ccd7c:	b240028b 	orr	x11, x20, #0x1

--- libandroid_runtime around 0x1c9710 ---

zygote-symbols-post-binder/libandroid_runtime.so.real:     file format elf64-littleaarch64


Disassembly of section .text:

00000000001c9600 <android::register_com_android_internal_os_Zygote(_JNIEnv*)@@Base+0xd8c>:
  1c9600:	910ed442 	add	x2, x2, #0x3b5
  1c9604:	528000c0 	mov	w0, #0x6                   	// #6
  1c9608:	2a1b03e3 	mov	w3, w27
  1c960c:	9400a0e5 	bl	1f19a0 <__android_log_print@plt>
  1c9610:	b0fff562 	adrp	x2, 76000 <android::meminfo::SysMemInfo::kMemTotal@@Base-0x12ec6>
  1c9614:	aa1303e0 	mov	x0, x19
  1c9618:	911f7442 	add	x2, x2, #0x7dd
  1c961c:	52812ce1 	mov	w1, #0x967                 	// #2407
  1c9620:	94001064 	bl	1cd7b0 <std::__1::enable_if<__is_forward_iterator<std::__1::__wrap_iter<int*> >::value&&is_constructible<int, std::__1::iterator_traits<std::__1::__wrap_iter<int*> >::reference>::value, std::__1::__wrap_iter<int*> >::type std::__1::vector<int, std::__1::allocator<int> >::insert<std::__1::__wrap_iter<int*> >(std::__1::__wrap_iter<int const*>, std::__1::__wrap_iter<int*>, std::__1::__wrap_iter<int*>)@@Base+0x25a8>
  1c9624:	9400c647 	bl	1faf40 <UsePerAppMemcg@plt>
  1c9628:	36000980 	tbz	w0, #0, 1c9758 <android::register_com_android_internal_os_Zygote(_JNIEnv*)@@Base+0xee4>
  1c962c:	d0fff50a 	adrp	x10, 6b000 <android::meminfo::SysMemInfo::kMemTotal@@Base-0x1dec6>
  1c9630:	528cac69 	mov	w9, #0x6563                	// #25955
  1c9634:	9109414a 	add	x10, x10, #0x250
  1c9638:	528004c8 	mov	w8, #0x26                  	// #38
  1c963c:	72ae6e69 	movk	w9, #0x7373, lsl #16
  1c9640:	52800300 	mov	w0, #0x18                  	// #24
  1c9644:	f81e83bf 	stur	xzr, [x29, #-24]
  1c9648:	3dc00140 	ldr	q0, [x10]
  1c964c:	381d83a8 	sturb	w8, [x29, #-40]
  1c9650:	b81e83a9 	stur	w9, [x29, #-24]
  1c9654:	3c9d93a0 	stur	q0, [x29, #-39]
  1c9658:	9400a10a 	bl	1f1a80 <operator new(unsigned long)@plt>
  1c965c:	91006013 	add	x19, x0, #0x18
  1c9660:	d100a3a1 	sub	x1, x29, #0x28
  1c9664:	f9003fe0 	str	x0, [sp, #120]
  1c9668:	f90047f3 	str	x19, [sp, #136]
  1c966c:	9400a2c1 	bl	1f2170 <std::__1::basic_string<char, std::__1::char_traits<char>, std::__1::allocator<char> >::basic_string(std::__1::basic_string<char, std::__1::char_traits<char>, std::__1::allocator<char> > const&)@plt>
  1c9670:	9101e3e1 	add	x1, sp, #0x78
  1c9674:	2a1b03e0 	mov	w0, w27
  1c9678:	2a1f03e2 	mov	w2, wzr
  1c967c:	f90043f3 	str	x19, [sp, #128]
  1c9680:	9400bbac 	bl	1f8530 <SetTaskProfiles@plt>
  1c9684:	f9403ff4 	ldr	x20, [sp, #120]
  1c9688:	2a0003f3 	mov	w19, w0
  1c968c:	b40004f4 	cbz	x20, 1c9728 <android::register_com_android_internal_os_Zygote(_JNIEnv*)@@Base+0xeb4>
  1c9690:	f94043e8 	ldr	x8, [sp, #128]
  1c9694:	eb14011f 	cmp	x8, x20
  1c9698:	54000420 	b.eq	1c971c <android::register_com_android_internal_os_Zygote(_JNIEnv*)@@Base+0xea8>  // b.none
  1c969c:	aa0803f6 	mov	x22, x8
  1c96a0:	14000004 	b	1c96b0 <android::register_com_android_internal_os_Zygote(_JNIEnv*)@@Base+0xe3c>
  1c96a4:	aa1603e8 	mov	x8, x22
  1c96a8:	eb1402df 	cmp	x22, x20
  1c96ac:	54000340 	b.eq	1c9714 <android::register_com_android_internal_os_Zygote(_JNIEnv*)@@Base+0xea0>  // b.none
  1c96b0:	385e8ec9 	ldrb	w9, [x22, #-24]!
  1c96b4:	3607ff89 	tbz	w9, #0, 1c96a4 <android::register_com_android_internal_os_Zygote(_JNIEnv*)@@Base+0xe30>
  1c96b8:	f85f8100 	ldur	x0, [x8, #-8]
  1c96bc:	9400a0f5 	bl	1f1a90 <operator delete(void*)@plt>
  1c96c0:	17fffff9 	b	1c96a4 <android::register_com_android_internal_os_Zygote(_JNIEnv*)@@Base+0xe30>
  1c96c4:	6f00e400 	movi	v0.2d, #0x0
  1c96c8:	aa1303e0 	mov	x0, x19
  1c96cc:	b94067e1 	ldr	w1, [sp, #100]
  1c96d0:	aa1a03e3 	mov	x3, x26
  1c96d4:	b94077e2 	ldr	w2, [sp, #116]
  1c96d8:	2a1903e4 	mov	w4, w25
  1c96dc:	aa1803e5 	mov	x5, x24
  1c96e0:	aa1703e6 	mov	x6, x23
  1c96e4:	f94037e7 	ldr	x7, [sp, #104]
  1c96e8:	390143ff 	strb	wzr, [sp, #80]
  1c96ec:	390123ff 	strb	wzr, [sp, #72]
  1c96f0:	f90023ff 	str	xzr, [sp, #64]
  1c96f4:	3900e3ff 	strb	wzr, [sp, #56]
  1c96f8:	3c8283e0 	stur	q0, [sp, #40]
  1c96fc:	390083ff 	strb	wzr, [sp, #32]
  1c9700:	390063f4 	strb	w20, [sp, #24]
  1c9704:	3c8083e0 	stur	q0, [sp, #8]
  1c9708:	b90003f4 	str	w20, [sp]
  1c970c:	94000765 	bl	1cb4a0 <std::__1::enable_if<__is_forward_iterator<std::__1::__wrap_iter<int*> >::value&&is_constructible<int, std::__1::iterator_traits<std::__1::__wrap_iter<int*> >::reference>::value, std::__1::__wrap_iter<int*> >::type std::__1::vector<int, std::__1::allocator<int> >::insert<std::__1::__wrap_iter<int*> >(std::__1::__wrap_iter<int const*>, std::__1::__wrap_iter<int*>, std::__1::__wrap_iter<int*>)@@Base+0x298>
  1c9710:	14000012 	b	1c9758 <android::register_com_android_internal_os_Zygote(_JNIEnv*)@@Base+0xee4>
  1c9714:	f9403fe0 	ldr	x0, [sp, #120]
  1c9718:	14000002 	b	1c9720 <android::register_com_android_internal_os_Zygote(_JNIEnv*)@@Base+0xeac>
  1c971c:	aa1403e0 	mov	x0, x20
  1c9720:	f90043f4 	str	x20, [sp, #128]
  1c9724:	9400a0db 	bl	1f1a90 <operator delete(void*)@plt>
  1c9728:	385d83a8 	ldurb	w8, [x29, #-40]
  1c972c:	36000068 	tbz	w8, #0, 1c9738 <android::register_com_android_internal_os_Zygote(_JNIEnv*)@@Base+0xec4>
  1c9730:	f85e83a0 	ldur	x0, [x29, #-24]
  1c9734:	9400a0d7 	bl	1f1a90 <operator delete(void*)@plt>
  1c9738:	37000113 	tbnz	w19, #0, 1c9758 <android::register_com_android_internal_os_Zygote(_JNIEnv*)@@Base+0xee4>
  1c973c:	90fff5e1 	adrp	x1, 85000 <android::meminfo::SysMemInfo::kMemTotal@@Base-0x3ec6>
  1c9740:	b0fff542 	adrp	x2, 72000 <android::meminfo::SysMemInfo::kMemTotal@@Base-0x16ec6>
  1c9744:	911acc21 	add	x1, x1, #0x6b3
  1c9748:	91067c42 	add	x2, x2, #0x19f
  1c974c:	528000c0 	mov	w0, #0x6                   	// #6
  1c9750:	2a1b03e3 	mov	w3, w27
  1c9754:	9400a093 	bl	1f19a0 <__android_log_print@plt>
  1c9758:	f85c03a0 	ldur	x0, [x29, #-64]
  1c975c:	b4000060 	cbz	x0, 1c9768 <android::register_com_android_internal_os_Zygote(_JNIEnv*)@@Base+0xef4>
  1c9760:	f81c83a0 	stur	x0, [x29, #-56]
  1c9764:	9400a0cb 	bl	1f1a90 <operator delete(void*)@plt>
  1c9768:	f85a83a0 	ldur	x0, [x29, #-88]
  1c976c:	b4000060 	cbz	x0, 1c9778 <android::register_com_android_internal_os_Zygote(_JNIEnv*)@@Base+0xf04>
  1c9770:	f81b03a0 	stur	x0, [x29, #-80]
  1c9774:	9400a0c7 	bl	1f1a90 <operator delete(void*)@plt>
  1c9778:	f94016a8 	ldr	x8, [x21, #40]
  1c977c:	f85f03a9 	ldur	x9, [x29, #-16]
  1c9780:	eb09011f 	cmp	x8, x9
  1c9784:	54000181 	b.ne	1c97b4 <android::register_com_android_internal_os_Zygote(_JNIEnv*)@@Base+0xf40>  // b.any
  1c9788:	2a1b03e0 	mov	w0, w27
  1c978c:	a9544ff4 	ldp	x20, x19, [sp, #320]
  1c9790:	a95357f6 	ldp	x22, x21, [sp, #304]
  1c9794:	a9525ff8 	ldp	x24, x23, [sp, #288]
  1c9798:	a95167fa 	ldp	x26, x25, [sp, #272]
  1c979c:	a9506ffc 	ldp	x28, x27, [sp, #256]
  1c97a0:	a94f7bfd 	ldp	x29, x30, [sp, #240]
  1c97a4:	910543ff 	add	sp, sp, #0x150
  1c97a8:	d65f03c0 	ret
  1c97ac:	d10103a0 	sub	x0, x29, #0x40
  1c97b0:	9400b038 	bl	1f5890 <std::__1::__vector_base_common<true>::__throw_length_error() const@plt>
  1c97b4:	9400a047 	bl	1f18d0 <__stack_chk_fail@plt>
  1c97b8:	d10203ff 	sub	sp, sp, #0x80
  1c97bc:	a9027bfd 	stp	x29, x30, [sp, #32]
  1c97c0:	910083fd 	add	x29, sp, #0x20
  1c97c4:	f9001bfb 	str	x27, [sp, #48]
  1c97c8:	a90467fa 	stp	x26, x25, [sp, #64]
  1c97cc:	a9055ff8 	stp	x24, x23, [sp, #80]
  1c97d0:	a90657f6 	stp	x22, x21, [sp, #96]
  1c97d4:	a9074ff4 	stp	x20, x19, [sp, #112]
  1c97d8:	d53bd05a 	mrs	x26, tpidr_el0
  1c97dc:	aa0203f3 	mov	x19, x2
  1c97e0:	f9401748 	ldr	x8, [x26, #40]
  1c97e4:	aa0003f4 	mov	x20, x0
  1c97e8:	f81f83a8 	stur	x8, [x29, #-8]
  1c97ec:	f9400008 	ldr	x8, [x0]
  1c97f0:	b4000142 	cbz	x2, 1c9818 <android::register_com_android_internal_os_Zygote(_JNIEnv*)@@Base+0xfa4>
  1c97f4:	f942a508 	ldr	x8, [x8, #1352]
  1c97f8:	aa1403e0 	mov	x0, x20
  1c97fc:	aa1303e1 	mov	x1, x19
  1c9800:	aa1f03e2 	mov	x2, xzr
  1c9804:	d63f0100 	blr	x8
  1c9808:	b4000400 	cbz	x0, 1c9888 <android::register_com_android_internal_os_Zygote(_JNIEnv*)@@Base+0x1014>
  1c980c:	aa0003f5 	mov	x21, x0
  1c9810:	2a1f03fb 	mov	w27, wzr
  1c9814:	14000024 	b	1c98a4 <android::register_com_android_internal_os_Zygote(_JNIEnv*)@@Base+0x1030>
  1c9818:	f9439108 	ldr	x8, [x8, #1824]
  1c981c:	aa1403e0 	mov	x0, x20
  1c9820:	d63f0100 	blr	x8
  1c9824:	72001c1f 	tst	w0, #0xff
  1c9828:	540000a0 	b.eq	1c983c <android::register_com_android_internal_os_Zygote(_JNIEnv*)@@Base+0xfc8>  // b.none
  1c982c:	f9400288 	ldr	x8, [x20]
  1c9830:	aa1403e0 	mov	x0, x20
  1c9834:	f9404508 	ldr	x8, [x8, #136]
  1c9838:	d63f0100 	blr	x8
  1c983c:	f9400288 	ldr	x8, [x20]

--- libbase around 0x16eac ---

zygote-symbols-post-binder/libbase.so.real:     file format elf64-littleaarch64


Disassembly of section .text:

0000000000016d80 <std::__1::__function::__func<android::base::LogdLogger, std::__1::allocator<android::base::LogdLogger>, void (android::base::LogId, android::base::LogSeverity, char const*, char const*, unsigned int, char const*)>::operator()(android::base::LogId&&, android::base::LogSeverity&&, char const*&&, char const*&&, unsigned int&&, char const*&&)@@Base+0x120>:
   16d80:	aa0803e0 	mov	x0, x8
   16d84:	94008a87 	bl	397a0 <__cxa_guard_acquire@plt>
   16d88:	294027ea 	ldp	w10, w9, [sp]
   16d8c:	d000012b 	adrp	x11, 3c000 <vtable for fmt::v7::basic_memory_buffer<unsigned int, 32ul, std::__1::allocator<unsigned int> >@@Base+0xda8>
   16d90:	2a0003e8 	mov	w8, w0
   16d94:	f94007e0 	ldr	x0, [sp, #8]
   16d98:	34fffb48 	cbz	w8, 16d00 <std::__1::__function::__func<android::base::LogdLogger, std::__1::allocator<android::base::LogdLogger>, void (android::base::LogId, android::base::LogSeverity, char const*, char const*, unsigned int, char const*)>::operator()(android::base::LogId&&, android::base::LogSeverity&&, char const*&&, char const*&&, unsigned int&&, char const*&&)@@Base+0xa0>
   16d9c:	52800600 	mov	w0, #0x30                  	// #48
   16da0:	94008a6c 	bl	39750 <operator new(unsigned long)@plt>
   16da4:	b0000129 	adrp	x9, 3b000 <strcmp@plt+0xb50>
   16da8:	52800028 	mov	w8, #0x1                   	// #1
   16dac:	f9425529 	ldr	x9, [x9, #1192]
   16db0:	b9000808 	str	w8, [x0, #8]
   16db4:	d0000128 	adrp	x8, 3c000 <vtable for fmt::v7::basic_memory_buffer<unsigned int, 32ul, std::__1::allocator<unsigned int> >@@Base+0xda8>
   16db8:	f9001000 	str	x0, [x0, #32]
   16dbc:	91004129 	add	x9, x9, #0x10
   16dc0:	f906e100 	str	x0, [x8, #3520]
   16dc4:	f9000009 	str	x9, [x0]
   16dc8:	d0000120 	adrp	x0, 3c000 <vtable for fmt::v7::basic_memory_buffer<unsigned int, 32ul, std::__1::allocator<unsigned int> >@@Base+0xda8>
   16dcc:	91372000 	add	x0, x0, #0xdc8
   16dd0:	94008a7c 	bl	397c0 <__cxa_guard_release@plt>
   16dd4:	294027ea 	ldp	w10, w9, [sp]
   16dd8:	d000012b 	adrp	x11, 3c000 <vtable for fmt::v7::basic_memory_buffer<unsigned int, 32ul, std::__1::allocator<unsigned int> >@@Base+0xda8>
   16ddc:	f94007e0 	ldr	x0, [sp, #8]
   16de0:	17ffffc8 	b	16d00 <std::__1::__function::__func<android::base::LogdLogger, std::__1::allocator<android::base::LogdLogger>, void (android::base::LogId, android::base::LogSeverity, char const*, char const*, unsigned int, char const*)>::operator()(android::base::LogId&&, android::base::LogSeverity&&, char const*&&, char const*&&, unsigned int&&, char const*&&)@@Base+0xa0>
   16de4:	94000275 	bl	177b8 <std::__1::basic_stringbuf<char, std::__1::char_traits<char>, std::__1::allocator<char> >::str() const@@Base+0x258>
   16de8:	94008a36 	bl	396c0 <__stack_chk_fail@plt>

0000000000016dec <std::__1::__function::__func<void (*)(char const*), std::__1::allocator<void (*)(char const*)>, void (char const*)>::__clone() const@@Base>:
   16dec:	a9be7bfd 	stp	x29, x30, [sp, #-32]!
   16df0:	f9000bf3 	str	x19, [sp, #16]
   16df4:	910003fd 	mov	x29, sp
   16df8:	aa0003f3 	mov	x19, x0
   16dfc:	52800200 	mov	w0, #0x10                  	// #16
   16e00:	94008a54 	bl	39750 <operator new(unsigned long)@plt>
   16e04:	b0000129 	adrp	x9, 3b000 <strcmp@plt+0xb50>
   16e08:	f9400668 	ldr	x8, [x19, #8]
   16e0c:	f9425929 	ldr	x9, [x9, #1200]
   16e10:	f9400bf3 	ldr	x19, [sp, #16]
   16e14:	91004129 	add	x9, x9, #0x10
   16e18:	a9002009 	stp	x9, x8, [x0]
   16e1c:	a8c27bfd 	ldp	x29, x30, [sp], #32
   16e20:	d65f03c0 	ret

0000000000016e24 <std::__1::__function::__func<void (*)(char const*), std::__1::allocator<void (*)(char const*)>, void (char const*)>::__clone(std::__1::__function::__base<void (char const*)>*) const@@Base>:
   16e24:	b0000128 	adrp	x8, 3b000 <strcmp@plt+0xb50>
   16e28:	f9425908 	ldr	x8, [x8, #1200]
   16e2c:	91004108 	add	x8, x8, #0x10
   16e30:	f9000028 	str	x8, [x1]
   16e34:	f9400408 	ldr	x8, [x0, #8]
   16e38:	f9000428 	str	x8, [x1, #8]
   16e3c:	d65f03c0 	ret

0000000000016e40 <std::__1::__function::__func<void (*)(char const*), std::__1::allocator<void (*)(char const*)>, void (char const*)>::destroy()@@Base>:
   16e40:	d65f03c0 	ret

0000000000016e44 <std::__1::__function::__func<void (*)(char const*), std::__1::allocator<void (*)(char const*)>, void (char const*)>::destroy_deallocate()@@Base>:
   16e44:	14008a4b 	b	39770 <operator delete(void*)@plt>

0000000000016e48 <std::__1::__function::__func<void (*)(char const*), std::__1::allocator<void (*)(char const*)>, void (char const*)>::operator()(char const*&&)@@Base>:
   16e48:	f9400028 	ldr	x8, [x1]
   16e4c:	f9400401 	ldr	x1, [x0, #8]
   16e50:	aa0803e0 	mov	x0, x8
   16e54:	d61f0020 	br	x1
   16e58:	d10103ff 	sub	sp, sp, #0x40
   16e5c:	a9027bfd 	stp	x29, x30, [sp, #32]
   16e60:	910083fd 	add	x29, sp, #0x20
   16e64:	f9001bf3 	str	x19, [sp, #48]
   16e68:	d53bd053 	mrs	x19, tpidr_el0
   16e6c:	d0000129 	adrp	x9, 3c000 <vtable for fmt::v7::basic_memory_buffer<unsigned int, 32ul, std::__1::allocator<unsigned int> >@@Base+0xda8>
   16e70:	f9401668 	ldr	x8, [x19, #40]
   16e74:	f81f83a8 	stur	x8, [x29, #-8]
   16e78:	d0000128 	adrp	x8, 3c000 <vtable for fmt::v7::basic_memory_buffer<unsigned int, 32ul, std::__1::allocator<unsigned int> >@@Base+0xda8>
   16e7c:	91376108 	add	x8, x8, #0xdd8
   16e80:	08dffd08 	ldarb	w8, [x8]
   16e84:	36000248 	tbz	w8, #0, 16ecc <std::__1::__function::__func<void (*)(char const*), std::__1::allocator<void (*)(char const*)>, void (char const*)>::operator()(char const*&&)@@Base+0x84>
   16e88:	f946e928 	ldr	x8, [x9, #3536]
   16e8c:	f9000be0 	str	x0, [sp, #16]
   16e90:	f9401108 	ldr	x8, [x8, #32]
   16e94:	b4000508 	cbz	x8, 16f34 <std::__1::__function::__func<void (*)(char const*), std::__1::allocator<void (*)(char const*)>, void (char const*)>::operator()(char const*&&)@@Base+0xec>
   16e98:	f9400109 	ldr	x9, [x8]
   16e9c:	910043e1 	add	x1, sp, #0x10
   16ea0:	aa0803e0 	mov	x0, x8
   16ea4:	f9401929 	ldr	x9, [x9, #48]
   16ea8:	d63f0120 	blr	x9
   16eac:	f9401668 	ldr	x8, [x19, #40]
   16eb0:	f85f83a9 	ldur	x9, [x29, #-8]
   16eb4:	eb09011f 	cmp	x8, x9
   16eb8:	54000401 	b.ne	16f38 <std::__1::__function::__func<void (*)(char const*), std::__1::allocator<void (*)(char const*)>, void (char const*)>::operator()(char const*&&)@@Base+0xf0>  // b.any
   16ebc:	a9427bfd 	ldp	x29, x30, [sp, #32]
   16ec0:	f9401bf3 	ldr	x19, [sp, #48]
   16ec4:	910103ff 	add	sp, sp, #0x40
   16ec8:	d65f03c0 	ret
   16ecc:	d0000128 	adrp	x8, 3c000 <vtable for fmt::v7::basic_memory_buffer<unsigned int, 32ul, std::__1::allocator<unsigned int> >@@Base+0xda8>
   16ed0:	f90007e0 	str	x0, [sp, #8]
   16ed4:	91376108 	add	x8, x8, #0xdd8
   16ed8:	aa0803e0 	mov	x0, x8
   16edc:	94008a31 	bl	397a0 <__cxa_guard_acquire@plt>
   16ee0:	d0000129 	adrp	x9, 3c000 <vtable for fmt::v7::basic_memory_buffer<unsigned int, 32ul, std::__1::allocator<unsigned int> >@@Base+0xda8>
   16ee4:	2a0003e8 	mov	w8, w0
   16ee8:	f94007e0 	ldr	x0, [sp, #8]
   16eec:	34fffce8 	cbz	w8, 16e88 <std::__1::__function::__func<void (*)(char const*), std::__1::allocator<void (*)(char const*)>, void (char const*)>::operator()(char const*&&)@@Base+0x40>
   16ef0:	52800600 	mov	w0, #0x30                  	// #48
   16ef4:	94008a17 	bl	39750 <operator new(unsigned long)@plt>
   16ef8:	b0000128 	adrp	x8, 3b000 <strcmp@plt+0xb50>
   16efc:	b0000129 	adrp	x9, 3b000 <strcmp@plt+0xb50>
   16f00:	f9425908 	ldr	x8, [x8, #1200]
   16f04:	f9425129 	ldr	x9, [x9, #1184]
   16f08:	f9001000 	str	x0, [x0, #32]
   16f0c:	91004108 	add	x8, x8, #0x10
   16f10:	a9002408 	stp	x8, x9, [x0]
   16f14:	d0000128 	adrp	x8, 3c000 <vtable for fmt::v7::basic_memory_buffer<unsigned int, 32ul, std::__1::allocator<unsigned int> >@@Base+0xda8>
   16f18:	f906e900 	str	x0, [x8, #3536]
   16f1c:	d0000120 	adrp	x0, 3c000 <vtable for fmt::v7::basic_memory_buffer<unsigned int, 32ul, std::__1::allocator<unsigned int> >@@Base+0xda8>
   16f20:	91376000 	add	x0, x0, #0xdd8
   16f24:	94008a27 	bl	397c0 <__cxa_guard_release@plt>
   16f28:	d0000129 	adrp	x9, 3c000 <vtable for fmt::v7::basic_memory_buffer<unsigned int, 32ul, std::__1::allocator<unsigned int> >@@Base+0xda8>
   16f2c:	f94007e0 	ldr	x0, [sp, #8]
   16f30:	17ffffd6 	b	16e88 <std::__1::__function::__func<void (*)(char const*), std::__1::allocator<void (*)(char const*)>, void (char const*)>::operator()(char const*&&)@@Base+0x40>
   16f34:	94000221 	bl	177b8 <std::__1::basic_stringbuf<char, std::__1::char_traits<char>, std::__1::allocator<char> >::str() const@@Base+0x258>
   16f38:	940089e2 	bl	396c0 <__stack_chk_fail@plt>
   16f3c:	a9be7bfd 	stp	x29, x30, [sp, #-32]!
   16f40:	a9014ff4 	stp	x20, x19, [sp, #16]
   16f44:	910003fd 	mov	x29, sp
   16f48:	b0000128 	adrp	x8, 3b000 <strcmp@plt+0xb50>
   16f4c:	b0000129 	adrp	x9, 3b000 <strcmp@plt+0xb50>
   16f50:	aa0003f3 	mov	x19, x0
   16f54:	aa0003f4 	mov	x20, x0
   16f58:	f9426108 	ldr	x8, [x8, #1216]
   16f5c:	f9426529 	ldr	x9, [x9, #1224]
   16f60:	3941200b 	ldrb	w11, [x0, #72]
   16f64:	9100610a 	add	x10, x8, #0x18
   16f68:	91010108 	add	x8, x8, #0x40
   16f6c:	91004129 	add	x9, x9, #0x10
   16f70:	f900000a 	str	x10, [x0]
   16f74:	f9003808 	str	x8, [x0, #112]
   16f78:	f8008e89 	str	x9, [x20, #8]!
   16f7c:	3600006b 	tbz	w11, #0, 16f88 <std::__1::__function::__func<void (*)(char const*), std::__1::allocator<void (*)(char const*)>, void (char const*)>::operator()(char const*&&)@@Base+0x140>
   16f80:	f9402e60 	ldr	x0, [x19, #88]
   16f84:	940089fb 	bl	39770 <operator delete(void*)@plt>
   16f88:	aa1403e0 	mov	x0, x20
   16f8c:	94008b7d 	bl	39d80 <std::__1::basic_streambuf<char, std::__1::char_traits<char> >::~basic_streambuf()@plt>
   16f90:	b0000128 	adrp	x8, 3b000 <strcmp@plt+0xb50>
   16f94:	aa1303e0 	mov	x0, x19
   16f98:	f9426908 	ldr	x8, [x8, #1232]
   16f9c:	91002101 	add	x1, x8, #0x8
   16fa0:	94008b7c 	bl	39d90 <std::__1::basic_ostream<char, std::__1::char_traits<char> >::~basic_ostream()@plt>
   16fa4:	9101c260 	add	x0, x19, #0x70
   16fa8:	a9414ff4 	ldp	x20, x19, [sp, #16]
   16fac:	a8c27bfd 	ldp	x29, x30, [sp], #32
   16fb0:	14008b7c 	b	39da0 <std::__1::basic_ios<char, std::__1::char_traits<char> >::~basic_ios()@plt>
   16fb4:	a9be7bfd 	stp	x29, x30, [sp, #-32]!
   16fb8:	a9014ff4 	stp	x20, x19, [sp, #16]
   16fbc:	910003fd 	mov	x29, sp
   16fc0:	b0000128 	adrp	x8, 3b000 <strcmp@plt+0xb50>
   16fc4:	b0000129 	adrp	x9, 3b000 <strcmp@plt+0xb50>
   16fc8:	aa0003f3 	mov	x19, x0
   16fcc:	aa0003f4 	mov	x20, x0
   16fd0:	f9426108 	ldr	x8, [x8, #1216]
   16fd4:	f9426529 	ldr	x9, [x9, #1224]
   16fd8:	3941200b 	ldrb	w11, [x0, #72]
   16fdc:	9100610a 	add	x10, x8, #0x18
   16fe0:	91010108 	add	x8, x8, #0x40
   16fe4:	91004129 	add	x9, x9, #0x10
   16fe8:	f900000a 	str	x10, [x0]
   16fec:	f9003808 	str	x8, [x0, #112]
   16ff0:	f8008e89 	str	x9, [x20, #8]!
   16ff4:	3600006b 	tbz	w11, #0, 17000 <std::__1::__function::__func<void (*)(char const*), std::__1::allocator<void (*)(char const*)>, void (char const*)>::operator()(char const*&&)@@Base+0x1b8>
   16ff8:	f9402e60 	ldr	x0, [x19, #88]
   16ffc:	940089dd 	bl	39770 <operator delete(void*)@plt>
   17000:	aa1403e0 	mov	x0, x20
   17004:	94008b5f 	bl	39d80 <std::__1::basic_streambuf<char, std::__1::char_traits<char> >::~basic_streambuf()@plt>
   17008:	90000128 	adrp	x8, 3b000 <strcmp@plt+0xb50>
   1700c:	aa1303e0 	mov	x0, x19
   17010:	f9426908 	ldr	x8, [x8, #1232]
   17014:	91002101 	add	x1, x8, #0x8
   17018:	94008b5e 	bl	39d90 <std::__1::basic_ostream<char, std::__1::char_traits<char> >::~basic_ostream()@plt>
   1701c:	9101c260 	add	x0, x19, #0x70
   17020:	94008b60 	bl	39da0 <std::__1::basic_ios<char, std::__1::char_traits<char> >::~basic_ios()@plt>
   17024:	aa1303e0 	mov	x0, x19
   17028:	a9414ff4 	ldp	x20, x19, [sp, #16]
   1702c:	a8c27bfd 	ldp	x29, x30, [sp], #32
   17030:	140089d0 	b	39770 <operator delete(void*)@plt>
   17034:	a9bd7bfd 	stp	x29, x30, [sp, #-48]!
   17038:	f9000bf5 	str	x21, [sp, #16]
   1703c:	910003fd 	mov	x29, sp

SYMBOLIZE_POST_BINDER_DONE
