TR=/sys/kernel/debug/tracing
--- stop old zygote/system_server ---
--- trace formats ---
name: signal_generate
ID: 75
format:
	field:unsigned short common_type;	offset:0;	size:2;	signed:0;
	field:unsigned char common_flags;	offset:2;	size:1;	signed:0;
	field:unsigned char common_preempt_count;	offset:3;	size:1;	signed:0;
	field:int common_pid;	offset:4;	size:4;	signed:1;

	field:int sig;	offset:8;	size:4;	signed:1;
	field:int errno;	offset:12;	size:4;	signed:1;
	field:int code;	offset:16;	size:4;	signed:1;
	field:char comm[16];	offset:20;	size:16;	signed:0;
	field:pid_t pid;	offset:36;	size:4;	signed:1;
	field:int group;	offset:40;	size:4;	signed:1;
	field:int result;	offset:44;	size:4;	signed:1;

print fmt: "sig=%d errno=%d code=%d comm=%s pid=%d grp=%d res=%d", REC->sig, REC->errno, REC->code, REC->comm, REC->pid, REC->group, REC->result
name: sched_process_exit
ID: 196
format:
	field:unsigned short common_type;	offset:0;	size:2;	signed:0;
	field:unsigned char common_flags;	offset:2;	size:1;	signed:0;
	field:unsigned char common_preempt_count;	offset:3;	size:1;	signed:0;
	field:int common_pid;	offset:4;	size:4;	signed:1;

	field:char comm[16];	offset:8;	size:16;	signed:0;
	field:pid_t pid;	offset:24;	size:4;	signed:1;
	field:int prio;	offset:28;	size:4;	signed:1;

print fmt: "comm=%s pid=%d prio=%d", REC->comm, REC->pid, REC->prio
--- reset tracing ---
--- start tracing ---
--- run zygote/system_server ---
--- cleanup old zygotes/wrappers ---

--- sanity patches ---
storage abort call @ 0x1ca198, should be 1f 20 03 d5:  1f 20 03 d5
SetTaskProfiles call @ 0x1ca1b0, should be 20 00 80 52:  20 00 80 52
SetTaskProfiles tbz @ 0x1ca208, should be 1f 20 03 d5:  1f 20 03 d5

--- classpath ---
BOOTCLASSPATH length: 1624
SYSTEMSERVERCLASSPATH length: 463

--- start zygote + system_server ---

--- pids ---

--- android-ish scan ---
PID=12317 COMM=sh CMD=sh /tmp/try-zygote-start-system-server-v2.sh 
  Name:	sh
  State:	S (sleeping)
  Tgid:	12317
  Ngid:	0
  Pid:	12317
  PPid:	12306
  TracerPid:	0
  Uid:	0	0	0	0
PID=4114 COMM=WebAppMgr CMD=/usr/bin/WebAppMgr --type=zygote --disable-in-process-stack-traces --no-sandbox --no-sandbox --disable-quic 
  Name:	WebAppMgr
  State:	S (sleeping)
  Tgid:	4114
  Ngid:	0
  Pid:	4114
  PPid:	3021
  TracerPid:	0
  Uid:	505	505	505	505

--- sockets ---
srw-rw-rw-    1 root     root             0 May 30 00:08 usap_pool_primary
srw-rw-rw-    1 root     root             0 May 30 00:08 zygote

--- log tail ---
Zygote: Zygote failed to write to system_server FD: No such file or directory
Zygote: Process 12343 exited due to signal 9 (Killed)
Zygote: Exit zygote because system server (pid 12343) has terminated
--- zygote log ---
Zygote: Zygote failed to write to system_server FD: No such file or directory
Zygote: Process 12343 exited due to signal 9 (Killed)
Zygote: Exit zygote because system server (pid 12343) has terminated

--- trace SIGKILL/system_server focused ---
           <...>-13156 [000] ...1 11143.854065: sched_process_exit: comm=sh pid=13156 prio=120
           <...>-13159 [001] ...1 11143.858039: sched_process_exit: comm=tr pid=13159 prio=120
           <...>-13158 [000] ...1 11143.858380: sched_process_exit: comm=sh pid=13158 prio=120
           <...>-13161 [002] ...1 11143.862250: sched_process_exit: comm=cat pid=13161 prio=120
           <...>-13160 [002] ...1 11143.862576: sched_process_exit: comm=sh pid=13160 prio=120
           <...>-13163 [001] ...1 11143.866274: sched_process_exit: comm=tr pid=13163 prio=120
           <...>-13162 [002] ...1 11143.866605: sched_process_exit: comm=sh pid=13162 prio=120
           <...>-13165 [002] ...1 11143.870651: sched_process_exit: comm=cat pid=13165 prio=120
           <...>-13164 [003] ...1 11143.871178: sched_process_exit: comm=sh pid=13164 prio=120
           <...>-13167 [003] ...1 11143.875998: sched_process_exit: comm=tr pid=13167 prio=120
           <...>-13166 [001] ...1 11143.876623: sched_process_exit: comm=sh pid=13166 prio=120
           <...>-13169 [001] ...1 11143.881121: sched_process_exit: comm=cat pid=13169 prio=120
           <...>-13168 [000] ...1 11143.881503: sched_process_exit: comm=sh pid=13168 prio=120
           <...>-13171 [000] ...1 11143.885880: sched_process_exit: comm=tr pid=13171 prio=120
           <...>-13170 [000] ...1 11143.886295: sched_process_exit: comm=sh pid=13170 prio=120
           <...>-13173 [002] ...1 11143.890355: sched_process_exit: comm=cat pid=13173 prio=120
           <...>-13172 [001] ...1 11143.890678: sched_process_exit: comm=sh pid=13172 prio=120
           <...>-13175 [002] ...1 11143.894571: sched_process_exit: comm=tr pid=13175 prio=120
           <...>-13174 [000] ...1 11143.894950: sched_process_exit: comm=sh pid=13174 prio=120
           <...>-13177 [002] ...1 11143.899170: sched_process_exit: comm=cat pid=13177 prio=120
           <...>-13176 [000] ...1 11143.899541: sched_process_exit: comm=sh pid=13176 prio=120
           <...>-13179 [002] ...1 11143.903225: sched_process_exit: comm=tr pid=13179 prio=120
           <...>-13178 [000] ...1 11143.903614: sched_process_exit: comm=sh pid=13178 prio=120
           <...>-13181 [002] ...1 11143.907475: sched_process_exit: comm=cat pid=13181 prio=120
           <...>-13180 [000] ...1 11143.907848: sched_process_exit: comm=sh pid=13180 prio=120
           <...>-13183 [002] ...1 11143.911846: sched_process_exit: comm=tr pid=13183 prio=120
           <...>-13182 [000] ...1 11143.912407: sched_process_exit: comm=sh pid=13182 prio=120
           <...>-13185 [002] ...1 11143.917140: sched_process_exit: comm=cat pid=13185 prio=120
           <...>-13184 [001] ...1 11143.917495: sched_process_exit: comm=sh pid=13184 prio=120
           <...>-13187 [002] ...1 11143.921494: sched_process_exit: comm=tr pid=13187 prio=120
           <...>-13186 [000] ...1 11143.921837: sched_process_exit: comm=sh pid=13186 prio=120
           <...>-13189 [000] ...1 11143.926423: sched_process_exit: comm=cat pid=13189 prio=120
           <...>-13188 [003] ...1 11143.926730: sched_process_exit: comm=sh pid=13188 prio=120
           <...>-13191 [003] ...1 11143.930983: sched_process_exit: comm=tr pid=13191 prio=120
           <...>-13190 [000] ...1 11143.931429: sched_process_exit: comm=sh pid=13190 prio=120
           <...>-13193 [002] ...1 11143.935457: sched_process_exit: comm=cat pid=13193 prio=120
           <...>-13192 [000] ...1 11143.935783: sched_process_exit: comm=sh pid=13192 prio=120
           <...>-13195 [002] ...1 11143.939663: sched_process_exit: comm=tr pid=13195 prio=120
           <...>-13194 [000] ...1 11143.939993: sched_process_exit: comm=sh pid=13194 prio=120
           <...>-13197 [003] ...1 11143.944431: sched_process_exit: comm=cat pid=13197 prio=120
           <...>-13196 [000] ...1 11143.944748: sched_process_exit: comm=sh pid=13196 prio=120
           <...>-13199 [002] ...1 11143.948793: sched_process_exit: comm=tr pid=13199 prio=120
           <...>-13198 [003] ...1 11143.949139: sched_process_exit: comm=sh pid=13198 prio=120
           <...>-13201 [002] ...1 11143.953450: sched_process_exit: comm=cat pid=13201 prio=120
           <...>-13200 [000] ...1 11143.953843: sched_process_exit: comm=sh pid=13200 prio=120
           <...>-13203 [000] ...1 11143.958902: sched_process_exit: comm=tr pid=13203 prio=120
           <...>-13202 [000] .n.1 11143.959350: sched_process_exit: comm=sh pid=13202 prio=120
           <...>-13205 [000] ...1 11143.968413: sched_process_exit: comm=cat pid=13205 prio=120
           <...>-13204 [000] ...1 11143.968822: sched_process_exit: comm=sh pid=13204 prio=120
           <...>-13207 [000] ...1 11143.973517: sched_process_exit: comm=tr pid=13207 prio=120
           <...>-13206 [000] ...1 11143.973909: sched_process_exit: comm=sh pid=13206 prio=120
           <...>-13209 [000] ...1 11143.978025: sched_process_exit: comm=cat pid=13209 prio=120
           <...>-13208 [000] ...1 11143.978347: sched_process_exit: comm=sh pid=13208 prio=120
           <...>-13211 [001] ...1 11143.982534: sched_process_exit: comm=tr pid=13211 prio=120
           <...>-13210 [000] ...1 11143.982893: sched_process_exit: comm=sh pid=13210 prio=120
           <...>-13213 [001] ...1 11143.986809: sched_process_exit: comm=cat pid=13213 prio=120
           <...>-13212 [001] ...1 11143.987122: sched_process_exit: comm=sh pid=13212 prio=120
           <...>-13215 [001] ...1 11143.992587: sched_process_exit: comm=tr pid=13215 prio=120
           <...>-13214 [001] ...1 11143.993005: sched_process_exit: comm=sh pid=13214 prio=120
           <...>-13217 [001] ...1 11143.998273: sched_process_exit: comm=cat pid=13217 prio=120
           <...>-13216 [001] ...1 11143.998644: sched_process_exit: comm=sh pid=13216 prio=120
           <...>-13219 [003] ...1 11144.002694: sched_process_exit: comm=tr pid=13219 prio=120
           <...>-13218 [000] ...1 11144.003068: sched_process_exit: comm=sh pid=13218 prio=120
           <...>-13221 [002] ...1 11144.007300: sched_process_exit: comm=cat pid=13221 prio=120
           <...>-13220 [003] ...1 11144.007677: sched_process_exit: comm=sh pid=13220 prio=120
           <...>-13223 [001] ...1 11144.013403: sched_process_exit: comm=tr pid=13223 prio=120
           <...>-13222 [003] ...1 11144.013793: sched_process_exit: comm=sh pid=13222 prio=120
           <...>-13225 [000] ...1 11144.018922: sched_process_exit: comm=cat pid=13225 prio=120
           <...>-13224 [003] ...1 11144.019269: sched_process_exit: comm=sh pid=13224 prio=120
           <...>-13227 [000] ...1 11144.024301: sched_process_exit: comm=tr pid=13227 prio=120
           <...>-13226 [000] ...1 11144.024615: sched_process_exit: comm=sh pid=13226 prio=120
           <...>-13229 [002] ...1 11144.028665: sched_process_exit: comm=cat pid=13229 prio=120
           <...>-13228 [000] ...1 11144.029009: sched_process_exit: comm=sh pid=13228 prio=120
           <...>-13231 [002] ...1 11144.033280: sched_process_exit: comm=tr pid=13231 prio=120
           <...>-13230 [000] ...1 11144.033756: sched_process_exit: comm=sh pid=13230 prio=120
           <...>-13233 [002] ...1 11144.038499: sched_process_exit: comm=cat pid=13233 prio=120
           <...>-13232 [003] ...1 11144.038853: sched_process_exit: comm=sh pid=13232 prio=120
           <...>-13235 [000] ...1 11144.043141: sched_process_exit: comm=tr pid=13235 prio=120
           <...>-13234 [000] ...1 11144.043477: sched_process_exit: comm=sh pid=13234 prio=120
           <...>-13237 [002] ...1 11144.047761: sched_process_exit: comm=cat pid=13237 prio=120
           <...>-13236 [000] ...1 11144.048108: sched_process_exit: comm=sh pid=13236 prio=120
           <...>-13239 [002] ...1 11144.051872: sched_process_exit: comm=tr pid=13239 prio=120
           <...>-13238 [003] ...1 11144.052309: sched_process_exit: comm=sh pid=13238 prio=120
           <...>-13241 [001] ...1 11144.056426: sched_process_exit: comm=cat pid=13241 prio=120
           <...>-13240 [001] ...1 11144.056735: sched_process_exit: comm=sh pid=13240 prio=120
           <...>-13243 [002] ...1 11144.060647: sched_process_exit: comm=tr pid=13243 prio=120
           <...>-13242 [001] ...1 11144.060968: sched_process_exit: comm=sh pid=13242 prio=120
           <...>-13245 [001] ...1 11144.064938: sched_process_exit: comm=cat pid=13245 prio=120
           <...>-13244 [002] ...1 11144.065280: sched_process_exit: comm=sh pid=13244 prio=120
           <...>-13247 [000] ...1 11144.069661: sched_process_exit: comm=tr pid=13247 prio=120
           <...>-13246 [002] ...1 11144.070057: sched_process_exit: comm=sh pid=13246 prio=120
           <...>-13249 [003] ...1 11144.075561: sched_process_exit: comm=cat pid=13249 prio=120
           <...>-13248 [003] ...1 11144.076082: sched_process_exit: comm=sh pid=13248 prio=120
           <...>-13251 [000] ...1 11144.080851: sched_process_exit: comm=tr pid=13251 prio=120
           <...>-13250 [003] ...1 11144.081142: sched_process_exit: comm=sh pid=13250 prio=120
           <...>-13253 [003] ...1 11144.085340: sched_process_exit: comm=cat pid=13253 prio=120
           <...>-13252 [000] ...1 11144.085697: sched_process_exit: comm=sh pid=13252 prio=120
           <...>-13255 [001] ...1 11144.089577: sched_process_exit: comm=tr pid=13255 prio=120
           <...>-13254 [003] ...1 11144.089898: sched_process_exit: comm=sh pid=13254 prio=120
           <...>-13257 [002] ...1 11144.094624: sched_process_exit: comm=cat pid=13257 prio=120
           <...>-13256 [003] ...1 11144.094955: sched_process_exit: comm=sh pid=13256 prio=120
           <...>-13259 [000] ...1 11144.099407: sched_process_exit: comm=tr pid=13259 prio=120
           <...>-13258 [003] ...1 11144.099737: sched_process_exit: comm=sh pid=13258 prio=120
           <...>-13261 [001] ...1 11144.103716: sched_process_exit: comm=cat pid=13261 prio=120
           <...>-13260 [003] ...1 11144.104002: sched_process_exit: comm=sh pid=13260 prio=120
           <...>-13263 [001] ...1 11144.107981: sched_process_exit: comm=tr pid=13263 prio=120
           <...>-13262 [003] ...1 11144.108305: sched_process_exit: comm=sh pid=13262 prio=120
           <...>-13265 [003] ...1 11144.113833: sched_process_exit: comm=cat pid=13265 prio=120
           <...>-13264 [003] ...1 11144.114304: sched_process_exit: comm=sh pid=13264 prio=120
           <...>-13267 [002] ...1 11144.119056: sched_process_exit: comm=tr pid=13267 prio=120
           <...>-13266 [003] ...1 11144.119431: sched_process_exit: comm=sh pid=13266 prio=120
           <...>-13269 [001] ...1 11144.124524: sched_process_exit: comm=cat pid=13269 prio=120
           <...>-13268 [001] ...1 11144.124838: sched_process_exit: comm=sh pid=13268 prio=120
           <...>-13271 [000] ...1 11144.129378: sched_process_exit: comm=tr pid=13271 prio=120
           <...>-13270 [001] ...1 11144.129675: sched_process_exit: comm=sh pid=13270 prio=120
           <...>-13273 [002] ...1 11144.133621: sched_process_exit: comm=cat pid=13273 prio=120
           <...>-13272 [001] ...1 11144.133967: sched_process_exit: comm=sh pid=13272 prio=120
           <...>-13275 [002] ...1 11144.137865: sched_process_exit: comm=tr pid=13275 prio=120
           <...>-13274 [001] ...1 11144.138184: sched_process_exit: comm=sh pid=13274 prio=120
           <...>-13277 [002] ...1 11144.141999: sched_process_exit: comm=cat pid=13277 prio=120
           <...>-13276 [003] ...1 11144.142311: sched_process_exit: comm=sh pid=13276 prio=120
           <...>-13279 [002] ...1 11144.146639: sched_process_exit: comm=tr pid=13279 prio=120
           <...>-13278 [001] ...1 11144.146941: sched_process_exit: comm=sh pid=13278 prio=120
           <...>-13281 [002] ...1 11144.150985: sched_process_exit: comm=cat pid=13281 prio=120
           <...>-13280 [003] ...1 11144.151633: sched_process_exit: comm=sh pid=13280 prio=120
           <...>-13283 [001] ...1 11144.157175: sched_process_exit: comm=tr pid=13283 prio=120
           <...>-13282 [003] ...1 11144.157559: sched_process_exit: comm=sh pid=13282 prio=120
           <...>-13285 [001] ...1 11144.161683: sched_process_exit: comm=cat pid=13285 prio=120
           <...>-13284 [003] ...1 11144.162008: sched_process_exit: comm=sh pid=13284 prio=120
           <...>-13287 [002] ...1 11144.166228: sched_process_exit: comm=tr pid=13287 prio=120
           <...>-13286 [001] ...1 11144.166607: sched_process_exit: comm=sh pid=13286 prio=120
           <...>-13289 [002] ...1 11144.170842: sched_process_exit: comm=cat pid=13289 prio=120
           <...>-13288 [001] ...1 11144.171146: sched_process_exit: comm=sh pid=13288 prio=120
           <...>-13291 [002] ...1 11144.176527: sched_process_exit: comm=tr pid=13291 prio=120
           <...>-13290 [001] ...1 11144.176997: sched_process_exit: comm=sh pid=13290 prio=120
           <...>-13293 [002] ...1 11144.181077: sched_process_exit: comm=cat pid=13293 prio=120
           <...>-13292 [003] ...1 11144.181370: sched_process_exit: comm=sh pid=13292 prio=120
           <...>-13295 [002] ...1 11144.185001: sched_process_exit: comm=tr pid=13295 prio=120
           <...>-13294 [003] ...1 11144.185299: sched_process_exit: comm=sh pid=13294 prio=120
           <...>-13297 [002] ...1 11144.189316: sched_process_exit: comm=cat pid=13297 prio=120
           <...>-13296 [003] ...1 11144.189624: sched_process_exit: comm=sh pid=13296 prio=120
           <...>-13299 [002] ...1 11144.193879: sched_process_exit: comm=tr pid=13299 prio=120
           <...>-13298 [003] ...1 11144.194272: sched_process_exit: comm=sh pid=13298 prio=120
           <...>-13301 [002] ...1 11144.199052: sched_process_exit: comm=cat pid=13301 prio=120
           <...>-13300 [003] ...1 11144.199397: sched_process_exit: comm=sh pid=13300 prio=120
           <...>-13303 [002] ...1 11144.203122: sched_process_exit: comm=tr pid=13303 prio=120
           <...>-13302 [000] ...1 11144.203416: sched_process_exit: comm=sh pid=13302 prio=120
           <...>-13305 [002] ...1 11144.208345: sched_process_exit: comm=cat pid=13305 prio=120
           <...>-13304 [003] ...1 11144.208657: sched_process_exit: comm=sh pid=13304 prio=120
           <...>-13307 [000] ...1 11144.213145: sched_process_exit: comm=tr pid=13307 prio=120
           <...>-13306 [000] ...1 11144.213556: sched_process_exit: comm=sh pid=13306 prio=120
           <...>-13309 [003] ...1 11144.217764: sched_process_exit: comm=cat pid=13309 prio=120
           <...>-13308 [000] ...1 11144.218132: sched_process_exit: comm=sh pid=13308 prio=120
           <...>-13311 [002] ...1 11144.221927: sched_process_exit: comm=tr pid=13311 prio=120
           <...>-13310 [003] ...1 11144.222245: sched_process_exit: comm=sh pid=13310 prio=120
           <...>-13313 [002] ...1 11144.226088: sched_process_exit: comm=cat pid=13313 prio=120
           <...>-13312 [003] ...1 11144.226429: sched_process_exit: comm=sh pid=13312 prio=120
           <...>-13315 [002] ...1 11144.230262: sched_process_exit: comm=tr pid=13315 prio=120
           <...>-13314 [003] ...1 11144.230890: sched_process_exit: comm=sh pid=13314 prio=120
           <...>-13317 [002] ...1 11144.236405: sched_process_exit: comm=cat pid=13317 prio=120
           <...>-13316 [003] ...1 11144.236789: sched_process_exit: comm=sh pid=13316 prio=120
           <...>-13319 [003] ...1 11144.240808: sched_process_exit: comm=tr pid=13319 prio=120
           <...>-13318 [003] ...1 11144.241152: sched_process_exit: comm=sh pid=13318 prio=120
           <...>-13321 [002] ...1 11144.245217: sched_process_exit: comm=cat pid=13321 prio=120
           <...>-13320 [003] ...1 11144.245558: sched_process_exit: comm=sh pid=13320 prio=120
           <...>-13323 [000] ...1 11144.249817: sched_process_exit: comm=tr pid=13323 prio=120
           <...>-13322 [003] ...1 11144.250139: sched_process_exit: comm=sh pid=13322 prio=120
           <...>-13325 [002] ...1 11144.254089: sched_process_exit: comm=cat pid=13325 prio=120
           <...>-13324 [000] ...1 11144.254425: sched_process_exit: comm=sh pid=13324 prio=120
           <...>-13327 [002] ...1 11144.258852: sched_process_exit: comm=tr pid=13327 prio=120
           <...>-13326 [000] ...1 11144.259225: sched_process_exit: comm=sh pid=13326 prio=120
           <...>-13329 [002] ...1 11144.263441: sched_process_exit: comm=cat pid=13329 prio=120
           <...>-13328 [000] ...1 11144.263811: sched_process_exit: comm=sh pid=13328 prio=120
           <...>-13331 [002] ...1 11144.269225: sched_process_exit: comm=tr pid=13331 prio=120
           <...>-13330 [000] ...1 11144.269600: sched_process_exit: comm=sh pid=13330 prio=120
           <...>-13333 [001] ...1 11144.274844: sched_process_exit: comm=cat pid=13333 prio=120
           <...>-13332 [001] ...1 11144.275323: sched_process_exit: comm=sh pid=13332 prio=120
           <...>-13335 [002] ...1 11144.279928: sched_process_exit: comm=tr pid=13335 prio=120
           <...>-13334 [001] ...1 11144.280442: sched_process_exit: comm=sh pid=13334 prio=120
           <...>-13337 [002] ...1 11144.284809: sched_process_exit: comm=cat pid=13337 prio=120
           <...>-13336 [000] ...1 11144.285185: sched_process_exit: comm=sh pid=13336 prio=120
           <...>-13339 [002] ...1 11144.289179: sched_process_exit: comm=tr pid=13339 prio=120
           <...>-13338 [000] ...1 11144.289517: sched_process_exit: comm=sh pid=13338 prio=120
           <...>-13341 [002] ...1 11144.293512: sched_process_exit: comm=cat pid=13341 prio=120
           <...>-13340 [003] ...1 11144.293871: sched_process_exit: comm=sh pid=13340 prio=120
              tr-13343 [002] ...1 11144.298967: sched_process_exit: comm=tr pid=13343 prio=120
              sh-13342 [003] ...1 11144.299297: sched_process_exit: comm=sh pid=13342 prio=120
             cat-13345 [002] ...1 11144.303240: sched_process_exit: comm=cat pid=13345 prio=120
              sh-13344 [003] ...1 11144.303563: sched_process_exit: comm=sh pid=13344 prio=120
              tr-13347 [002] ...1 11144.307240: sched_process_exit: comm=tr pid=13347 prio=120
              sh-13346 [000] ...1 11144.307543: sched_process_exit: comm=sh pid=13346 prio=120
             cat-13349 [002] ...1 11144.312399: sched_process_exit: comm=cat pid=13349 prio=120
              sh-13348 [000] ...1 11144.312810: sched_process_exit: comm=sh pid=13348 prio=120
              tr-13351 [002] ...1 11144.317435: sched_process_exit: comm=tr pid=13351 prio=120
              sh-13350 [000] ...1 11144.317977: sched_process_exit: comm=sh pid=13350 prio=120
             cat-13353 [002] ...1 11144.321995: sched_process_exit: comm=cat pid=13353 prio=120
              sh-13352 [003] ...1 11144.322321: sched_process_exit: comm=sh pid=13352 prio=120
              tr-13355 [002] ...1 11144.326213: sched_process_exit: comm=tr pid=13355 prio=120
              sh-13354 [000] ...1 11144.326563: sched_process_exit: comm=sh pid=13354 prio=120
             cat-13357 [001] ...1 11144.332737: sched_process_exit: comm=cat pid=13357 prio=120
              sh-13356 [000] ...1 11144.333109: sched_process_exit: comm=sh pid=13356 prio=120
              tr-13359 [002] ...1 11144.336928: sched_process_exit: comm=tr pid=13359 prio=120
              sh-13358 [003] ...1 11144.337209: sched_process_exit: comm=sh pid=13358 prio=120
             cat-13361 [002] ...1 11144.341269: sched_process_exit: comm=cat pid=13361 prio=120
              sh-13360 [003] ...1 11144.341585: sched_process_exit: comm=sh pid=13360 prio=120
              tr-13363 [002] ...1 11144.345210: sched_process_exit: comm=tr pid=13363 prio=120
              sh-13362 [003] ...1 11144.345504: sched_process_exit: comm=sh pid=13362 prio=120
             cat-13365 [002] ...1 11144.349667: sched_process_exit: comm=cat pid=13365 prio=120
              sh-13364 [003] ...1 11144.349962: sched_process_exit: comm=sh pid=13364 prio=120
              tr-13367 [002] ...1 11144.354345: sched_process_exit: comm=tr pid=13367 prio=120
              sh-13366 [003] ...1 11144.354845: sched_process_exit: comm=sh pid=13366 prio=120
             cat-13369 [001] ...1 11144.359828: sched_process_exit: comm=cat pid=13369 prio=120
              sh-13368 [001] ...1 11144.360156: sched_process_exit: comm=sh pid=13368 prio=120
              tr-13371 [002] ...1 11144.364153: sched_process_exit: comm=tr pid=13371 prio=120
              sh-13370 [003] ...1 11144.364617: sched_process_exit: comm=sh pid=13370 prio=120
             cat-13373 [002] ...1 11144.369416: sched_process_exit: comm=cat pid=13373 prio=120
              sh-13372 [001] ...1 11144.369752: sched_process_exit: comm=sh pid=13372 prio=120
              tr-13375 [002] ...1 11144.373498: sched_process_exit: comm=tr pid=13375 prio=120
              sh-13374 [000] ...1 11144.373850: sched_process_exit: comm=sh pid=13374 prio=120
             cat-13377 [002] ...1 11144.377972: sched_process_exit: comm=cat pid=13377 prio=120
              sh-13376 [001] ...1 11144.378286: sched_process_exit: comm=sh pid=13376 prio=120
              tr-13379 [002] ...1 11144.382170: sched_process_exit: comm=tr pid=13379 prio=120
              sh-13378 [001] ...1 11144.382522: sched_process_exit: comm=sh pid=13378 prio=120
             cat-13381 [002] ...1 11144.386341: sched_process_exit: comm=cat pid=13381 prio=120
              sh-13380 [001] ...1 11144.386644: sched_process_exit: comm=sh pid=13380 prio=120
              tr-13383 [002] ...1 11144.391952: sched_process_exit: comm=tr pid=13383 prio=120
              sh-13382 [000] ...1 11144.392509: sched_process_exit: comm=sh pid=13382 prio=120
             cat-13385 [002] ...1 11144.396999: sched_process_exit: comm=cat pid=13385 prio=120
              sh-13384 [003] ...1 11144.397405: sched_process_exit: comm=sh pid=13384 prio=120
              tr-13387 [002] ...1 11144.401801: sched_process_exit: comm=tr pid=13387 prio=120
              sh-13386 [003] ...1 11144.402145: sched_process_exit: comm=sh pid=13386 prio=120
             cat-13389 [002] ...1 11144.406159: sched_process_exit: comm=cat pid=13389 prio=120
              sh-13388 [003] ...1 11144.406485: sched_process_exit: comm=sh pid=13388 prio=120
              tr-13391 [002] ...1 11144.410269: sched_process_exit: comm=tr pid=13391 prio=120
              sh-13390 [003] ...1 11144.410828: sched_process_exit: comm=sh pid=13390 prio=120
             cat-13393 [002] ...1 11144.415076: sched_process_exit: comm=cat pid=13393 prio=120
              sh-13392 [003] ...1 11144.415454: sched_process_exit: comm=sh pid=13392 prio=120
              tr-13395 [002] ...1 11144.420569: sched_process_exit: comm=tr pid=13395 prio=120
              sh-13394 [003] ...1 11144.420901: sched_process_exit: comm=sh pid=13394 prio=120
             cat-13397 [002] ...1 11144.424951: sched_process_exit: comm=cat pid=13397 prio=120
              sh-13396 [003] ...1 11144.425260: sched_process_exit: comm=sh pid=13396 prio=120
              tr-13399 [003] ...1 11144.429143: sched_process_exit: comm=tr pid=13399 prio=120
              sh-13398 [000] ...1 11144.429519: sched_process_exit: comm=sh pid=13398 prio=120
             cat-13401 [002] ...1 11144.434052: sched_process_exit: comm=cat pid=13401 prio=120
              sh-13400 [001] ...1 11144.434396: sched_process_exit: comm=sh pid=13400 prio=120
              tr-13403 [002] ...1 11144.438507: sched_process_exit: comm=tr pid=13403 prio=120
              sh-13402 [001] ...1 11144.438892: sched_process_exit: comm=sh pid=13402 prio=120
             cat-13405 [002] ...1 11144.443193: sched_process_exit: comm=cat pid=13405 prio=120
              sh-13404 [001] ...1 11144.444206: sched_process_exit: comm=sh pid=13404 prio=120
              tr-13407 [002] ...1 11144.448157: sched_process_exit: comm=tr pid=13407 prio=120
              sh-13406 [000] ...1 11144.448467: sched_process_exit: comm=sh pid=13406 prio=120
             cat-13409 [002] ...1 11144.453151: sched_process_exit: comm=cat pid=13409 prio=120
              sh-13408 [001] ...1 11144.453505: sched_process_exit: comm=sh pid=13408 prio=120
              tr-13411 [002] ...1 11144.457477: sched_process_exit: comm=tr pid=13411 prio=120
              sh-13410 [000] ...1 11144.457867: sched_process_exit: comm=sh pid=13410 prio=120
             cat-13413 [002] ...1 11144.461953: sched_process_exit: comm=cat pid=13413 prio=120
              sh-13412 [000] ...1 11144.462280: sched_process_exit: comm=sh pid=13412 prio=120
              tr-13415 [002] ...1 11144.466152: sched_process_exit: comm=tr pid=13415 prio=120
              sh-13414 [000] ...1 11144.466485: sched_process_exit: comm=sh pid=13414 prio=120
             cat-13417 [002] ...1 11144.470517: sched_process_exit: comm=cat pid=13417 prio=120
              sh-13416 [000] ...1 11144.470853: sched_process_exit: comm=sh pid=13416 prio=120
              tr-13419 [000] ...1 11144.475790: sched_process_exit: comm=tr pid=13419 prio=120
              sh-13418 [000] ...1 11144.476251: sched_process_exit: comm=sh pid=13418 prio=120
             cat-13421 [000] ...1 11144.480642: sched_process_exit: comm=cat pid=13421 prio=120
              sh-13420 [000] ...1 11144.480972: sched_process_exit: comm=sh pid=13420 prio=120
              tr-13423 [002] ...1 11144.485087: sched_process_exit: comm=tr pid=13423 prio=120
              sh-13422 [000] ...1 11144.485477: sched_process_exit: comm=sh pid=13422 prio=120
             cat-13425 [002] ...1 11144.489539: sched_process_exit: comm=cat pid=13425 prio=120
              sh-13424 [000] ...1 11144.489928: sched_process_exit: comm=sh pid=13424 prio=120
              tr-13427 [002] ...1 11144.494557: sched_process_exit: comm=tr pid=13427 prio=120
              sh-13426 [001] ...1 11144.494937: sched_process_exit: comm=sh pid=13426 prio=120
             cat-13429 [002] ...1 11144.499492: sched_process_exit: comm=cat pid=13429 prio=120
              sh-13428 [000] ...1 11144.499867: sched_process_exit: comm=sh pid=13428 prio=120
              tr-13431 [002] ...1 11144.503815: sched_process_exit: comm=tr pid=13431 prio=120
              sh-13430 [000] ...1 11144.504124: sched_process_exit: comm=sh pid=13430 prio=120
             cat-13433 [000] ...1 11144.509599: sched_process_exit: comm=cat pid=13433 prio=120
              sh-13432 [003] ...1 11144.509941: sched_process_exit: comm=sh pid=13432 prio=120
              tr-13435 [002] ...1 11144.514969: sched_process_exit: comm=tr pid=13435 prio=120
              sh-13434 [000] ...1 11144.515398: sched_process_exit: comm=sh pid=13434 prio=120
             cat-13437 [002] ...1 11144.520136: sched_process_exit: comm=cat pid=13437 prio=120
              sh-13436 [000] ...1 11144.520477: sched_process_exit: comm=sh pid=13436 prio=120
              tr-13439 [002] ...1 11144.524420: sched_process_exit: comm=tr pid=13439 prio=120
              sh-13438 [003] ...1 11144.524749: sched_process_exit: comm=sh pid=13438 prio=120
             cat-13441 [002] ...1 11144.528916: sched_process_exit: comm=cat pid=13441 prio=120
              sh-13440 [003] ...1 11144.529227: sched_process_exit: comm=sh pid=13440 prio=120
              tr-13443 [002] ...1 11144.533144: sched_process_exit: comm=tr pid=13443 prio=120
              sh-13442 [003] ...1 11144.533502: sched_process_exit: comm=sh pid=13442 prio=120
             cat-13445 [002] ...1 11144.537469: sched_process_exit: comm=cat pid=13445 prio=120
              sh-13444 [003] ...1 11144.537792: sched_process_exit: comm=sh pid=13444 prio=120
              tr-13447 [002] ...1 11144.541390: sched_process_exit: comm=tr pid=13447 prio=120
              sh-13446 [003] ...1 11144.542787: sched_process_exit: comm=sh pid=13446 prio=120
             cat-13449 [002] ...1 11144.547009: sched_process_exit: comm=cat pid=13449 prio=120
              sh-13448 [003] ...1 11144.547313: sched_process_exit: comm=sh pid=13448 prio=120
              tr-13451 [003] ...1 11144.552348: sched_process_exit: comm=tr pid=13451 prio=120
              sh-13450 [003] ...1 11144.552848: sched_process_exit: comm=sh pid=13450 prio=120
              ls-13452 [000] ...1 11144.559345: sched_process_exit: comm=ls pid=13452 prio=120
            grep-13453 [002] ...1 11144.559681: sched_process_exit: comm=grep pid=13453 prio=120
            tail-13454 [003] ...1 11145.287257: sched_process_exit: comm=tail pid=13454 prio=120
              sh-12317 [002] ...1 11145.287709: sched_process_exit: comm=sh pid=12317 prio=120
           sleep-13455 [000] ...1 11149.292028: sched_process_exit: comm=sleep pid=13455 prio=120

--- raw trace tail ---
     ksoftirqd/2-16    [002] ..s1 11144.237688: sched_process_free: comm=sh pid=13288 prio=120
     ksoftirqd/2-16    [002] ..s1 11144.237726: sched_process_free: comm=sh pid=13290 prio=120
     ksoftirqd/2-16    [002] ..s1 11144.237767: sched_process_free: comm=sh pid=13292 prio=120
     ksoftirqd/2-16    [002] ..s1 11144.237798: sched_process_free: comm=sh pid=13294 prio=120
     ksoftirqd/2-16    [002] ..s1 11144.237830: sched_process_free: comm=sh pid=13296 prio=120
     ksoftirqd/2-16    [002] ..s1 11144.237860: sched_process_free: comm=sh pid=13298 prio=120
     ksoftirqd/2-16    [002] ..s1 11144.237895: sched_process_free: comm=sh pid=13300 prio=120
     ksoftirqd/2-16    [002] ..s1 11144.237928: sched_process_free: comm=sh pid=13302 prio=120
           <...>-13319 [003] ...1 11144.240808: sched_process_exit: comm=tr pid=13319 prio=120
           <...>-13318 [003] ...1 11144.241152: sched_process_exit: comm=sh pid=13318 prio=120
           <...>-13321 [002] ...1 11144.245217: sched_process_exit: comm=cat pid=13321 prio=120
           <...>-13320 [003] ...1 11144.245558: sched_process_exit: comm=sh pid=13320 prio=120
           <...>-13323 [000] ...1 11144.249817: sched_process_exit: comm=tr pid=13323 prio=120
           <...>-13322 [003] ...1 11144.250139: sched_process_exit: comm=sh pid=13322 prio=120
           <...>-13325 [002] ...1 11144.254089: sched_process_exit: comm=cat pid=13325 prio=120
           <...>-13324 [000] ...1 11144.254425: sched_process_exit: comm=sh pid=13324 prio=120
           <...>-3021  [000] ..s1 11144.257626: sched_process_free: comm=tr pid=13303 prio=120
     ksoftirqd/2-16    [002] ..s1 11144.257669: sched_process_free: comm=sh pid=13304 prio=120
           <...>-3021  [000] ..s1 11144.257672: sched_process_free: comm=tr pid=13307 prio=120
     ksoftirqd/2-16    [002] ..s1 11144.257684: sched_process_free: comm=sh pid=13306 prio=120
     ksoftirqd/2-16    [002] ..s1 11144.257696: sched_process_free: comm=sh pid=13308 prio=120
     ksoftirqd/2-16    [002] ..s1 11144.257724: sched_process_free: comm=sh pid=13310 prio=120
     ksoftirqd/2-16    [002] ..s1 11144.257755: sched_process_free: comm=sh pid=13312 prio=120
           <...>-13327 [002] ...1 11144.258852: sched_process_exit: comm=tr pid=13327 prio=120
           <...>-13326 [000] ...1 11144.259225: sched_process_exit: comm=sh pid=13326 prio=120
           <...>-13329 [002] ...1 11144.263441: sched_process_exit: comm=cat pid=13329 prio=120
           <...>-13328 [000] ...1 11144.263811: sched_process_exit: comm=sh pid=13328 prio=120
          <idle>-0     [003] ..s2 11144.267606: sched_process_free: comm=cat pid=13305 prio=120
           <...>-13331 [002] ...1 11144.269225: sched_process_exit: comm=tr pid=13331 prio=120
           <...>-13330 [000] ...1 11144.269600: sched_process_exit: comm=sh pid=13330 prio=120
           <...>-13333 [001] ...1 11144.274844: sched_process_exit: comm=cat pid=13333 prio=120
           <...>-13332 [001] ...1 11144.275323: sched_process_exit: comm=sh pid=13332 prio=120
           <...>-2603  [003] ..s1 11144.277620: sched_process_free: comm=tr pid=13311 prio=120
          <idle>-0     [000] .ns2 11144.277622: sched_process_free: comm=cat pid=13309 prio=120
           <...>-2603  [003] ..s1 11144.277645: sched_process_free: comm=cat pid=13313 prio=120
           <...>-2603  [003] ..s1 11144.277655: sched_process_free: comm=tr pid=13315 prio=120
           <...>-2603  [003] ..s1 11144.277664: sched_process_free: comm=cat pid=13317 prio=120
     ksoftirqd/2-16    [002] ..s1 11144.277687: sched_process_free: comm=sh pid=13314 prio=120
           <...>-2603  [003] ..s1 11144.277696: sched_process_free: comm=tr pid=13319 prio=120
           <...>-2603  [003] ..s1 11144.277706: sched_process_free: comm=cat pid=13321 prio=120
     ksoftirqd/2-16    [002] ..s1 11144.277723: sched_process_free: comm=sh pid=13316 prio=120
     ksoftirqd/2-16    [002] ..s1 11144.277753: sched_process_free: comm=sh pid=13318 prio=120
     ksoftirqd/2-16    [002] ..s1 11144.277786: sched_process_free: comm=sh pid=13320 prio=120
           <...>-13335 [002] ...1 11144.279928: sched_process_exit: comm=tr pid=13335 prio=120
           <...>-13334 [001] ...1 11144.280442: sched_process_exit: comm=sh pid=13334 prio=120
           <...>-13337 [002] ...1 11144.284809: sched_process_exit: comm=cat pid=13337 prio=120
           <...>-13336 [000] ...1 11144.285185: sched_process_exit: comm=sh pid=13336 prio=120
           <...>-13339 [002] ...1 11144.289179: sched_process_exit: comm=tr pid=13339 prio=120
           <...>-13338 [000] ...1 11144.289517: sched_process_exit: comm=sh pid=13338 prio=120
           <...>-13341 [002] ...1 11144.293512: sched_process_exit: comm=cat pid=13341 prio=120
           <...>-13340 [003] ...1 11144.293871: sched_process_exit: comm=sh pid=13340 prio=120
              tr-13343 [002] .ns1 11144.297619: sched_process_free: comm=sh pid=13322 prio=120
           <...>-6     [000] ..s1 11144.297668: sched_process_free: comm=cat pid=13325 prio=120
           <...>-6     [000] ..s1 11144.297686: sched_process_free: comm=tr pid=13327 prio=120
     ksoftirqd/2-16    [002] ..s2 11144.297692: sched_process_free: comm=sh pid=13324 prio=120
           <...>-6     [000] ..s1 11144.297697: sched_process_free: comm=cat pid=13329 prio=120
     ksoftirqd/2-16    [002] ..s2 11144.297727: sched_process_free: comm=sh pid=13326 prio=120
     ksoftirqd/2-16    [002] ..s1 11144.297757: sched_process_free: comm=sh pid=13328 prio=120
              tr-13343 [002] ...1 11144.298967: sched_process_exit: comm=tr pid=13343 prio=120
              sh-13342 [003] ...1 11144.299297: sched_process_exit: comm=sh pid=13342 prio=120
             cat-13345 [002] ...1 11144.303240: sched_process_exit: comm=cat pid=13345 prio=120
              sh-13344 [003] ...1 11144.303563: sched_process_exit: comm=sh pid=13344 prio=120
              tr-13347 [002] ...1 11144.307240: sched_process_exit: comm=tr pid=13347 prio=120
              sh-13346 [000] ...1 11144.307543: sched_process_exit: comm=sh pid=13346 prio=120
          <idle>-0     [003] ..s2 11144.307606: sched_process_free: comm=tr pid=13323 prio=120
          <idle>-0     [000] .ns3 11144.307608: sched_process_free: comm=tr pid=13331 prio=120
              sh-12317 [002] ..s2 11144.307626: sched_process_free: comm=sh pid=13330 prio=120
           Media-6314  [001] ..s1 11144.307638: sched_process_free: comm=cat pid=13333 prio=120
              sh-12317 [002] ..s2 11144.307643: sched_process_free: comm=sh pid=13332 prio=120
           Media-6314  [001] ..s1 11144.307652: sched_process_free: comm=tr pid=13335 prio=120
              sh-12317 [002] ..s2 11144.307684: sched_process_free: comm=sh pid=13334 prio=120
              sh-12317 [002] ..s2 11144.308093: sched_process_free: comm=sh pid=13336 prio=120
             cat-13349 [002] ...1 11144.312399: sched_process_exit: comm=cat pid=13349 prio=120
              sh-13348 [000] ...1 11144.312810: sched_process_exit: comm=sh pid=13348 prio=120
              tr-13351 [002] ...1 11144.317435: sched_process_exit: comm=tr pid=13351 prio=120
              sh-13350 [000] .ns1 11144.317640: sched_process_free: comm=cat pid=13337 prio=120
              sh-13350 [000] .ns1 11144.317661: sched_process_free: comm=tr pid=13339 prio=120
              sh-13350 [000] ...1 11144.317977: sched_process_exit: comm=sh pid=13350 prio=120
             cat-13353 [002] ...1 11144.321995: sched_process_exit: comm=cat pid=13353 prio=120
              sh-13352 [003] ...1 11144.322321: sched_process_exit: comm=sh pid=13352 prio=120
              tr-13355 [002] ...1 11144.326213: sched_process_exit: comm=tr pid=13355 prio=120
              sh-13354 [000] ...1 11144.326563: sched_process_exit: comm=sh pid=13354 prio=120
       pq_thread-5911  [002] ..s1 11144.327627: sched_process_free: comm=sh pid=13338 prio=120
       pq_thread-5911  [002] ..s1 11144.327667: sched_process_free: comm=sh pid=13340 prio=120
             cat-13357 [001] ...1 11144.332737: sched_process_exit: comm=cat pid=13357 prio=120
              sh-13356 [000] ...1 11144.333109: sched_process_exit: comm=sh pid=13356 prio=120
              tr-13359 [002] ...1 11144.336928: sched_process_exit: comm=tr pid=13359 prio=120
              sh-13358 [003] ...1 11144.337209: sched_process_exit: comm=sh pid=13358 prio=120
             cat-13361 [002] ...1 11144.341269: sched_process_exit: comm=cat pid=13361 prio=120
              sh-13360 [003] ...1 11144.341585: sched_process_exit: comm=sh pid=13360 prio=120
              tr-13363 [002] ...1 11144.345210: sched_process_exit: comm=tr pid=13363 prio=120
              sh-13362 [003] ...1 11144.345504: sched_process_exit: comm=sh pid=13362 prio=120
          <idle>-0     [000] .ns2 11144.347613: sched_process_free: comm=tr pid=13347 prio=120
          <idle>-0     [003] .ns2 11144.347613: sched_process_free: comm=cat pid=13341 prio=120
          <idle>-0     [003] .ns2 11144.347633: sched_process_free: comm=tr pid=13343 prio=120
     ksoftirqd/2-16    [002] ..s1 11144.347663: sched_process_free: comm=sh pid=13342 prio=120
     ksoftirqd/3-20    [003] ..s1 11144.347691: sched_process_free: comm=cat pid=13345 prio=120
     ksoftirqd/2-16    [002] ..s1 11144.347700: sched_process_free: comm=sh pid=13344 prio=120
     ksoftirqd/2-16    [002] ..s1 11144.347740: sched_process_free: comm=sh pid=13346 prio=120
     ksoftirqd/2-16    [002] ..s1 11144.347773: sched_process_free: comm=sh pid=13348 prio=120
             cat-13365 [002] ...1 11144.349667: sched_process_exit: comm=cat pid=13365 prio=120
              sh-13364 [003] ...1 11144.349962: sched_process_exit: comm=sh pid=13364 prio=120
              tr-13367 [002] ...1 11144.354345: sched_process_exit: comm=tr pid=13367 prio=120
              sh-13366 [003] ...1 11144.354845: sched_process_exit: comm=sh pid=13366 prio=120
             cat-13369 [001] ...1 11144.359828: sched_process_exit: comm=cat pid=13369 prio=120
              sh-13368 [001] ...1 11144.360156: sched_process_exit: comm=sh pid=13368 prio=120
              tr-13371 [002] ...1 11144.364153: sched_process_exit: comm=tr pid=13371 prio=120
              sh-13370 [003] ...1 11144.364617: sched_process_exit: comm=sh pid=13370 prio=120
          <idle>-0     [003] ..s2 11144.367618: sched_process_free: comm=cat pid=13353 prio=120
             cat-13373 [002] .ns1 11144.367637: sched_process_free: comm=sh pid=13350 prio=120
     ksoftirqd/2-16    [002] ..s1 11144.367745: sched_process_free: comm=sh pid=13352 prio=120
     ksoftirqd/2-16    [002] ..s1 11144.367776: sched_process_free: comm=sh pid=13354 prio=120
     ksoftirqd/2-16    [002] ..s1 11144.367793: sched_process_free: comm=sh pid=13356 prio=120
     ksoftirqd/2-16    [002] ..s1 11144.367828: sched_process_free: comm=sh pid=13358 prio=120
     ksoftirqd/2-16    [002] ..s1 11144.367858: sched_process_free: comm=sh pid=13360 prio=120
     ksoftirqd/2-16    [002] ..s1 11144.367891: sched_process_free: comm=sh pid=13362 prio=120
     ksoftirqd/2-16    [002] ..s1 11144.367929: sched_process_free: comm=sh pid=13364 prio=120
     ksoftirqd/2-16    [002] ..s1 11144.367956: sched_process_free: comm=sh pid=13366 prio=120
             cat-13373 [002] ...1 11144.369416: sched_process_exit: comm=cat pid=13373 prio=120
              sh-13372 [001] ...1 11144.369752: sched_process_exit: comm=sh pid=13372 prio=120
              tr-13375 [002] ...1 11144.373498: sched_process_exit: comm=tr pid=13375 prio=120
              sh-13374 [000] ...1 11144.373850: sched_process_exit: comm=sh pid=13374 prio=120
          <idle>-0     [003] .ns2 11144.377617: sched_process_free: comm=tr pid=13359 prio=120
          <idle>-0     [000] .ns2 11144.377621: sched_process_free: comm=cat pid=13349 prio=120
          <idle>-0     [000] .ns2 11144.377640: sched_process_free: comm=tr pid=13351 prio=120
          <idle>-0     [003] .ns2 11144.377641: sched_process_free: comm=cat pid=13361 prio=120
           <...>-6     [000] ..s1 11144.377688: sched_process_free: comm=tr pid=13355 prio=120
     ksoftirqd/3-20    [003] ..s1 11144.377697: sched_process_free: comm=tr pid=13363 prio=120
           <...>-6     [000] ..s1 11144.377697: sched_process_free: comm=cat pid=13357 prio=120
             cat-13377 [002] ...1 11144.377972: sched_process_exit: comm=cat pid=13377 prio=120
              sh-13376 [001] ...1 11144.378286: sched_process_exit: comm=sh pid=13376 prio=120
              tr-13379 [002] ...1 11144.382170: sched_process_exit: comm=tr pid=13379 prio=120
              sh-13378 [001] ...1 11144.382522: sched_process_exit: comm=sh pid=13378 prio=120
             cat-13381 [002] ...1 11144.386341: sched_process_exit: comm=cat pid=13381 prio=120
              sh-13380 [001] ...1 11144.386644: sched_process_exit: comm=sh pid=13380 prio=120
              tr-13383 [002] ...1 11144.391952: sched_process_exit: comm=tr pid=13383 prio=120
              sh-13382 [000] ...1 11144.392509: sched_process_exit: comm=sh pid=13382 prio=120
             cat-13385 [002] ...1 11144.396999: sched_process_exit: comm=cat pid=13385 prio=120
              sh-13384 [003] ...1 11144.397405: sched_process_exit: comm=sh pid=13384 prio=120
          <idle>-0     [003] ..s2 11144.397615: sched_process_free: comm=cat pid=13365 prio=120
              sh-12317 [002] ..s1 11144.397622: sched_process_free: comm=sh pid=13368 prio=120
          <idle>-0     [003] ..s2 11144.397641: sched_process_free: comm=tr pid=13367 prio=120
          <idle>-0     [003] ..s2 11144.397660: sched_process_free: comm=tr pid=13371 prio=120
              sh-12317 [002] ..s1 11144.397671: sched_process_free: comm=sh pid=13370 prio=120
              tr-13387 [002] ...1 11144.401801: sched_process_exit: comm=tr pid=13387 prio=120
              sh-13386 [003] ...1 11144.402145: sched_process_exit: comm=sh pid=13386 prio=120
             cat-13389 [002] ...1 11144.406159: sched_process_exit: comm=cat pid=13389 prio=120
              sh-13388 [003] ...1 11144.406485: sched_process_exit: comm=sh pid=13388 prio=120
              tr-13391 [002] ...1 11144.410269: sched_process_exit: comm=tr pid=13391 prio=120
              sh-13390 [003] ...1 11144.410828: sched_process_exit: comm=sh pid=13390 prio=120
             cat-13393 [002] ...1 11144.415076: sched_process_exit: comm=cat pid=13393 prio=120
              sh-13392 [003] ...1 11144.415454: sched_process_exit: comm=sh pid=13392 prio=120
 tAiSceneService-2604  [000] .ns1 11144.417633: sched_process_free: comm=tr pid=13375 prio=120
     ksoftirqd/2-16    [002] ..s1 11144.417709: sched_process_free: comm=sh pid=13372 prio=120
     ksoftirqd/2-16    [002] ..s1 11144.417744: sched_process_free: comm=sh pid=13374 prio=120
     ksoftirqd/2-16    [002] ..s1 11144.417771: sched_process_free: comm=sh pid=13376 prio=120
     ksoftirqd/2-16    [002] ..s1 11144.417804: sched_process_free: comm=sh pid=13378 prio=120
     ksoftirqd/2-16    [002] ..s1 11144.417831: sched_process_free: comm=sh pid=13380 prio=120
              tr-13395 [002] ...1 11144.420569: sched_process_exit: comm=tr pid=13395 prio=120
              sh-13394 [003] ...1 11144.420901: sched_process_exit: comm=sh pid=13394 prio=120
             cat-13397 [002] ...1 11144.424951: sched_process_exit: comm=cat pid=13397 prio=120
              sh-13396 [003] ...1 11144.425260: sched_process_exit: comm=sh pid=13396 prio=120
           Media-6314  [001] ..s1 11144.427626: sched_process_free: comm=cat pid=13369 prio=120
           Media-6314  [001] ..s1 11144.427650: sched_process_free: comm=cat pid=13373 prio=120
           Media-6314  [001] ..s1 11144.427659: sched_process_free: comm=cat pid=13377 prio=120
           Media-6314  [001] ..s1 11144.427669: sched_process_free: comm=tr pid=13379 prio=120
           Media-6314  [001] ..s1 11144.427678: sched_process_free: comm=cat pid=13381 prio=120
              tr-13399 [003] ...1 11144.429143: sched_process_exit: comm=tr pid=13399 prio=120
              sh-13398 [000] ...1 11144.429519: sched_process_exit: comm=sh pid=13398 prio=120
             cat-13401 [002] ...1 11144.434052: sched_process_exit: comm=cat pid=13401 prio=120
              sh-13400 [001] ...1 11144.434396: sched_process_exit: comm=sh pid=13400 prio=120
          <idle>-0     [000] .ns2 11144.437637: sched_process_free: comm=tr pid=13383 prio=120
     ksoftirqd/2-16    [002] ..s1 11144.437687: sched_process_free: comm=sh pid=13382 prio=120
     ksoftirqd/2-16    [002] ..s1 11144.437725: sched_process_free: comm=sh pid=13384 prio=120
     ksoftirqd/2-16    [002] ..s1 11144.437761: sched_process_free: comm=sh pid=13386 prio=120
     ksoftirqd/2-16    [002] ..s1 11144.437797: sched_process_free: comm=sh pid=13388 prio=120
              tr-13403 [002] ...1 11144.438507: sched_process_exit: comm=tr pid=13403 prio=120
              sh-13402 [001] ...1 11144.438892: sched_process_exit: comm=sh pid=13402 prio=120
             cat-13405 [002] ...1 11144.443193: sched_process_exit: comm=cat pid=13405 prio=120
              sh-13404 [001] ...1 11144.444206: sched_process_exit: comm=sh pid=13404 prio=120
          <idle>-0     [003] ..s2 11144.447630: sched_process_free: comm=cat pid=13385 prio=120
          <idle>-0     [003] ..s2 11144.447655: sched_process_free: comm=tr pid=13387 prio=120
          <idle>-0     [003] ..s2 11144.447668: sched_process_free: comm=cat pid=13389 prio=120
              tr-13407 [002] ...1 11144.448157: sched_process_exit: comm=tr pid=13407 prio=120
              sh-13406 [000] ...1 11144.448467: sched_process_exit: comm=sh pid=13406 prio=120
             cat-13409 [002] ...1 11144.453151: sched_process_exit: comm=cat pid=13409 prio=120
              sh-13408 [001] ...1 11144.453505: sched_process_exit: comm=sh pid=13408 prio=120
              tr-13411 [002] ...1 11144.457477: sched_process_exit: comm=tr pid=13411 prio=120
          <idle>-0     [003] ..s2 11144.457610: sched_process_free: comm=tr pid=13391 prio=120
          <idle>-0     [003] ..s2 11144.457628: sched_process_free: comm=cat pid=13393 prio=120
     ksoftirqd/2-16    [002] ..s1 11144.457664: sched_process_free: comm=sh pid=13390 prio=120
     ksoftirqd/2-16    [002] ..s1 11144.457696: sched_process_free: comm=sh pid=13392 prio=120
     ksoftirqd/2-16    [002] ..s1 11144.457737: sched_process_free: comm=sh pid=13394 prio=120
     ksoftirqd/2-16    [002] ..s1 11144.457770: sched_process_free: comm=sh pid=13396 prio=120
              sh-13410 [000] ...1 11144.457867: sched_process_exit: comm=sh pid=13410 prio=120
             cat-13413 [002] ...1 11144.461953: sched_process_exit: comm=cat pid=13413 prio=120
              sh-13412 [000] ...1 11144.462280: sched_process_exit: comm=sh pid=13412 prio=120
              tr-13415 [002] ...1 11144.466152: sched_process_exit: comm=tr pid=13415 prio=120
              sh-13414 [000] ...1 11144.466485: sched_process_exit: comm=sh pid=13414 prio=120
             cat-13417 [002] ...1 11144.470517: sched_process_exit: comm=cat pid=13417 prio=120
              sh-13416 [000] ...1 11144.470853: sched_process_exit: comm=sh pid=13416 prio=120
              tr-13419 [000] ...1 11144.475790: sched_process_exit: comm=tr pid=13419 prio=120
              sh-13418 [000] ...1 11144.476251: sched_process_exit: comm=sh pid=13418 prio=120
          <idle>-0     [003] ..s2 11144.477611: sched_process_free: comm=tr pid=13395 prio=120
          <idle>-0     [002] .ns2 11144.477617: sched_process_free: comm=sh pid=13398 prio=120
          <idle>-0     [003] ..s2 11144.477635: sched_process_free: comm=cat pid=13397 prio=120
             cat-13421 [000] .ns1 11144.477640: sched_process_free: comm=tr pid=13399 prio=120
     ksoftirqd/2-16    [002] ..s1 11144.477688: sched_process_free: comm=sh pid=13400 prio=120
     ksoftirqd/2-16    [002] ..s1 11144.477726: sched_process_free: comm=sh pid=13402 prio=120
     ksoftirqd/2-16    [002] ..s1 11144.477762: sched_process_free: comm=sh pid=13404 prio=120
             cat-13421 [000] ...1 11144.480642: sched_process_exit: comm=cat pid=13421 prio=120
              sh-13420 [000] ...1 11144.480972: sched_process_exit: comm=sh pid=13420 prio=120
              tr-13423 [002] ...1 11144.485087: sched_process_exit: comm=tr pid=13423 prio=120
              sh-13422 [000] ...1 11144.485477: sched_process_exit: comm=sh pid=13422 prio=120
             cat-13425 [002] ...1 11144.489539: sched_process_exit: comm=cat pid=13425 prio=120
              sh-13424 [000] ...1 11144.489928: sched_process_exit: comm=sh pid=13424 prio=120
              tr-13427 [002] ...1 11144.494557: sched_process_exit: comm=tr pid=13427 prio=120
              sh-13426 [001] ...1 11144.494937: sched_process_exit: comm=sh pid=13426 prio=120
          <idle>-0     [001] ..s2 11144.497632: sched_process_free: comm=cat pid=13401 prio=120
          <idle>-0     [000] .ns2 11144.497634: sched_process_free: comm=tr pid=13407 prio=120
     ksoftirqd/2-16    [002] ..s1 11144.497650: sched_process_free: comm=sh pid=13406 prio=120
          <idle>-0     [001] ..s2 11144.497654: sched_process_free: comm=tr pid=13403 prio=120
          <idle>-0     [000] .ns2 11144.497655: sched_process_free: comm=tr pid=13411 prio=120
          <idle>-0     [001] ..s2 11144.497668: sched_process_free: comm=cat pid=13405 prio=120
          <idle>-0     [001] ..s2 11144.497678: sched_process_free: comm=cat pid=13409 prio=120
     ksoftirqd/2-16    [002] ..s1 11144.497685: sched_process_free: comm=sh pid=13408 prio=120
           <...>-6     [000] ..s1 11144.497713: sched_process_free: comm=cat pid=13413 prio=120
           <...>-6     [000] ..s1 11144.497722: sched_process_free: comm=tr pid=13415 prio=120
     ksoftirqd/2-16    [002] ..s1 11144.497725: sched_process_free: comm=sh pid=13410 prio=120
     ksoftirqd/2-16    [002] ..s1 11144.497754: sched_process_free: comm=sh pid=13412 prio=120
     ksoftirqd/2-16    [002] ..s1 11144.497781: sched_process_free: comm=sh pid=13414 prio=120
             cat-13429 [002] ...1 11144.499492: sched_process_exit: comm=cat pid=13429 prio=120
              sh-13428 [000] ...1 11144.499867: sched_process_exit: comm=sh pid=13428 prio=120
              tr-13431 [002] ...1 11144.503815: sched_process_exit: comm=tr pid=13431 prio=120
              sh-13430 [000] ...1 11144.504124: sched_process_exit: comm=sh pid=13430 prio=120
             cat-13433 [000] ...1 11144.509599: sched_process_exit: comm=cat pid=13433 prio=120
              sh-13432 [003] ...1 11144.509941: sched_process_exit: comm=sh pid=13432 prio=120
              tr-13435 [002] ...1 11144.514969: sched_process_exit: comm=tr pid=13435 prio=120
              sh-13434 [000] ...1 11144.515398: sched_process_exit: comm=sh pid=13434 prio=120
          <idle>-0     [000] .ns2 11144.517639: sched_process_free: comm=cat pid=13417 prio=120
     ksoftirqd/2-16    [002] ..s1 11144.517672: sched_process_free: comm=sh pid=13416 prio=120
     ksoftirqd/2-16    [002] ..s1 11144.517691: sched_process_free: comm=sh pid=13418 prio=120
     ksoftirqd/2-16    [002] ..s1 11144.517708: sched_process_free: comm=sh pid=13420 prio=120
     ksoftirqd/2-16    [002] ..s1 11144.517740: sched_process_free: comm=sh pid=13422 prio=120
           <...>-6     [000] ..s1 11144.517764: sched_process_free: comm=tr pid=13419 prio=120
           <...>-6     [000] ..s1 11144.517797: sched_process_free: comm=cat pid=13421 prio=120
           <...>-6     [000] ..s1 11144.517806: sched_process_free: comm=tr pid=13423 prio=120
           <...>-6     [000] ..s1 11144.517815: sched_process_free: comm=cat pid=13425 prio=120
             cat-13437 [002] ...1 11144.520136: sched_process_exit: comm=cat pid=13437 prio=120
              sh-13436 [000] ...1 11144.520477: sched_process_exit: comm=sh pid=13436 prio=120
              tr-13439 [002] ...1 11144.524420: sched_process_exit: comm=tr pid=13439 prio=120
              sh-13438 [003] ...1 11144.524749: sched_process_exit: comm=sh pid=13438 prio=120
          <idle>-0     [001] ..s2 11144.527625: sched_process_free: comm=tr pid=13427 prio=120
     ksoftirqd/2-16    [002] ..s1 11144.527656: sched_process_free: comm=sh pid=13424 prio=120
     ksoftirqd/2-16    [002] ..s1 11144.527695: sched_process_free: comm=sh pid=13426 prio=120
     ksoftirqd/2-16    [002] ..s1 11144.527747: sched_process_free: comm=sh pid=13428 prio=120
     ksoftirqd/2-16    [002] ..s1 11144.527778: sched_process_free: comm=sh pid=13430 prio=120
             cat-13441 [002] ...1 11144.528916: sched_process_exit: comm=cat pid=13441 prio=120
              sh-13440 [003] ...1 11144.529227: sched_process_exit: comm=sh pid=13440 prio=120
              tr-13443 [002] ...1 11144.533144: sched_process_exit: comm=tr pid=13443 prio=120
              sh-13442 [003] ...1 11144.533502: sched_process_exit: comm=sh pid=13442 prio=120
             cat-13445 [002] ...1 11144.537469: sched_process_exit: comm=cat pid=13445 prio=120
              sh-13444 [003] ...1 11144.537792: sched_process_exit: comm=sh pid=13444 prio=120
              tr-13447 [002] ...1 11144.541390: sched_process_exit: comm=tr pid=13447 prio=120
              sh-13446 [003] ...1 11144.542787: sched_process_exit: comm=sh pid=13446 prio=120
             cat-13449 [002] ...1 11144.547009: sched_process_exit: comm=cat pid=13449 prio=120
              sh-13448 [003] ...1 11144.547313: sched_process_exit: comm=sh pid=13448 prio=120
        lginput2-3428  [000] ..s3 11144.547608: sched_process_free: comm=cat pid=13429 prio=120
              sh-12317 [002] ..s3 11144.547616: sched_process_free: comm=sh pid=13432 prio=120
        lginput2-3428  [000] ..s3 11144.547633: sched_process_free: comm=tr pid=13431 prio=120
              sh-12317 [002] ..s3 11144.547650: sched_process_free: comm=sh pid=13434 prio=120
        lginput2-3428  [000] ..s3 11144.547664: sched_process_free: comm=tr pid=13435 prio=120
              tr-13451 [003] ...1 11144.552348: sched_process_exit: comm=tr pid=13451 prio=120
              sh-13450 [003] ...1 11144.552848: sched_process_exit: comm=sh pid=13450 prio=120
              ls-13452 [000] ...1 11144.559345: sched_process_exit: comm=ls pid=13452 prio=120
            grep-13453 [002] ...1 11144.559681: sched_process_exit: comm=grep pid=13453 prio=120
          <idle>-0     [003] ..s2 11144.567618: sched_process_free: comm=cat pid=13433 prio=120
          <idle>-0     [000] .ns2 11144.567639: sched_process_free: comm=cat pid=13437 prio=120
          <idle>-0     [003] ..s2 11144.567647: sched_process_free: comm=tr pid=13439 prio=120
          <idle>-0     [003] ..s2 11144.567658: sched_process_free: comm=cat pid=13441 prio=120
          <idle>-0     [003] ..s2 11144.567667: sched_process_free: comm=tr pid=13443 prio=120
          <idle>-0     [003] ..s2 11144.567676: sched_process_free: comm=cat pid=13445 prio=120
     ksoftirqd/2-16    [002] ..s1 11144.567690: sched_process_free: comm=sh pid=13436 prio=120
     ksoftirqd/2-16    [002] ..s1 11144.567727: sched_process_free: comm=sh pid=13438 prio=120
     ksoftirqd/2-16    [002] ..s1 11144.567763: sched_process_free: comm=sh pid=13440 prio=120
     ksoftirqd/2-16    [002] ..s1 11144.567792: sched_process_free: comm=sh pid=13442 prio=120
          <idle>-0     [002] .ns2 11144.587618: sched_process_free: comm=sh pid=13444 prio=120
     ksoftirqd/2-16    [002] ..s1 11144.587703: sched_process_free: comm=sh pid=13446 prio=120
     ksoftirqd/2-16    [002] ..s1 11144.587737: sched_process_free: comm=sh pid=13448 prio=120
     ksoftirqd/2-16    [002] ..s1 11144.587747: sched_process_free: comm=sh pid=13450 prio=120
          <idle>-0     [003] ..s2 11144.607611: sched_process_free: comm=tr pid=13447 prio=120
          <idle>-0     [002] .ns2 11144.607611: sched_process_free: comm=ls pid=13452 prio=120
          <idle>-0     [003] ..s2 11144.607640: sched_process_free: comm=cat pid=13449 prio=120
          <idle>-0     [003] ..s2 11144.607670: sched_process_free: comm=tr pid=13451 prio=120
     ksoftirqd/2-16    [002] ..s1 11144.607684: sched_process_free: comm=grep pid=13453 prio=120
            tail-13454 [003] ...1 11145.287257: sched_process_exit: comm=tail pid=13454 prio=120
              sh-12317 [002] ...1 11145.287709: sched_process_exit: comm=sh pid=12317 prio=120
          <idle>-0     [002] .ns2 11145.327605: sched_process_free: comm=tail pid=13454 prio=120
           Media-6314  [001] ..s1 11145.347619: sched_process_free: comm=sh pid=12317 prio=120
           sleep-13455 [000] ...1 11149.292028: sched_process_exit: comm=sleep pid=13455 prio=120

--- dmesg focused ---
[11136.091146] binder: binder: WEBOS accept ioctl 0x40046210 no-op
[11136.091189] binder: binder_alloc_shim: binder_mmap enter filp=ffffffc0a4f21700 vma=ffffffc09c51ae70 start=0x7ec7957000 end=0x7ec7a55000 flags=0x200071
[11136.091208] binder: binder_alloc_shim: update_page_range enter allocate=1 start=ffffff800b100000 end=ffffff800b101000 vma=ffffffc09c51ae70
[11136.091213] binder: binder_alloc_shim: before __get_free_page GFP_KERNEL=0x24000c0
[11136.091221] binder: binder_alloc_shim: after __get_free_page addr=0xffffffc088e42000
[11136.091225] binder: binder_alloc_shim: virt_to_page page=ffffffbdc2239080
[11136.091230] binder: binder_alloc_shim: before vm_insert_page user_page_addr=0x7ec7957000 page=ffffffbdc2239080
[11136.091240] binder: binder_alloc_shim: after vm_insert_page ret=0
[11136.298286] binder: binder_alloc_shim: update_page_range enter allocate=1 start=ffffff8002381000 end=ffffff8002381000 vma=          (null)
[11136.298394] binder: binder_alloc_shim: update_page_range enter allocate=1 start=ffffff800b101000 end=ffffff800b101000 vma=          (null)
[11136.298414] binder: binder_alloc_shim: update_page_range enter allocate=0 start=ffffff8002381000 end=ffffff8002380000 vma=          (null)
[11136.298452] binder: binder_alloc_shim: update_page_range enter allocate=0 start=ffffff800b101000 end=ffffff800b100000 vma=          (null)
[11136.301082] binder: binder_alloc_shim: update_page_range enter allocate=1 start=ffffff8002381000 end=ffffff8002381000 vma=          (null)
[11136.301262] binder: binder_alloc_shim: update_page_range enter allocate=1 start=ffffff800b101000 end=ffffff800b101000 vma=          (null)
[11136.301329] binder: binder_alloc_shim: update_page_range enter allocate=0 start=ffffff8002381000 end=ffffff8002380000 vma=          (null)
[11136.301389] binder: binder_alloc_shim: update_page_range enter allocate=0 start=ffffff800b101000 end=ffffff800b100000 vma=          (null)
[11136.303609] binder: binder_alloc_shim: update_page_range enter allocate=1 start=ffffff8002381000 end=ffffff8002381000 vma=          (null)
[11136.303773] binder: binder_alloc_shim: update_page_range enter allocate=1 start=ffffff800b101000 end=ffffff800b101000 vma=          (null)
[11136.303833] binder: binder_alloc_shim: update_page_range enter allocate=0 start=ffffff8002381000 end=ffffff8002380000 vma=          (null)
[11136.303874] binder: binder_alloc_shim: update_page_range enter allocate=0 start=ffffff800b101000 end=ffffff800b100000 vma=          (null)
[11136.304629] binder: binder_alloc_shim: update_page_range enter allocate=1 start=ffffff8002381000 end=ffffff8002381000 vma=          (null)
[11136.304776] binder: binder_alloc_shim: update_page_range enter allocate=1 start=ffffff800b101000 end=ffffff800b101000 vma=          (null)
[11136.304836] binder: binder_alloc_shim: update_page_range enter allocate=0 start=ffffff8002381000 end=ffffff8002380000 vma=          (null)
[11136.304877] binder: binder_alloc_shim: update_page_range enter allocate=0 start=ffffff800b101000 end=ffffff800b100000 vma=          (null)
[11136.305412] binder: binder_alloc_shim: update_page_range enter allocate=1 start=ffffff8002381000 end=ffffff8002381000 vma=          (null)
[11136.305533] binder: binder_alloc_shim: update_page_range enter allocate=1 start=ffffff800b101000 end=ffffff800b101000 vma=          (null)
[11136.305586] binder: binder_alloc_shim: update_page_range enter allocate=0 start=ffffff8002381000 end=ffffff8002380000 vma=          (null)
[11136.305625] binder: binder_alloc_shim: update_page_range enter allocate=0 start=ffffff800b101000 end=ffffff800b100000 vma=          (null)
[11136.305750] binder: binder_alloc_shim: update_page_range enter allocate=1 start=ffffff8002381000 end=ffffff8002381000 vma=          (null)
[11136.305809] binder: binder_alloc_shim: update_page_range enter allocate=1 start=ffffff800b101000 end=ffffff800b101000 vma=          (null)
[11136.305835] binder: binder_alloc_shim: update_page_range enter allocate=0 start=ffffff8002381000 end=ffffff8002380000 vma=          (null)
[11136.305859] binder: binder_alloc_shim: update_page_range enter allocate=0 start=ffffff800b101000 end=ffffff800b100000 vma=          (null)
[11136.307146] binder: binder_alloc_shim: update_page_range enter allocate=1 start=ffffff8002381000 end=ffffff8002381000 vma=          (null)
[11136.307292] binder: binder_alloc_shim: update_page_range enter allocate=1 start=ffffff800b101000 end=ffffff800b101000 vma=          (null)
[11136.307331] binder: binder_alloc_shim: update_page_range enter allocate=0 start=ffffff8002381000 end=ffffff8002380000 vma=          (null)
[11136.307363] binder: binder_alloc_shim: update_page_range enter allocate=0 start=ffffff800b101000 end=ffffff800b100000 vma=          (null)
[11136.657040] binder: binder_alloc_shim: update_page_range enter allocate=1 start=ffffff8002381000 end=ffffff8002381000 vma=          (null)
[11136.657209] binder: binder_alloc_shim: update_page_range enter allocate=1 start=ffffff800b101000 end=ffffff800b101000 vma=          (null)
[11136.657270] binder: binder_alloc_shim: update_page_range enter allocate=0 start=ffffff8002381000 end=ffffff8002380000 vma=          (null)
[11136.657313] binder: binder_alloc_shim: update_page_range enter allocate=0 start=ffffff800b101000 end=ffffff800b100000 vma=          (null)

TRACE_SYSTEMSERVER_SIGKILL_DONE
