--- tracing dir ---
/sys/kernel/debug/tracing

--- interesting trace lines ---
          <idle>-0     [000] ..s2  9248.677645: sched_process_free: comm=tr pid=573 prio=120
              tr-591   [003] ..s1  9248.677657: sched_process_free: comm=sh pid=568 prio=120
     ksoftirqd/1-12    [001] ..s1  9248.677660: sched_process_free: comm=cat pid=571 prio=120
              tr-591   [003] ..s1  9248.677686: sched_process_free: comm=sh pid=570 prio=120
     ksoftirqd/3-20    [003] ..s1  9248.677734: sched_process_free: comm=sh pid=572 prio=120
     ksoftirqd/3-20    [003] ..s1  9248.677763: sched_process_free: comm=sh pid=574 prio=120
              tr-591   [003] ...1  9248.678852: sched_process_exit: comm=tr pid=591 prio=120
              tr-591   [003] d..3  9248.678893: signal_generate: sig=17 errno=0 code=262145 comm=sh pid=590 grp=1 res=0
              sh-590   [000] d..2  9248.678937: signal_deliver: sig=17 errno=0 code=262145 sa_handler=64bc79 sa_flags=4000000
              sh-590   [000] ...1  9248.679164: sched_process_exit: comm=sh pid=590 prio=120
              sh-590   [000] d..3  9248.679183: signal_generate: sig=17 errno=0 code=262145 comm=sh pid=31980 grp=1 res=0
              sh-31980 [003] d..2  9248.679190: signal_deliver: sig=17 errno=0 code=262145 sa_handler=64bc79 sa_flags=4000000
             cat-593   [003] ...1  9248.683030: sched_process_exit: comm=cat pid=593 prio=120
             cat-593   [003] d..3  9248.683069: signal_generate: sig=17 errno=0 code=262145 comm=sh pid=592 grp=1 res=0
              sh-592   [001] d..2  9248.683107: signal_deliver: sig=17 errno=0 code=262145 sa_handler=64bc79 sa_flags=4000000
              sh-592   [001] ...1  9248.683331: sched_process_exit: comm=sh pid=592 prio=120
              sh-592   [001] d..3  9248.683349: signal_generate: sig=17 errno=0 code=262145 comm=sh pid=31980 grp=1 res=0
              sh-31980 [003] d..2  9248.683356: signal_deliver: sig=17 errno=0 code=262145 sa_handler=64bc79 sa_flags=4000000
              tr-595   [002] ...1  9248.687733: sched_process_exit: comm=tr pid=595 prio=120
              tr-595   [002] d..3  9248.687785: signal_generate: sig=17 errno=0 code=262145 comm=sh pid=594 grp=1 res=0
              sh-594   [003] d..2  9248.687847: signal_deliver: sig=17 errno=0 code=262145 sa_handler=64bc79 sa_flags=4000000
              sh-594   [003] ...1  9248.688113: sched_process_exit: comm=sh pid=594 prio=120
              sh-594   [003] dn.3  9248.688324: signal_generate: sig=17 errno=0 code=262145 comm=sh pid=31980 grp=1 res=0
              sh-31980 [003] d..2  9248.688373: signal_deliver: sig=17 errno=0 code=262145 sa_handler=64bc79 sa_flags=4000000
             cat-597   [003] ...1  9248.692967: sched_process_exit: comm=cat pid=597 prio=120
             cat-597   [003] d..3  9248.693031: signal_generate: sig=17 errno=0 code=262145 comm=sh pid=596 grp=1 res=0
              sh-596   [002] d..2  9248.693092: signal_deliver: sig=17 errno=0 code=262145 sa_handler=64bc79 sa_flags=4000000
              sh-596   [002] ...1  9248.693363: sched_process_exit: comm=sh pid=596 prio=120
              sh-596   [002] d..3  9248.693394: signal_generate: sig=17 errno=0 code=262145 comm=sh pid=31980 grp=1 res=0
              sh-31980 [003] d..2  9248.693399: signal_deliver: sig=17 errno=0 code=262145 sa_handler=64bc79 sa_flags=4000000
          <idle>-0     [001] .ns2  9248.697626: sched_process_free: comm=tr pid=577 prio=120
 WaylandDisplayP-4234  [000] ..s1  9248.697639: sched_process_free: comm=cat pid=579 prio=120
 Chrome_IOThread-4221  [002] ..s1  9248.697654: sched_process_free: comm=cat pid=575 prio=120
 WaylandDisplayP-4234  [000] ..s1  9248.697663: sched_process_free: comm=cat pid=584 prio=120
       WebAppMgr-3021  [003] ..s1  9248.697665: sched_process_free: comm=sh pid=576 prio=120
          <idle>-0     [001] .ns2  9248.697666: sched_process_free: comm=tr pid=581 prio=120
       WebAppMgr-3021  [003] ..s1  9248.697712: sched_process_free: comm=sh pid=578 prio=120
       WebAppMgr-3021  [003] ..s1  9248.698263: sched_process_free: comm=sh pid=580 prio=120
       WebAppMgr-3021  [003] ..s1  9248.698301: sched_process_free: comm=sh pid=582 prio=120
              tr-599   [000] ...1  9248.698771: sched_process_exit: comm=tr pid=599 prio=120
              tr-599   [000] d..3  9248.698833: signal_generate: sig=17 errno=0 code=262145 comm=sh pid=598 grp=1 res=0
              sh-598   [002] d..2  9248.698896: signal_deliver: sig=17 errno=0 code=262145 sa_handler=64bc79 sa_flags=4000000
              sh-598   [002] ...1  9248.699199: sched_process_exit: comm=sh pid=598 prio=120
              sh-598   [002] d..3  9248.699222: signal_generate: sig=17 errno=0 code=262145 comm=sh pid=31980 grp=1 res=0
              sh-31980 [003] d..2  9248.699226: signal_deliver: sig=17 errno=0 code=262145 sa_handler=64bc79 sa_flags=4000000
             cat-601   [003] ...1  9248.703652: sched_process_exit: comm=cat pid=601 prio=120
             cat-601   [003] d..3  9248.703714: signal_generate: sig=17 errno=0 code=262145 comm=sh pid=600 grp=1 res=0
              sh-600   [003] d..2  9248.703896: signal_deliver: sig=17 errno=0 code=262145 sa_handler=64bc79 sa_flags=4000000
              sh-600   [003] ...1  9248.704142: sched_process_exit: comm=sh pid=600 prio=120
              sh-600   [003] d..3  9248.704169: signal_generate: sig=17 errno=0 code=262145 comm=sh pid=31980 grp=1 res=0
              sh-31980 [003] d..2  9248.704188: signal_deliver: sig=17 errno=0 code=262145 sa_handler=64bc79 sa_flags=4000000
              tr-603   [003] ...1  9248.708675: sched_process_exit: comm=tr pid=603 prio=120
              tr-603   [003] d..3  9248.708737: signal_generate: sig=17 errno=0 code=262145 comm=sh pid=602 grp=1 res=0
              sh-602   [001] d..2  9248.708787: signal_deliver: sig=17 errno=0 code=262145 sa_handler=64bc79 sa_flags=4000000
              sh-602   [001] ...1  9248.709040: sched_process_exit: comm=sh pid=602 prio=120
              sh-602   [001] d..3  9248.709066: signal_generate: sig=17 errno=0 code=262145 comm=sh pid=31980 grp=1 res=0
              sh-31980 [003] d..2  9248.709073: signal_deliver: sig=17 errno=0 code=262145 sa_handler=64bc79 sa_flags=4000000
             cat-605   [000] ...1  9248.713345: sched_process_exit: comm=cat pid=605 prio=120
             cat-605   [000] d..3  9248.713386: signal_generate: sig=17 errno=0 code=262145 comm=sh pid=604 grp=1 res=0
              sh-604   [002] d..2  9248.713438: signal_deliver: sig=17 errno=0 code=262145 sa_handler=64bc79 sa_flags=4000000
              sh-604   [002] ...1  9248.713661: sched_process_exit: comm=sh pid=604 prio=120
              sh-604   [002] d..3  9248.713679: signal_generate: sig=17 errno=0 code=262145 comm=sh pid=31980 grp=1 res=0
              sh-31980 [003] d..2  9248.713706: signal_deliver: sig=17 errno=0 code=262145 sa_handler=64bc79 sa_flags=4000000
          <idle>-0     [001] .ns2  9248.717610: sched_process_free: comm=tr pid=587 prio=120
              tr-607   [003] .ns2  9248.717632: sched_process_free: comm=sh pid=585 prio=120
          <idle>-0     [001] .ns2  9248.717634: sched_process_free: comm=cat pid=593 prio=120
     ksoftirqd/0-6     [000] ..s1  9248.717680: sched_process_free: comm=cat pid=589 prio=120
     ksoftirqd/3-20    [003] ..s1  9248.717682: sched_process_free: comm=sh pid=588 prio=120
     ksoftirqd/0-6     [000] ..s1  9248.717700: sched_process_free: comm=tr pid=591 prio=120
              tr-607   [003] ...1  9248.717819: sched_process_exit: comm=tr pid=607 prio=120
              tr-607   [003] d..3  9248.717862: signal_generate: sig=17 errno=0 code=262145 comm=sh pid=606 grp=1 res=0
              sh-606   [000] d..2  9248.717910: signal_deliver: sig=17 errno=0 code=262145 sa_handler=64bc79 sa_flags=4000000
              sh-606   [000] ...1  9248.718153: sched_process_exit: comm=sh pid=606 prio=120
              sh-606   [000] d..3  9248.718177: signal_generate: sig=17 errno=0 code=262145 comm=sh pid=31980 grp=1 res=0
              sh-31980 [003] d..2  9248.718184: signal_deliver: sig=17 errno=0 code=262145 sa_handler=64bc79 sa_flags=4000000
             cat-609   [003] ...1  9248.722463: sched_process_exit: comm=cat pid=609 prio=120
             cat-609   [003] d..3  9248.722514: signal_generate: sig=17 errno=0 code=262145 comm=sh pid=608 grp=1 res=0
              sh-608   [001] d..2  9248.722561: signal_deliver: sig=17 errno=0 code=262145 sa_handler=64bc79 sa_flags=4000000
              sh-608   [001] ...1  9248.722813: sched_process_exit: comm=sh pid=608 prio=120
              sh-608   [001] d..3  9248.722835: signal_generate: sig=17 errno=0 code=262145 comm=sh pid=31980 grp=1 res=0
              sh-31980 [003] d..2  9248.722839: signal_deliver: sig=17 errno=0 code=262145 sa_handler=64bc79 sa_flags=4000000
              tr-611   [003] ...1  9248.727165: sched_process_exit: comm=tr pid=611 prio=120
              tr-611   [003] d..3  9248.727218: signal_generate: sig=17 errno=0 code=262145 comm=sh pid=610 grp=1 res=0
              sh-610   [001] d..2  9248.727266: signal_deliver: sig=17 errno=0 code=262145 sa_handler=64bc79 sa_flags=4000000
              sh-610   [001] ...1  9248.727528: sched_process_exit: comm=sh pid=610 prio=120
              sh-610   [001] d..3  9248.727553: signal_generate: sig=17 errno=0 code=262145 comm=sh pid=31980 grp=1 res=0
              sh-31980 [003] d..2  9248.727558: signal_deliver: sig=17 errno=0 code=262145 sa_handler=64bc79 sa_flags=4000000
             cat-613   [003] ...1  9248.731816: sched_process_exit: comm=cat pid=613 prio=120
             cat-613   [003] d..3  9248.731858: signal_generate: sig=17 errno=0 code=262145 comm=sh pid=612 grp=1 res=0
              sh-612   [002] d..2  9248.731911: signal_deliver: sig=17 errno=0 code=262145 sa_handler=64bc79 sa_flags=4000000
              sh-612   [002] ...1  9248.732137: sched_process_exit: comm=sh pid=612 prio=120
              sh-612   [002] d..3  9248.732157: signal_generate: sig=17 errno=0 code=262145 comm=sh pid=31980 grp=1 res=0
              sh-31980 [003] d..2  9248.732161: signal_deliver: sig=17 errno=0 code=262145 sa_handler=64bc79 sa_flags=4000000
              tr-615   [003] ...1  9248.737106: sched_process_exit: comm=tr pid=615 prio=120
              tr-615   [003] d..3  9248.737178: signal_generate: sig=17 errno=0 code=262145 comm=sh pid=614 grp=1 res=0
              sh-614   [002] d..2  9248.737244: signal_deliver: sig=17 errno=0 code=262145 sa_handler=64bc79 sa_flags=4000000
              sh-614   [002] ...1  9248.737558: sched_process_exit: comm=sh pid=614 prio=120
              sh-614   [002] ..s2  9248.737651: sched_process_free: comm=cat pid=597 prio=120
              sh-614   [002] ..s2  9248.737674: sched_process_free: comm=tr pid=599 prio=120
              sh-614   [002] d..3  9248.737695: signal_generate: sig=17 errno=0 code=262145 comm=sh pid=31980 grp=1 res=0
     ksoftirqd/3-20    [003] ..s1  9248.737715: sched_process_free: comm=sh pid=590 prio=120
     ksoftirqd/3-20    [003] ..s1  9248.737769: sched_process_free: comm=sh pid=592 prio=120
     ksoftirqd/3-20    [003] ..s1  9248.737781: sched_process_free: comm=tr pid=595 prio=120
     ksoftirqd/3-20    [003] ..s1  9248.737798: sched_process_free: comm=sh pid=594 prio=120
     ksoftirqd/3-20    [003] ..s1  9248.737849: sched_process_free: comm=sh pid=596 prio=120
     ksoftirqd/3-20    [003] ..s1  9248.737880: sched_process_free: comm=sh pid=598 prio=120
     ksoftirqd/3-20    [003] ..s1  9248.737916: sched_process_free: comm=cat pid=601 prio=120
     ksoftirqd/3-20    [003] ..s1  9248.737929: sched_process_free: comm=sh pid=600 prio=120
              sh-31980 [003] d..2  9248.738027: signal_deliver: sig=17 errno=0 code=262145 sa_handler=64bc79 sa_flags=4000000
             cat-617   [003] ...1  9248.742334: sched_process_exit: comm=cat pid=617 prio=120
             cat-617   [003] d..3  9248.742375: signal_generate: sig=17 errno=0 code=262145 comm=sh pid=616 grp=1 res=0
              sh-616   [001] d..2  9248.742417: signal_deliver: sig=17 errno=0 code=262145 sa_handler=64bc79 sa_flags=4000000
              sh-616   [001] ...1  9248.742661: sched_process_exit: comm=sh pid=616 prio=120
              sh-616   [001] d..3  9248.742680: signal_generate: sig=17 errno=0 code=262145 comm=sh pid=31980 grp=1 res=0
              sh-31980 [003] d..2  9248.742688: signal_deliver: sig=17 errno=0 code=262145 sa_handler=64bc79 sa_flags=4000000
              tr-619   [003] ...1  9248.747043: sched_process_exit: comm=tr pid=619 prio=120
              tr-619   [003] d..3  9248.747105: signal_generate: sig=17 errno=0 code=262145 comm=sh pid=618 grp=1 res=0
              sh-618   [001] d..2  9248.747164: signal_deliver: sig=17 errno=0 code=262145 sa_handler=64bc79 sa_flags=4000000
              sh-618   [001] ...1  9248.747458: sched_process_exit: comm=sh pid=618 prio=120
              sh-618   [001] d..3  9248.747483: signal_generate: sig=17 errno=0 code=262145 comm=sh pid=31980 grp=1 res=0
              sh-31980 [003] d..2  9248.747493: signal_deliver: sig=17 errno=0 code=262145 sa_handler=64bc79 sa_flags=4000000
             cat-621   [002] ...1  9248.753496: sched_process_exit: comm=cat pid=621 prio=120
             cat-621   [002] d..3  9248.753552: signal_generate: sig=17 errno=0 code=262145 comm=sh pid=620 grp=1 res=0
              sh-620   [003] d..2  9248.753594: signal_deliver: sig=17 errno=0 code=262145 sa_handler=64bc79 sa_flags=4000000
              sh-620   [003] ...1  9248.753835: sched_process_exit: comm=sh pid=620 prio=120
              sh-620   [003] d..3  9248.753857: signal_generate: sig=17 errno=0 code=262145 comm=sh pid=31980 grp=1 res=0
              sh-31980 [003] d..2  9248.753877: signal_deliver: sig=17 errno=0 code=262145 sa_handler=64bc79 sa_flags=4000000
          <idle>-0     [001] .ns2  9248.757612: sched_process_free: comm=tr pid=603 prio=120
          <idle>-0     [002] .ns2  9248.757613: sched_process_free: comm=cat pid=605 prio=120
              tr-624   [003] ..s2  9248.757626: sched_process_free: comm=sh pid=602 prio=120
          <idle>-0     [001] .ns2  9248.757633: sched_process_free: comm=cat pid=609 prio=120
              tr-624   [003] ..s2  9248.757648: sched_process_free: comm=sh pid=604 prio=120
     ksoftirqd/1-12    [001] ..s1  9248.757675: sched_process_free: comm=tr pid=611 prio=120
              tr-624   [003] ...1  9248.757713: sched_process_exit: comm=tr pid=624 prio=120
              tr-624   [003] d..3  9248.757746: signal_generate: sig=17 errno=0 code=262145 comm=sh pid=622 grp=1 res=0
              sh-622   [001] d..2  9248.757793: signal_deliver: sig=17 errno=0 code=262145 sa_handler=64bc79 sa_flags=4000000
              sh-622   [001] ...1  9248.758067: sched_process_exit: comm=sh pid=622 prio=120
              sh-622   [001] d..3  9248.758089: signal_generate: sig=17 errno=0 code=262145 comm=sh pid=31980 grp=1 res=0
              sh-31980 [003] d..2  9248.758094: signal_deliver: sig=17 errno=0 code=262145 sa_handler=64bc79 sa_flags=4000000
             cat-626   [003] ...1  9248.762163: sched_process_exit: comm=cat pid=626 prio=120
             cat-626   [003] d..3  9248.762213: signal_generate: sig=17 errno=0 code=262145 comm=sh pid=625 grp=1 res=0
              sh-625   [001] d..2  9248.762258: signal_deliver: sig=17 errno=0 code=262145 sa_handler=64bc79 sa_flags=4000000
              sh-625   [001] ...1  9248.762520: sched_process_exit: comm=sh pid=625 prio=120
              sh-625   [001] d..3  9248.762539: signal_generate: sig=17 errno=0 code=262145 comm=sh pid=31980 grp=1 res=0
              sh-31980 [003] d..2  9248.762548: signal_deliver: sig=17 errno=0 code=262145 sa_handler=64bc79 sa_flags=4000000
              tr-628   [003] ...1  9248.766730: sched_process_exit: comm=tr pid=628 prio=120
              tr-628   [003] d..3  9248.766782: signal_generate: sig=17 errno=0 code=262145 comm=sh pid=627 grp=1 res=0
              sh-627   [001] d..2  9248.766826: signal_deliver: sig=17 errno=0 code=262145 sa_handler=64bc79 sa_flags=4000000
              sh-627   [001] ...1  9248.767088: sched_process_exit: comm=sh pid=627 prio=120
              sh-627   [001] d..3  9248.767112: signal_generate: sig=17 errno=0 code=262145 comm=sh pid=31980 grp=1 res=0
              sh-31980 [003] d..2  9248.767123: signal_deliver: sig=17 errno=0 code=262145 sa_handler=64bc79 sa_flags=4000000
          <idle>-0     [002] .ns2  9248.767626: sched_process_free: comm=cat pid=613 prio=120
     ksoftirqd/2-16    [002] ..s1  9248.767726: sched_process_free: comm=tr pid=615 prio=120
             cat-630   [003] ...1  9248.771265: sched_process_exit: comm=cat pid=630 prio=120
             cat-630   [003] d..3  9248.771308: signal_generate: sig=17 errno=0 code=262145 comm=sh pid=629 grp=1 res=0
              sh-629   [001] d..2  9248.771346: signal_deliver: sig=17 errno=0 code=262145 sa_handler=64bc79 sa_flags=4000000
              sh-629   [001] ...1  9248.771565: sched_process_exit: comm=sh pid=629 prio=120
              sh-629   [001] d..3  9248.771586: signal_generate: sig=17 errno=0 code=262145 comm=sh pid=31980 grp=1 res=0
              sh-31980 [003] d..2  9248.771591: signal_deliver: sig=17 errno=0 code=262145 sa_handler=64bc79 sa_flags=4000000
              tr-632   [003] ...1  9248.775347: sched_process_exit: comm=tr pid=632 prio=120
              tr-632   [003] d..3  9248.775415: signal_generate: sig=17 errno=0 code=262145 comm=sh pid=631 grp=1 res=0
              sh-631   [001] d..2  9248.775461: signal_deliver: sig=17 errno=0 code=262145 sa_handler=64bc79 sa_flags=4000000
              sh-631   [001] ...1  9248.775756: sched_process_exit: comm=sh pid=631 prio=120
              sh-631   [001] d..3  9248.775787: signal_generate: sig=17 errno=0 code=262145 comm=sh pid=31980 grp=1 res=0
              sh-31980 [003] d..2  9248.775799: signal_deliver: sig=17 errno=0 code=262145 sa_handler=64bc79 sa_flags=4000000
          <idle>-0     [001] .ns2  9248.777619: sched_process_free: comm=cat pid=617 prio=120
             cat-634   [003] ..s1  9248.777634: sched_process_free: comm=sh pid=606 prio=120
          <idle>-0     [000] .ns2  9248.777641: sched_process_free: comm=tr pid=607 prio=120
          <idle>-0     [001] .ns2  9248.777644: sched_process_free: comm=tr pid=619 prio=120
             cat-634   [003] ..s1  9248.777688: sched_process_free: comm=sh pid=608 prio=120
             cat-634   [003] ..s1  9248.777731: sched_process_free: comm=sh pid=610 prio=120
     ksoftirqd/3-20    [003] ..s1  9248.777797: sched_process_free: comm=sh pid=612 prio=120
     ksoftirqd/3-20    [003] ..s1  9248.777862: sched_process_free: comm=sh pid=614 prio=120
     ksoftirqd/3-20    [003] ..s1  9248.777905: sched_process_free: comm=sh pid=616 prio=120
     ksoftirqd/3-20    [003] ..s1  9248.777945: sched_process_free: comm=sh pid=618 prio=120
     ksoftirqd/3-20    [003] ..s1  9248.777956: sched_process_free: comm=cat pid=621 prio=120
     ksoftirqd/3-20    [003] ..s1  9248.777971: sched_process_free: comm=sh pid=620 prio=120
     ksoftirqd/3-20    [003] ..s1  9248.778010: sched_process_free: comm=sh pid=622 prio=120
     ksoftirqd/3-20    [003] ..s1  9248.778050: sched_process_free: comm=sh pid=625 prio=120
     ksoftirqd/3-20    [003] ..s1  9248.778088: sched_process_free: comm=sh pid=627 prio=120
             cat-634   [003] ...1  9248.781047: sched_process_exit: comm=cat pid=634 prio=120
             cat-634   [003] d..3  9248.781097: signal_generate: sig=17 errno=0 code=262145 comm=sh pid=633 grp=1 res=0
              sh-633   [001] d..2  9248.781140: signal_deliver: sig=17 errno=0 code=262145 sa_handler=64bc79 sa_flags=4000000
              sh-633   [001] ...1  9248.781390: sched_process_exit: comm=sh pid=633 prio=120
              sh-633   [001] d..3  9248.781413: signal_generate: sig=17 errno=0 code=262145 comm=sh pid=31980 grp=1 res=0
              sh-31980 [003] d..2  9248.781419: signal_deliver: sig=17 errno=0 code=262145 sa_handler=64bc79 sa_flags=4000000
              tr-636   [003] ...1  9248.785240: sched_process_exit: comm=tr pid=636 prio=120
              tr-636   [003] d..3  9248.785289: signal_generate: sig=17 errno=0 code=262145 comm=sh pid=635 grp=1 res=0
              sh-635   [001] d..2  9248.785332: signal_deliver: sig=17 errno=0 code=262145 sa_handler=64bc79 sa_flags=4000000
              sh-635   [001] ...1  9248.785603: sched_process_exit: comm=sh pid=635 prio=120
              sh-635   [001] d..3  9248.785629: signal_generate: sig=17 errno=0 code=262145 comm=sh pid=31980 grp=1 res=0
              sh-31980 [003] d..2  9248.785687: signal_deliver: sig=17 errno=0 code=262145 sa_handler=64bc79 sa_flags=4000000
          <idle>-0     [001] .ns2  9248.787618: sched_process_free: comm=tr pid=624 prio=120
          <idle>-0     [001] .ns2  9248.787639: sched_process_free: comm=cat pid=626 prio=120
     ksoftirqd/1-12    [001] ..s1  9248.787685: sched_process_free: comm=tr pid=628 prio=120
     ksoftirqd/1-12    [001] ..s1  9248.787696: sched_process_free: comm=cat pid=630 prio=120
     ksoftirqd/1-12    [001] ..s1  9248.787706: sched_process_free: comm=tr pid=632 prio=120
             cat-638   [003] ...1  9248.789925: sched_process_exit: comm=cat pid=638 prio=120
             cat-638   [003] d..3  9248.789976: signal_generate: sig=17 errno=0 code=262145 comm=sh pid=637 grp=1 res=0
              sh-637   [001] d..2  9248.790012: signal_deliver: sig=17 errno=0 code=262145 sa_handler=64bc79 sa_flags=4000000
              sh-637   [001] ...1  9248.790260: sched_process_exit: comm=sh pid=637 prio=120
              sh-637   [001] d..3  9248.790281: signal_generate: sig=17 errno=0 code=262145 comm=sh pid=31980 grp=1 res=0
              sh-31980 [003] d..2  9248.790288: signal_deliver: sig=17 errno=0 code=262145 sa_handler=64bc79 sa_flags=4000000
              tr-640   [003] ...1  9248.794283: sched_process_exit: comm=tr pid=640 prio=120
              tr-640   [003] d..3  9248.794339: signal_generate: sig=17 errno=0 code=262145 comm=sh pid=639 grp=1 res=0
          <idle>-0     [003] ..s2  9248.797644: sched_process_free: comm=sh pid=629 prio=120
              sh-639   [002] d..2  9248.797681: signal_deliver: sig=17 errno=0 code=262145 sa_handler=64bc79 sa_flags=4000000
          <idle>-0     [003] ..s2  9248.797690: sched_process_free: comm=sh pid=631 prio=120
              sh-639   [002] ...1  9248.797951: sched_process_exit: comm=sh pid=639 prio=120
              sh-639   [002] d..3  9248.797977: signal_generate: sig=17 errno=0 code=262145 comm=sh pid=31980 grp=1 res=0
              sh-31980 [003] d..2  9248.797986: signal_deliver: sig=17 errno=0 code=262145 sa_handler=64bc79 sa_flags=4000000
             cat-642   [003] ...1  9248.802781: sched_process_exit: comm=cat pid=642 prio=120
             cat-642   [003] d..3  9248.802835: signal_generate: sig=17 errno=0 code=262145 comm=sh pid=641 grp=1 res=0
              sh-641   [001] d..2  9248.802878: signal_deliver: sig=17 errno=0 code=262145 sa_handler=64bc79 sa_flags=4000000
              sh-641   [001] ...1  9248.803121: sched_process_exit: comm=sh pid=641 prio=120
              sh-641   [001] d..3  9248.803143: signal_generate: sig=17 errno=0 code=262145 comm=sh pid=31980 grp=1 res=0
              sh-31980 [003] d..2  9248.803146: signal_deliver: sig=17 errno=0 code=262145 sa_handler=64bc79 sa_flags=4000000
              tr-644   [003] ...1  9248.807222: sched_process_exit: comm=tr pid=644 prio=120
              tr-644   [003] d..3  9248.807272: signal_generate: sig=17 errno=0 code=262145 comm=sh pid=643 grp=1 res=0
              sh-643   [000] d..2  9248.807316: signal_deliver: sig=17 errno=0 code=262145 sa_handler=64bc79 sa_flags=4000000
              sh-643   [000] ...1  9248.807562: sched_process_exit: comm=sh pid=643 prio=120
              sh-643   [000] d..3  9248.807644: signal_generate: sig=17 errno=0 code=262145 comm=sh pid=31980 grp=1 res=0
              sh-31980 [003] d..2  9248.807695: signal_deliver: sig=17 errno=0 code=262145 sa_handler=64bc79 sa_flags=4000000
             cat-646   [003] ...1  9248.811583: sched_process_exit: comm=cat pid=646 prio=120
             cat-646   [003] d..3  9248.811625: signal_generate: sig=17 errno=0 code=262145 comm=sh pid=645 grp=1 res=0
              sh-645   [001] d..2  9248.811664: signal_deliver: sig=17 errno=0 code=262145 sa_handler=64bc79 sa_flags=4000000
              sh-645   [001] ...1  9248.811879: sched_process_exit: comm=sh pid=645 prio=120
              sh-645   [001] d..3  9248.811897: signal_generate: sig=17 errno=0 code=262145 comm=sh pid=31980 grp=1 res=0
              sh-31980 [003] d..2  9248.811903: signal_deliver: sig=17 errno=0 code=262145 sa_handler=64bc79 sa_flags=4000000
              tr-648   [003] ...1  9248.815527: sched_process_exit: comm=tr pid=648 prio=120
              tr-648   [003] d..3  9248.815579: signal_generate: sig=17 errno=0 code=262145 comm=sh pid=647 grp=1 res=0
              sh-647   [001] d..2  9248.815623: signal_deliver: sig=17 errno=0 code=262145 sa_handler=64bc79 sa_flags=4000000
              sh-647   [001] ...1  9248.815868: sched_process_exit: comm=sh pid=647 prio=120
              sh-647   [001] d..3  9248.815891: signal_generate: sig=17 errno=0 code=262145 comm=sh pid=31980 grp=1 res=0
              sh-31980 [003] d..2  9248.815902: signal_deliver: sig=17 errno=0 code=262145 sa_handler=64bc79 sa_flags=4000000
             cat-650   [001] .ns1  9248.817623: sched_process_free: comm=cat pid=634 prio=120
             cat-650   [001] .ns1  9248.817649: sched_process_free: comm=tr pid=636 prio=120
             cat-650   [001] ...1  9248.820600: sched_process_exit: comm=cat pid=650 prio=120
             cat-650   [001] d..3  9248.820688: signal_generate: sig=17 errno=0 code=262145 comm=sh pid=649 grp=1 res=0
              sh-649   [000] d..2  9248.820737: signal_deliver: sig=17 errno=0 code=262145 sa_handler=64bc79 sa_flags=4000000
              sh-649   [000] ...1  9248.820988: sched_process_exit: comm=sh pid=649 prio=120
              sh-649   [000] d..3  9248.821008: signal_generate: sig=17 errno=0 code=262145 comm=sh pid=31980 grp=1 res=0
              sh-31980 [003] d..2  9248.821034: signal_deliver: sig=17 errno=0 code=262145 sa_handler=64bc79 sa_flags=4000000
              tr-652   [003] ...1  9248.825332: sched_process_exit: comm=tr pid=652 prio=120
              tr-652   [003] d..3  9248.825382: signal_generate: sig=17 errno=0 code=262145 comm=sh pid=651 grp=1 res=0
              sh-651   [001] d..2  9248.825432: signal_deliver: sig=17 errno=0 code=262145 sa_handler=64bc79 sa_flags=4000000
              sh-651   [001] ...1  9248.825698: sched_process_exit: comm=sh pid=651 prio=120
              sh-651   [001] d..3  9248.825724: signal_generate: sig=17 errno=0 code=262145 comm=sh pid=31980 grp=1 res=0
              sh-31980 [003] d..2  9248.825729: signal_deliver: sig=17 errno=0 code=262145 sa_handler=64bc79 sa_flags=4000000
              ls-653   [001] ...1  9248.830829: sched_process_exit: comm=ls pid=653 prio=120
              ls-653   [001] d..3  9248.830889: signal_generate: sig=17 errno=0 code=262145 comm=sh pid=31980 grp=1 res=0
              sh-31980 [003] d..2  9248.830940: signal_deliver: sig=17 errno=0 code=262145 sa_handler=64bc79 sa_flags=4000000
            grep-654   [003] ...1  9248.831172: sched_process_exit: comm=grep pid=654 prio=120
            grep-654   [003] dn.3  9248.831223: signal_generate: sig=17 errno=0 code=262145 comm=sh pid=31980 grp=1 res=0
              sh-31980 [003] d..2  9248.831252: signal_deliver: sig=17 errno=0 code=262145 sa_handler=64bc79 sa_flags=4000000
            tail-655   [000] ...1  9248.835419: sched_process_exit: comm=tail pid=655 prio=120
            tail-655   [000] d..3  9248.835459: signal_generate: sig=17 errno=0 code=262145 comm=sh pid=31980 grp=1 res=0
              sh-31980 [003] d..2  9248.835502: signal_deliver: sig=17 errno=0 code=262145 sa_handler=64bc79 sa_flags=4000000
              sh-31980 [003] ...1  9248.835789: sched_process_exit: comm=sh pid=31980 prio=120
              sh-31980 [003] d..3  9248.835849: signal_generate: sig=17 errno=0 code=262145 comm=dropbear pid=31979 grp=1 res=0
        dropbear-31979 [000] d..2  9248.835857: signal_deliver: sig=17 errno=0 code=262145 sa_handler=a93e78 sa_flags=4000001
          <idle>-0     [001] .ns2  9248.837612: sched_process_free: comm=cat pid=638 prio=120
          <idle>-0     [001] .ns2  9248.837630: sched_process_free: comm=cat pid=642 prio=120
          <idle>-0     [003] ..s2  9248.837647: sched_process_free: comm=sh pid=633 prio=120
          <idle>-0     [003] ..s2  9248.837680: sched_process_free: comm=sh pid=635 prio=120
          <idle>-0     [003] ..s2  9248.837711: sched_process_free: comm=sh pid=637 prio=120
          <idle>-0     [003] ..s2  9248.837747: sched_process_free: comm=sh pid=639 prio=120
          <idle>-0     [003] ..s2  9248.837776: sched_process_free: comm=sh pid=641 prio=120
        dropbear-31979 [000] ...1  9248.838033: sched_process_exit: comm=dropbear pid=31979 prio=120
        dropbear-31979 [000] d..3  9248.838162: signal_generate: sig=17 errno=0 code=262145 comm=dropbear pid=3932 grp=1 res=0
        dropbear-3932  [003] d..2  9248.838187: signal_deliver: sig=17 errno=0 code=262145 sa_handler=875938 sa_flags=4000001
          <idle>-0     [002] .ns2  9248.847638: sched_process_free: comm=tr pid=640 prio=120
          <idle>-0     [001] .ns2  9248.857589: sched_process_free: comm=cat pid=646 prio=120
          <idle>-0     [003] ..s2  9248.857596: sched_process_free: comm=sh pid=643 prio=120
          <idle>-0     [001] .ns2  9248.857612: sched_process_free: comm=tr pid=648 prio=120
          <idle>-0     [000] ..s2  9248.857614: sched_process_free: comm=tr pid=644 prio=120
          <idle>-0     [003] ..s2  9248.857647: sched_process_free: comm=sh pid=645 prio=120
     ksoftirqd/1-12    [001] ..s1  9248.857667: sched_process_free: comm=tr pid=652 prio=120
          <idle>-0     [003] ..s2  9248.857691: sched_process_free: comm=sh pid=647 prio=120
          <idle>-0     [003] ..s2  9248.877600: sched_process_free: comm=sh pid=649 prio=120
          <idle>-0     [000] ..s2  9248.877612: sched_process_free: comm=cat pid=650 prio=120
          <idle>-0     [003] ..s2  9248.877648: sched_process_free: comm=sh pid=651 prio=120
          <idle>-0     [000] ..s2  9248.877663: sched_process_free: comm=sh pid=31980 prio=120
          <idle>-0     [003] ..s2  9248.877673: sched_process_free: comm=ls pid=653 prio=120
          <idle>-0     [003] ..s2  9248.877689: sched_process_free: comm=grep pid=654 prio=120
          <idle>-0     [003] ..s2  9248.877699: sched_process_free: comm=tail pid=655 prio=120
          <idle>-0     [003] ..s2  9248.877740: sched_process_free: comm=dropbear pid=31979 prio=120
       luna-send-657   [003] ...1  9250.494454: sched_process_exit: comm=luna-send pid=657 prio=120
       luna-send-657   [003] d..3  9250.494567: signal_generate: sig=17 errno=0 code=262145 comm=cecCheck pid=656 grp=1 res=1
       luna-send-658   [000] ...1  9250.525606: sched_process_exit: comm=luna-send pid=658 prio=120
       luna-send-658   [000] d..3  9250.526764: signal_generate: sig=17 errno=0 code=262145 comm=cecCheck pid=656 grp=1 res=1
          <idle>-0     [001] ..s2  9250.547604: sched_process_free: comm=luna-send pid=657 prio=120
       luna-send-659   [003] ...1  9250.554977: sched_process_exit: comm=luna-send pid=659 prio=120
       luna-send-659   [003] d..3  9250.555079: signal_generate: sig=17 errno=0 code=262145 comm=cecCheck pid=656 grp=1 res=1
        lginput2-3428  [001] ..s1  9250.557626: sched_process_free: comm=luna-send pid=658 prio=120
        cecCheck-656   [001] ...1  9250.574595: sched_process_exit: comm=cecCheck pid=656 prio=120
        cecCheck-656   [001] d..3  9250.574701: signal_generate: sig=17 errno=0 code=262145 comm=sysfaultdetecto pid=5456 grp=1 res=0
 sysfaultdetecto-5456  [001] d..2  9250.574807: signal_deliver: sig=17 errno=0 code=262145 sa_handler=0 sa_flags=0
     ksoftirqd/1-12    [001] ..s1  9250.597616: sched_process_free: comm=luna-send pid=659 prio=120
          <idle>-0     [001] ..s2  9250.607626: sched_process_free: comm=cecCheck pid=656 prio=120

--- raw trace tail ---
          <idle>-0     [000] ..s2  9248.677645: sched_process_free: comm=tr pid=573 prio=120
              tr-591   [003] ..s1  9248.677657: sched_process_free: comm=sh pid=568 prio=120
     ksoftirqd/1-12    [001] ..s1  9248.677660: sched_process_free: comm=cat pid=571 prio=120
              tr-591   [003] ..s1  9248.677686: sched_process_free: comm=sh pid=570 prio=120
     ksoftirqd/3-20    [003] ..s1  9248.677734: sched_process_free: comm=sh pid=572 prio=120
     ksoftirqd/3-20    [003] ..s1  9248.677763: sched_process_free: comm=sh pid=574 prio=120
              tr-591   [003] ...1  9248.678852: sched_process_exit: comm=tr pid=591 prio=120
              tr-591   [003] d..3  9248.678893: signal_generate: sig=17 errno=0 code=262145 comm=sh pid=590 grp=1 res=0
              sh-590   [000] d..2  9248.678937: signal_deliver: sig=17 errno=0 code=262145 sa_handler=64bc79 sa_flags=4000000
              sh-590   [000] ...1  9248.679164: sched_process_exit: comm=sh pid=590 prio=120
              sh-590   [000] d..3  9248.679183: signal_generate: sig=17 errno=0 code=262145 comm=sh pid=31980 grp=1 res=0
              sh-31980 [003] d..2  9248.679190: signal_deliver: sig=17 errno=0 code=262145 sa_handler=64bc79 sa_flags=4000000
             cat-593   [003] ...1  9248.683030: sched_process_exit: comm=cat pid=593 prio=120
             cat-593   [003] d..3  9248.683069: signal_generate: sig=17 errno=0 code=262145 comm=sh pid=592 grp=1 res=0
              sh-592   [001] d..2  9248.683107: signal_deliver: sig=17 errno=0 code=262145 sa_handler=64bc79 sa_flags=4000000
              sh-592   [001] ...1  9248.683331: sched_process_exit: comm=sh pid=592 prio=120
              sh-592   [001] d..3  9248.683349: signal_generate: sig=17 errno=0 code=262145 comm=sh pid=31980 grp=1 res=0
              sh-31980 [003] d..2  9248.683356: signal_deliver: sig=17 errno=0 code=262145 sa_handler=64bc79 sa_flags=4000000
              tr-595   [002] ...1  9248.687733: sched_process_exit: comm=tr pid=595 prio=120
              tr-595   [002] d..3  9248.687785: signal_generate: sig=17 errno=0 code=262145 comm=sh pid=594 grp=1 res=0
              sh-594   [003] d..2  9248.687847: signal_deliver: sig=17 errno=0 code=262145 sa_handler=64bc79 sa_flags=4000000
              sh-594   [003] ...1  9248.688113: sched_process_exit: comm=sh pid=594 prio=120
              sh-594   [003] dn.3  9248.688324: signal_generate: sig=17 errno=0 code=262145 comm=sh pid=31980 grp=1 res=0
              sh-31980 [003] d..2  9248.688373: signal_deliver: sig=17 errno=0 code=262145 sa_handler=64bc79 sa_flags=4000000
             cat-597   [003] ...1  9248.692967: sched_process_exit: comm=cat pid=597 prio=120
             cat-597   [003] d..3  9248.693031: signal_generate: sig=17 errno=0 code=262145 comm=sh pid=596 grp=1 res=0
              sh-596   [002] d..2  9248.693092: signal_deliver: sig=17 errno=0 code=262145 sa_handler=64bc79 sa_flags=4000000
              sh-596   [002] ...1  9248.693363: sched_process_exit: comm=sh pid=596 prio=120
              sh-596   [002] d..3  9248.693394: signal_generate: sig=17 errno=0 code=262145 comm=sh pid=31980 grp=1 res=0
              sh-31980 [003] d..2  9248.693399: signal_deliver: sig=17 errno=0 code=262145 sa_handler=64bc79 sa_flags=4000000
          <idle>-0     [001] .ns2  9248.697626: sched_process_free: comm=tr pid=577 prio=120
 WaylandDisplayP-4234  [000] ..s1  9248.697639: sched_process_free: comm=cat pid=579 prio=120
 Chrome_IOThread-4221  [002] ..s1  9248.697654: sched_process_free: comm=cat pid=575 prio=120
 WaylandDisplayP-4234  [000] ..s1  9248.697663: sched_process_free: comm=cat pid=584 prio=120
       WebAppMgr-3021  [003] ..s1  9248.697665: sched_process_free: comm=sh pid=576 prio=120
          <idle>-0     [001] .ns2  9248.697666: sched_process_free: comm=tr pid=581 prio=120
       WebAppMgr-3021  [003] ..s1  9248.697712: sched_process_free: comm=sh pid=578 prio=120
       WebAppMgr-3021  [003] ..s1  9248.698263: sched_process_free: comm=sh pid=580 prio=120
       WebAppMgr-3021  [003] ..s1  9248.698301: sched_process_free: comm=sh pid=582 prio=120
              tr-599   [000] ...1  9248.698771: sched_process_exit: comm=tr pid=599 prio=120
              tr-599   [000] d..3  9248.698833: signal_generate: sig=17 errno=0 code=262145 comm=sh pid=598 grp=1 res=0
              sh-598   [002] d..2  9248.698896: signal_deliver: sig=17 errno=0 code=262145 sa_handler=64bc79 sa_flags=4000000
              sh-598   [002] ...1  9248.699199: sched_process_exit: comm=sh pid=598 prio=120
              sh-598   [002] d..3  9248.699222: signal_generate: sig=17 errno=0 code=262145 comm=sh pid=31980 grp=1 res=0
              sh-31980 [003] d..2  9248.699226: signal_deliver: sig=17 errno=0 code=262145 sa_handler=64bc79 sa_flags=4000000
             cat-601   [003] ...1  9248.703652: sched_process_exit: comm=cat pid=601 prio=120
             cat-601   [003] d..3  9248.703714: signal_generate: sig=17 errno=0 code=262145 comm=sh pid=600 grp=1 res=0
              sh-600   [003] d..2  9248.703896: signal_deliver: sig=17 errno=0 code=262145 sa_handler=64bc79 sa_flags=4000000
              sh-600   [003] ...1  9248.704142: sched_process_exit: comm=sh pid=600 prio=120
              sh-600   [003] d..3  9248.704169: signal_generate: sig=17 errno=0 code=262145 comm=sh pid=31980 grp=1 res=0
              sh-31980 [003] d..2  9248.704188: signal_deliver: sig=17 errno=0 code=262145 sa_handler=64bc79 sa_flags=4000000
              tr-603   [003] ...1  9248.708675: sched_process_exit: comm=tr pid=603 prio=120
              tr-603   [003] d..3  9248.708737: signal_generate: sig=17 errno=0 code=262145 comm=sh pid=602 grp=1 res=0
              sh-602   [001] d..2  9248.708787: signal_deliver: sig=17 errno=0 code=262145 sa_handler=64bc79 sa_flags=4000000
              sh-602   [001] ...1  9248.709040: sched_process_exit: comm=sh pid=602 prio=120
              sh-602   [001] d..3  9248.709066: signal_generate: sig=17 errno=0 code=262145 comm=sh pid=31980 grp=1 res=0
              sh-31980 [003] d..2  9248.709073: signal_deliver: sig=17 errno=0 code=262145 sa_handler=64bc79 sa_flags=4000000
             cat-605   [000] ...1  9248.713345: sched_process_exit: comm=cat pid=605 prio=120
             cat-605   [000] d..3  9248.713386: signal_generate: sig=17 errno=0 code=262145 comm=sh pid=604 grp=1 res=0
              sh-604   [002] d..2  9248.713438: signal_deliver: sig=17 errno=0 code=262145 sa_handler=64bc79 sa_flags=4000000
              sh-604   [002] ...1  9248.713661: sched_process_exit: comm=sh pid=604 prio=120
              sh-604   [002] d..3  9248.713679: signal_generate: sig=17 errno=0 code=262145 comm=sh pid=31980 grp=1 res=0
              sh-31980 [003] d..2  9248.713706: signal_deliver: sig=17 errno=0 code=262145 sa_handler=64bc79 sa_flags=4000000
          <idle>-0     [001] .ns2  9248.717610: sched_process_free: comm=tr pid=587 prio=120
              tr-607   [003] .ns2  9248.717632: sched_process_free: comm=sh pid=585 prio=120
          <idle>-0     [001] .ns2  9248.717634: sched_process_free: comm=cat pid=593 prio=120
     ksoftirqd/0-6     [000] ..s1  9248.717680: sched_process_free: comm=cat pid=589 prio=120
     ksoftirqd/3-20    [003] ..s1  9248.717682: sched_process_free: comm=sh pid=588 prio=120
     ksoftirqd/0-6     [000] ..s1  9248.717700: sched_process_free: comm=tr pid=591 prio=120
              tr-607   [003] ...1  9248.717819: sched_process_exit: comm=tr pid=607 prio=120
              tr-607   [003] d..3  9248.717862: signal_generate: sig=17 errno=0 code=262145 comm=sh pid=606 grp=1 res=0
              sh-606   [000] d..2  9248.717910: signal_deliver: sig=17 errno=0 code=262145 sa_handler=64bc79 sa_flags=4000000
              sh-606   [000] ...1  9248.718153: sched_process_exit: comm=sh pid=606 prio=120
              sh-606   [000] d..3  9248.718177: signal_generate: sig=17 errno=0 code=262145 comm=sh pid=31980 grp=1 res=0
              sh-31980 [003] d..2  9248.718184: signal_deliver: sig=17 errno=0 code=262145 sa_handler=64bc79 sa_flags=4000000
             cat-609   [003] ...1  9248.722463: sched_process_exit: comm=cat pid=609 prio=120
             cat-609   [003] d..3  9248.722514: signal_generate: sig=17 errno=0 code=262145 comm=sh pid=608 grp=1 res=0
              sh-608   [001] d..2  9248.722561: signal_deliver: sig=17 errno=0 code=262145 sa_handler=64bc79 sa_flags=4000000
              sh-608   [001] ...1  9248.722813: sched_process_exit: comm=sh pid=608 prio=120
              sh-608   [001] d..3  9248.722835: signal_generate: sig=17 errno=0 code=262145 comm=sh pid=31980 grp=1 res=0
              sh-31980 [003] d..2  9248.722839: signal_deliver: sig=17 errno=0 code=262145 sa_handler=64bc79 sa_flags=4000000
              tr-611   [003] ...1  9248.727165: sched_process_exit: comm=tr pid=611 prio=120
              tr-611   [003] d..3  9248.727218: signal_generate: sig=17 errno=0 code=262145 comm=sh pid=610 grp=1 res=0
              sh-610   [001] d..2  9248.727266: signal_deliver: sig=17 errno=0 code=262145 sa_handler=64bc79 sa_flags=4000000
              sh-610   [001] ...1  9248.727528: sched_process_exit: comm=sh pid=610 prio=120
              sh-610   [001] d..3  9248.727553: signal_generate: sig=17 errno=0 code=262145 comm=sh pid=31980 grp=1 res=0
              sh-31980 [003] d..2  9248.727558: signal_deliver: sig=17 errno=0 code=262145 sa_handler=64bc79 sa_flags=4000000
             cat-613   [003] ...1  9248.731816: sched_process_exit: comm=cat pid=613 prio=120
             cat-613   [003] d..3  9248.731858: signal_generate: sig=17 errno=0 code=262145 comm=sh pid=612 grp=1 res=0
              sh-612   [002] d..2  9248.731911: signal_deliver: sig=17 errno=0 code=262145 sa_handler=64bc79 sa_flags=4000000
              sh-612   [002] ...1  9248.732137: sched_process_exit: comm=sh pid=612 prio=120
              sh-612   [002] d..3  9248.732157: signal_generate: sig=17 errno=0 code=262145 comm=sh pid=31980 grp=1 res=0
              sh-31980 [003] d..2  9248.732161: signal_deliver: sig=17 errno=0 code=262145 sa_handler=64bc79 sa_flags=4000000
              tr-615   [003] ...1  9248.737106: sched_process_exit: comm=tr pid=615 prio=120
              tr-615   [003] d..3  9248.737178: signal_generate: sig=17 errno=0 code=262145 comm=sh pid=614 grp=1 res=0
              sh-614   [002] d..2  9248.737244: signal_deliver: sig=17 errno=0 code=262145 sa_handler=64bc79 sa_flags=4000000
              sh-614   [002] ...1  9248.737558: sched_process_exit: comm=sh pid=614 prio=120
              sh-614   [002] ..s2  9248.737651: sched_process_free: comm=cat pid=597 prio=120
              sh-614   [002] ..s2  9248.737674: sched_process_free: comm=tr pid=599 prio=120
              sh-614   [002] d..3  9248.737695: signal_generate: sig=17 errno=0 code=262145 comm=sh pid=31980 grp=1 res=0
     ksoftirqd/3-20    [003] ..s1  9248.737715: sched_process_free: comm=sh pid=590 prio=120
     ksoftirqd/3-20    [003] ..s1  9248.737769: sched_process_free: comm=sh pid=592 prio=120
     ksoftirqd/3-20    [003] ..s1  9248.737781: sched_process_free: comm=tr pid=595 prio=120
     ksoftirqd/3-20    [003] ..s1  9248.737798: sched_process_free: comm=sh pid=594 prio=120
     ksoftirqd/3-20    [003] ..s1  9248.737849: sched_process_free: comm=sh pid=596 prio=120
     ksoftirqd/3-20    [003] ..s1  9248.737880: sched_process_free: comm=sh pid=598 prio=120
     ksoftirqd/3-20    [003] ..s1  9248.737916: sched_process_free: comm=cat pid=601 prio=120
     ksoftirqd/3-20    [003] ..s1  9248.737929: sched_process_free: comm=sh pid=600 prio=120
              sh-31980 [003] d..2  9248.738027: signal_deliver: sig=17 errno=0 code=262145 sa_handler=64bc79 sa_flags=4000000
             cat-617   [003] ...1  9248.742334: sched_process_exit: comm=cat pid=617 prio=120
             cat-617   [003] d..3  9248.742375: signal_generate: sig=17 errno=0 code=262145 comm=sh pid=616 grp=1 res=0
              sh-616   [001] d..2  9248.742417: signal_deliver: sig=17 errno=0 code=262145 sa_handler=64bc79 sa_flags=4000000
              sh-616   [001] ...1  9248.742661: sched_process_exit: comm=sh pid=616 prio=120
              sh-616   [001] d..3  9248.742680: signal_generate: sig=17 errno=0 code=262145 comm=sh pid=31980 grp=1 res=0
              sh-31980 [003] d..2  9248.742688: signal_deliver: sig=17 errno=0 code=262145 sa_handler=64bc79 sa_flags=4000000
              tr-619   [003] ...1  9248.747043: sched_process_exit: comm=tr pid=619 prio=120
              tr-619   [003] d..3  9248.747105: signal_generate: sig=17 errno=0 code=262145 comm=sh pid=618 grp=1 res=0
              sh-618   [001] d..2  9248.747164: signal_deliver: sig=17 errno=0 code=262145 sa_handler=64bc79 sa_flags=4000000
              sh-618   [001] ...1  9248.747458: sched_process_exit: comm=sh pid=618 prio=120
              sh-618   [001] d..3  9248.747483: signal_generate: sig=17 errno=0 code=262145 comm=sh pid=31980 grp=1 res=0
              sh-31980 [003] d..2  9248.747493: signal_deliver: sig=17 errno=0 code=262145 sa_handler=64bc79 sa_flags=4000000
             cat-621   [002] ...1  9248.753496: sched_process_exit: comm=cat pid=621 prio=120
             cat-621   [002] d..3  9248.753552: signal_generate: sig=17 errno=0 code=262145 comm=sh pid=620 grp=1 res=0
              sh-620   [003] d..2  9248.753594: signal_deliver: sig=17 errno=0 code=262145 sa_handler=64bc79 sa_flags=4000000
              sh-620   [003] ...1  9248.753835: sched_process_exit: comm=sh pid=620 prio=120
              sh-620   [003] d..3  9248.753857: signal_generate: sig=17 errno=0 code=262145 comm=sh pid=31980 grp=1 res=0
              sh-31980 [003] d..2  9248.753877: signal_deliver: sig=17 errno=0 code=262145 sa_handler=64bc79 sa_flags=4000000
          <idle>-0     [001] .ns2  9248.757612: sched_process_free: comm=tr pid=603 prio=120
          <idle>-0     [002] .ns2  9248.757613: sched_process_free: comm=cat pid=605 prio=120
              tr-624   [003] ..s2  9248.757626: sched_process_free: comm=sh pid=602 prio=120
          <idle>-0     [001] .ns2  9248.757633: sched_process_free: comm=cat pid=609 prio=120
              tr-624   [003] ..s2  9248.757648: sched_process_free: comm=sh pid=604 prio=120
     ksoftirqd/1-12    [001] ..s1  9248.757675: sched_process_free: comm=tr pid=611 prio=120
              tr-624   [003] ...1  9248.757713: sched_process_exit: comm=tr pid=624 prio=120
              tr-624   [003] d..3  9248.757746: signal_generate: sig=17 errno=0 code=262145 comm=sh pid=622 grp=1 res=0
              sh-622   [001] d..2  9248.757793: signal_deliver: sig=17 errno=0 code=262145 sa_handler=64bc79 sa_flags=4000000
              sh-622   [001] ...1  9248.758067: sched_process_exit: comm=sh pid=622 prio=120
              sh-622   [001] d..3  9248.758089: signal_generate: sig=17 errno=0 code=262145 comm=sh pid=31980 grp=1 res=0
              sh-31980 [003] d..2  9248.758094: signal_deliver: sig=17 errno=0 code=262145 sa_handler=64bc79 sa_flags=4000000
             cat-626   [003] ...1  9248.762163: sched_process_exit: comm=cat pid=626 prio=120
             cat-626   [003] d..3  9248.762213: signal_generate: sig=17 errno=0 code=262145 comm=sh pid=625 grp=1 res=0
              sh-625   [001] d..2  9248.762258: signal_deliver: sig=17 errno=0 code=262145 sa_handler=64bc79 sa_flags=4000000
              sh-625   [001] ...1  9248.762520: sched_process_exit: comm=sh pid=625 prio=120
              sh-625   [001] d..3  9248.762539: signal_generate: sig=17 errno=0 code=262145 comm=sh pid=31980 grp=1 res=0
              sh-31980 [003] d..2  9248.762548: signal_deliver: sig=17 errno=0 code=262145 sa_handler=64bc79 sa_flags=4000000
              tr-628   [003] ...1  9248.766730: sched_process_exit: comm=tr pid=628 prio=120
              tr-628   [003] d..3  9248.766782: signal_generate: sig=17 errno=0 code=262145 comm=sh pid=627 grp=1 res=0
              sh-627   [001] d..2  9248.766826: signal_deliver: sig=17 errno=0 code=262145 sa_handler=64bc79 sa_flags=4000000
              sh-627   [001] ...1  9248.767088: sched_process_exit: comm=sh pid=627 prio=120
              sh-627   [001] d..3  9248.767112: signal_generate: sig=17 errno=0 code=262145 comm=sh pid=31980 grp=1 res=0
              sh-31980 [003] d..2  9248.767123: signal_deliver: sig=17 errno=0 code=262145 sa_handler=64bc79 sa_flags=4000000
          <idle>-0     [002] .ns2  9248.767626: sched_process_free: comm=cat pid=613 prio=120
     ksoftirqd/2-16    [002] ..s1  9248.767726: sched_process_free: comm=tr pid=615 prio=120
             cat-630   [003] ...1  9248.771265: sched_process_exit: comm=cat pid=630 prio=120
             cat-630   [003] d..3  9248.771308: signal_generate: sig=17 errno=0 code=262145 comm=sh pid=629 grp=1 res=0
              sh-629   [001] d..2  9248.771346: signal_deliver: sig=17 errno=0 code=262145 sa_handler=64bc79 sa_flags=4000000
              sh-629   [001] ...1  9248.771565: sched_process_exit: comm=sh pid=629 prio=120
              sh-629   [001] d..3  9248.771586: signal_generate: sig=17 errno=0 code=262145 comm=sh pid=31980 grp=1 res=0
              sh-31980 [003] d..2  9248.771591: signal_deliver: sig=17 errno=0 code=262145 sa_handler=64bc79 sa_flags=4000000
              tr-632   [003] ...1  9248.775347: sched_process_exit: comm=tr pid=632 prio=120
              tr-632   [003] d..3  9248.775415: signal_generate: sig=17 errno=0 code=262145 comm=sh pid=631 grp=1 res=0
              sh-631   [001] d..2  9248.775461: signal_deliver: sig=17 errno=0 code=262145 sa_handler=64bc79 sa_flags=4000000
              sh-631   [001] ...1  9248.775756: sched_process_exit: comm=sh pid=631 prio=120
              sh-631   [001] d..3  9248.775787: signal_generate: sig=17 errno=0 code=262145 comm=sh pid=31980 grp=1 res=0
              sh-31980 [003] d..2  9248.775799: signal_deliver: sig=17 errno=0 code=262145 sa_handler=64bc79 sa_flags=4000000
          <idle>-0     [001] .ns2  9248.777619: sched_process_free: comm=cat pid=617 prio=120
             cat-634   [003] ..s1  9248.777634: sched_process_free: comm=sh pid=606 prio=120
          <idle>-0     [000] .ns2  9248.777641: sched_process_free: comm=tr pid=607 prio=120
          <idle>-0     [001] .ns2  9248.777644: sched_process_free: comm=tr pid=619 prio=120
             cat-634   [003] ..s1  9248.777688: sched_process_free: comm=sh pid=608 prio=120
             cat-634   [003] ..s1  9248.777731: sched_process_free: comm=sh pid=610 prio=120
     ksoftirqd/3-20    [003] ..s1  9248.777797: sched_process_free: comm=sh pid=612 prio=120
     ksoftirqd/3-20    [003] ..s1  9248.777862: sched_process_free: comm=sh pid=614 prio=120
     ksoftirqd/3-20    [003] ..s1  9248.777905: sched_process_free: comm=sh pid=616 prio=120
     ksoftirqd/3-20    [003] ..s1  9248.777945: sched_process_free: comm=sh pid=618 prio=120
     ksoftirqd/3-20    [003] ..s1  9248.777956: sched_process_free: comm=cat pid=621 prio=120
     ksoftirqd/3-20    [003] ..s1  9248.777971: sched_process_free: comm=sh pid=620 prio=120
     ksoftirqd/3-20    [003] ..s1  9248.778010: sched_process_free: comm=sh pid=622 prio=120
     ksoftirqd/3-20    [003] ..s1  9248.778050: sched_process_free: comm=sh pid=625 prio=120
     ksoftirqd/3-20    [003] ..s1  9248.778088: sched_process_free: comm=sh pid=627 prio=120
             cat-634   [003] ...1  9248.781047: sched_process_exit: comm=cat pid=634 prio=120
             cat-634   [003] d..3  9248.781097: signal_generate: sig=17 errno=0 code=262145 comm=sh pid=633 grp=1 res=0
              sh-633   [001] d..2  9248.781140: signal_deliver: sig=17 errno=0 code=262145 sa_handler=64bc79 sa_flags=4000000
              sh-633   [001] ...1  9248.781390: sched_process_exit: comm=sh pid=633 prio=120
              sh-633   [001] d..3  9248.781413: signal_generate: sig=17 errno=0 code=262145 comm=sh pid=31980 grp=1 res=0
              sh-31980 [003] d..2  9248.781419: signal_deliver: sig=17 errno=0 code=262145 sa_handler=64bc79 sa_flags=4000000
              tr-636   [003] ...1  9248.785240: sched_process_exit: comm=tr pid=636 prio=120
              tr-636   [003] d..3  9248.785289: signal_generate: sig=17 errno=0 code=262145 comm=sh pid=635 grp=1 res=0
              sh-635   [001] d..2  9248.785332: signal_deliver: sig=17 errno=0 code=262145 sa_handler=64bc79 sa_flags=4000000
              sh-635   [001] ...1  9248.785603: sched_process_exit: comm=sh pid=635 prio=120
              sh-635   [001] d..3  9248.785629: signal_generate: sig=17 errno=0 code=262145 comm=sh pid=31980 grp=1 res=0
              sh-31980 [003] d..2  9248.785687: signal_deliver: sig=17 errno=0 code=262145 sa_handler=64bc79 sa_flags=4000000
          <idle>-0     [001] .ns2  9248.787618: sched_process_free: comm=tr pid=624 prio=120
          <idle>-0     [001] .ns2  9248.787639: sched_process_free: comm=cat pid=626 prio=120
     ksoftirqd/1-12    [001] ..s1  9248.787685: sched_process_free: comm=tr pid=628 prio=120
     ksoftirqd/1-12    [001] ..s1  9248.787696: sched_process_free: comm=cat pid=630 prio=120
     ksoftirqd/1-12    [001] ..s1  9248.787706: sched_process_free: comm=tr pid=632 prio=120
             cat-638   [003] ...1  9248.789925: sched_process_exit: comm=cat pid=638 prio=120
             cat-638   [003] d..3  9248.789976: signal_generate: sig=17 errno=0 code=262145 comm=sh pid=637 grp=1 res=0
              sh-637   [001] d..2  9248.790012: signal_deliver: sig=17 errno=0 code=262145 sa_handler=64bc79 sa_flags=4000000
              sh-637   [001] ...1  9248.790260: sched_process_exit: comm=sh pid=637 prio=120
              sh-637   [001] d..3  9248.790281: signal_generate: sig=17 errno=0 code=262145 comm=sh pid=31980 grp=1 res=0
              sh-31980 [003] d..2  9248.790288: signal_deliver: sig=17 errno=0 code=262145 sa_handler=64bc79 sa_flags=4000000
              tr-640   [003] ...1  9248.794283: sched_process_exit: comm=tr pid=640 prio=120
              tr-640   [003] d..3  9248.794339: signal_generate: sig=17 errno=0 code=262145 comm=sh pid=639 grp=1 res=0
          <idle>-0     [003] ..s2  9248.797644: sched_process_free: comm=sh pid=629 prio=120
              sh-639   [002] d..2  9248.797681: signal_deliver: sig=17 errno=0 code=262145 sa_handler=64bc79 sa_flags=4000000
          <idle>-0     [003] ..s2  9248.797690: sched_process_free: comm=sh pid=631 prio=120
              sh-639   [002] ...1  9248.797951: sched_process_exit: comm=sh pid=639 prio=120
              sh-639   [002] d..3  9248.797977: signal_generate: sig=17 errno=0 code=262145 comm=sh pid=31980 grp=1 res=0
              sh-31980 [003] d..2  9248.797986: signal_deliver: sig=17 errno=0 code=262145 sa_handler=64bc79 sa_flags=4000000
             cat-642   [003] ...1  9248.802781: sched_process_exit: comm=cat pid=642 prio=120
             cat-642   [003] d..3  9248.802835: signal_generate: sig=17 errno=0 code=262145 comm=sh pid=641 grp=1 res=0
              sh-641   [001] d..2  9248.802878: signal_deliver: sig=17 errno=0 code=262145 sa_handler=64bc79 sa_flags=4000000
              sh-641   [001] ...1  9248.803121: sched_process_exit: comm=sh pid=641 prio=120
              sh-641   [001] d..3  9248.803143: signal_generate: sig=17 errno=0 code=262145 comm=sh pid=31980 grp=1 res=0
              sh-31980 [003] d..2  9248.803146: signal_deliver: sig=17 errno=0 code=262145 sa_handler=64bc79 sa_flags=4000000
              tr-644   [003] ...1  9248.807222: sched_process_exit: comm=tr pid=644 prio=120
              tr-644   [003] d..3  9248.807272: signal_generate: sig=17 errno=0 code=262145 comm=sh pid=643 grp=1 res=0
              sh-643   [000] d..2  9248.807316: signal_deliver: sig=17 errno=0 code=262145 sa_handler=64bc79 sa_flags=4000000
              sh-643   [000] ...1  9248.807562: sched_process_exit: comm=sh pid=643 prio=120
              sh-643   [000] d..3  9248.807644: signal_generate: sig=17 errno=0 code=262145 comm=sh pid=31980 grp=1 res=0
              sh-31980 [003] d..2  9248.807695: signal_deliver: sig=17 errno=0 code=262145 sa_handler=64bc79 sa_flags=4000000
             cat-646   [003] ...1  9248.811583: sched_process_exit: comm=cat pid=646 prio=120
             cat-646   [003] d..3  9248.811625: signal_generate: sig=17 errno=0 code=262145 comm=sh pid=645 grp=1 res=0
              sh-645   [001] d..2  9248.811664: signal_deliver: sig=17 errno=0 code=262145 sa_handler=64bc79 sa_flags=4000000
              sh-645   [001] ...1  9248.811879: sched_process_exit: comm=sh pid=645 prio=120
              sh-645   [001] d..3  9248.811897: signal_generate: sig=17 errno=0 code=262145 comm=sh pid=31980 grp=1 res=0
              sh-31980 [003] d..2  9248.811903: signal_deliver: sig=17 errno=0 code=262145 sa_handler=64bc79 sa_flags=4000000
              tr-648   [003] ...1  9248.815527: sched_process_exit: comm=tr pid=648 prio=120
              tr-648   [003] d..3  9248.815579: signal_generate: sig=17 errno=0 code=262145 comm=sh pid=647 grp=1 res=0
              sh-647   [001] d..2  9248.815623: signal_deliver: sig=17 errno=0 code=262145 sa_handler=64bc79 sa_flags=4000000
              sh-647   [001] ...1  9248.815868: sched_process_exit: comm=sh pid=647 prio=120
              sh-647   [001] d..3  9248.815891: signal_generate: sig=17 errno=0 code=262145 comm=sh pid=31980 grp=1 res=0
              sh-31980 [003] d..2  9248.815902: signal_deliver: sig=17 errno=0 code=262145 sa_handler=64bc79 sa_flags=4000000
             cat-650   [001] .ns1  9248.817623: sched_process_free: comm=cat pid=634 prio=120
             cat-650   [001] .ns1  9248.817649: sched_process_free: comm=tr pid=636 prio=120
             cat-650   [001] ...1  9248.820600: sched_process_exit: comm=cat pid=650 prio=120
             cat-650   [001] d..3  9248.820688: signal_generate: sig=17 errno=0 code=262145 comm=sh pid=649 grp=1 res=0
              sh-649   [000] d..2  9248.820737: signal_deliver: sig=17 errno=0 code=262145 sa_handler=64bc79 sa_flags=4000000
              sh-649   [000] ...1  9248.820988: sched_process_exit: comm=sh pid=649 prio=120
              sh-649   [000] d..3  9248.821008: signal_generate: sig=17 errno=0 code=262145 comm=sh pid=31980 grp=1 res=0
              sh-31980 [003] d..2  9248.821034: signal_deliver: sig=17 errno=0 code=262145 sa_handler=64bc79 sa_flags=4000000
              tr-652   [003] ...1  9248.825332: sched_process_exit: comm=tr pid=652 prio=120
              tr-652   [003] d..3  9248.825382: signal_generate: sig=17 errno=0 code=262145 comm=sh pid=651 grp=1 res=0
              sh-651   [001] d..2  9248.825432: signal_deliver: sig=17 errno=0 code=262145 sa_handler=64bc79 sa_flags=4000000
              sh-651   [001] ...1  9248.825698: sched_process_exit: comm=sh pid=651 prio=120
              sh-651   [001] d..3  9248.825724: signal_generate: sig=17 errno=0 code=262145 comm=sh pid=31980 grp=1 res=0
              sh-31980 [003] d..2  9248.825729: signal_deliver: sig=17 errno=0 code=262145 sa_handler=64bc79 sa_flags=4000000
              ls-653   [001] ...1  9248.830829: sched_process_exit: comm=ls pid=653 prio=120
              ls-653   [001] d..3  9248.830889: signal_generate: sig=17 errno=0 code=262145 comm=sh pid=31980 grp=1 res=0
              sh-31980 [003] d..2  9248.830940: signal_deliver: sig=17 errno=0 code=262145 sa_handler=64bc79 sa_flags=4000000
            grep-654   [003] ...1  9248.831172: sched_process_exit: comm=grep pid=654 prio=120
            grep-654   [003] dn.3  9248.831223: signal_generate: sig=17 errno=0 code=262145 comm=sh pid=31980 grp=1 res=0
              sh-31980 [003] d..2  9248.831252: signal_deliver: sig=17 errno=0 code=262145 sa_handler=64bc79 sa_flags=4000000
            tail-655   [000] ...1  9248.835419: sched_process_exit: comm=tail pid=655 prio=120
            tail-655   [000] d..3  9248.835459: signal_generate: sig=17 errno=0 code=262145 comm=sh pid=31980 grp=1 res=0
              sh-31980 [003] d..2  9248.835502: signal_deliver: sig=17 errno=0 code=262145 sa_handler=64bc79 sa_flags=4000000
              sh-31980 [003] ...1  9248.835789: sched_process_exit: comm=sh pid=31980 prio=120
              sh-31980 [003] d..3  9248.835849: signal_generate: sig=17 errno=0 code=262145 comm=dropbear pid=31979 grp=1 res=0
        dropbear-31979 [000] d..2  9248.835857: signal_deliver: sig=17 errno=0 code=262145 sa_handler=a93e78 sa_flags=4000001
          <idle>-0     [001] .ns2  9248.837612: sched_process_free: comm=cat pid=638 prio=120
          <idle>-0     [001] .ns2  9248.837630: sched_process_free: comm=cat pid=642 prio=120
          <idle>-0     [003] ..s2  9248.837647: sched_process_free: comm=sh pid=633 prio=120
          <idle>-0     [003] ..s2  9248.837680: sched_process_free: comm=sh pid=635 prio=120
          <idle>-0     [003] ..s2  9248.837711: sched_process_free: comm=sh pid=637 prio=120
          <idle>-0     [003] ..s2  9248.837747: sched_process_free: comm=sh pid=639 prio=120
          <idle>-0     [003] ..s2  9248.837776: sched_process_free: comm=sh pid=641 prio=120
        dropbear-31979 [000] ...1  9248.838033: sched_process_exit: comm=dropbear pid=31979 prio=120
        dropbear-31979 [000] d..3  9248.838162: signal_generate: sig=17 errno=0 code=262145 comm=dropbear pid=3932 grp=1 res=0
        dropbear-3932  [003] d..2  9248.838187: signal_deliver: sig=17 errno=0 code=262145 sa_handler=875938 sa_flags=4000001
          <idle>-0     [002] .ns2  9248.847638: sched_process_free: comm=tr pid=640 prio=120
          <idle>-0     [001] .ns2  9248.857589: sched_process_free: comm=cat pid=646 prio=120
          <idle>-0     [003] ..s2  9248.857596: sched_process_free: comm=sh pid=643 prio=120
          <idle>-0     [001] .ns2  9248.857612: sched_process_free: comm=tr pid=648 prio=120
          <idle>-0     [000] ..s2  9248.857614: sched_process_free: comm=tr pid=644 prio=120
          <idle>-0     [003] ..s2  9248.857647: sched_process_free: comm=sh pid=645 prio=120
     ksoftirqd/1-12    [001] ..s1  9248.857667: sched_process_free: comm=tr pid=652 prio=120
          <idle>-0     [003] ..s2  9248.857691: sched_process_free: comm=sh pid=647 prio=120
          <idle>-0     [003] ..s2  9248.877600: sched_process_free: comm=sh pid=649 prio=120
          <idle>-0     [000] ..s2  9248.877612: sched_process_free: comm=cat pid=650 prio=120
          <idle>-0     [003] ..s2  9248.877648: sched_process_free: comm=sh pid=651 prio=120
          <idle>-0     [000] ..s2  9248.877663: sched_process_free: comm=sh pid=31980 prio=120
          <idle>-0     [003] ..s2  9248.877673: sched_process_free: comm=ls pid=653 prio=120
          <idle>-0     [003] ..s2  9248.877689: sched_process_free: comm=grep pid=654 prio=120
          <idle>-0     [003] ..s2  9248.877699: sched_process_free: comm=tail pid=655 prio=120
          <idle>-0     [003] ..s2  9248.877740: sched_process_free: comm=dropbear pid=31979 prio=120
       luna-send-657   [003] ...1  9250.494454: sched_process_exit: comm=luna-send pid=657 prio=120
       luna-send-657   [003] d..3  9250.494567: signal_generate: sig=17 errno=0 code=262145 comm=cecCheck pid=656 grp=1 res=1
       luna-send-658   [000] ...1  9250.525606: sched_process_exit: comm=luna-send pid=658 prio=120
       luna-send-658   [000] d..3  9250.526764: signal_generate: sig=17 errno=0 code=262145 comm=cecCheck pid=656 grp=1 res=1
          <idle>-0     [001] ..s2  9250.547604: sched_process_free: comm=luna-send pid=657 prio=120
       luna-send-659   [003] ...1  9250.554977: sched_process_exit: comm=luna-send pid=659 prio=120
       luna-send-659   [003] d..3  9250.555079: signal_generate: sig=17 errno=0 code=262145 comm=cecCheck pid=656 grp=1 res=1
        lginput2-3428  [001] ..s1  9250.557626: sched_process_free: comm=luna-send pid=658 prio=120
        cecCheck-656   [001] ...1  9250.574595: sched_process_exit: comm=cecCheck pid=656 prio=120
        cecCheck-656   [001] d..3  9250.574701: signal_generate: sig=17 errno=0 code=262145 comm=sysfaultdetecto pid=5456 grp=1 res=0
 sysfaultdetecto-5456  [001] d..2  9250.574807: signal_deliver: sig=17 errno=0 code=262145 sa_handler=0 sa_flags=0
     ksoftirqd/1-12    [001] ..s1  9250.597616: sched_process_free: comm=luna-send pid=659 prio=120
          <idle>-0     [001] ..s2  9250.607626: sched_process_free: comm=cecCheck pid=656 prio=120

--- current android-ish pids ---
wam       4114  3021  0 21:02 ?        00:00:00 /usr/bin/WebAppMgr --type=zygote --disable-in-process-stack-traces --no-sandbox --no-sandbox --disable-quic
root      5653     1  0 21:13 ?        00:00:00 /vendor/bin/vndservicemanager
root      5655     1  0 21:13 ?        00:00:00 /system/bin/servicemanager
root      5657     1  0 21:13 ?        00:00:00 /system/bin/hwservicemanager
root     19897     1  0 23:29 ?        00:00:00 /media/internal/android-usb/android-sidecar/bin/property_service_ack_shim /media/internal/android-usb/android-rootfs/dev/socket/property_service

TRACE_SIGKILL_SYSTEM_SERVER_DONE
