--- cleanup old zygotes/wrappers ---

--- sanity patches ---
storage abort call @ 0x1ca198, should be 1f 20 03 d5:  1f 20 03 d5
SetTaskProfiles call @ 0x1ca1b0, should be 20 00 80 52:  20 00 80 52
SetTaskProfiles tbz @ 0x1ca208, should be 1f 20 03 d5:  1f 20 03 d5

--- classpath ---
BOOTCLASSPATH length: 1624
SYSTEMSERVERCLASSPATH length: 463

--- start zygote + system_server ---

--- pids ---
13183 13177

--- android-ish scan ---
PID=13177 COMM=main CMD=zygote64                                                                                                              
  Name:	main
  State:	S (sleeping)
  Tgid:	13177
  Ngid:	0
  Pid:	13177
  PPid:	13157
  TracerPid:	0
  Uid:	0	0	0	0
PID=13183 COMM=system_server CMD=system_server                                                                                                         
  Name:	system_server
  State:	S (sleeping)
  Tgid:	13183
  Ngid:	0
  Pid:	13183
  PPid:	13177
  TracerPid:	0
  Uid:	1000	1000	1000	1000
PID=4114 COMM=WebAppMgr CMD=/usr/bin/WebAppMgr --type=zygote --disable-in-process-stack-traces --no-sandbox --no-sandbox --disable-quic 
  Name:	WebAppMgr
  State:	S (sleeping)
  Tgid:	4114
  Ngid:	0
  Pid:	4114
  PPid:	3021
  TracerPid:	0
  Uid:	505	505	505	505

--- sockets ---
srw-rw-rw-    1 root     root             0 May 30 01:59 usap_pool_primary
srw-rw-rw-    1 root     root             0 May 30 01:59 zygote

--- log tail ---
