--- cleanup old zygotes/wrappers ---

--- sanity patches ---
storage abort call @ 0x1ca198, should be 1f 20 03 d5:  1f 20 03 d5
SetTaskProfiles call @ 0x1ca1b0, should be 20 00 80 52:  20 00 80 52
SetTaskProfiles tbz @ 0x1ca208, should be 1f 20 03 d5:  1f 20 03 d5

--- classpath ---
BOOTCLASSPATH length: 1624
SYSTEMSERVERCLASSPATH length: 463

--- start zygote + system_server ---

--- pids ---

--- android-ish scan ---
PID=3631 COMM=WebAppMgr CMD=/usr/bin/WebAppMgr --type=zygote --disable-in-process-stack-traces --no-sandbox --no-sandbox --disable-quic 
  Name:	WebAppMgr
  State:	S (sleeping)
  Tgid:	3631
  Ngid:	0
  Pid:	3631
  PPid:	2128
  TracerPid:	0
  Uid:	505	505	505	505

--- sockets ---
srw-rw-rw-    1 root     root             0 May 30 11:14 usap_pool_primary
srw-rw-rw-    1 root     root             0 May 30 11:14 zygote

--- log tail ---
May 30, 2026 9:14:08 AM com.android.framework.protobuf.UnsafeUtil supportsUnsafeByteBufferOperations
WARNING: platform method missing - proto runtime falling back to safer methods: java.lang.NoSuchMethodException: sun.misc.Unsafe.copyMemory [class java.lang.Object, long, class java.lang.Object, long, long]
java.security.KeyStoreException: JKS not found
	at java.security.KeyStore.getInstance(KeyStore.java:904)
	at sun.security.util.AnchorCertificates$1.run(AnchorCertificates.java:57)
	at sun.security.util.AnchorCertificates$1.run(AnchorCertificates.java:50)
	at java.security.AccessController.doPrivileged(AccessController.java:43)
	at sun.security.util.AnchorCertificates.<clinit>(AnchorCertificates.java:50)
	at java.lang.Class.classForName(Native Method)
	at java.lang.Class.forName(Class.java:454)
	at com.android.internal.os.ZygoteInit.preloadClasses(ZygoteInit.java:301)
	at com.android.internal.os.ZygoteInit.preload(ZygoteInit.java:140)
	at com.android.internal.os.ZygoteInit.main(ZygoteInit.java:890)
Caused by: java.security.NoSuchAlgorithmException: JKS KeyStore not available
	at sun.security.jca.GetInstance.getInstance(GetInstance.java:159)
	at java.security.Security.getImpl(Security.java:628)
	at java.security.KeyStore.getInstance(KeyStore.java:901)
	... 9 more
libc: Fatal signal 6 (SIGABRT), code -1 (SI_QUEUE) in tid 27919 (main), pid 27919 (main)
