--- cleanup old zygotes/wrappers ---

--- sanity patches ---
storage abort call @ 0x1ca198, should be 1f 20 03 d5:  86 0d 00 94
SetTaskProfiles call @ 0x1ca1b0, should be 20 00 80 52:  e0 b8 00 94
SetTaskProfiles tbz @ 0x1ca208, should be 1f 20 03 d5:  74 02 00 36

--- classpath ---
BOOTCLASSPATH length: 1624
SYSTEMSERVERCLASSPATH length: 463

--- start zygote + system_server ---

--- pids ---

--- android-ish scan ---
PID=3631 COMM=WebAppMgr CMD=/usr/bin/WebAppMgr --type=zygote --disable-in-process-stack-traces --no-sandbox --no-sandbox --disable-quic 
  Name:	WebAppMgr
  State:	S (sleeping)
  Tgid:	3631
  Ngid:	0
  Pid:	3631
  PPid:	2128
  TracerPid:	0
  Uid:	505	505	505	505

--- sockets ---
srw-rw-rw-    1 root     root             0 May 30 10:53 usap_pool_primary
srw-rw-rw-    1 root     root             0 May 30 10:53 zygote

--- log tail ---
Runtime library not loaded.
libc: Fatal signal 6 (SIGABRT), code -1 (SI_QUEUE) in tid 4403 (zygote64), pid 4403 (zygote64)
