--- cleanup old zygotes/wrappers ---

--- sanity patches ---
storage abort call @ 0x1ca198, should be 1f 20 03 d5:  1f 20 03 d5
SetTaskProfiles call @ 0x1ca1b0, should be 20 00 80 52:  20 00 80 52
SetTaskProfiles tbz @ 0x1ca208, should be 1f 20 03 d5:  1f 20 03 d5

--- classpath ---
BOOTCLASSPATH length: 1624
SYSTEMSERVERCLASSPATH length: 463

--- start zygote + system_server ---
--- LD_PATH ---
/system/lib64:/system_ext/lib64:/product/lib64:/apex/com.android.art/lib64:/apex/com.android.runtime/lib64:/apex/com.android.runtime/lib64/bionic:/apex/com.android.i18n/lib64:/apex/com.android.adbd/lib64:/apex/com.android.appsearch/lib64:/apex/com.android.btservices/lib64:/apex/com.android.conscrypt/lib64:/apex/com.android.media.swcodec/lib64:/apex/com.android.media/lib64:/apex/com.android.neuralnetworks/lib64:/apex/com.android.os.statsd/lib64:/apex/com.android.resolv/lib64:/apex/com.android.tethering/lib64:/apex/com.android.uwb/lib64:/apex/com.android.vndk.current/lib64:/apex/com.android.vndk.v33/lib64:/vendor/lib64:/odm/lib64

--- pids ---

--- android-ish scan ---
PID=3631 COMM=WebAppMgr CMD=/usr/bin/WebAppMgr --type=zygote --disable-in-process-stack-traces --no-sandbox --no-sandbox --disable-quic 
  Name:	WebAppMgr
  State:	S (sleeping)
  Tgid:	3631
  Ngid:	0
  Pid:	3631
  PPid:	2128
  TracerPid:	0
  Uid:	505	505	505	505

--- sockets ---
srw-rw-rw-    1 root     root             0 May 30 11:12 usap_pool_primary
srw-rw-rw-    1 root     root             0 May 30 11:12 zygote

--- log tail ---
libc: Fatal signal 11 (SIGSEGV), code 1 (SEGV_MAPERR), fault addr 0x270 in tid 26731 (main), pid 26731 (main)
